2025-07-16 18:45:13,196 : INFO : root : Loading config.
2025-07-16 18:45:13,198 : INFO : YamlMultifileConfigLoader : Machine config file #1: config.yaml
2025-07-16 18:45:13,198 : WARNING : ConfigProcessor : Config file in cache changed: /Users/craig/Documents/Pinball/Gremlins/config/config.yaml
2025-07-16 18:45:13,198 : INFO : ConfigProcessor : Loading config from file /Users/craig/mpf-080/lib/python3.12/site-packages/mpf/mpfconfig.yaml.
2025-07-16 18:45:13,203 : INFO : ConfigProcessor : Loading config: /Users/craig/mpf-080/lib/python3.12/site-packages/mpf/mpfconfig.yaml
2025-07-16 18:45:13,203 : INFO : ConfigProcessor : Loading config from file /Users/craig/Documents/Pinball/Gremlins/config/config.yaml.
2025-07-16 18:45:13,203 : INFO : ConfigProcessor : Loading config: /Users/craig/Documents/Pinball/Gremlins/config/config.yaml
2025-07-16 18:45:13,203 : INFO : ConfigProcessor : Loading config: /Users/craig/Documents/Pinball/Gremlins/config/config_ball_devices.yaml
2025-07-16 18:45:13,204 : INFO : ConfigProcessor : Loading config: /Users/craig/Documents/Pinball/Gremlins/config/config_coils.yaml
2025-07-16 18:45:13,204 : INFO : ConfigProcessor : Loading config: /Users/craig/Documents/Pinball/Gremlins/config/config_switches.yaml
2025-07-16 18:45:13,204 : INFO : ConfigProcessor : Config file cache created: /var/folders/pz/vf5_w96n7hl70j30jzrp_64r0000gp/T/4b0446b065373c01774765373fc5a010.mpf_cache
2025-07-16 18:45:13,222 : INFO : ConfigProcessor : Loading config from cache: /var/folders/pz/vf5_w96n7hl70j30jzrp_64r0000gp/T/8c6758dff4d969b46729a501e1f9b5a2.mpf_cache
2025-07-16 18:45:13,222 : INFO : ConfigProcessor : Loading config from cache: /var/folders/pz/vf5_w96n7hl70j30jzrp_64r0000gp/T/86b9553ee9e8fe91c4c341498a1256c7.mpf_cache
2025-07-16 18:45:13,222 : INFO : ConfigProcessor : Loading config from cache: /var/folders/pz/vf5_w96n7hl70j30jzrp_64r0000gp/T/8c6758dff4d969b46729a501e1f9b5a2.mpf_cache
2025-07-16 18:45:13,222 : INFO : ConfigProcessor : Loading config from cache: /var/folders/pz/vf5_w96n7hl70j30jzrp_64r0000gp/T/fe908dde2db5cc7f24a22ccd0c690388.mpf_cache
2025-07-16 18:45:13,222 : INFO : ConfigProcessor : Loading config from cache: /var/folders/pz/vf5_w96n7hl70j30jzrp_64r0000gp/T/c87d87d711c9e63e2e052ce58df60d5a.mpf_cache
2025-07-16 18:45:13,222 : INFO : ConfigProcessor : Loading config from cache: /var/folders/pz/vf5_w96n7hl70j30jzrp_64r0000gp/T/2285102ea814fec0736640417091917b.mpf_cache
2025-07-16 18:45:13,222 : INFO : Machine : Mission Pinball Framework Core Engine v0.80.0.dev8
2025-07-16 18:45:13,222 : INFO : Machine : Command line arguments: {'no_load_cache': False, 'create_config_cache': True, 'bcp': True, 'configfile': ['config.yaml'], 'force_assets_load': False, 'platform_integration_test': False, 'jsonlogging': False, 'logfile': 'logs/2025-07-16-18-45-13-mpf-Craigs-MacBook-Pro.local.log', 'pause': False, 'production': False, 'text_ui': False, 'loglevel': 15, 'consoleloglevel': 20, 'force_platform': 'virtual', 'syslog_address': None, 'full_logfile_path': '/Users/craig/Documents/Pinball/Gremlins/logs/2025-07-16-18-45-13-mpf-Craigs-MacBook-Pro.local.log'}
2025-07-16 18:45:13,223 : INFO : Machine : MPF path: /Users/craig/mpf-080/lib/python3.12/site-packages/mpf
2025-07-16 18:45:13,223 : INFO : Machine : Machine path: /Users/craig/Documents/Pinball/Gremlins
2025-07-16 18:45:13,223 : INFO : Machine : Platform: darwin
2025-07-16 18:45:13,223 : INFO : Machine : Python executable location: /Users/craig/mpf-080/bin/python3.12
2025-07-16 18:45:13,223 : INFO : Machine : Python version: 3.12.7 (64-bit)
2025-07-16 18:45:13,223 : INFO : Machine : Initializing MPF...
2025-07-16 18:45:13,238 : INFO : EventManager : Event: ======'machine_var_credits_string'====== Args={'value': 'FREE PLAY', 'prev_value': None, 'change': True}
2025-07-16 18:45:13,241 : INFO : EventManager : Event: ======'machine_var_master_volume'====== Args={'value': 0.5, 'prev_value': None, 'change': True}
2025-07-16 18:45:13,241 : INFO : EventManager : Event: ======'machine_var_mpf_version'====== Args={'value': 'Mission Pinball Framework v0.80.0.dev8', 'prev_value': None, 'change': True}
2025-07-16 18:45:13,241 : INFO : EventManager : Event: ======'machine_var_mpf_extended_version'====== Args={'value': 'Mission Pinball Framework v0.80.0.dev8, Config version:6, Show version: 6, BCP version:1.1', 'prev_value': None, 'change': True}
2025-07-16 18:45:13,241 : INFO : EventManager : Event: ======'machine_var_python_version'====== Args={'value': '3.12.7', 'prev_value': None, 'change': True}
2025-07-16 18:45:13,249 : INFO : EventManager : Event: ======'machine_var_platform'====== Args={'value': 'macOS-14.7.6-arm64-arm-64bit', 'prev_value': None, 'change': True}
2025-07-16 18:45:13,249 : INFO : EventManager : Event: ======'machine_var_platform_system'====== Args={'value': 'Darwin', 'prev_value': None, 'change': True}
2025-07-16 18:45:13,249 : INFO : EventManager : Event: ======'machine_var_platform_release'====== Args={'value': '23.6.0', 'prev_value': None, 'change': True}
2025-07-16 18:45:13,249 : INFO : EventManager : Event: ======'machine_var_platform_version'====== Args={'value': 'Darwin Kernel Version 23.6.0: Thu Apr 24 20:29:18 PDT 2025; root:xnu-10063.141.1.705.2~1/RELEASE_ARM64_T6000', 'prev_value': None, 'change': True}
2025-07-16 18:45:13,249 : INFO : EventManager : Event: ======'machine_var_platform_machine'====== Args={'value': 'arm64', 'prev_value': None, 'change': True}
2025-07-16 18:45:13,249 : INFO : EventManager : Event: ======'machine_var_log_file_path'====== Args={'value': '/Users/craig/Documents/Pinball/Gremlins/logs/2025-07-16-18-45-13-mpf-Craigs-MacBook-Pro.local.log', 'prev_value': None, 'change': True}
2025-07-16 18:45:13,249 : INFO : EventManager : Event: ======'init_phase_1'====== Args={}
2025-07-16 18:45:13,255 : INFO : EventManager : Event: ======'init_phase_2'====== Args={}
2025-07-16 18:45:13,255 : INFO : SwitchController : Found active switch: (1008, <Platform.Virtual>) <switch.s_trough_1>
2025-07-16 18:45:13,255 : INFO : SwitchController : Found active switch: (1009, <Platform.Virtual>) <switch.s_trough_2>
2025-07-16 18:45:13,255 : INFO : SwitchController : Found active switch: (1010, <Platform.Virtual>) <switch.s_trough_3>
2025-07-16 18:45:13,255 : INFO : SwitchController : Found active switch: (1011, <Platform.Virtual>) <switch.s_trough_4>
2025-07-16 18:45:13,256 : INFO : EventManager : Event: ======'bcp_connection_attempt'====== Args={'name': 'local_display', 'host': 'localhost', 'port': 5050}
2025-07-16 18:45:13,257 : INFO : BCPClientSocket : Connecting BCP to 'local_display' at localhost:5050...
2025-07-16 18:45:19,340 : INFO : BCPClientSocket : Connected BCP to 'local_display' localhost:5050
2025-07-16 18:45:19,341 : INFO : EventManager : Event: ======'bcp_clients_connected'====== Args={}
2025-07-16 18:45:19,342 : INFO : ball_device.bd_plunger : BCH: Initial count: 0
2025-07-16 18:45:19,342 : INFO : ball_device.bd_plunger : State: idle
2025-07-16 18:45:19,343 : INFO : ball_device.bd_trough : BCH: Initial count: 4
2025-07-16 18:45:19,343 : INFO : ball_device.bd_trough : State: idle
2025-07-16 18:45:19,352 : INFO : EventManager : Event: ======'init_phase_3'====== Args={}
2025-07-16 18:45:19,355 : INFO : EventManager : Event: ======'init_phase_4'====== Args={}
2025-07-16 18:45:19,356 : INFO : BallController : Initial balls found: 4
2025-07-16 18:45:19,357 : INFO : EventManager : Event: ======'machine_var_audits_events_game_ended'====== Args={'value': 0, 'prev_value': None, 'change': True}
2025-07-16 18:45:19,357 : INFO : EventManager : Event: ======'machine_var_audits_events_game_started'====== Args={'value': 16, 'prev_value': None, 'change': True}
2025-07-16 18:45:19,357 : INFO : EventManager : Event: ======'machine_var_audits_missing_switches_s_left_lane'====== Args={'value': 1, 'prev_value': None, 'change': True}
2025-07-16 18:45:19,357 : INFO : EventManager : Event: ======'machine_var_audits_missing_switches_s_plunger_lane'====== Args={'value': 16, 'prev_value': None, 'change': True}
2025-07-16 18:45:19,357 : INFO : EventManager : Event: ======'machine_var_audits_missing_switches_s_ramp_2'====== Args={'value': 2, 'prev_value': None, 'change': True}
2025-07-16 18:45:19,357 : INFO : EventManager : Event: ======'machine_var_audits_missing_switches_s_trough_1'====== Args={'value': 16, 'prev_value': None, 'change': True}
2025-07-16 18:45:19,357 : INFO : EventManager : Event: ======'machine_var_audits_missing_switches_s_trough_2'====== Args={'value': 16, 'prev_value': None, 'change': True}
2025-07-16 18:45:19,357 : INFO : EventManager : Event: ======'machine_var_audits_missing_switches_s_trough_3'====== Args={'value': 16, 'prev_value': None, 'change': True}
2025-07-16 18:45:19,357 : INFO : EventManager : Event: ======'machine_var_audits_missing_switches_s_trough_4'====== Args={'value': 16, 'prev_value': None, 'change': True}
2025-07-16 18:45:19,357 : INFO : EventManager : Event: ======'machine_var_audits_player_score'====== Args={'value': {'average': 0, 'top': [], 'total': 0}, 'prev_value': None, 'change': True}
2025-07-16 18:45:19,357 : INFO : EventManager : Event: ======'machine_var_audits_shots_bumper_left'====== Args={'value': 49, 'prev_value': None, 'change': True}
2025-07-16 18:45:19,357 : INFO : EventManager : Event: ======'machine_var_audits_shots_bumper_right'====== Args={'value': 60, 'prev_value': None, 'change': True}
2025-07-16 18:45:19,357 : INFO : EventManager : Event: ======'machine_var_audits_shots_hurryup'====== Args={'value': 25, 'prev_value': None, 'change': True}
2025-07-16 18:45:19,357 : INFO : EventManager : Event: ======'machine_var_audits_shots_left_lane'====== Args={'value': 53, 'prev_value': None, 'change': True}
2025-07-16 18:45:19,357 : INFO : EventManager : Event: ======'machine_var_audits_shots_ramp_1'====== Args={'value': 1, 'prev_value': None, 'change': True}
2025-07-16 18:45:19,358 : INFO : EventManager : Event: ======'machine_var_audits_switches_s_bumper_left'====== Args={'value': 49, 'prev_value': None, 'change': True}
2025-07-16 18:45:19,358 : INFO : EventManager : Event: ======'machine_var_audits_switches_s_bumper_right'====== Args={'value': 60, 'prev_value': None, 'change': True}
2025-07-16 18:45:19,358 : INFO : EventManager : Event: ======'machine_var_audits_switches_s_flipper_left'====== Args={'value': 65, 'prev_value': None, 'change': True}
2025-07-16 18:45:19,358 : INFO : EventManager : Event: ======'machine_var_audits_switches_s_flipper_right'====== Args={'value': 89, 'prev_value': None, 'change': True}
2025-07-16 18:45:19,358 : INFO : EventManager : Event: ======'machine_var_audits_switches_s_left_lane'====== Args={'value': 53, 'prev_value': None, 'change': True}
2025-07-16 18:45:19,358 : INFO : EventManager : Event: ======'machine_var_audits_switches_s_plunger_lane'====== Args={'value': 0, 'prev_value': None, 'change': True}
2025-07-16 18:45:19,358 : INFO : EventManager : Event: ======'machine_var_audits_switches_s_ramp_1'====== Args={'value': 1, 'prev_value': None, 'change': True}
2025-07-16 18:45:19,358 : INFO : EventManager : Event: ======'machine_var_audits_switches_s_ramp_2'====== Args={'value': 0, 'prev_value': None, 'change': True}
2025-07-16 18:45:19,358 : INFO : EventManager : Event: ======'machine_var_audits_switches_s_start'====== Args={'value': 4, 'prev_value': None, 'change': True}
2025-07-16 18:45:19,358 : INFO : EventManager : Event: ======'machine_var_audits_switches_s_trough_1'====== Args={'value': 0, 'prev_value': None, 'change': True}
2025-07-16 18:45:19,358 : INFO : EventManager : Event: ======'machine_var_audits_switches_s_trough_2'====== Args={'value': 0, 'prev_value': None, 'change': True}
2025-07-16 18:45:19,358 : INFO : EventManager : Event: ======'machine_var_audits_switches_s_trough_3'====== Args={'value': 0, 'prev_value': None, 'change': True}
2025-07-16 18:45:19,358 : INFO : EventManager : Event: ======'machine_var_audits_switches_s_trough_4'====== Args={'value': 0, 'prev_value': None, 'change': True}
2025-07-16 18:45:19,359 : INFO : EventManager : Event: ======'init_phase_5'====== Args={}
2025-07-16 18:45:19,360 : INFO : EventManager : Event: ======'init_done'====== Args={}
2025-07-16 18:45:19,361 : INFO : EventManager : Event: ======'machine_reset_phase_1'====== Args={}
2025-07-16 18:45:19,369 : INFO : EventManager : Event: ======'machine_reset_phase_2'====== Args={}
2025-07-16 18:45:19,369 : INFO : EventManager : Event: ======'machine_reset_phase_3'====== Args={}
2025-07-16 18:45:19,369 : INFO : EventManager : Event: ======'reset_complete'====== Args={}
2025-07-16 18:45:19,370 : INFO : EventManager : Event: ======'mode_attract_will_start'====== Args={}
2025-07-16 18:45:19,370 : INFO : Timer.attract_carousel_timer : Starting Timer.
2025-07-16 18:45:19,370 : INFO : EventManager : Event: ======'timer_attract_carousel_timer_started'====== Args={'ticks': 0, 'ticks_remaining': 1}
2025-07-16 18:45:19,370 : INFO : EventManager : Event: ======'timer_attract_carousel_timer_tick'====== Args={'ticks': 0, 'ticks_remaining': 1}
2025-07-16 18:45:19,372 : INFO : EventManager : Event: ======'mode_attract_starting'====== Args={}
2025-07-16 18:45:19,372 : INFO : Mode.attract : Started. Priority: 10
2025-07-16 18:45:19,372 : INFO : EventManager : Event: ======'modes_active_modes_changed'====== Args={}
2025-07-16 18:45:19,372 : INFO : EventManager : Event: ======'mode_attract_started'====== Args={}
2025-07-16 18:45:19,373 : INFO : EventManager : Event: ======'collecting_balls_complete'====== Args={}
2025-07-16 18:45:19,374 : INFO : EventManager : Event: ======'item_highlighted'====== Args={'carousel': 'attract', 'direction': None, 'item': 'press_start'}
2025-07-16 18:45:19,374 : INFO : EventManager : Event: ======'timer_attract_carousel_timer_tick'====== Args={'ticks': 0, 'ticks_remaining': 1}
2025-07-16 18:45:19,374 : INFO : Machine : Starting the main run loop with active modes: [<Mode.attract>]
2025-07-16 18:45:19,482 : INFO : EventManager : Event: ======'slide_attract_created'====== Args={'_from_bcp': True}
2025-07-16 18:45:19,482 : INFO : EventManager : Event: ======'slide__removed'====== Args={'_from_bcp': True}
2025-07-16 18:45:19,482 : INFO : EventManager : Event: ======'slide_attract_active'====== Args={'original_context': 'attract', 'original_calling_context': 'mode_attract_started', 'priority': 10.0, 'cmd': 'slides_play', '_from_bcp': True}
2025-07-16 18:45:20,882 : INFO : SwitchController : <<<<<<< 's_start' active >>>>>>>
2025-07-16 18:45:20,965 : INFO : SwitchController : <<<<<<< 's_start' inactive >>>>>>>
2025-07-16 18:45:20,965 : INFO : EventManager : Event: ======'request_to_start_game'====== Args={}
2025-07-16 18:45:20,966 : INFO : EventManager : Event: ======'game_start'====== Args={'buttons': [], 'hold_time': 0.08230945799732581}
2025-07-16 18:45:20,966 : INFO : EventManager : Event: ======'mode_game_will_start'====== Args={'buttons': [], 'hold_time': 0.08230945799732581}
2025-07-16 18:45:20,973 : INFO : EventManager : Event: ======'mode_game_starting'====== Args={'buttons': [], 'hold_time': 0.08230945799732581}
2025-07-16 18:45:20,973 : INFO : EventManager : Event: ======'mode_attract_will_stop'====== Args={}
2025-07-16 18:45:20,973 : INFO : EventManager : Event: ======'mode_attract_stopping'====== Args={}
2025-07-16 18:45:20,974 : INFO : Mode.attract : Stopped.
2025-07-16 18:45:20,974 : INFO : EventManager : Event: ======'modes_active_modes_changed'====== Args={}
2025-07-16 18:45:20,974 : INFO : EventManager : Event: ======'mode_attract_stopped'====== Args={}
2025-07-16 18:45:20,974 : INFO : EventManager : Event: ======'clear'====== Args={'key': 'attract'}
2025-07-16 18:45:20,975 : INFO : Timer.attract_carousel_timer : Stopping Timer
2025-07-16 18:45:20,975 : INFO : EventManager : Event: ======'timer_attract_carousel_timer_stopped'====== Args={'ticks': 0, 'ticks_remaining': 1}
2025-07-16 18:45:20,975 : INFO : Mode.game : Started. Priority: 20
2025-07-16 18:45:20,975 : INFO : EventManager : Event: ======'modes_active_modes_changed'====== Args={}
2025-07-16 18:45:20,975 : INFO : EventManager : Event: ======'mode_game_started'====== Args={'buttons': [], 'hold_time': 0.08230945799732581}
2025-07-16 18:45:20,976 : INFO : EventManager : Event: ======'game_will_start'====== Args={}
2025-07-16 18:45:20,977 : INFO : EventManager : Event: ======'game_starting'====== Args={'game': <Mode.game>}
2025-07-16 18:45:20,978 : INFO : EventManager : Unordered handler for class <Auditor> on event game_ended with priority 1. Handlers: [RegisteredHandler(callback=<bound method Auditor.disable of <Auditor>>, priority=1, kwargs={}, key=UUID('52c863ff-d6d6-4b9c-9095-ab2bb1aed195'), condition=None, blocking_facility=None), RegisteredHandler(callback=<bound method Auditor._save_audits of <Auditor>>, priority=1, kwargs={}, key=UUID('350dca8f-bc46-494d-a6ed-4107a2c7412f'), condition=None, blocking_facility=None)]. The order of those handlers is not defined and they will be executed in random order. This might lead to race conditions and potential bugs.
2025-07-16 18:45:20,978 : INFO : EventManager : Event: ======'player_add_request'====== Args={}
2025-07-16 18:45:20,978 : INFO : EventManager : Event: ======'player_will_add'====== Args={'number': 1}
2025-07-16 18:45:20,978 : INFO : EventManager : Event: ======'player_adding'====== Args={'player': <Player 1>, 'number': 1}
2025-07-16 18:45:20,978 : INFO : EventManager : Event: ======'player_added'====== Args={'player': <Player 1>, 'num': 1}
2025-07-16 18:45:20,979 : INFO : Mode.game : Player added successfully. Total players: 1
2025-07-16 18:45:20,981 : INFO : EventManager : Event: ======'player_index'====== Args={'value': 0, 'prev_value': 0, 'change': 0, 'player_num': 1}
2025-07-16 18:45:20,981 : INFO : EventManager : Event: ======'player_number'====== Args={'value': 1, 'prev_value': 1, 'change': 0, 'player_num': 1}
2025-07-16 18:45:20,981 : INFO : EventManager : Event: ======'player_score'====== Args={'value': 0, 'prev_value': 0, 'change': 0, 'player_num': 1}
2025-07-16 18:45:20,982 : INFO : EventManager : Event: ======'game_started'====== Args={}
2025-07-16 18:45:20,986 : INFO : EventManager : Event: ======'player_turn_will_start'====== Args={'player': <Player 1>, 'number': 1}
2025-07-16 18:45:20,986 : INFO : EventManager : Event: ======'player_turn_starting'====== Args={'player': <Player 1>, 'number': 1}
2025-07-16 18:45:20,986 : INFO : EventManager : Event: ======'player_ball'====== Args={'value': 1, 'prev_value': 0, 'change': 1, 'player_num': 1}
2025-07-16 18:45:20,987 : INFO : EventManager : Event: ======'player_turn_started'====== Args={'player': <Player 1>, 'number': 1}
2025-07-16 18:45:20,987 : INFO : EventManager : Event: ======'ball_will_start'====== Args={'player': 1, 'ball': 1, 'balls_remaining': 2, 'is_extra_ball': False}
2025-07-16 18:45:20,988 : INFO : EventManager : Event: ======'ball_starting'====== Args={'player': 1, 'ball': 1, 'balls_remaining': 2, 'is_extra_ball': False}
2025-07-16 18:45:20,988 : INFO : EventManager : Event: ======'mode_base_will_start'====== Args={'queue': <QueuedEvent>, 'player': 1, 'ball': 1, 'balls_remaining': 2, 'is_extra_ball': False}
2025-07-16 18:45:20,988 : INFO : EventManager : Event: ======'player_shot_left_lane_enabled'====== Args={'value': True, 'prev_value': 0, 'change': 1, 'player_num': 1}
2025-07-16 18:45:20,989 : INFO : EventManager : Event: ======'mode_base_starting'====== Args={'queue': <QueuedEvent>, 'player': 1, 'ball': 1, 'balls_remaining': 2, 'is_extra_ball': False}
2025-07-16 18:45:20,989 : INFO : Mode.base : Started. Priority: 100
2025-07-16 18:45:20,989 : INFO : EventManager : Event: ======'modes_active_modes_changed'====== Args={}
2025-07-16 18:45:20,989 : INFO : EventManager : Event: ======'mode_base_started'====== Args={'queue': <QueuedEvent>, 'player': 1, 'ball': 1, 'balls_remaining': 2, 'is_extra_ball': False}
2025-07-16 18:45:20,990 : INFO : EventManager : Event: ======'start_mode_bumpers'====== Args={'priority': 0}
2025-07-16 18:45:20,990 : INFO : EventManager : Event: ======'start_mode_ramps'====== Args={'priority': 0}
2025-07-16 18:45:20,990 : INFO : EventManager : Event: ======'mode_bumpers_will_start'====== Args={'priority': 0}
2025-07-16 18:45:20,990 : INFO : EventManager : Event: ======'player_shot_bumper_left_enabled'====== Args={'value': True, 'prev_value': 0, 'change': 1, 'player_num': 1}
2025-07-16 18:45:20,991 : INFO : EventManager : Event: ======'player_shot_bumper_right_enabled'====== Args={'value': True, 'prev_value': 0, 'change': 1, 'player_num': 1}
2025-07-16 18:45:20,991 : INFO : EventManager : Event: ======'bumpers_complete'====== Args={'state': 'unlit'}
2025-07-16 18:45:20,991 : INFO : EventManager : Event: ======'bumpers_unlit_complete'====== Args={}
2025-07-16 18:45:20,992 : INFO : EventManager : Event: ======'mode_bumpers_starting'====== Args={'priority': 0}
2025-07-16 18:45:20,992 : INFO : Mode.bumpers : Started. Priority: 200
2025-07-16 18:45:20,992 : INFO : EventManager : Event: ======'modes_active_modes_changed'====== Args={}
2025-07-16 18:45:20,992 : INFO : EventManager : Event: ======'mode_bumpers_started'====== Args={'priority': 0}
2025-07-16 18:45:20,992 : INFO : EventManager : Event: ======'balls_in_play'====== Args={'balls': 1}
2025-07-16 18:45:20,992 : INFO : EventManager : Event: ======'ball_started'====== Args={'player': 1, 'ball': 1, 'balls_remaining': 2, 'is_extra_ball': False}
2025-07-16 18:45:20,993 : INFO : EventManager : Event: ======'single_player_ball_started'====== Args={}
2025-07-16 18:45:20,993 : INFO : EventManager : Event: ======'ball_start_target'====== Args={'target': 'playfield'}
2025-07-16 18:45:20,993 : INFO : ball_device.bd_trough : Setting up player-controlled eject. Balls: 1, Target: <playfield.playfield>, player_controlled_eject_event: None
2025-07-16 18:45:20,993 : INFO : ball_device.bd_trough : Adding 1 ball(s) to the eject_queue with target <playfield.playfield>.
2025-07-16 18:45:20,994 : INFO : EventManager : Event: ======'balldevice_balls_available'====== Args={}
2025-07-16 18:45:20,994 : INFO : ball_device.bd_trough : State: waiting_for_target_ready
2025-07-16 18:45:20,994 : INFO : EventManager : Event: ======'balldevice_bd_trough_ball_eject_attempt'====== Args={'balls': 1, 'target': <ball_device.bd_plunger>, 'source': <ball_device.bd_trough>, 'mechanical_eject': False, 'num_attempts': 0}
2025-07-16 18:45:20,994 : INFO : ball_device.bd_plunger : State: waiting_for_ball
2025-07-16 18:45:20,995 : INFO : ball_device.bd_trough : State: ejecting
2025-07-16 18:45:20,995 : INFO : ball_device.bd_trough : Ejecting ball to <ball_device.bd_plunger>
2025-07-16 18:45:20,995 : INFO : EventManager : Event: ======'balldevice_bd_trough_ejecting_ball'====== Args={'balls': 1, 'target': <ball_device.bd_plunger>, 'source': <ball_device.bd_trough>, 'mechanical_eject': False, 'num_attempts': 0}
2025-07-16 18:45:20,995 : INFO : ball_device.bd_trough : Wait for ball to leave device
2025-07-16 18:45:20,996 : INFO : coil.c_trough_eject : Pulsing Driver for 10ms (1.0 pulse_power)
2025-07-16 18:45:21,085 : INFO : EventManager : Event: ======'slide_base_slide_created'====== Args={'_from_bcp': True}
2025-07-16 18:45:21,086 : INFO : EventManager : Event: ======'slide_attract_inactive'====== Args={'is_removing': True, '_from_bcp': True}
2025-07-16 18:45:21,086 : INFO : EventManager : Event: ======'slide_base_slide_active'====== Args={'original_context': 'base', 'original_calling_context': 'mode_base_started', 'priority': 100.0, 'queue': '<QueuedEvent>', 'player': 1.0, 'ball': 1.0, 'balls_remaining': 2.0, 'is_extra_ball': False, 'cmd': 'slides_play', '_from_bcp': True}
2025-07-16 18:45:21,086 : INFO : EventManager : Event: ======'slide_attract_removed'====== Args={'_from_bcp': True}
2025-07-16 18:45:22,689 : INFO : SwitchController : <<<<<<< 's_bumper_left' active >>>>>>>
2025-07-16 18:45:22,690 : INFO : EventManager : Event: ======'playfield_active'====== Args={'source': 'bumper_left'}
2025-07-16 18:45:22,690 : INFO : EventManager : Event: ======'unexpected_ball_on_playfield'====== Args={}
2025-07-16 18:45:22,690 : INFO : EventManager : Event: ======'s_bumper_left_active'====== Args={}
2025-07-16 18:45:22,690 : INFO : EventManager : Event: ======'machine_var_audits_switches_s_bumper_left'====== Args={'value': 50, 'prev_value': 49, 'change': 1}
2025-07-16 18:45:22,692 : INFO : EventManager : Event: ======'player_shot_bumper_left'====== Args={'value': 1, 'prev_value': 0, 'change': 1, 'player_num': 1}
2025-07-16 18:45:22,693 : INFO : EventManager : Event: ======'machine_var_audits_shots_bumper_left'====== Args={'value': 50, 'prev_value': 49, 'change': 1}
2025-07-16 18:45:22,703 : INFO : EventManager : Event: ======'bumper_left_hit'====== Args={'profile': 'default', 'state': 'unlit', 'advancing': True}
2025-07-16 18:45:22,704 : INFO : EventManager : Event: ======'bumper_left_default_hit'====== Args={'profile': 'default', 'state': 'unlit', 'advancing': True}
2025-07-16 18:45:22,704 : INFO : EventManager : Event: ======'bumper_left_default_unlit_hit'====== Args={'profile': 'default', 'state': 'unlit', 'advancing': True}
2025-07-16 18:45:22,704 : INFO : EventManager : Event: ======'bumper_left_unlit_hit'====== Args={'profile': 'default', 'state': 'unlit', 'advancing': True}
2025-07-16 18:45:22,704 : INFO : EventManager : Event: ======'bumpers_hit'====== Args={'shot': 'bumper_left'}
2025-07-16 18:45:22,704 : INFO : EventManager : Event: ======'bumpers_unlit_hit'====== Args={'shot': 'bumper_left'}
2025-07-16 18:45:22,705 : INFO : EventManager : Event: ======'player_score'====== Args={'value': 1000, 'prev_value': 0, 'change': 1000, 'player_num': 1, 'source': 'bumpers'}
2025-07-16 18:45:22,800 : INFO : SwitchController : <<<<<<< 's_bumper_left' inactive >>>>>>>
2025-07-16 18:45:22,915 : INFO : SwitchController : <<<<<<< 's_bumper_right' active >>>>>>>
2025-07-16 18:45:22,915 : INFO : EventManager : Event: ======'playfield_active'====== Args={'source': 'bumper_right'}
2025-07-16 18:45:22,915 : INFO : EventManager : Event: ======'unexpected_ball_on_playfield'====== Args={}
2025-07-16 18:45:22,915 : INFO : EventManager : Event: ======'s_bumper_right_active'====== Args={}
2025-07-16 18:45:22,915 : INFO : EventManager : Event: ======'machine_var_audits_switches_s_bumper_right'====== Args={'value': 61, 'prev_value': 60, 'change': 1}
2025-07-16 18:45:22,917 : INFO : EventManager : Event: ======'player_shot_bumper_right'====== Args={'value': 1, 'prev_value': 0, 'change': 1, 'player_num': 1}
2025-07-16 18:45:22,917 : INFO : EventManager : Event: ======'machine_var_audits_shots_bumper_right'====== Args={'value': 61, 'prev_value': 60, 'change': 1}
2025-07-16 18:45:22,918 : INFO : EventManager : Event: ======'bumper_right_hit'====== Args={'profile': 'default', 'state': 'unlit', 'advancing': True}
2025-07-16 18:45:22,918 : INFO : EventManager : Event: ======'bumper_right_default_hit'====== Args={'profile': 'default', 'state': 'unlit', 'advancing': True}
2025-07-16 18:45:22,918 : INFO : EventManager : Event: ======'bumper_right_default_unlit_hit'====== Args={'profile': 'default', 'state': 'unlit', 'advancing': True}
2025-07-16 18:45:22,918 : INFO : EventManager : Event: ======'bumper_right_unlit_hit'====== Args={'profile': 'default', 'state': 'unlit', 'advancing': True}
2025-07-16 18:45:22,919 : INFO : EventManager : Event: ======'bumpers_complete'====== Args={'state': 'lit'}
2025-07-16 18:45:22,919 : INFO : EventManager : Event: ======'bumpers_lit_complete'====== Args={}
2025-07-16 18:45:22,919 : INFO : EventManager : Event: ======'bumpers_hit'====== Args={'shot': 'bumper_right'}
2025-07-16 18:45:22,919 : INFO : EventManager : Event: ======'bumpers_unlit_hit'====== Args={'shot': 'bumper_right'}
2025-07-16 18:45:22,919 : INFO : EventManager : Event: ======'player_score'====== Args={'value': 2000, 'prev_value': 1000, 'change': 1000, 'player_num': 1, 'source': 'bumpers'}
2025-07-16 18:45:23,043 : INFO : SwitchController : <<<<<<< 's_bumper_left' active >>>>>>>
2025-07-16 18:45:23,043 : INFO : EventManager : Event: ======'playfield_active'====== Args={'source': 'bumper_left'}
2025-07-16 18:45:23,043 : INFO : EventManager : Event: ======'unexpected_ball_on_playfield'====== Args={}
2025-07-16 18:45:23,043 : INFO : EventManager : Event: ======'s_bumper_left_active'====== Args={}
2025-07-16 18:45:23,044 : INFO : EventManager : Event: ======'machine_var_audits_switches_s_bumper_left'====== Args={'value': 51, 'prev_value': 50, 'change': 1}
2025-07-16 18:45:23,049 : INFO : EventManager : Event: ======'machine_var_audits_shots_bumper_left'====== Args={'value': 51, 'prev_value': 50, 'change': 1}
2025-07-16 18:45:23,049 : INFO : EventManager : Event: ======'bumper_left_hit'====== Args={'profile': 'default', 'state': 'lit', 'advancing': False}
2025-07-16 18:45:23,049 : INFO : EventManager : Event: ======'bumper_left_default_hit'====== Args={'profile': 'default', 'state': 'lit', 'advancing': False}
2025-07-16 18:45:23,049 : INFO : EventManager : Event: ======'bumper_left_default_lit_hit'====== Args={'profile': 'default', 'state': 'lit', 'advancing': False}
2025-07-16 18:45:23,049 : INFO : EventManager : Event: ======'bumper_left_lit_hit'====== Args={'profile': 'default', 'state': 'lit', 'advancing': False}
2025-07-16 18:45:23,049 : INFO : EventManager : Event: ======'bumpers_hit'====== Args={'shot': 'bumper_left'}
2025-07-16 18:45:23,049 : INFO : EventManager : Event: ======'bumpers_lit_hit'====== Args={'shot': 'bumper_left'}
2025-07-16 18:45:23,050 : INFO : EventManager : Event: ======'player_score'====== Args={'value': 3000, 'prev_value': 2000, 'change': 1000, 'player_num': 1, 'source': 'bumpers'}
2025-07-16 18:45:23,051 : INFO : SwitchController : <<<<<<< 's_bumper_right' inactive >>>>>>>
2025-07-16 18:45:23,088 : INFO : SwitchController : <<<<<<< 's_bumper_left' inactive >>>>>>>
2025-07-16 18:45:23,156 : INFO : SwitchController : <<<<<<< 's_bumper_right' active >>>>>>>
2025-07-16 18:45:23,156 : INFO : EventManager : Event: ======'playfield_active'====== Args={'source': 'bumper_right'}
2025-07-16 18:45:23,156 : INFO : EventManager : Event: ======'unexpected_ball_on_playfield'====== Args={}
2025-07-16 18:45:23,156 : INFO : EventManager : Event: ======'s_bumper_right_active'====== Args={}
2025-07-16 18:45:23,156 : INFO : EventManager : Event: ======'machine_var_audits_switches_s_bumper_right'====== Args={'value': 62, 'prev_value': 61, 'change': 1}
2025-07-16 18:45:23,158 : INFO : EventManager : Event: ======'machine_var_audits_shots_bumper_right'====== Args={'value': 62, 'prev_value': 61, 'change': 1}
2025-07-16 18:45:23,158 : INFO : EventManager : Event: ======'bumper_right_hit'====== Args={'profile': 'default', 'state': 'lit', 'advancing': False}
2025-07-16 18:45:23,158 : INFO : EventManager : Event: ======'bumper_right_default_hit'====== Args={'profile': 'default', 'state': 'lit', 'advancing': False}
2025-07-16 18:45:23,158 : INFO : EventManager : Event: ======'bumper_right_default_lit_hit'====== Args={'profile': 'default', 'state': 'lit', 'advancing': False}
2025-07-16 18:45:23,158 : INFO : EventManager : Event: ======'bumper_right_lit_hit'====== Args={'profile': 'default', 'state': 'lit', 'advancing': False}
2025-07-16 18:45:23,158 : INFO : EventManager : Event: ======'bumpers_hit'====== Args={'shot': 'bumper_right'}
2025-07-16 18:45:23,158 : INFO : EventManager : Event: ======'bumpers_lit_hit'====== Args={'shot': 'bumper_right'}
2025-07-16 18:45:23,158 : INFO : EventManager : Event: ======'player_score'====== Args={'value': 4000, 'prev_value': 3000, 'change': 1000, 'player_num': 1, 'source': 'bumpers'}
2025-07-16 18:45:23,222 : INFO : SwitchController : <<<<<<< 's_bumper_left' active >>>>>>>
2025-07-16 18:45:23,223 : INFO : EventManager : Event: ======'playfield_active'====== Args={'source': 'bumper_left'}
2025-07-16 18:45:23,223 : INFO : EventManager : Event: ======'unexpected_ball_on_playfield'====== Args={}
2025-07-16 18:45:23,223 : INFO : EventManager : Event: ======'s_bumper_left_active'====== Args={}
2025-07-16 18:45:23,223 : INFO : EventManager : Event: ======'machine_var_audits_switches_s_bumper_left'====== Args={'value': 52, 'prev_value': 51, 'change': 1}
2025-07-16 18:45:23,224 : INFO : EventManager : Event: ======'machine_var_audits_shots_bumper_left'====== Args={'value': 52, 'prev_value': 51, 'change': 1}
2025-07-16 18:45:23,224 : INFO : EventManager : Event: ======'bumper_left_hit'====== Args={'profile': 'default', 'state': 'lit', 'advancing': False}
2025-07-16 18:45:23,224 : INFO : EventManager : Event: ======'bumper_left_default_hit'====== Args={'profile': 'default', 'state': 'lit', 'advancing': False}
2025-07-16 18:45:23,224 : INFO : EventManager : Event: ======'bumper_left_default_lit_hit'====== Args={'profile': 'default', 'state': 'lit', 'advancing': False}
2025-07-16 18:45:23,224 : INFO : EventManager : Event: ======'bumper_left_lit_hit'====== Args={'profile': 'default', 'state': 'lit', 'advancing': False}
2025-07-16 18:45:23,225 : INFO : EventManager : Event: ======'bumpers_hit'====== Args={'shot': 'bumper_left'}
2025-07-16 18:45:23,225 : INFO : EventManager : Event: ======'bumpers_lit_hit'====== Args={'shot': 'bumper_left'}
2025-07-16 18:45:23,225 : INFO : EventManager : Event: ======'player_score'====== Args={'value': 5000, 'prev_value': 4000, 'change': 1000, 'player_num': 1, 'source': 'bumpers'}
2025-07-16 18:45:23,241 : INFO : SwitchController : <<<<<<< 's_bumper_right' inactive >>>>>>>
2025-07-16 18:45:23,298 : INFO : SwitchController : <<<<<<< 's_bumper_left' inactive >>>>>>>
2025-07-16 18:45:23,348 : INFO : SwitchController : <<<<<<< 's_bumper_right' active >>>>>>>
2025-07-16 18:45:23,348 : INFO : EventManager : Event: ======'playfield_active'====== Args={'source': 'bumper_right'}
2025-07-16 18:45:23,348 : INFO : EventManager : Event: ======'unexpected_ball_on_playfield'====== Args={}
2025-07-16 18:45:23,348 : INFO : EventManager : Event: ======'s_bumper_right_active'====== Args={}
2025-07-16 18:45:23,348 : INFO : EventManager : Event: ======'machine_var_audits_switches_s_bumper_right'====== Args={'value': 63, 'prev_value': 62, 'change': 1}
2025-07-16 18:45:23,349 : INFO : EventManager : Event: ======'machine_var_audits_shots_bumper_right'====== Args={'value': 63, 'prev_value': 62, 'change': 1}
2025-07-16 18:45:23,349 : INFO : EventManager : Event: ======'bumper_right_hit'====== Args={'profile': 'default', 'state': 'lit', 'advancing': False}
2025-07-16 18:45:23,349 : INFO : EventManager : Event: ======'bumper_right_default_hit'====== Args={'profile': 'default', 'state': 'lit', 'advancing': False}
2025-07-16 18:45:23,349 : INFO : EventManager : Event: ======'bumper_right_default_lit_hit'====== Args={'profile': 'default', 'state': 'lit', 'advancing': False}
2025-07-16 18:45:23,350 : INFO : EventManager : Event: ======'bumper_right_lit_hit'====== Args={'profile': 'default', 'state': 'lit', 'advancing': False}
2025-07-16 18:45:23,350 : INFO : EventManager : Event: ======'bumpers_hit'====== Args={'shot': 'bumper_right'}
2025-07-16 18:45:23,350 : INFO : EventManager : Event: ======'bumpers_lit_hit'====== Args={'shot': 'bumper_right'}
2025-07-16 18:45:23,350 : INFO : EventManager : Event: ======'player_score'====== Args={'value': 6000, 'prev_value': 5000, 'change': 1000, 'player_num': 1, 'source': 'bumpers'}
2025-07-16 18:45:23,424 : INFO : SwitchController : <<<<<<< 's_bumper_left' active >>>>>>>
2025-07-16 18:45:23,425 : INFO : EventManager : Event: ======'playfield_active'====== Args={'source': 'bumper_left'}
2025-07-16 18:45:23,425 : INFO : EventManager : Event: ======'unexpected_ball_on_playfield'====== Args={}
2025-07-16 18:45:23,425 : INFO : EventManager : Event: ======'s_bumper_left_active'====== Args={}
2025-07-16 18:45:23,425 : INFO : EventManager : Event: ======'machine_var_audits_switches_s_bumper_left'====== Args={'value': 53, 'prev_value': 52, 'change': 1}
2025-07-16 18:45:23,426 : INFO : EventManager : Event: ======'machine_var_audits_shots_bumper_left'====== Args={'value': 53, 'prev_value': 52, 'change': 1}
2025-07-16 18:45:23,426 : INFO : EventManager : Event: ======'bumper_left_hit'====== Args={'profile': 'default', 'state': 'lit', 'advancing': False}
2025-07-16 18:45:23,426 : INFO : EventManager : Event: ======'bumper_left_default_hit'====== Args={'profile': 'default', 'state': 'lit', 'advancing': False}
2025-07-16 18:45:23,426 : INFO : EventManager : Event: ======'bumper_left_default_lit_hit'====== Args={'profile': 'default', 'state': 'lit', 'advancing': False}
2025-07-16 18:45:23,426 : INFO : EventManager : Event: ======'bumper_left_lit_hit'====== Args={'profile': 'default', 'state': 'lit', 'advancing': False}
2025-07-16 18:45:23,427 : INFO : EventManager : Event: ======'bumpers_hit'====== Args={'shot': 'bumper_left'}
2025-07-16 18:45:23,427 : INFO : EventManager : Event: ======'bumpers_lit_hit'====== Args={'shot': 'bumper_left'}
2025-07-16 18:45:23,427 : INFO : EventManager : Event: ======'player_score'====== Args={'value': 7000, 'prev_value': 6000, 'change': 1000, 'player_num': 1, 'source': 'bumpers'}
2025-07-16 18:45:23,468 : INFO : SwitchController : <<<<<<< 's_bumper_right' inactive >>>>>>>
2025-07-16 18:45:23,509 : INFO : SwitchController : <<<<<<< 's_bumper_left' inactive >>>>>>>
2025-07-16 18:45:23,541 : INFO : SwitchController : <<<<<<< 's_bumper_right' active >>>>>>>
2025-07-16 18:45:23,541 : INFO : EventManager : Event: ======'playfield_active'====== Args={'source': 'bumper_right'}
2025-07-16 18:45:23,541 : INFO : EventManager : Event: ======'unexpected_ball_on_playfield'====== Args={}
2025-07-16 18:45:23,541 : INFO : EventManager : Event: ======'s_bumper_right_active'====== Args={}
2025-07-16 18:45:23,542 : INFO : EventManager : Event: ======'machine_var_audits_switches_s_bumper_right'====== Args={'value': 64, 'prev_value': 63, 'change': 1}
2025-07-16 18:45:23,543 : INFO : EventManager : Event: ======'machine_var_audits_shots_bumper_right'====== Args={'value': 64, 'prev_value': 63, 'change': 1}
2025-07-16 18:45:23,543 : INFO : EventManager : Event: ======'bumper_right_hit'====== Args={'profile': 'default', 'state': 'lit', 'advancing': False}
2025-07-16 18:45:23,543 : INFO : EventManager : Event: ======'bumper_right_default_hit'====== Args={'profile': 'default', 'state': 'lit', 'advancing': False}
2025-07-16 18:45:23,543 : INFO : EventManager : Event: ======'bumper_right_default_lit_hit'====== Args={'profile': 'default', 'state': 'lit', 'advancing': False}
2025-07-16 18:45:23,543 : INFO : EventManager : Event: ======'bumper_right_lit_hit'====== Args={'profile': 'default', 'state': 'lit', 'advancing': False}
2025-07-16 18:45:23,544 : INFO : EventManager : Event: ======'bumpers_hit'====== Args={'shot': 'bumper_right'}
2025-07-16 18:45:23,544 : INFO : EventManager : Event: ======'bumpers_lit_hit'====== Args={'shot': 'bumper_right'}
2025-07-16 18:45:23,544 : INFO : EventManager : Event: ======'player_score'====== Args={'value': 8000, 'prev_value': 7000, 'change': 1000, 'player_num': 1, 'source': 'bumpers'}
2025-07-16 18:45:23,617 : INFO : SwitchController : <<<<<<< 's_bumper_left' active >>>>>>>
2025-07-16 18:45:23,617 : INFO : EventManager : Event: ======'playfield_active'====== Args={'source': 'bumper_left'}
2025-07-16 18:45:23,617 : INFO : EventManager : Event: ======'unexpected_ball_on_playfield'====== Args={}
2025-07-16 18:45:23,617 : INFO : EventManager : Event: ======'s_bumper_left_active'====== Args={}
2025-07-16 18:45:23,618 : INFO : EventManager : Event: ======'machine_var_audits_switches_s_bumper_left'====== Args={'value': 54, 'prev_value': 53, 'change': 1}
2025-07-16 18:45:23,619 : INFO : EventManager : Event: ======'machine_var_audits_shots_bumper_left'====== Args={'value': 54, 'prev_value': 53, 'change': 1}
2025-07-16 18:45:23,619 : INFO : EventManager : Event: ======'bumper_left_hit'====== Args={'profile': 'default', 'state': 'lit', 'advancing': False}
2025-07-16 18:45:23,619 : INFO : EventManager : Event: ======'bumper_left_default_hit'====== Args={'profile': 'default', 'state': 'lit', 'advancing': False}
2025-07-16 18:45:23,619 : INFO : EventManager : Event: ======'bumper_left_default_lit_hit'====== Args={'profile': 'default', 'state': 'lit', 'advancing': False}
2025-07-16 18:45:23,619 : INFO : EventManager : Event: ======'bumper_left_lit_hit'====== Args={'profile': 'default', 'state': 'lit', 'advancing': False}
2025-07-16 18:45:23,619 : INFO : EventManager : Event: ======'bumpers_hit'====== Args={'shot': 'bumper_left'}
2025-07-16 18:45:23,619 : INFO : EventManager : Event: ======'bumpers_lit_hit'====== Args={'shot': 'bumper_left'}
2025-07-16 18:45:23,620 : INFO : EventManager : Event: ======'player_score'====== Args={'value': 9000, 'prev_value': 8000, 'change': 1000, 'player_num': 1, 'source': 'bumpers'}
2025-07-16 18:45:23,621 : INFO : SwitchController : <<<<<<< 's_bumper_right' inactive >>>>>>>
2025-07-16 18:45:23,691 : INFO : SwitchController : <<<<<<< 's_bumper_left' inactive >>>>>>>
2025-07-16 18:45:23,737 : INFO : SwitchController : <<<<<<< 's_bumper_right' active >>>>>>>
2025-07-16 18:45:23,737 : INFO : EventManager : Event: ======'playfield_active'====== Args={'source': 'bumper_right'}
2025-07-16 18:45:23,738 : INFO : EventManager : Event: ======'unexpected_ball_on_playfield'====== Args={}
2025-07-16 18:45:23,738 : INFO : EventManager : Event: ======'s_bumper_right_active'====== Args={}
2025-07-16 18:45:23,738 : INFO : EventManager : Event: ======'machine_var_audits_switches_s_bumper_right'====== Args={'value': 65, 'prev_value': 64, 'change': 1}
2025-07-16 18:45:23,740 : INFO : EventManager : Event: ======'machine_var_audits_shots_bumper_right'====== Args={'value': 65, 'prev_value': 64, 'change': 1}
2025-07-16 18:45:23,740 : INFO : EventManager : Event: ======'bumper_right_hit'====== Args={'profile': 'default', 'state': 'lit', 'advancing': False}
2025-07-16 18:45:23,741 : INFO : EventManager : Event: ======'bumper_right_default_hit'====== Args={'profile': 'default', 'state': 'lit', 'advancing': False}
2025-07-16 18:45:23,741 : INFO : EventManager : Event: ======'bumper_right_default_lit_hit'====== Args={'profile': 'default', 'state': 'lit', 'advancing': False}
2025-07-16 18:45:23,741 : INFO : EventManager : Event: ======'bumper_right_lit_hit'====== Args={'profile': 'default', 'state': 'lit', 'advancing': False}
2025-07-16 18:45:23,741 : INFO : EventManager : Event: ======'bumpers_hit'====== Args={'shot': 'bumper_right'}
2025-07-16 18:45:23,741 : INFO : EventManager : Event: ======'bumpers_lit_hit'====== Args={'shot': 'bumper_right'}
2025-07-16 18:45:23,741 : INFO : EventManager : Event: ======'player_score'====== Args={'value': 10000, 'prev_value': 9000, 'change': 1000, 'player_num': 1, 'source': 'bumpers'}
2025-07-16 18:45:23,798 : INFO : SwitchController : <<<<<<< 's_bumper_left' active >>>>>>>
2025-07-16 18:45:23,798 : INFO : EventManager : Event: ======'playfield_active'====== Args={'source': 'bumper_left'}
2025-07-16 18:45:23,798 : INFO : EventManager : Event: ======'unexpected_ball_on_playfield'====== Args={}
2025-07-16 18:45:23,798 : INFO : EventManager : Event: ======'s_bumper_left_active'====== Args={}
2025-07-16 18:45:23,799 : INFO : EventManager : Event: ======'machine_var_audits_switches_s_bumper_left'====== Args={'value': 55, 'prev_value': 54, 'change': 1}
2025-07-16 18:45:23,800 : INFO : EventManager : Event: ======'machine_var_audits_shots_bumper_left'====== Args={'value': 55, 'prev_value': 54, 'change': 1}
2025-07-16 18:45:23,801 : INFO : EventManager : Event: ======'bumper_left_hit'====== Args={'profile': 'default', 'state': 'lit', 'advancing': False}
2025-07-16 18:45:23,801 : INFO : EventManager : Event: ======'bumper_left_default_hit'====== Args={'profile': 'default', 'state': 'lit', 'advancing': False}
2025-07-16 18:45:23,801 : INFO : EventManager : Event: ======'bumper_left_default_lit_hit'====== Args={'profile': 'default', 'state': 'lit', 'advancing': False}
2025-07-16 18:45:23,801 : INFO : EventManager : Event: ======'bumper_left_lit_hit'====== Args={'profile': 'default', 'state': 'lit', 'advancing': False}
2025-07-16 18:45:23,802 : INFO : EventManager : Event: ======'bumpers_hit'====== Args={'shot': 'bumper_left'}
2025-07-16 18:45:23,802 : INFO : EventManager : Event: ======'bumpers_lit_hit'====== Args={'shot': 'bumper_left'}
2025-07-16 18:45:23,802 : INFO : EventManager : Event: ======'player_score'====== Args={'value': 11000, 'prev_value': 10000, 'change': 1000, 'player_num': 1, 'source': 'bumpers'}
2025-07-16 18:45:23,822 : INFO : SwitchController : <<<<<<< 's_bumper_right' inactive >>>>>>>
2025-07-16 18:45:23,857 : INFO : SwitchController : <<<<<<< 's_bumper_left' inactive >>>>>>>
2025-07-16 18:45:23,922 : INFO : SwitchController : <<<<<<< 's_bumper_right' active >>>>>>>
2025-07-16 18:45:23,923 : INFO : EventManager : Event: ======'playfield_active'====== Args={'source': 'bumper_right'}
2025-07-16 18:45:23,923 : INFO : EventManager : Event: ======'unexpected_ball_on_playfield'====== Args={}
2025-07-16 18:45:23,923 : INFO : EventManager : Event: ======'s_bumper_right_active'====== Args={}
2025-07-16 18:45:23,923 : INFO : EventManager : Event: ======'machine_var_audits_switches_s_bumper_right'====== Args={'value': 66, 'prev_value': 65, 'change': 1}
2025-07-16 18:45:23,924 : INFO : EventManager : Event: ======'machine_var_audits_shots_bumper_right'====== Args={'value': 66, 'prev_value': 65, 'change': 1}
2025-07-16 18:45:23,924 : INFO : EventManager : Event: ======'bumper_right_hit'====== Args={'profile': 'default', 'state': 'lit', 'advancing': False}
2025-07-16 18:45:23,924 : INFO : EventManager : Event: ======'bumper_right_default_hit'====== Args={'profile': 'default', 'state': 'lit', 'advancing': False}
2025-07-16 18:45:23,925 : INFO : EventManager : Event: ======'bumper_right_default_lit_hit'====== Args={'profile': 'default', 'state': 'lit', 'advancing': False}
2025-07-16 18:45:23,925 : INFO : EventManager : Event: ======'bumper_right_lit_hit'====== Args={'profile': 'default', 'state': 'lit', 'advancing': False}
2025-07-16 18:45:23,925 : INFO : EventManager : Event: ======'bumpers_hit'====== Args={'shot': 'bumper_right'}
2025-07-16 18:45:23,925 : INFO : EventManager : Event: ======'bumpers_lit_hit'====== Args={'shot': 'bumper_right'}
2025-07-16 18:45:23,925 : INFO : EventManager : Event: ======'player_score'====== Args={'value': 12000, 'prev_value': 11000, 'change': 1000, 'player_num': 1, 'source': 'bumpers'}
2025-07-16 18:45:23,981 : INFO : SwitchController : <<<<<<< 's_bumper_left' active >>>>>>>
2025-07-16 18:45:23,981 : INFO : EventManager : Event: ======'playfield_active'====== Args={'source': 'bumper_left'}
2025-07-16 18:45:23,982 : INFO : EventManager : Event: ======'unexpected_ball_on_playfield'====== Args={}
2025-07-16 18:45:23,982 : INFO : EventManager : Event: ======'s_bumper_left_active'====== Args={}
2025-07-16 18:45:23,982 : INFO : EventManager : Event: ======'machine_var_audits_switches_s_bumper_left'====== Args={'value': 56, 'prev_value': 55, 'change': 1}
2025-07-16 18:45:23,983 : INFO : EventManager : Event: ======'machine_var_audits_shots_bumper_left'====== Args={'value': 56, 'prev_value': 55, 'change': 1}
2025-07-16 18:45:23,983 : INFO : EventManager : Event: ======'bumper_left_hit'====== Args={'profile': 'default', 'state': 'lit', 'advancing': False}
2025-07-16 18:45:23,983 : INFO : EventManager : Event: ======'bumper_left_default_hit'====== Args={'profile': 'default', 'state': 'lit', 'advancing': False}
2025-07-16 18:45:23,983 : INFO : EventManager : Event: ======'bumper_left_default_lit_hit'====== Args={'profile': 'default', 'state': 'lit', 'advancing': False}
2025-07-16 18:45:23,983 : INFO : EventManager : Event: ======'bumper_left_lit_hit'====== Args={'profile': 'default', 'state': 'lit', 'advancing': False}
2025-07-16 18:45:23,983 : INFO : EventManager : Event: ======'bumpers_hit'====== Args={'shot': 'bumper_left'}
2025-07-16 18:45:23,983 : INFO : EventManager : Event: ======'bumpers_lit_hit'====== Args={'shot': 'bumper_left'}
2025-07-16 18:45:23,983 : INFO : EventManager : Event: ======'player_score'====== Args={'value': 13000, 'prev_value': 12000, 'change': 1000, 'player_num': 1, 'source': 'bumpers'}
2025-07-16 18:45:24,031 : INFO : SwitchController : <<<<<<< 's_bumper_right' inactive >>>>>>>
2025-07-16 18:45:24,050 : INFO : SwitchController : <<<<<<< 's_bumper_left' inactive >>>>>>>
2025-07-16 18:45:24,501 : INFO : SwitchController : <<<<<<< 's_left_lane' active >>>>>>>
2025-07-16 18:45:24,501 : INFO : EventManager : Event: ======'playfield_active'====== Args={'source': 'left_lane'}
2025-07-16 18:45:24,501 : INFO : EventManager : Event: ======'unexpected_ball_on_playfield'====== Args={}
2025-07-16 18:45:24,501 : INFO : EventManager : Event: ======'playfield_active'====== Args={'source': 'hurryup'}
2025-07-16 18:45:24,501 : INFO : EventManager : Event: ======'unexpected_ball_on_playfield'====== Args={}
2025-07-16 18:45:24,501 : INFO : EventManager : Event: ======'s_left_lane_active'====== Args={}
2025-07-16 18:45:24,502 : INFO : EventManager : Event: ======'machine_var_audits_switches_s_left_lane'====== Args={'value': 54, 'prev_value': 53, 'change': 1}
2025-07-16 18:45:24,502 : INFO : EventManager : Event: ======'player_shot_left_lane'====== Args={'value': 1, 'prev_value': 0, 'change': 1, 'player_num': 1}
2025-07-16 18:45:24,503 : INFO : EventManager : Event: ======'machine_var_audits_shots_left_lane'====== Args={'value': 54, 'prev_value': 53, 'change': 1}
2025-07-16 18:45:24,503 : INFO : EventManager : Event: ======'left_lane_hit'====== Args={'profile': 'default', 'state': 'unlit', 'advancing': True}
2025-07-16 18:45:24,504 : INFO : EventManager : Event: ======'left_lane_default_hit'====== Args={'profile': 'default', 'state': 'unlit', 'advancing': True}
2025-07-16 18:45:24,504 : INFO : EventManager : Event: ======'left_lane_default_unlit_hit'====== Args={'profile': 'default', 'state': 'unlit', 'advancing': True}
2025-07-16 18:45:24,504 : INFO : EventManager : Event: ======'left_lane_unlit_hit'====== Args={'profile': 'default', 'state': 'unlit', 'advancing': True}
2025-07-16 18:45:24,504 : INFO : EventManager : Event: ======'start_mode_hurryup'====== Args={'priority': 0}
2025-07-16 18:45:24,504 : INFO : EventManager : Event: ======'mode_hurryup_will_start'====== Args={'priority': 0}
2025-07-16 18:45:24,509 : INFO : EventManager : Event: ======'player_shot_hurryup_enabled'====== Args={'value': True, 'prev_value': 0, 'change': 1, 'player_num': 1}
2025-07-16 18:45:24,510 : INFO : EventManager : Event: ======'player_hurryup_hurryup_timer_tick'====== Args={'value': 0, 'prev_value': 0, 'change': 0, 'player_num': 1}
2025-07-16 18:45:24,510 : INFO : Timer.hurryup_timer : Starting Timer.
2025-07-16 18:45:24,510 : INFO : EventManager : Event: ======'timer_hurryup_timer_started'====== Args={'ticks': 0, 'ticks_remaining': 25}
2025-07-16 18:45:24,510 : INFO : EventManager : Event: ======'timer_hurryup_timer_tick'====== Args={'ticks': 0, 'ticks_remaining': 25}
2025-07-16 18:45:24,511 : INFO : EventManager : Event: ======'mode_hurryup_starting'====== Args={'priority': 0}
2025-07-16 18:45:24,512 : INFO : Mode.hurryup : Started. Priority: 1000
2025-07-16 18:45:24,512 : INFO : EventManager : Event: ======'modes_active_modes_changed'====== Args={}
2025-07-16 18:45:24,512 : INFO : EventManager : Event: ======'mode_hurryup_started'====== Args={'priority': 0}
2025-07-16 18:45:24,534 : INFO : EventManager : Event: ======'slide_hurryup_created'====== Args={'_from_bcp': True}
2025-07-16 18:45:24,535 : INFO : EventManager : Event: ======'slide_base_slide_inactive'====== Args={'is_removing': False, '_from_bcp': True}
2025-07-16 18:45:24,535 : INFO : EventManager : Event: ======'slide_hurryup_active'====== Args={'original_context': 'hurryup', 'original_calling_context': 'mode_hurryup_started', 'priority': 1000.0, 'cmd': 'slides_play', '_from_bcp': True}
2025-07-16 18:45:24,623 : INFO : SwitchController : <<<<<<< 's_left_lane' inactive >>>>>>>
2025-07-16 18:45:24,712 : INFO : EventManager : Event: ======'player_hurryup_hurryup_timer_tick'====== Args={'value': 1, 'prev_value': 0, 'change': 1, 'player_num': 1}
2025-07-16 18:45:24,713 : INFO : EventManager : Event: ======'timer_hurryup_timer_tick'====== Args={'ticks': 1, 'ticks_remaining': 24}
2025-07-16 18:45:24,715 : INFO : EventManager : Event: ======'hurryup_value'====== Args={'priority': 0, 'current_hurryup': 98000}
2025-07-16 18:45:24,915 : INFO : EventManager : Event: ======'player_hurryup_hurryup_timer_tick'====== Args={'value': 2, 'prev_value': 1, 'change': 1, 'player_num': 1}
2025-07-16 18:45:24,917 : INFO : EventManager : Event: ======'timer_hurryup_timer_tick'====== Args={'ticks': 2, 'ticks_remaining': 23}
2025-07-16 18:45:24,918 : INFO : EventManager : Event: ======'hurryup_value'====== Args={'priority': 0, 'current_hurryup': 96000}
2025-07-16 18:45:25,111 : INFO : EventManager : Event: ======'player_hurryup_hurryup_timer_tick'====== Args={'value': 3, 'prev_value': 2, 'change': 1, 'player_num': 1}
2025-07-16 18:45:25,115 : INFO : EventManager : Event: ======'timer_hurryup_timer_tick'====== Args={'ticks': 3, 'ticks_remaining': 22}
2025-07-16 18:45:25,117 : INFO : EventManager : Event: ======'hurryup_value'====== Args={'priority': 0, 'current_hurryup': 94000}
2025-07-16 18:45:25,312 : INFO : EventManager : Event: ======'player_hurryup_hurryup_timer_tick'====== Args={'value': 4, 'prev_value': 3, 'change': 1, 'player_num': 1}
2025-07-16 18:45:25,315 : INFO : EventManager : Event: ======'timer_hurryup_timer_tick'====== Args={'ticks': 4, 'ticks_remaining': 21}
2025-07-16 18:45:25,317 : INFO : EventManager : Event: ======'hurryup_value'====== Args={'priority': 0, 'current_hurryup': 92000}
2025-07-16 18:45:25,514 : INFO : EventManager : Event: ======'player_hurryup_hurryup_timer_tick'====== Args={'value': 5, 'prev_value': 4, 'change': 1, 'player_num': 1}
2025-07-16 18:45:25,515 : INFO : EventManager : Event: ======'timer_hurryup_timer_tick'====== Args={'ticks': 5, 'ticks_remaining': 20}
2025-07-16 18:45:25,516 : INFO : EventManager : Event: ======'hurryup_value'====== Args={'priority': 0, 'current_hurryup': 90000}
2025-07-16 18:45:25,545 : INFO : SwitchController : <<<<<<< 's_left_lane' active >>>>>>>
2025-07-16 18:45:25,545 : INFO : EventManager : Event: ======'playfield_active'====== Args={'source': 'left_lane'}
2025-07-16 18:45:25,546 : INFO : EventManager : Event: ======'unexpected_ball_on_playfield'====== Args={}
2025-07-16 18:45:25,546 : INFO : EventManager : Event: ======'playfield_active'====== Args={'source': 'hurryup'}
2025-07-16 18:45:25,546 : INFO : EventManager : Event: ======'unexpected_ball_on_playfield'====== Args={}
2025-07-16 18:45:25,546 : INFO : EventManager : Event: ======'s_left_lane_active'====== Args={}
2025-07-16 18:45:25,546 : INFO : EventManager : Event: ======'machine_var_audits_switches_s_left_lane'====== Args={'value': 55, 'prev_value': 54, 'change': 1}
2025-07-16 18:45:25,548 : INFO : EventManager : Event: ======'player_shot_hurryup'====== Args={'value': 1, 'prev_value': 0, 'change': 1, 'player_num': 1}
2025-07-16 18:45:25,549 : INFO : EventManager : Event: ======'machine_var_audits_shots_hurryup'====== Args={'value': 26, 'prev_value': 25, 'change': 1}
2025-07-16 18:45:25,549 : INFO : EventManager : Event: ======'hurryup_hit'====== Args={'profile': 'default', 'state': 'unlit', 'advancing': True}
2025-07-16 18:45:25,549 : INFO : EventManager : Event: ======'hurryup_default_hit'====== Args={'profile': 'default', 'state': 'unlit', 'advancing': True}
2025-07-16 18:45:25,549 : INFO : EventManager : Event: ======'hurryup_default_unlit_hit'====== Args={'profile': 'default', 'state': 'unlit', 'advancing': True}
2025-07-16 18:45:25,549 : INFO : EventManager : Event: ======'hurryup_unlit_hit'====== Args={'profile': 'default', 'state': 'unlit', 'advancing': True}
2025-07-16 18:45:25,549 : INFO : EventManager : Event: ======'machine_var_audits_shots_left_lane'====== Args={'value': 55, 'prev_value': 54, 'change': 1}
2025-07-16 18:45:25,549 : INFO : EventManager : Event: ======'left_lane_hit'====== Args={'profile': 'default', 'state': 'lit', 'advancing': False}
2025-07-16 18:45:25,549 : INFO : EventManager : Event: ======'left_lane_default_hit'====== Args={'profile': 'default', 'state': 'lit', 'advancing': False}
2025-07-16 18:45:25,550 : INFO : EventManager : Event: ======'left_lane_default_lit_hit'====== Args={'profile': 'default', 'state': 'lit', 'advancing': False}
2025-07-16 18:45:25,550 : INFO : EventManager : Event: ======'left_lane_lit_hit'====== Args={'profile': 'default', 'state': 'lit', 'advancing': False}
2025-07-16 18:45:25,550 : INFO : EventManager : Event: ======'stop_mode_hurryup'====== Args={'priority': 0}
2025-07-16 18:45:25,551 : INFO : EventManager : Event: ======'player_score'====== Args={'value': 103000, 'prev_value': 13000, 'change': 90000, 'player_num': 1, 'source': 'hurryup'}
2025-07-16 18:45:25,552 : INFO : EventManager : Event: ======'mode_hurryup_will_stop'====== Args={}
2025-07-16 18:45:25,552 : INFO : EventManager : Event: ======'mode_hurryup_stopping'====== Args={}
2025-07-16 18:45:25,553 : INFO : EventManager : Event: ======'start_mode_hurryup'====== Args={'priority': 0}
2025-07-16 18:45:25,553 : INFO : Mode.hurryup : Stopped.
2025-07-16 18:45:25,553 : INFO : EventManager : Event: ======'modes_active_modes_changed'====== Args={}
2025-07-16 18:45:25,557 : INFO : EventManager : Event: ======'mode_hurryup_stopped'====== Args={}
2025-07-16 18:45:25,559 : INFO : EventManager : Event: ======'clear'====== Args={'key': 'hurryup'}
2025-07-16 18:45:25,560 : INFO : Timer.hurryup_timer : Stopping Timer
2025-07-16 18:45:25,560 : INFO : EventManager : Event: ======'timer_hurryup_timer_stopped'====== Args={'ticks': 5, 'ticks_remaining': 20}
2025-07-16 18:45:25,565 : INFO : EventManager : Event: ======'slide_hurryup_inactive'====== Args={'is_removing': True, '_from_bcp': True}
2025-07-16 18:45:25,565 : INFO : EventManager : Event: ======'slide_base_slide_active'====== Args={'_from_bcp': True}
2025-07-16 18:45:25,565 : INFO : EventManager : Event: ======'slide_hurryup_removed'====== Args={'_from_bcp': True}
2025-07-16 18:45:25,672 : INFO : SwitchController : <<<<<<< 's_left_lane' inactive >>>>>>>
2025-07-16 18:45:26,673 : INFO : SwitchController : <<<<<<< 's_left_lane' active >>>>>>>
2025-07-16 18:45:26,674 : INFO : EventManager : Event: ======'playfield_active'====== Args={'source': 'left_lane'}
2025-07-16 18:45:26,674 : INFO : EventManager : Event: ======'unexpected_ball_on_playfield'====== Args={}
2025-07-16 18:45:26,674 : INFO : EventManager : Event: ======'playfield_active'====== Args={'source': 'hurryup'}
2025-07-16 18:45:26,674 : INFO : EventManager : Event: ======'unexpected_ball_on_playfield'====== Args={}
2025-07-16 18:45:26,674 : INFO : EventManager : Event: ======'s_left_lane_active'====== Args={}
2025-07-16 18:45:26,674 : INFO : EventManager : Event: ======'machine_var_audits_switches_s_left_lane'====== Args={'value': 56, 'prev_value': 55, 'change': 1}
2025-07-16 18:45:26,676 : INFO : EventManager : Event: ======'machine_var_audits_shots_left_lane'====== Args={'value': 56, 'prev_value': 55, 'change': 1}
2025-07-16 18:45:26,676 : INFO : EventManager : Event: ======'left_lane_hit'====== Args={'profile': 'default', 'state': 'lit', 'advancing': False}
2025-07-16 18:45:26,676 : INFO : EventManager : Event: ======'left_lane_default_hit'====== Args={'profile': 'default', 'state': 'lit', 'advancing': False}
2025-07-16 18:45:26,676 : INFO : EventManager : Event: ======'left_lane_default_lit_hit'====== Args={'profile': 'default', 'state': 'lit', 'advancing': False}
2025-07-16 18:45:26,676 : INFO : EventManager : Event: ======'left_lane_lit_hit'====== Args={'profile': 'default', 'state': 'lit', 'advancing': False}
2025-07-16 18:45:26,676 : INFO : EventManager : Event: ======'start_mode_hurryup'====== Args={'priority': 0}
2025-07-16 18:45:26,676 : INFO : EventManager : Event: ======'mode_hurryup_will_start'====== Args={'priority': 0}
2025-07-16 18:45:26,677 : INFO : EventManager : Event: ======'player_hurryup_hurryup_timer_tick'====== Args={'value': 0, 'prev_value': 5, 'change': -5, 'player_num': 1}
2025-07-16 18:45:26,677 : INFO : Timer.hurryup_timer : Starting Timer.
2025-07-16 18:45:26,678 : INFO : EventManager : Event: ======'timer_hurryup_timer_started'====== Args={'ticks': 0, 'ticks_remaining': 25}
2025-07-16 18:45:26,678 : INFO : EventManager : Event: ======'timer_hurryup_timer_tick'====== Args={'ticks': 0, 'ticks_remaining': 25}
2025-07-16 18:45:26,684 : INFO : EventManager : Event: ======'mode_hurryup_starting'====== Args={'priority': 0}
2025-07-16 18:45:26,684 : INFO : Mode.hurryup : Started. Priority: 1000
2025-07-16 18:45:26,684 : INFO : EventManager : Event: ======'modes_active_modes_changed'====== Args={}
2025-07-16 18:45:26,684 : INFO : EventManager : Event: ======'mode_hurryup_started'====== Args={'priority': 0}
2025-07-16 18:45:26,700 : INFO : EventManager : Event: ======'slide_hurryup_created'====== Args={'_from_bcp': True}
2025-07-16 18:45:26,700 : INFO : EventManager : Event: ======'slide_base_slide_inactive'====== Args={'is_removing': False, '_from_bcp': True}
2025-07-16 18:45:26,701 : INFO : EventManager : Event: ======'slide_hurryup_active'====== Args={'original_context': 'hurryup', 'original_calling_context': 'mode_hurryup_started', 'priority': 1000.0, 'cmd': 'slides_play', '_from_bcp': True}
2025-07-16 18:45:26,780 : INFO : SwitchController : <<<<<<< 's_left_lane' inactive >>>>>>>
2025-07-16 18:45:26,881 : INFO : EventManager : Event: ======'player_hurryup_hurryup_timer_tick'====== Args={'value': 1, 'prev_value': 0, 'change': 1, 'player_num': 1}
2025-07-16 18:45:26,882 : INFO : EventManager : Event: ======'timer_hurryup_timer_tick'====== Args={'ticks': 1, 'ticks_remaining': 24}
2025-07-16 18:45:26,883 : INFO : EventManager : Event: ======'hurryup_value'====== Args={'priority': 0, 'current_hurryup': 98000}
2025-07-16 18:45:26,974 : INFO : SwitchController : <<<<<<< 's_left_lane' active >>>>>>>
2025-07-16 18:45:26,974 : INFO : EventManager : Event: ======'playfield_active'====== Args={'source': 'left_lane'}
2025-07-16 18:45:26,974 : INFO : EventManager : Event: ======'unexpected_ball_on_playfield'====== Args={}
2025-07-16 18:45:26,974 : INFO : EventManager : Event: ======'playfield_active'====== Args={'source': 'hurryup'}
2025-07-16 18:45:26,974 : INFO : EventManager : Event: ======'unexpected_ball_on_playfield'====== Args={}
2025-07-16 18:45:26,975 : INFO : EventManager : Event: ======'s_left_lane_active'====== Args={}
2025-07-16 18:45:26,975 : INFO : EventManager : Event: ======'machine_var_audits_switches_s_left_lane'====== Args={'value': 57, 'prev_value': 56, 'change': 1}
2025-07-16 18:45:26,977 : INFO : EventManager : Event: ======'machine_var_audits_shots_hurryup'====== Args={'value': 27, 'prev_value': 26, 'change': 1}
2025-07-16 18:45:26,978 : INFO : EventManager : Event: ======'hurryup_hit'====== Args={'profile': 'default', 'state': 'lit', 'advancing': False}
2025-07-16 18:45:26,978 : INFO : EventManager : Event: ======'hurryup_default_hit'====== Args={'profile': 'default', 'state': 'lit', 'advancing': False}
2025-07-16 18:45:26,978 : INFO : EventManager : Event: ======'hurryup_default_lit_hit'====== Args={'profile': 'default', 'state': 'lit', 'advancing': False}
2025-07-16 18:45:26,978 : INFO : EventManager : Event: ======'hurryup_lit_hit'====== Args={'profile': 'default', 'state': 'lit', 'advancing': False}
2025-07-16 18:45:26,978 : INFO : EventManager : Event: ======'machine_var_audits_shots_left_lane'====== Args={'value': 57, 'prev_value': 56, 'change': 1}
2025-07-16 18:45:26,978 : INFO : EventManager : Event: ======'left_lane_hit'====== Args={'profile': 'default', 'state': 'lit', 'advancing': False}
2025-07-16 18:45:26,978 : INFO : EventManager : Event: ======'left_lane_default_hit'====== Args={'profile': 'default', 'state': 'lit', 'advancing': False}
2025-07-16 18:45:26,978 : INFO : EventManager : Event: ======'left_lane_default_lit_hit'====== Args={'profile': 'default', 'state': 'lit', 'advancing': False}
2025-07-16 18:45:26,979 : INFO : EventManager : Event: ======'left_lane_lit_hit'====== Args={'profile': 'default', 'state': 'lit', 'advancing': False}
2025-07-16 18:45:26,980 : INFO : EventManager : Event: ======'stop_mode_hurryup'====== Args={'priority': 0}
2025-07-16 18:45:26,980 : INFO : EventManager : Event: ======'player_score'====== Args={'value': 201000, 'prev_value': 103000, 'change': 98000, 'player_num': 1, 'source': 'hurryup'}
2025-07-16 18:45:26,980 : INFO : EventManager : Event: ======'mode_hurryup_will_stop'====== Args={}
2025-07-16 18:45:26,981 : INFO : EventManager : Event: ======'mode_hurryup_stopping'====== Args={}
2025-07-16 18:45:26,981 : INFO : EventManager : Event: ======'start_mode_hurryup'====== Args={'priority': 0}
2025-07-16 18:45:26,981 : INFO : Mode.hurryup : Stopped.
2025-07-16 18:45:26,981 : INFO : EventManager : Event: ======'modes_active_modes_changed'====== Args={}
2025-07-16 18:45:26,982 : INFO : EventManager : Event: ======'mode_hurryup_stopped'====== Args={}
2025-07-16 18:45:26,982 : INFO : EventManager : Event: ======'clear'====== Args={'key': 'hurryup'}
2025-07-16 18:45:26,983 : INFO : Timer.hurryup_timer : Stopping Timer
2025-07-16 18:45:26,983 : INFO : EventManager : Event: ======'timer_hurryup_timer_stopped'====== Args={'ticks': 1, 'ticks_remaining': 24}
2025-07-16 18:45:26,989 : INFO : EventManager : Event: ======'slide_hurryup_inactive'====== Args={'is_removing': True, '_from_bcp': True}
2025-07-16 18:45:26,990 : INFO : EventManager : Event: ======'slide_base_slide_active'====== Args={'_from_bcp': True}
2025-07-16 18:45:26,990 : INFO : EventManager : Event: ======'slide_hurryup_removed'====== Args={'_from_bcp': True}
2025-07-16 18:45:27,081 : INFO : SwitchController : <<<<<<< 's_left_lane' inactive >>>>>>>
2025-07-16 18:45:30,997 : INFO : EventManager : Event: ======'balldevice_bd_trough_ball_eject_failed'====== Args={'target': <ball_device.bd_plunger>, 'balls': 1, 'retry': True, 'num_attempts': 1}
2025-07-16 18:45:30,998 : INFO : ball_device.bd_trough : State: waiting_for_target_ready
2025-07-16 18:45:30,998 : INFO : EventManager : Event: ======'balldevice_bd_trough_ball_eject_attempt'====== Args={'balls': 1, 'target': <ball_device.bd_plunger>, 'source': <ball_device.bd_trough>, 'mechanical_eject': False, 'num_attempts': 1}
2025-07-16 18:45:31,004 : INFO : ball_device.bd_trough : State: ejecting
2025-07-16 18:45:31,004 : INFO : ball_device.bd_trough : Ejecting ball to <ball_device.bd_plunger>
2025-07-16 18:45:31,004 : INFO : EventManager : Event: ======'balldevice_bd_trough_ejecting_ball'====== Args={'balls': 1, 'target': <ball_device.bd_plunger>, 'source': <ball_device.bd_trough>, 'mechanical_eject': False, 'num_attempts': 1}
2025-07-16 18:45:31,004 : INFO : ball_device.bd_trough : Wait for ball to leave device
2025-07-16 18:45:31,004 : INFO : coil.c_trough_eject : Pulsing Driver for 10ms (1.0 pulse_power)
2025-07-16 18:45:31,662 : INFO : Machine : Shutting down...
2025-07-16 18:45:31,663 : INFO : EventManager : Event: ======'shutdown'====== Args={}
2025-07-16 18:45:31,664 : INFO : EventManager : Event: ======'mode_game_will_stop'====== Args={}
2025-07-16 18:45:31,664 : INFO : EventManager : Event: ======'mode_game_stopping'====== Args={}
2025-07-16 18:45:31,664 : INFO : EventManager : Event: ======'mode_bumpers_will_stop'====== Args={}
2025-07-16 18:45:31,664 : INFO : EventManager : Event: ======'mode_bumpers_stopping'====== Args={}
2025-07-16 18:45:31,664 : INFO : EventManager : Event: ======'mode_base_will_stop'====== Args={}
2025-07-16 18:45:31,664 : INFO : EventManager : Event: ======'mode_base_stopping'====== Args={}
2025-07-16 18:45:31,665 : INFO : EventManager : Event: ======'stop_mode_bumpers'====== Args={'priority': 0}
2025-07-16 18:45:31,665 : INFO : EventManager : Event: ======'stop_mode_gizmo_multi'====== Args={'priority': 0}
2025-07-16 18:45:31,665 : INFO : Mode.base : Stopped.
2025-07-16 18:45:31,665 : INFO : EventManager : Event: ======'modes_active_modes_changed'====== Args={}
2025-07-16 18:45:31,665 : INFO : EventManager : Event: ======'mode_base_stopped'====== Args={}
2025-07-16 18:45:31,665 : INFO : EventManager : Event: ======'clear'====== Args={'key': 'base'}
2025-07-16 18:45:31,665 : INFO : Mode.bumpers : Stopped.
2025-07-16 18:45:31,665 : INFO : EventManager : Event: ======'modes_active_modes_changed'====== Args={}
2025-07-16 18:45:31,665 : INFO : EventManager : Event: ======'mode_bumpers_stopped'====== Args={}
2025-07-16 18:45:31,666 : INFO : EventManager : Event: ======'clear'====== Args={'key': 'bumpers'}
2025-07-16 18:45:31,666 : INFO : Mode.game : Stopped.
2025-07-16 18:45:31,666 : INFO : EventManager : Event: ======'modes_active_modes_changed'====== Args={}
2025-07-16 18:45:31,666 : INFO : EventManager : Event: ======'mode_game_stopped'====== Args={}
2025-07-16 18:45:31,666 : INFO : EventManager : Event: ======'clear'====== Args={'key': 'game'}
2025-07-16 18:45:31,668 : INFO : root : MPF run loop ended.
