2025-07-16 17:03:23,005 : INFO : root : Loading config.
2025-07-16 17:03:23,006 : INFO : YamlMultifileConfigLoader : Machine config file #1: config.yaml
2025-07-16 17:03:23,006 : INFO : ConfigProcessor : Loading config from cache: /var/folders/pz/vf5_w96n7hl70j30jzrp_64r0000gp/T/4b0446b065373c01774765373fc5a010.mpf_cache
2025-07-16 17:03:23,026 : INFO : ConfigProcessor : Loading config from cache: /var/folders/pz/vf5_w96n7hl70j30jzrp_64r0000gp/T/8c6758dff4d969b46729a501e1f9b5a2.mpf_cache
2025-07-16 17:03:23,026 : INFO : ConfigProcessor : Loading config from cache: /var/folders/pz/vf5_w96n7hl70j30jzrp_64r0000gp/T/86b9553ee9e8fe91c4c341498a1256c7.mpf_cache
2025-07-16 17:03:23,026 : INFO : ConfigProcessor : Loading config from cache: /var/folders/pz/vf5_w96n7hl70j30jzrp_64r0000gp/T/8c6758dff4d969b46729a501e1f9b5a2.mpf_cache
2025-07-16 17:03:23,026 : INFO : ConfigProcessor : Loading config from cache: /var/folders/pz/vf5_w96n7hl70j30jzrp_64r0000gp/T/fe908dde2db5cc7f24a22ccd0c690388.mpf_cache
2025-07-16 17:03:23,026 : INFO : ConfigProcessor : Loading config from cache: /var/folders/pz/vf5_w96n7hl70j30jzrp_64r0000gp/T/c87d87d711c9e63e2e052ce58df60d5a.mpf_cache
2025-07-16 17:03:23,026 : WARNING : ConfigProcessor : Config file in cache changed: /Users/craig/Documents/Pinball/Gremlins/modes/hurryup/config/hurryup.yaml
2025-07-16 17:03:23,027 : INFO : ConfigProcessor : Loading config from file /Users/craig/Documents/Pinball/Gremlins/modes/hurryup/config/hurryup.yaml.
2025-07-16 17:03:23,028 : INFO : ConfigProcessor : Loading config: /Users/craig/Documents/Pinball/Gremlins/modes/hurryup/config/hurryup.yaml
2025-07-16 17:03:23,028 : INFO : ConfigProcessor : Config file cache created: /var/folders/pz/vf5_w96n7hl70j30jzrp_64r0000gp/T/2285102ea814fec0736640417091917b.mpf_cache
2025-07-16 17:03:23,028 : INFO : Machine : Mission Pinball Framework Core Engine v0.80.0.dev8
2025-07-16 17:03:23,028 : INFO : Machine : Command line arguments: {'no_load_cache': False, 'create_config_cache': True, 'bcp': True, 'configfile': ['config.yaml'], 'force_assets_load': False, 'platform_integration_test': False, 'jsonlogging': False, 'logfile': 'logs/2025-07-16-17-03-23-mpf-Craigs-MacBook-Pro.local.log', 'pause': False, 'production': False, 'text_ui': False, 'loglevel': 15, 'consoleloglevel': 20, 'force_platform': 'virtual', 'syslog_address': None, 'full_logfile_path': '/Users/craig/Documents/Pinball/Gremlins/logs/2025-07-16-17-03-23-mpf-Craigs-MacBook-Pro.local.log'}
2025-07-16 17:03:23,028 : INFO : Machine : MPF path: /Users/craig/mpf-080/lib/python3.12/site-packages/mpf
2025-07-16 17:03:23,028 : INFO : Machine : Machine path: /Users/craig/Documents/Pinball/Gremlins
2025-07-16 17:03:23,028 : INFO : Machine : Platform: darwin
2025-07-16 17:03:23,028 : INFO : Machine : Python executable location: /Users/craig/mpf-080/bin/python3.12
2025-07-16 17:03:23,028 : INFO : Machine : Python version: 3.12.7 (64-bit)
2025-07-16 17:03:23,028 : INFO : Machine : Initializing MPF...
2025-07-16 17:03:23,044 : INFO : EventManager : Event: ======'machine_var_credits_string'====== Args={'value': 'FREE PLAY', 'prev_value': None, 'change': True}
2025-07-16 17:03:23,048 : INFO : EventManager : Event: ======'machine_var_master_volume'====== Args={'value': 0.5, 'prev_value': None, 'change': True}
2025-07-16 17:03:23,048 : INFO : EventManager : Event: ======'machine_var_mpf_version'====== Args={'value': 'Mission Pinball Framework v0.80.0.dev8', 'prev_value': None, 'change': True}
2025-07-16 17:03:23,048 : INFO : EventManager : Event: ======'machine_var_mpf_extended_version'====== Args={'value': 'Mission Pinball Framework v0.80.0.dev8, Config version:6, Show version: 6, BCP version:1.1', 'prev_value': None, 'change': True}
2025-07-16 17:03:23,048 : INFO : EventManager : Event: ======'machine_var_python_version'====== Args={'value': '3.12.7', 'prev_value': None, 'change': True}
2025-07-16 17:03:23,055 : INFO : EventManager : Event: ======'machine_var_platform'====== Args={'value': 'macOS-14.7.6-arm64-arm-64bit', 'prev_value': None, 'change': True}
2025-07-16 17:03:23,055 : INFO : EventManager : Event: ======'machine_var_platform_system'====== Args={'value': 'Darwin', 'prev_value': None, 'change': True}
2025-07-16 17:03:23,055 : INFO : EventManager : Event: ======'machine_var_platform_release'====== Args={'value': '23.6.0', 'prev_value': None, 'change': True}
2025-07-16 17:03:23,055 : INFO : EventManager : Event: ======'machine_var_platform_version'====== Args={'value': 'Darwin Kernel Version 23.6.0: Thu Apr 24 20:29:18 PDT 2025; root:xnu-10063.141.1.705.2~1/RELEASE_ARM64_T6000', 'prev_value': None, 'change': True}
2025-07-16 17:03:23,055 : INFO : EventManager : Event: ======'machine_var_platform_machine'====== Args={'value': 'arm64', 'prev_value': None, 'change': True}
2025-07-16 17:03:23,055 : INFO : EventManager : Event: ======'machine_var_log_file_path'====== Args={'value': '/Users/craig/Documents/Pinball/Gremlins/logs/2025-07-16-17-03-23-mpf-Craigs-MacBook-Pro.local.log', 'prev_value': None, 'change': True}
2025-07-16 17:03:23,055 : INFO : EventManager : Event: ======'init_phase_1'====== Args={}
2025-07-16 17:03:23,061 : INFO : EventManager : Event: ======'init_phase_2'====== Args={}
2025-07-16 17:03:23,061 : INFO : SwitchController : Found active switch: (1006, <Platform.Virtual>) <switch.s_trough_1>
2025-07-16 17:03:23,061 : INFO : SwitchController : Found active switch: (1007, <Platform.Virtual>) <switch.s_trough_2>
2025-07-16 17:03:23,061 : INFO : SwitchController : Found active switch: (1008, <Platform.Virtual>) <switch.s_trough_3>
2025-07-16 17:03:23,061 : INFO : SwitchController : Found active switch: (1009, <Platform.Virtual>) <switch.s_trough_4>
2025-07-16 17:03:23,062 : INFO : EventManager : Event: ======'bcp_connection_attempt'====== Args={'name': 'local_display', 'host': 'localhost', 'port': 5050}
2025-07-16 17:03:23,062 : INFO : BCPClientSocket : Connecting BCP to 'local_display' at localhost:5050...
2025-07-16 17:03:23,065 : INFO : BCPClientSocket : Connected BCP to 'local_display' localhost:5050
2025-07-16 17:03:23,065 : INFO : EventManager : Event: ======'bcp_clients_connected'====== Args={}
2025-07-16 17:03:23,066 : INFO : ball_device.bd_plunger : BCH: Initial count: 0
2025-07-16 17:03:23,066 : INFO : ball_device.bd_plunger : State: idle
2025-07-16 17:03:23,066 : INFO : ball_device.bd_trough : BCH: Initial count: 4
2025-07-16 17:03:23,066 : INFO : ball_device.bd_trough : State: idle
2025-07-16 17:03:23,068 : INFO : EventManager : Event: ======'init_phase_3'====== Args={}
2025-07-16 17:03:23,069 : INFO : EventManager : Event: ======'init_phase_4'====== Args={}
2025-07-16 17:03:23,069 : INFO : BallController : Initial balls found: 4
2025-07-16 17:03:23,070 : INFO : EventManager : Event: ======'machine_var_audits_events_game_ended'====== Args={'value': 0, 'prev_value': None, 'change': True}
2025-07-16 17:03:23,070 : INFO : EventManager : Event: ======'machine_var_audits_events_game_started'====== Args={'value': 4, 'prev_value': None, 'change': True}
2025-07-16 17:03:23,070 : INFO : EventManager : Event: ======'machine_var_audits_missing_switches_s_flipper_left'====== Args={'value': 3, 'prev_value': None, 'change': True}
2025-07-16 17:03:23,070 : INFO : EventManager : Event: ======'machine_var_audits_missing_switches_s_flipper_right'====== Args={'value': 3, 'prev_value': None, 'change': True}
2025-07-16 17:03:23,070 : INFO : EventManager : Event: ======'machine_var_audits_missing_switches_s_plunger_lane'====== Args={'value': 4, 'prev_value': None, 'change': True}
2025-07-16 17:03:23,070 : INFO : EventManager : Event: ======'machine_var_audits_missing_switches_s_start'====== Args={'value': 2, 'prev_value': None, 'change': True}
2025-07-16 17:03:23,070 : INFO : EventManager : Event: ======'machine_var_audits_missing_switches_s_trough_1'====== Args={'value': 4, 'prev_value': None, 'change': True}
2025-07-16 17:03:23,070 : INFO : EventManager : Event: ======'machine_var_audits_missing_switches_s_trough_2'====== Args={'value': 4, 'prev_value': None, 'change': True}
2025-07-16 17:03:23,070 : INFO : EventManager : Event: ======'machine_var_audits_missing_switches_s_trough_3'====== Args={'value': 4, 'prev_value': None, 'change': True}
2025-07-16 17:03:23,070 : INFO : EventManager : Event: ======'machine_var_audits_missing_switches_s_trough_4'====== Args={'value': 4, 'prev_value': None, 'change': True}
2025-07-16 17:03:23,070 : INFO : EventManager : Event: ======'machine_var_audits_player_score'====== Args={'value': {'average': 0, 'top': [], 'total': 0}, 'prev_value': None, 'change': True}
2025-07-16 17:03:23,070 : INFO : EventManager : Event: ======'machine_var_audits_shots_bumper_left'====== Args={'value': 14, 'prev_value': None, 'change': True}
2025-07-16 17:03:23,070 : INFO : EventManager : Event: ======'machine_var_audits_shots_bumper_right'====== Args={'value': 17, 'prev_value': None, 'change': True}
2025-07-16 17:03:23,070 : INFO : EventManager : Event: ======'machine_var_audits_shots_hurryup'====== Args={'value': 1, 'prev_value': None, 'change': True}
2025-07-16 17:03:23,070 : INFO : EventManager : Event: ======'machine_var_audits_shots_left_lane'====== Args={'value': 4, 'prev_value': None, 'change': True}
2025-07-16 17:03:23,070 : INFO : EventManager : Event: ======'machine_var_audits_switches_s_bumper_left'====== Args={'value': 14, 'prev_value': None, 'change': True}
2025-07-16 17:03:23,070 : INFO : EventManager : Event: ======'machine_var_audits_switches_s_bumper_right'====== Args={'value': 17, 'prev_value': None, 'change': True}
2025-07-16 17:03:23,070 : INFO : EventManager : Event: ======'machine_var_audits_switches_s_flipper_left'====== Args={'value': 5, 'prev_value': None, 'change': True}
2025-07-16 17:03:23,070 : INFO : EventManager : Event: ======'machine_var_audits_switches_s_flipper_right'====== Args={'value': 5, 'prev_value': None, 'change': True}
2025-07-16 17:03:23,070 : INFO : EventManager : Event: ======'machine_var_audits_switches_s_left_lane'====== Args={'value': 4, 'prev_value': None, 'change': True}
2025-07-16 17:03:23,070 : INFO : EventManager : Event: ======'machine_var_audits_switches_s_plunger_lane'====== Args={'value': 0, 'prev_value': None, 'change': True}
2025-07-16 17:03:23,070 : INFO : EventManager : Event: ======'machine_var_audits_switches_s_start'====== Args={'value': 1, 'prev_value': None, 'change': True}
2025-07-16 17:03:23,070 : INFO : EventManager : Event: ======'machine_var_audits_switches_s_trough_1'====== Args={'value': 0, 'prev_value': None, 'change': True}
2025-07-16 17:03:23,070 : INFO : EventManager : Event: ======'machine_var_audits_switches_s_trough_2'====== Args={'value': 0, 'prev_value': None, 'change': True}
2025-07-16 17:03:23,070 : INFO : EventManager : Event: ======'machine_var_audits_switches_s_trough_3'====== Args={'value': 0, 'prev_value': None, 'change': True}
2025-07-16 17:03:23,070 : INFO : EventManager : Event: ======'machine_var_audits_switches_s_trough_4'====== Args={'value': 0, 'prev_value': None, 'change': True}
2025-07-16 17:03:23,070 : INFO : EventManager : Event: ======'init_phase_5'====== Args={}
2025-07-16 17:03:23,071 : INFO : EventManager : Event: ======'init_done'====== Args={}
2025-07-16 17:03:23,071 : INFO : EventManager : Event: ======'machine_reset_phase_1'====== Args={}
2025-07-16 17:03:23,190 : INFO : EventManager : Event: ======'machine_reset_phase_2'====== Args={}
2025-07-16 17:03:23,191 : INFO : EventManager : Event: ======'machine_reset_phase_3'====== Args={}
2025-07-16 17:03:23,192 : INFO : EventManager : Event: ======'reset_complete'====== Args={}
2025-07-16 17:03:23,192 : INFO : EventManager : Event: ======'mode_attract_will_start'====== Args={}
2025-07-16 17:03:23,192 : INFO : Timer.attract_carousel_timer : Starting Timer.
2025-07-16 17:03:23,192 : INFO : EventManager : Event: ======'timer_attract_carousel_timer_started'====== Args={'ticks': 0, 'ticks_remaining': 1}
2025-07-16 17:03:23,192 : INFO : EventManager : Event: ======'timer_attract_carousel_timer_tick'====== Args={'ticks': 0, 'ticks_remaining': 1}
2025-07-16 17:03:23,193 : INFO : EventManager : Event: ======'mode_attract_starting'====== Args={}
2025-07-16 17:03:23,193 : INFO : Mode.attract : Started. Priority: 10
2025-07-16 17:03:23,193 : INFO : EventManager : Event: ======'modes_active_modes_changed'====== Args={}
2025-07-16 17:03:23,193 : INFO : EventManager : Event: ======'mode_attract_started'====== Args={}
2025-07-16 17:03:23,193 : INFO : EventManager : Event: ======'collecting_balls_complete'====== Args={}
2025-07-16 17:03:23,194 : INFO : EventManager : Event: ======'item_highlighted'====== Args={'carousel': 'attract', 'direction': None, 'item': 'title'}
2025-07-16 17:03:23,194 : INFO : EventManager : Event: ======'timer_attract_carousel_timer_tick'====== Args={'ticks': 0, 'ticks_remaining': 1}
2025-07-16 17:03:23,194 : INFO : Machine : Starting the main run loop with active modes: [<Mode.attract>]
2025-07-16 17:03:23,236 : INFO : EventManager : Event: ======'slide_attract_created'====== Args={'_from_bcp': True}
2025-07-16 17:03:23,236 : INFO : EventManager : Event: ======'slide__removed'====== Args={'_from_bcp': True}
2025-07-16 17:03:23,236 : INFO : EventManager : Event: ======'slide_attract_active'====== Args={'original_context': 'attract', 'original_calling_context': 'mode_attract_started', 'priority': 10.0, 'cmd': 'slides_play', '_from_bcp': True}
2025-07-16 17:03:26,001 : INFO : SwitchController : <<<<<<< 's_start' active >>>>>>>
2025-07-16 17:03:26,093 : INFO : SwitchController : <<<<<<< 's_start' inactive >>>>>>>
2025-07-16 17:03:26,093 : INFO : EventManager : Event: ======'request_to_start_game'====== Args={}
2025-07-16 17:03:26,094 : INFO : EventManager : Event: ======'game_start'====== Args={'buttons': [], 'hold_time': 0.09179529199900571}
2025-07-16 17:03:26,095 : INFO : EventManager : Event: ======'mode_game_will_start'====== Args={'buttons': [], 'hold_time': 0.09179529199900571}
2025-07-16 17:03:26,096 : INFO : EventManager : Event: ======'mode_game_starting'====== Args={'buttons': [], 'hold_time': 0.09179529199900571}
2025-07-16 17:03:26,097 : INFO : EventManager : Event: ======'mode_attract_will_stop'====== Args={}
2025-07-16 17:03:26,097 : INFO : EventManager : Event: ======'mode_attract_stopping'====== Args={}
2025-07-16 17:03:26,097 : INFO : Mode.attract : Stopped.
2025-07-16 17:03:26,097 : INFO : EventManager : Event: ======'modes_active_modes_changed'====== Args={}
2025-07-16 17:03:26,101 : INFO : EventManager : Event: ======'mode_attract_stopped'====== Args={}
2025-07-16 17:03:26,101 : INFO : EventManager : Event: ======'clear'====== Args={'key': 'attract'}
2025-07-16 17:03:26,102 : INFO : Timer.attract_carousel_timer : Stopping Timer
2025-07-16 17:03:26,102 : INFO : EventManager : Event: ======'timer_attract_carousel_timer_stopped'====== Args={'ticks': 0, 'ticks_remaining': 1}
2025-07-16 17:03:26,102 : INFO : Mode.game : Started. Priority: 20
2025-07-16 17:03:26,102 : INFO : EventManager : Event: ======'modes_active_modes_changed'====== Args={}
2025-07-16 17:03:26,102 : INFO : EventManager : Event: ======'mode_game_started'====== Args={'buttons': [], 'hold_time': 0.09179529199900571}
2025-07-16 17:03:26,104 : INFO : EventManager : Event: ======'game_will_start'====== Args={}
2025-07-16 17:03:26,104 : INFO : EventManager : Event: ======'game_starting'====== Args={'game': <Mode.game>}
2025-07-16 17:03:26,108 : INFO : EventManager : Unordered handler for class <Auditor> on event game_ended with priority 1. Handlers: [RegisteredHandler(callback=<bound method Auditor.disable of <Auditor>>, priority=1, kwargs={}, key=UUID('4ced7697-4189-43bb-bf34-69e88d51b38c'), condition=None, blocking_facility=None), RegisteredHandler(callback=<bound method Auditor._save_audits of <Auditor>>, priority=1, kwargs={}, key=UUID('fc51123d-646c-4ed4-95f3-16c3fda23256'), condition=None, blocking_facility=None)]. The order of those handlers is not defined and they will be executed in random order. This might lead to race conditions and potential bugs.
2025-07-16 17:03:26,109 : INFO : EventManager : Event: ======'player_add_request'====== Args={}
2025-07-16 17:03:26,109 : INFO : EventManager : Event: ======'player_will_add'====== Args={'number': 1}
2025-07-16 17:03:26,109 : INFO : EventManager : Event: ======'player_adding'====== Args={'player': <Player 1>, 'number': 1}
2025-07-16 17:03:26,110 : INFO : EventManager : Event: ======'player_added'====== Args={'player': <Player 1>, 'num': 1}
2025-07-16 17:03:26,110 : INFO : Mode.game : Player added successfully. Total players: 1
2025-07-16 17:03:26,110 : INFO : EventManager : Event: ======'player_index'====== Args={'value': 0, 'prev_value': 0, 'change': 0, 'player_num': 1}
2025-07-16 17:03:26,110 : INFO : EventManager : Event: ======'player_number'====== Args={'value': 1, 'prev_value': 1, 'change': 0, 'player_num': 1}
2025-07-16 17:03:26,110 : INFO : EventManager : Event: ======'player_score'====== Args={'value': 0, 'prev_value': 0, 'change': 0, 'player_num': 1}
2025-07-16 17:03:26,111 : INFO : EventManager : Event: ======'game_started'====== Args={}
2025-07-16 17:03:26,112 : INFO : EventManager : Event: ======'player_turn_will_start'====== Args={'player': <Player 1>, 'number': 1}
2025-07-16 17:03:26,118 : INFO : EventManager : Event: ======'player_turn_starting'====== Args={'player': <Player 1>, 'number': 1}
2025-07-16 17:03:26,119 : INFO : EventManager : Event: ======'player_ball'====== Args={'value': 1, 'prev_value': 0, 'change': 1, 'player_num': 1}
2025-07-16 17:03:26,119 : INFO : EventManager : Event: ======'player_turn_started'====== Args={'player': <Player 1>, 'number': 1}
2025-07-16 17:03:26,119 : INFO : EventManager : Event: ======'ball_will_start'====== Args={'player': 1, 'ball': 1, 'balls_remaining': 2, 'is_extra_ball': False}
2025-07-16 17:03:26,120 : INFO : EventManager : Event: ======'ball_starting'====== Args={'player': 1, 'ball': 1, 'balls_remaining': 2, 'is_extra_ball': False}
2025-07-16 17:03:26,120 : INFO : EventManager : Event: ======'mode_base_will_start'====== Args={'queue': <QueuedEvent>, 'player': 1, 'ball': 1, 'balls_remaining': 2, 'is_extra_ball': False}
2025-07-16 17:03:26,121 : INFO : EventManager : Event: ======'player_shot_left_lane_enabled'====== Args={'value': True, 'prev_value': 0, 'change': 1, 'player_num': 1}
2025-07-16 17:03:26,122 : INFO : EventManager : Event: ======'mode_base_starting'====== Args={'queue': <QueuedEvent>, 'player': 1, 'ball': 1, 'balls_remaining': 2, 'is_extra_ball': False}
2025-07-16 17:03:26,122 : INFO : Mode.base : Started. Priority: 100
2025-07-16 17:03:26,122 : INFO : EventManager : Event: ======'modes_active_modes_changed'====== Args={}
2025-07-16 17:03:26,122 : INFO : EventManager : Event: ======'mode_base_started'====== Args={'queue': <QueuedEvent>, 'player': 1, 'ball': 1, 'balls_remaining': 2, 'is_extra_ball': False}
2025-07-16 17:03:26,122 : INFO : EventManager : Event: ======'start_mode_bumpers'====== Args={'priority': 0}
2025-07-16 17:03:26,122 : INFO : EventManager : Event: ======'mode_bumpers_will_start'====== Args={'priority': 0}
2025-07-16 17:03:26,123 : INFO : EventManager : Event: ======'player_shot_bumper_left_enabled'====== Args={'value': True, 'prev_value': 0, 'change': 1, 'player_num': 1}
2025-07-16 17:03:26,123 : INFO : EventManager : Event: ======'player_shot_bumper_right_enabled'====== Args={'value': True, 'prev_value': 0, 'change': 1, 'player_num': 1}
2025-07-16 17:03:26,123 : INFO : EventManager : Event: ======'bumpers_complete'====== Args={'state': 'unlit'}
2025-07-16 17:03:26,123 : INFO : EventManager : Event: ======'bumpers_unlit_complete'====== Args={}
2025-07-16 17:03:26,124 : INFO : EventManager : Event: ======'mode_bumpers_starting'====== Args={'priority': 0}
2025-07-16 17:03:26,124 : INFO : Mode.bumpers : Started. Priority: 200
2025-07-16 17:03:26,124 : INFO : EventManager : Event: ======'modes_active_modes_changed'====== Args={}
2025-07-16 17:03:26,124 : INFO : EventManager : Event: ======'mode_bumpers_started'====== Args={'priority': 0}
2025-07-16 17:03:26,124 : INFO : EventManager : Event: ======'balls_in_play'====== Args={'balls': 1}
2025-07-16 17:03:26,124 : INFO : EventManager : Event: ======'ball_started'====== Args={'player': 1, 'ball': 1, 'balls_remaining': 2, 'is_extra_ball': False}
2025-07-16 17:03:26,125 : INFO : EventManager : Event: ======'single_player_ball_started'====== Args={}
2025-07-16 17:03:26,125 : INFO : EventManager : Event: ======'ball_start_target'====== Args={'target': 'playfield'}
2025-07-16 17:03:26,125 : INFO : ball_device.bd_trough : Setting up player-controlled eject. Balls: 1, Target: <playfield.playfield>, player_controlled_eject_event: None
2025-07-16 17:03:26,125 : INFO : ball_device.bd_trough : Adding 1 ball(s) to the eject_queue with target <playfield.playfield>.
2025-07-16 17:03:26,125 : INFO : EventManager : Event: ======'balldevice_balls_available'====== Args={}
2025-07-16 17:03:26,126 : INFO : ball_device.bd_trough : State: waiting_for_target_ready
2025-07-16 17:03:26,126 : INFO : EventManager : Event: ======'balldevice_bd_trough_ball_eject_attempt'====== Args={'balls': 1, 'target': <ball_device.bd_plunger>, 'source': <ball_device.bd_trough>, 'mechanical_eject': False, 'num_attempts': 0}
2025-07-16 17:03:26,126 : INFO : ball_device.bd_plunger : State: waiting_for_ball
2025-07-16 17:03:26,127 : INFO : ball_device.bd_trough : State: ejecting
2025-07-16 17:03:26,127 : INFO : ball_device.bd_trough : Ejecting ball to <ball_device.bd_plunger>
2025-07-16 17:03:26,127 : INFO : EventManager : Event: ======'balldevice_bd_trough_ejecting_ball'====== Args={'balls': 1, 'target': <ball_device.bd_plunger>, 'source': <ball_device.bd_trough>, 'mechanical_eject': False, 'num_attempts': 0}
2025-07-16 17:03:26,127 : INFO : ball_device.bd_trough : Wait for ball to leave device
2025-07-16 17:03:26,128 : INFO : coil.c_trough_eject : Pulsing Driver for 10ms (1.0 pulse_power)
2025-07-16 17:03:26,140 : INFO : EventManager : Event: ======'slide_base_slide_created'====== Args={'_from_bcp': True}
2025-07-16 17:03:26,140 : INFO : EventManager : Event: ======'slide_attract_inactive'====== Args={'is_removing': True, '_from_bcp': True}
2025-07-16 17:03:26,140 : INFO : EventManager : Event: ======'slide_base_slide_active'====== Args={'original_context': 'base', 'original_calling_context': 'mode_base_started', 'priority': 100.0, 'queue': '<QueuedEvent>', 'player': 1.0, 'ball': 1.0, 'balls_remaining': 2.0, 'is_extra_ball': False, 'cmd': 'slides_play', '_from_bcp': True}
2025-07-16 17:03:26,141 : INFO : EventManager : Event: ======'slide_attract_removed'====== Args={'_from_bcp': True}
2025-07-16 17:03:27,703 : INFO : SwitchController : <<<<<<< 's_bumper_right' active >>>>>>>
2025-07-16 17:03:27,704 : INFO : EventManager : Event: ======'playfield_active'====== Args={'source': 'bumper_right'}
2025-07-16 17:03:27,704 : INFO : EventManager : Event: ======'unexpected_ball_on_playfield'====== Args={}
2025-07-16 17:03:27,704 : INFO : EventManager : Event: ======'s_bumper_right_active'====== Args={}
2025-07-16 17:03:27,704 : INFO : EventManager : Event: ======'machine_var_audits_switches_s_bumper_right'====== Args={'value': 18, 'prev_value': 17, 'change': 1}
2025-07-16 17:03:27,708 : INFO : EventManager : Event: ======'player_shot_bumper_right'====== Args={'value': 1, 'prev_value': 0, 'change': 1, 'player_num': 1}
2025-07-16 17:03:27,709 : INFO : EventManager : Event: ======'machine_var_audits_shots_bumper_right'====== Args={'value': 18, 'prev_value': 17, 'change': 1}
2025-07-16 17:03:27,710 : INFO : EventManager : Event: ======'bumper_right_hit'====== Args={'profile': 'default', 'state': 'unlit', 'advancing': True}
2025-07-16 17:03:27,710 : INFO : EventManager : Event: ======'bumper_right_default_hit'====== Args={'profile': 'default', 'state': 'unlit', 'advancing': True}
2025-07-16 17:03:27,710 : INFO : EventManager : Event: ======'bumper_right_default_unlit_hit'====== Args={'profile': 'default', 'state': 'unlit', 'advancing': True}
2025-07-16 17:03:27,710 : INFO : EventManager : Event: ======'bumper_right_unlit_hit'====== Args={'profile': 'default', 'state': 'unlit', 'advancing': True}
2025-07-16 17:03:27,710 : INFO : EventManager : Event: ======'bumpers_hit'====== Args={'shot': 'bumper_right'}
2025-07-16 17:03:27,710 : INFO : EventManager : Event: ======'bumpers_unlit_hit'====== Args={'shot': 'bumper_right'}
2025-07-16 17:03:27,710 : INFO : EventManager : Event: ======'player_score'====== Args={'value': 1000, 'prev_value': 0, 'change': 1000, 'player_num': 1, 'source': 'bumpers'}
2025-07-16 17:03:27,809 : INFO : SwitchController : <<<<<<< 's_bumper_right' inactive >>>>>>>
2025-07-16 17:03:27,941 : INFO : SwitchController : <<<<<<< 's_bumper_right' active >>>>>>>
2025-07-16 17:03:27,942 : INFO : EventManager : Event: ======'playfield_active'====== Args={'source': 'bumper_right'}
2025-07-16 17:03:27,942 : INFO : EventManager : Event: ======'unexpected_ball_on_playfield'====== Args={}
2025-07-16 17:03:27,942 : INFO : EventManager : Event: ======'s_bumper_right_active'====== Args={}
2025-07-16 17:03:27,942 : INFO : EventManager : Event: ======'machine_var_audits_switches_s_bumper_right'====== Args={'value': 19, 'prev_value': 18, 'change': 1}
2025-07-16 17:03:27,943 : INFO : EventManager : Event: ======'machine_var_audits_shots_bumper_right'====== Args={'value': 19, 'prev_value': 18, 'change': 1}
2025-07-16 17:03:27,944 : INFO : EventManager : Event: ======'bumper_right_hit'====== Args={'profile': 'default', 'state': 'lit', 'advancing': False}
2025-07-16 17:03:27,944 : INFO : EventManager : Event: ======'bumper_right_default_hit'====== Args={'profile': 'default', 'state': 'lit', 'advancing': False}
2025-07-16 17:03:27,944 : INFO : EventManager : Event: ======'bumper_right_default_lit_hit'====== Args={'profile': 'default', 'state': 'lit', 'advancing': False}
2025-07-16 17:03:27,944 : INFO : EventManager : Event: ======'bumper_right_lit_hit'====== Args={'profile': 'default', 'state': 'lit', 'advancing': False}
2025-07-16 17:03:27,944 : INFO : EventManager : Event: ======'bumpers_hit'====== Args={'shot': 'bumper_right'}
2025-07-16 17:03:27,944 : INFO : EventManager : Event: ======'bumpers_lit_hit'====== Args={'shot': 'bumper_right'}
2025-07-16 17:03:27,944 : INFO : EventManager : Event: ======'player_score'====== Args={'value': 2000, 'prev_value': 1000, 'change': 1000, 'player_num': 1, 'source': 'bumpers'}
2025-07-16 17:03:28,043 : INFO : SwitchController : <<<<<<< 's_bumper_right' inactive >>>>>>>
2025-07-16 17:03:28,157 : INFO : SwitchController : <<<<<<< 's_bumper_right' active >>>>>>>
2025-07-16 17:03:28,157 : INFO : EventManager : Event: ======'playfield_active'====== Args={'source': 'bumper_right'}
2025-07-16 17:03:28,157 : INFO : EventManager : Event: ======'unexpected_ball_on_playfield'====== Args={}
2025-07-16 17:03:28,157 : INFO : EventManager : Event: ======'s_bumper_right_active'====== Args={}
2025-07-16 17:03:28,158 : INFO : EventManager : Event: ======'machine_var_audits_switches_s_bumper_right'====== Args={'value': 20, 'prev_value': 19, 'change': 1}
2025-07-16 17:03:28,160 : INFO : EventManager : Event: ======'machine_var_audits_shots_bumper_right'====== Args={'value': 20, 'prev_value': 19, 'change': 1}
2025-07-16 17:03:28,160 : INFO : EventManager : Event: ======'bumper_right_hit'====== Args={'profile': 'default', 'state': 'lit', 'advancing': False}
2025-07-16 17:03:28,160 : INFO : EventManager : Event: ======'bumper_right_default_hit'====== Args={'profile': 'default', 'state': 'lit', 'advancing': False}
2025-07-16 17:03:28,160 : INFO : EventManager : Event: ======'bumper_right_default_lit_hit'====== Args={'profile': 'default', 'state': 'lit', 'advancing': False}
2025-07-16 17:03:28,160 : INFO : EventManager : Event: ======'bumper_right_lit_hit'====== Args={'profile': 'default', 'state': 'lit', 'advancing': False}
2025-07-16 17:03:28,160 : INFO : EventManager : Event: ======'bumpers_hit'====== Args={'shot': 'bumper_right'}
2025-07-16 17:03:28,160 : INFO : EventManager : Event: ======'bumpers_lit_hit'====== Args={'shot': 'bumper_right'}
2025-07-16 17:03:28,160 : INFO : EventManager : Event: ======'player_score'====== Args={'value': 3000, 'prev_value': 2000, 'change': 1000, 'player_num': 1, 'source': 'bumpers'}
2025-07-16 17:03:28,224 : INFO : SwitchController : <<<<<<< 's_bumper_right' inactive >>>>>>>
2025-07-16 17:03:28,359 : INFO : SwitchController : <<<<<<< 's_bumper_right' active >>>>>>>
2025-07-16 17:03:28,360 : INFO : EventManager : Event: ======'playfield_active'====== Args={'source': 'bumper_right'}
2025-07-16 17:03:28,360 : INFO : EventManager : Event: ======'unexpected_ball_on_playfield'====== Args={}
2025-07-16 17:03:28,360 : INFO : EventManager : Event: ======'s_bumper_right_active'====== Args={}
2025-07-16 17:03:28,360 : INFO : EventManager : Event: ======'machine_var_audits_switches_s_bumper_right'====== Args={'value': 21, 'prev_value': 20, 'change': 1}
2025-07-16 17:03:28,361 : INFO : EventManager : Event: ======'machine_var_audits_shots_bumper_right'====== Args={'value': 21, 'prev_value': 20, 'change': 1}
2025-07-16 17:03:28,361 : INFO : EventManager : Event: ======'bumper_right_hit'====== Args={'profile': 'default', 'state': 'lit', 'advancing': False}
2025-07-16 17:03:28,361 : INFO : EventManager : Event: ======'bumper_right_default_hit'====== Args={'profile': 'default', 'state': 'lit', 'advancing': False}
2025-07-16 17:03:28,361 : INFO : EventManager : Event: ======'bumper_right_default_lit_hit'====== Args={'profile': 'default', 'state': 'lit', 'advancing': False}
2025-07-16 17:03:28,361 : INFO : EventManager : Event: ======'bumper_right_lit_hit'====== Args={'profile': 'default', 'state': 'lit', 'advancing': False}
2025-07-16 17:03:28,361 : INFO : EventManager : Event: ======'bumpers_hit'====== Args={'shot': 'bumper_right'}
2025-07-16 17:03:28,361 : INFO : EventManager : Event: ======'bumpers_lit_hit'====== Args={'shot': 'bumper_right'}
2025-07-16 17:03:28,362 : INFO : EventManager : Event: ======'player_score'====== Args={'value': 4000, 'prev_value': 3000, 'change': 1000, 'player_num': 1, 'source': 'bumpers'}
2025-07-16 17:03:28,443 : INFO : SwitchController : <<<<<<< 's_bumper_right' inactive >>>>>>>
2025-07-16 17:03:28,517 : INFO : SwitchController : <<<<<<< 's_bumper_right' active >>>>>>>
2025-07-16 17:03:28,518 : INFO : EventManager : Event: ======'playfield_active'====== Args={'source': 'bumper_right'}
2025-07-16 17:03:28,518 : INFO : EventManager : Event: ======'unexpected_ball_on_playfield'====== Args={}
2025-07-16 17:03:28,518 : INFO : EventManager : Event: ======'s_bumper_right_active'====== Args={}
2025-07-16 17:03:28,518 : INFO : EventManager : Event: ======'machine_var_audits_switches_s_bumper_right'====== Args={'value': 22, 'prev_value': 21, 'change': 1}
2025-07-16 17:03:28,519 : INFO : EventManager : Event: ======'machine_var_audits_shots_bumper_right'====== Args={'value': 22, 'prev_value': 21, 'change': 1}
2025-07-16 17:03:28,520 : INFO : EventManager : Event: ======'bumper_right_hit'====== Args={'profile': 'default', 'state': 'lit', 'advancing': False}
2025-07-16 17:03:28,520 : INFO : EventManager : Event: ======'bumper_right_default_hit'====== Args={'profile': 'default', 'state': 'lit', 'advancing': False}
2025-07-16 17:03:28,520 : INFO : EventManager : Event: ======'bumper_right_default_lit_hit'====== Args={'profile': 'default', 'state': 'lit', 'advancing': False}
2025-07-16 17:03:28,520 : INFO : EventManager : Event: ======'bumper_right_lit_hit'====== Args={'profile': 'default', 'state': 'lit', 'advancing': False}
2025-07-16 17:03:28,520 : INFO : EventManager : Event: ======'bumpers_hit'====== Args={'shot': 'bumper_right'}
2025-07-16 17:03:28,520 : INFO : EventManager : Event: ======'bumpers_lit_hit'====== Args={'shot': 'bumper_right'}
2025-07-16 17:03:28,520 : INFO : EventManager : Event: ======'player_score'====== Args={'value': 5000, 'prev_value': 4000, 'change': 1000, 'player_num': 1, 'source': 'bumpers'}
2025-07-16 17:03:28,615 : INFO : SwitchController : <<<<<<< 's_bumper_right' inactive >>>>>>>
2025-07-16 17:03:28,916 : INFO : SwitchController : <<<<<<< 's_bumper_right' active >>>>>>>
2025-07-16 17:03:28,917 : INFO : EventManager : Event: ======'playfield_active'====== Args={'source': 'bumper_right'}
2025-07-16 17:03:28,917 : INFO : EventManager : Event: ======'unexpected_ball_on_playfield'====== Args={}
2025-07-16 17:03:28,917 : INFO : EventManager : Event: ======'s_bumper_right_active'====== Args={}
2025-07-16 17:03:28,917 : INFO : EventManager : Event: ======'machine_var_audits_switches_s_bumper_right'====== Args={'value': 23, 'prev_value': 22, 'change': 1}
2025-07-16 17:03:28,918 : INFO : EventManager : Event: ======'machine_var_audits_shots_bumper_right'====== Args={'value': 23, 'prev_value': 22, 'change': 1}
2025-07-16 17:03:28,918 : INFO : EventManager : Event: ======'bumper_right_hit'====== Args={'profile': 'default', 'state': 'lit', 'advancing': False}
2025-07-16 17:03:28,918 : INFO : EventManager : Event: ======'bumper_right_default_hit'====== Args={'profile': 'default', 'state': 'lit', 'advancing': False}
2025-07-16 17:03:28,918 : INFO : EventManager : Event: ======'bumper_right_default_lit_hit'====== Args={'profile': 'default', 'state': 'lit', 'advancing': False}
2025-07-16 17:03:28,918 : INFO : EventManager : Event: ======'bumper_right_lit_hit'====== Args={'profile': 'default', 'state': 'lit', 'advancing': False}
2025-07-16 17:03:28,919 : INFO : EventManager : Event: ======'bumpers_hit'====== Args={'shot': 'bumper_right'}
2025-07-16 17:03:28,919 : INFO : EventManager : Event: ======'bumpers_lit_hit'====== Args={'shot': 'bumper_right'}
2025-07-16 17:03:28,919 : INFO : EventManager : Event: ======'player_score'====== Args={'value': 6000, 'prev_value': 5000, 'change': 1000, 'player_num': 1, 'source': 'bumpers'}
2025-07-16 17:03:29,034 : INFO : SwitchController : <<<<<<< 's_bumper_right' inactive >>>>>>>
2025-07-16 17:03:29,125 : INFO : SwitchController : <<<<<<< 's_bumper_right' active >>>>>>>
2025-07-16 17:03:29,125 : INFO : EventManager : Event: ======'playfield_active'====== Args={'source': 'bumper_right'}
2025-07-16 17:03:29,125 : INFO : EventManager : Event: ======'unexpected_ball_on_playfield'====== Args={}
2025-07-16 17:03:29,125 : INFO : EventManager : Event: ======'s_bumper_right_active'====== Args={}
2025-07-16 17:03:29,125 : INFO : EventManager : Event: ======'machine_var_audits_switches_s_bumper_right'====== Args={'value': 24, 'prev_value': 23, 'change': 1}
2025-07-16 17:03:29,126 : INFO : EventManager : Event: ======'machine_var_audits_shots_bumper_right'====== Args={'value': 24, 'prev_value': 23, 'change': 1}
2025-07-16 17:03:29,127 : INFO : EventManager : Event: ======'bumper_right_hit'====== Args={'profile': 'default', 'state': 'lit', 'advancing': False}
2025-07-16 17:03:29,127 : INFO : EventManager : Event: ======'bumper_right_default_hit'====== Args={'profile': 'default', 'state': 'lit', 'advancing': False}
2025-07-16 17:03:29,127 : INFO : EventManager : Event: ======'bumper_right_default_lit_hit'====== Args={'profile': 'default', 'state': 'lit', 'advancing': False}
2025-07-16 17:03:29,127 : INFO : EventManager : Event: ======'bumper_right_lit_hit'====== Args={'profile': 'default', 'state': 'lit', 'advancing': False}
2025-07-16 17:03:29,127 : INFO : EventManager : Event: ======'bumpers_hit'====== Args={'shot': 'bumper_right'}
2025-07-16 17:03:29,127 : INFO : EventManager : Event: ======'bumpers_lit_hit'====== Args={'shot': 'bumper_right'}
2025-07-16 17:03:29,127 : INFO : EventManager : Event: ======'player_score'====== Args={'value': 7000, 'prev_value': 6000, 'change': 1000, 'player_num': 1, 'source': 'bumpers'}
2025-07-16 17:03:29,198 : INFO : SwitchController : <<<<<<< 's_bumper_right' inactive >>>>>>>
2025-07-16 17:03:29,851 : INFO : SwitchController : <<<<<<< 's_bumper_right' active >>>>>>>
2025-07-16 17:03:29,852 : INFO : EventManager : Event: ======'playfield_active'====== Args={'source': 'bumper_right'}
2025-07-16 17:03:29,852 : INFO : EventManager : Event: ======'unexpected_ball_on_playfield'====== Args={}
2025-07-16 17:03:29,852 : INFO : EventManager : Event: ======'s_bumper_right_active'====== Args={}
2025-07-16 17:03:29,852 : INFO : EventManager : Event: ======'machine_var_audits_switches_s_bumper_right'====== Args={'value': 25, 'prev_value': 24, 'change': 1}
2025-07-16 17:03:29,854 : INFO : EventManager : Event: ======'machine_var_audits_shots_bumper_right'====== Args={'value': 25, 'prev_value': 24, 'change': 1}
2025-07-16 17:03:29,855 : INFO : EventManager : Event: ======'bumper_right_hit'====== Args={'profile': 'default', 'state': 'lit', 'advancing': False}
2025-07-16 17:03:29,855 : INFO : EventManager : Event: ======'bumper_right_default_hit'====== Args={'profile': 'default', 'state': 'lit', 'advancing': False}
2025-07-16 17:03:29,855 : INFO : EventManager : Event: ======'bumper_right_default_lit_hit'====== Args={'profile': 'default', 'state': 'lit', 'advancing': False}
2025-07-16 17:03:29,855 : INFO : EventManager : Event: ======'bumper_right_lit_hit'====== Args={'profile': 'default', 'state': 'lit', 'advancing': False}
2025-07-16 17:03:29,855 : INFO : EventManager : Event: ======'bumpers_hit'====== Args={'shot': 'bumper_right'}
2025-07-16 17:03:29,855 : INFO : EventManager : Event: ======'bumpers_lit_hit'====== Args={'shot': 'bumper_right'}
2025-07-16 17:03:29,856 : INFO : EventManager : Event: ======'player_score'====== Args={'value': 8000, 'prev_value': 7000, 'change': 1000, 'player_num': 1, 'source': 'bumpers'}
2025-07-16 17:03:29,990 : INFO : SwitchController : <<<<<<< 's_bumper_right' inactive >>>>>>>
2025-07-16 17:03:30,142 : INFO : SwitchController : <<<<<<< 's_bumper_left' active >>>>>>>
2025-07-16 17:03:30,142 : INFO : EventManager : Event: ======'playfield_active'====== Args={'source': 'bumper_left'}
2025-07-16 17:03:30,143 : INFO : EventManager : Event: ======'unexpected_ball_on_playfield'====== Args={}
2025-07-16 17:03:30,143 : INFO : EventManager : Event: ======'s_bumper_left_active'====== Args={}
2025-07-16 17:03:30,143 : INFO : EventManager : Event: ======'machine_var_audits_switches_s_bumper_left'====== Args={'value': 15, 'prev_value': 14, 'change': 1}
2025-07-16 17:03:30,144 : INFO : EventManager : Event: ======'player_shot_bumper_left'====== Args={'value': 1, 'prev_value': 0, 'change': 1, 'player_num': 1}
2025-07-16 17:03:30,145 : INFO : EventManager : Event: ======'machine_var_audits_shots_bumper_left'====== Args={'value': 15, 'prev_value': 14, 'change': 1}
2025-07-16 17:03:30,145 : INFO : EventManager : Event: ======'bumper_left_hit'====== Args={'profile': 'default', 'state': 'unlit', 'advancing': True}
2025-07-16 17:03:30,145 : INFO : EventManager : Event: ======'bumper_left_default_hit'====== Args={'profile': 'default', 'state': 'unlit', 'advancing': True}
2025-07-16 17:03:30,145 : INFO : EventManager : Event: ======'bumper_left_default_unlit_hit'====== Args={'profile': 'default', 'state': 'unlit', 'advancing': True}
2025-07-16 17:03:30,145 : INFO : EventManager : Event: ======'bumper_left_unlit_hit'====== Args={'profile': 'default', 'state': 'unlit', 'advancing': True}
2025-07-16 17:03:30,145 : INFO : EventManager : Event: ======'bumpers_complete'====== Args={'state': 'lit'}
2025-07-16 17:03:30,145 : INFO : EventManager : Event: ======'bumpers_lit_complete'====== Args={}
2025-07-16 17:03:30,145 : INFO : EventManager : Event: ======'bumpers_hit'====== Args={'shot': 'bumper_left'}
2025-07-16 17:03:30,145 : INFO : EventManager : Event: ======'bumpers_unlit_hit'====== Args={'shot': 'bumper_left'}
2025-07-16 17:03:30,145 : INFO : EventManager : Event: ======'player_score'====== Args={'value': 9000, 'prev_value': 8000, 'change': 1000, 'player_num': 1, 'source': 'bumpers'}
2025-07-16 17:03:30,278 : INFO : SwitchController : <<<<<<< 's_bumper_left' inactive >>>>>>>
2025-07-16 17:03:30,437 : INFO : SwitchController : <<<<<<< 's_bumper_left' active >>>>>>>
2025-07-16 17:03:30,438 : INFO : EventManager : Event: ======'playfield_active'====== Args={'source': 'bumper_left'}
2025-07-16 17:03:30,438 : INFO : EventManager : Event: ======'unexpected_ball_on_playfield'====== Args={}
2025-07-16 17:03:30,438 : INFO : EventManager : Event: ======'s_bumper_left_active'====== Args={}
2025-07-16 17:03:30,438 : INFO : EventManager : Event: ======'machine_var_audits_switches_s_bumper_left'====== Args={'value': 16, 'prev_value': 15, 'change': 1}
2025-07-16 17:03:30,441 : INFO : EventManager : Event: ======'machine_var_audits_shots_bumper_left'====== Args={'value': 16, 'prev_value': 15, 'change': 1}
2025-07-16 17:03:30,441 : INFO : EventManager : Event: ======'bumper_left_hit'====== Args={'profile': 'default', 'state': 'lit', 'advancing': False}
2025-07-16 17:03:30,442 : INFO : EventManager : Event: ======'bumper_left_default_hit'====== Args={'profile': 'default', 'state': 'lit', 'advancing': False}
2025-07-16 17:03:30,442 : INFO : EventManager : Event: ======'bumper_left_default_lit_hit'====== Args={'profile': 'default', 'state': 'lit', 'advancing': False}
2025-07-16 17:03:30,442 : INFO : EventManager : Event: ======'bumper_left_lit_hit'====== Args={'profile': 'default', 'state': 'lit', 'advancing': False}
2025-07-16 17:03:30,442 : INFO : EventManager : Event: ======'bumpers_hit'====== Args={'shot': 'bumper_left'}
2025-07-16 17:03:30,442 : INFO : EventManager : Event: ======'bumpers_lit_hit'====== Args={'shot': 'bumper_left'}
2025-07-16 17:03:30,442 : INFO : EventManager : Event: ======'player_score'====== Args={'value': 10000, 'prev_value': 9000, 'change': 1000, 'player_num': 1, 'source': 'bumpers'}
2025-07-16 17:03:30,523 : INFO : SwitchController : <<<<<<< 's_bumper_left' inactive >>>>>>>
2025-07-16 17:03:31,200 : INFO : SwitchController : <<<<<<< 's_bumper_right' active >>>>>>>
2025-07-16 17:03:31,201 : INFO : EventManager : Event: ======'playfield_active'====== Args={'source': 'bumper_right'}
2025-07-16 17:03:31,201 : INFO : EventManager : Event: ======'unexpected_ball_on_playfield'====== Args={}
2025-07-16 17:03:31,201 : INFO : EventManager : Event: ======'s_bumper_right_active'====== Args={}
2025-07-16 17:03:31,201 : INFO : EventManager : Event: ======'machine_var_audits_switches_s_bumper_right'====== Args={'value': 26, 'prev_value': 25, 'change': 1}
2025-07-16 17:03:31,202 : INFO : EventManager : Event: ======'machine_var_audits_shots_bumper_right'====== Args={'value': 26, 'prev_value': 25, 'change': 1}
2025-07-16 17:03:31,202 : INFO : EventManager : Event: ======'bumper_right_hit'====== Args={'profile': 'default', 'state': 'lit', 'advancing': False}
2025-07-16 17:03:31,202 : INFO : EventManager : Event: ======'bumper_right_default_hit'====== Args={'profile': 'default', 'state': 'lit', 'advancing': False}
2025-07-16 17:03:31,202 : INFO : EventManager : Event: ======'bumper_right_default_lit_hit'====== Args={'profile': 'default', 'state': 'lit', 'advancing': False}
2025-07-16 17:03:31,202 : INFO : EventManager : Event: ======'bumper_right_lit_hit'====== Args={'profile': 'default', 'state': 'lit', 'advancing': False}
2025-07-16 17:03:31,202 : INFO : EventManager : Event: ======'bumpers_hit'====== Args={'shot': 'bumper_right'}
2025-07-16 17:03:31,203 : INFO : EventManager : Event: ======'bumpers_lit_hit'====== Args={'shot': 'bumper_right'}
2025-07-16 17:03:31,203 : INFO : EventManager : Event: ======'player_score'====== Args={'value': 11000, 'prev_value': 10000, 'change': 1000, 'player_num': 1, 'source': 'bumpers'}
2025-07-16 17:03:31,375 : INFO : SwitchController : <<<<<<< 's_bumper_right' inactive >>>>>>>
2025-07-16 17:03:32,540 : INFO : SwitchController : <<<<<<< 's_left_lane' active >>>>>>>
2025-07-16 17:03:32,541 : INFO : EventManager : Event: ======'playfield_active'====== Args={'source': 'hurryup'}
2025-07-16 17:03:32,541 : INFO : EventManager : Event: ======'unexpected_ball_on_playfield'====== Args={}
2025-07-16 17:03:32,541 : INFO : EventManager : Event: ======'playfield_active'====== Args={'source': 'left_lane'}
2025-07-16 17:03:32,541 : INFO : EventManager : Event: ======'unexpected_ball_on_playfield'====== Args={}
2025-07-16 17:03:32,541 : INFO : EventManager : Event: ======'s_left_lane_active'====== Args={}
2025-07-16 17:03:32,541 : INFO : EventManager : Event: ======'machine_var_audits_switches_s_left_lane'====== Args={'value': 5, 'prev_value': 4, 'change': 1}
2025-07-16 17:03:32,542 : INFO : EventManager : Event: ======'player_shot_left_lane'====== Args={'value': 1, 'prev_value': 0, 'change': 1, 'player_num': 1}
2025-07-16 17:03:32,543 : INFO : EventManager : Event: ======'machine_var_audits_shots_left_lane'====== Args={'value': 5, 'prev_value': 4, 'change': 1}
2025-07-16 17:03:32,543 : INFO : EventManager : Event: ======'left_lane_hit'====== Args={'profile': 'default', 'state': 'unlit', 'advancing': True}
2025-07-16 17:03:32,543 : INFO : EventManager : Event: ======'left_lane_default_hit'====== Args={'profile': 'default', 'state': 'unlit', 'advancing': True}
2025-07-16 17:03:32,543 : INFO : EventManager : Event: ======'left_lane_default_unlit_hit'====== Args={'profile': 'default', 'state': 'unlit', 'advancing': True}
2025-07-16 17:03:32,543 : INFO : EventManager : Event: ======'left_lane_unlit_hit'====== Args={'profile': 'default', 'state': 'unlit', 'advancing': True}
2025-07-16 17:03:32,544 : INFO : EventManager : Event: ======'start_mode_hurryup'====== Args={'priority': 0}
2025-07-16 17:03:32,544 : INFO : EventManager : Event: ======'mode_hurryup_will_start'====== Args={'priority': 0}
2025-07-16 17:03:32,545 : INFO : EventManager : Event: ======'player_shot_hurryup_enabled'====== Args={'value': True, 'prev_value': 0, 'change': 1, 'player_num': 1}
2025-07-16 17:03:32,545 : INFO : EventManager : Event: ======'player_hurryup_hurryup_timer_tick'====== Args={'value': 0, 'prev_value': 0, 'change': 0, 'player_num': 1}
2025-07-16 17:03:32,545 : INFO : Timer.hurryup_timer : Starting Timer.
2025-07-16 17:03:32,546 : INFO : EventManager : Event: ======'timer_hurryup_timer_started'====== Args={'ticks': 0, 'ticks_remaining': 25}
2025-07-16 17:03:32,546 : INFO : EventManager : Event: ======'timer_hurryup_timer_tick'====== Args={'ticks': 0, 'ticks_remaining': 25}
2025-07-16 17:03:32,548 : INFO : EventManager : Event: ======'mode_hurryup_starting'====== Args={'priority': 0}
2025-07-16 17:03:32,548 : INFO : Mode.hurryup : Started. Priority: 1000
2025-07-16 17:03:32,548 : INFO : EventManager : Event: ======'modes_active_modes_changed'====== Args={}
2025-07-16 17:03:32,548 : INFO : EventManager : Event: ======'mode_hurryup_started'====== Args={'priority': 0}
2025-07-16 17:03:32,566 : INFO : EventManager : Event: ======'slide_hurryup_created'====== Args={'_from_bcp': True}
2025-07-16 17:03:32,566 : INFO : EventManager : Event: ======'slide_base_slide_inactive'====== Args={'is_removing': False, '_from_bcp': True}
2025-07-16 17:03:32,566 : INFO : EventManager : Event: ======'slide_hurryup_active'====== Args={'original_context': 'hurryup', 'original_calling_context': 'mode_hurryup_started', 'priority': 1000.0, 'cmd': 'slides_play', '_from_bcp': True}
2025-07-16 17:03:32,626 : INFO : SwitchController : <<<<<<< 's_left_lane' inactive >>>>>>>
2025-07-16 17:03:32,747 : INFO : EventManager : Event: ======'player_hurryup_hurryup_timer_tick'====== Args={'value': 1, 'prev_value': 0, 'change': 1, 'player_num': 1}
2025-07-16 17:03:32,750 : INFO : EventManager : Event: ======'timer_hurryup_timer_tick'====== Args={'ticks': 1, 'ticks_remaining': 24}
2025-07-16 17:03:32,751 : INFO : EventManager : Event: ======'hurryup_value'====== Args={'priority': 0, 'current_hurryup': 98000}
2025-07-16 17:03:32,951 : INFO : EventManager : Event: ======'player_hurryup_hurryup_timer_tick'====== Args={'value': 2, 'prev_value': 1, 'change': 1, 'player_num': 1}
2025-07-16 17:03:32,952 : INFO : EventManager : Event: ======'timer_hurryup_timer_tick'====== Args={'ticks': 2, 'ticks_remaining': 23}
2025-07-16 17:03:32,953 : INFO : EventManager : Event: ======'hurryup_value'====== Args={'priority': 0, 'current_hurryup': 96000}
2025-07-16 17:03:33,147 : INFO : EventManager : Event: ======'player_hurryup_hurryup_timer_tick'====== Args={'value': 3, 'prev_value': 2, 'change': 1, 'player_num': 1}
2025-07-16 17:03:33,151 : INFO : EventManager : Event: ======'timer_hurryup_timer_tick'====== Args={'ticks': 3, 'ticks_remaining': 22}
2025-07-16 17:03:33,152 : INFO : EventManager : Event: ======'hurryup_value'====== Args={'priority': 0, 'current_hurryup': 94000}
2025-07-16 17:03:33,347 : INFO : EventManager : Event: ======'player_hurryup_hurryup_timer_tick'====== Args={'value': 4, 'prev_value': 3, 'change': 1, 'player_num': 1}
2025-07-16 17:03:33,358 : INFO : EventManager : Event: ======'timer_hurryup_timer_tick'====== Args={'ticks': 4, 'ticks_remaining': 21}
2025-07-16 17:03:33,360 : INFO : EventManager : Event: ======'hurryup_value'====== Args={'priority': 0, 'current_hurryup': 92000}
2025-07-16 17:03:33,550 : INFO : EventManager : Event: ======'player_hurryup_hurryup_timer_tick'====== Args={'value': 5, 'prev_value': 4, 'change': 1, 'player_num': 1}
2025-07-16 17:03:33,551 : INFO : EventManager : Event: ======'timer_hurryup_timer_tick'====== Args={'ticks': 5, 'ticks_remaining': 20}
2025-07-16 17:03:33,552 : INFO : EventManager : Event: ======'hurryup_value'====== Args={'priority': 0, 'current_hurryup': 90000}
2025-07-16 17:03:33,747 : INFO : EventManager : Event: ======'player_hurryup_hurryup_timer_tick'====== Args={'value': 6, 'prev_value': 5, 'change': 1, 'player_num': 1}
2025-07-16 17:03:33,750 : INFO : EventManager : Event: ======'timer_hurryup_timer_tick'====== Args={'ticks': 6, 'ticks_remaining': 19}
2025-07-16 17:03:33,752 : INFO : EventManager : Event: ======'hurryup_value'====== Args={'priority': 0, 'current_hurryup': 88000}
2025-07-16 17:03:33,950 : INFO : EventManager : Event: ======'player_hurryup_hurryup_timer_tick'====== Args={'value': 7, 'prev_value': 6, 'change': 1, 'player_num': 1}
2025-07-16 17:03:33,953 : INFO : EventManager : Event: ======'timer_hurryup_timer_tick'====== Args={'ticks': 7, 'ticks_remaining': 18}
2025-07-16 17:03:33,955 : INFO : EventManager : Event: ======'hurryup_value'====== Args={'priority': 0, 'current_hurryup': 86000}
2025-07-16 17:03:34,147 : INFO : EventManager : Event: ======'player_hurryup_hurryup_timer_tick'====== Args={'value': 8, 'prev_value': 7, 'change': 1, 'player_num': 1}
2025-07-16 17:03:34,151 : INFO : EventManager : Event: ======'timer_hurryup_timer_tick'====== Args={'ticks': 8, 'ticks_remaining': 17}
2025-07-16 17:03:34,152 : INFO : EventManager : Event: ======'hurryup_value'====== Args={'priority': 0, 'current_hurryup': 84000}
2025-07-16 17:03:34,346 : INFO : EventManager : Event: ======'player_hurryup_hurryup_timer_tick'====== Args={'value': 9, 'prev_value': 8, 'change': 1, 'player_num': 1}
2025-07-16 17:03:34,349 : INFO : EventManager : Event: ======'timer_hurryup_timer_tick'====== Args={'ticks': 9, 'ticks_remaining': 16}
2025-07-16 17:03:34,350 : INFO : EventManager : Event: ======'hurryup_value'====== Args={'priority': 0, 'current_hurryup': 82000}
2025-07-16 17:03:34,553 : INFO : EventManager : Event: ======'player_hurryup_hurryup_timer_tick'====== Args={'value': 10, 'prev_value': 9, 'change': 1, 'player_num': 1}
2025-07-16 17:03:34,555 : INFO : EventManager : Event: ======'timer_hurryup_timer_tick'====== Args={'ticks': 10, 'ticks_remaining': 15}
2025-07-16 17:03:34,559 : INFO : EventManager : Event: ======'hurryup_value'====== Args={'priority': 0, 'current_hurryup': 80000}
2025-07-16 17:03:34,718 : INFO : SwitchController : <<<<<<< 's_left_lane' active >>>>>>>
2025-07-16 17:03:34,719 : INFO : EventManager : Event: ======'playfield_active'====== Args={'source': 'hurryup'}
2025-07-16 17:03:34,719 : INFO : EventManager : Event: ======'unexpected_ball_on_playfield'====== Args={}
2025-07-16 17:03:34,719 : INFO : EventManager : Event: ======'playfield_active'====== Args={'source': 'left_lane'}
2025-07-16 17:03:34,719 : INFO : EventManager : Event: ======'unexpected_ball_on_playfield'====== Args={}
2025-07-16 17:03:34,719 : INFO : EventManager : Event: ======'s_left_lane_active'====== Args={}
2025-07-16 17:03:34,719 : INFO : EventManager : Event: ======'machine_var_audits_switches_s_left_lane'====== Args={'value': 6, 'prev_value': 5, 'change': 1}
2025-07-16 17:03:34,721 : INFO : EventManager : Event: ======'player_shot_hurryup'====== Args={'value': 1, 'prev_value': 0, 'change': 1, 'player_num': 1}
2025-07-16 17:03:34,722 : INFO : EventManager : Event: ======'machine_var_audits_shots_hurryup'====== Args={'value': 2, 'prev_value': 1, 'change': 1}
2025-07-16 17:03:34,727 : INFO : EventManager : Event: ======'hurryup_hit'====== Args={'profile': 'default', 'state': 'unlit', 'advancing': True}
2025-07-16 17:03:34,728 : INFO : EventManager : Event: ======'hurryup_default_hit'====== Args={'profile': 'default', 'state': 'unlit', 'advancing': True}
2025-07-16 17:03:34,728 : INFO : EventManager : Event: ======'hurryup_default_unlit_hit'====== Args={'profile': 'default', 'state': 'unlit', 'advancing': True}
2025-07-16 17:03:34,728 : INFO : EventManager : Event: ======'hurryup_unlit_hit'====== Args={'profile': 'default', 'state': 'unlit', 'advancing': True}
2025-07-16 17:03:34,728 : INFO : EventManager : Event: ======'machine_var_audits_shots_left_lane'====== Args={'value': 6, 'prev_value': 5, 'change': 1}
2025-07-16 17:03:34,728 : INFO : EventManager : Event: ======'left_lane_hit'====== Args={'profile': 'default', 'state': 'lit', 'advancing': False}
2025-07-16 17:03:34,728 : INFO : EventManager : Event: ======'left_lane_default_hit'====== Args={'profile': 'default', 'state': 'lit', 'advancing': False}
2025-07-16 17:03:34,728 : INFO : EventManager : Event: ======'left_lane_default_lit_hit'====== Args={'profile': 'default', 'state': 'lit', 'advancing': False}
2025-07-16 17:03:34,729 : INFO : EventManager : Event: ======'left_lane_lit_hit'====== Args={'profile': 'default', 'state': 'lit', 'advancing': False}
2025-07-16 17:03:34,729 : INFO : EventManager : Event: ======'stop_mode_hurryup'====== Args={'priority': 0}
2025-07-16 17:03:34,729 : INFO : EventManager : Event: ======'player_score'====== Args={'value': 91000, 'prev_value': 11000, 'change': 80000, 'player_num': 1, 'source': 'hurryup'}
2025-07-16 17:03:34,730 : INFO : EventManager : Event: ======'mode_hurryup_will_stop'====== Args={}
2025-07-16 17:03:34,730 : INFO : EventManager : Event: ======'mode_hurryup_stopping'====== Args={}
2025-07-16 17:03:34,730 : INFO : EventManager : Event: ======'start_mode_hurryup'====== Args={'priority': 0}
2025-07-16 17:03:34,730 : INFO : Mode.hurryup : Stopped.
2025-07-16 17:03:34,731 : INFO : EventManager : Event: ======'modes_active_modes_changed'====== Args={}
2025-07-16 17:03:34,734 : INFO : EventManager : Event: ======'mode_hurryup_stopped'====== Args={}
2025-07-16 17:03:34,734 : INFO : EventManager : Event: ======'clear'====== Args={'key': 'hurryup'}
2025-07-16 17:03:34,734 : INFO : Timer.hurryup_timer : Stopping Timer
2025-07-16 17:03:34,734 : INFO : EventManager : Event: ======'timer_hurryup_timer_stopped'====== Args={'ticks': 10, 'ticks_remaining': 15}
2025-07-16 17:03:34,742 : INFO : EventManager : Event: ======'slide_hurryup_inactive'====== Args={'is_removing': True, '_from_bcp': True}
2025-07-16 17:03:34,743 : INFO : EventManager : Event: ======'slide_base_slide_active'====== Args={'_from_bcp': True}
2025-07-16 17:03:34,744 : INFO : EventManager : Event: ======'slide_hurryup_removed'====== Args={'_from_bcp': True}
2025-07-16 17:03:34,775 : INFO : SwitchController : <<<<<<< 's_left_lane' inactive >>>>>>>
2025-07-16 17:03:36,129 : INFO : EventManager : Event: ======'balldevice_bd_trough_ball_eject_failed'====== Args={'target': <ball_device.bd_plunger>, 'balls': 1, 'retry': True, 'num_attempts': 1}
2025-07-16 17:03:36,134 : INFO : ball_device.bd_trough : State: waiting_for_target_ready
2025-07-16 17:03:36,134 : INFO : EventManager : Event: ======'balldevice_bd_trough_ball_eject_attempt'====== Args={'balls': 1, 'target': <ball_device.bd_plunger>, 'source': <ball_device.bd_trough>, 'mechanical_eject': False, 'num_attempts': 1}
2025-07-16 17:03:36,135 : INFO : ball_device.bd_trough : State: ejecting
2025-07-16 17:03:36,135 : INFO : ball_device.bd_trough : Ejecting ball to <ball_device.bd_plunger>
2025-07-16 17:03:36,135 : INFO : EventManager : Event: ======'balldevice_bd_trough_ejecting_ball'====== Args={'balls': 1, 'target': <ball_device.bd_plunger>, 'source': <ball_device.bd_trough>, 'mechanical_eject': False, 'num_attempts': 1}
2025-07-16 17:03:36,136 : INFO : ball_device.bd_trough : Wait for ball to leave device
2025-07-16 17:03:36,136 : INFO : coil.c_trough_eject : Pulsing Driver for 10ms (1.0 pulse_power)
2025-07-16 17:03:36,291 : INFO : SwitchController : <<<<<<< 's_left_lane' active >>>>>>>
2025-07-16 17:03:36,292 : INFO : EventManager : Event: ======'playfield_active'====== Args={'source': 'hurryup'}
2025-07-16 17:03:36,292 : INFO : EventManager : Event: ======'unexpected_ball_on_playfield'====== Args={}
2025-07-16 17:03:36,292 : INFO : EventManager : Event: ======'playfield_active'====== Args={'source': 'left_lane'}
2025-07-16 17:03:36,292 : INFO : EventManager : Event: ======'unexpected_ball_on_playfield'====== Args={}
2025-07-16 17:03:36,292 : INFO : EventManager : Event: ======'s_left_lane_active'====== Args={}
2025-07-16 17:03:36,292 : INFO : EventManager : Event: ======'machine_var_audits_switches_s_left_lane'====== Args={'value': 7, 'prev_value': 6, 'change': 1}
2025-07-16 17:03:36,293 : INFO : EventManager : Event: ======'machine_var_audits_shots_left_lane'====== Args={'value': 7, 'prev_value': 6, 'change': 1}
2025-07-16 17:03:36,294 : INFO : EventManager : Event: ======'left_lane_hit'====== Args={'profile': 'default', 'state': 'lit', 'advancing': False}
2025-07-16 17:03:36,294 : INFO : EventManager : Event: ======'left_lane_default_hit'====== Args={'profile': 'default', 'state': 'lit', 'advancing': False}
2025-07-16 17:03:36,294 : INFO : EventManager : Event: ======'left_lane_default_lit_hit'====== Args={'profile': 'default', 'state': 'lit', 'advancing': False}
2025-07-16 17:03:36,294 : INFO : EventManager : Event: ======'left_lane_lit_hit'====== Args={'profile': 'default', 'state': 'lit', 'advancing': False}
2025-07-16 17:03:36,294 : INFO : EventManager : Event: ======'start_mode_hurryup'====== Args={'priority': 0}
2025-07-16 17:03:36,294 : INFO : EventManager : Event: ======'mode_hurryup_will_start'====== Args={'priority': 0}
2025-07-16 17:03:36,295 : INFO : EventManager : Event: ======'player_hurryup_hurryup_timer_tick'====== Args={'value': 0, 'prev_value': 10, 'change': -10, 'player_num': 1}
2025-07-16 17:03:36,296 : INFO : Timer.hurryup_timer : Starting Timer.
2025-07-16 17:03:36,296 : INFO : EventManager : Event: ======'timer_hurryup_timer_started'====== Args={'ticks': 0, 'ticks_remaining': 25}
2025-07-16 17:03:36,296 : INFO : EventManager : Event: ======'timer_hurryup_timer_tick'====== Args={'ticks': 0, 'ticks_remaining': 25}
2025-07-16 17:03:36,300 : INFO : EventManager : Event: ======'mode_hurryup_starting'====== Args={'priority': 0}
2025-07-16 17:03:36,300 : INFO : Mode.hurryup : Started. Priority: 1000
2025-07-16 17:03:36,300 : INFO : EventManager : Event: ======'modes_active_modes_changed'====== Args={}
2025-07-16 17:03:36,300 : INFO : EventManager : Event: ======'mode_hurryup_started'====== Args={'priority': 0}
2025-07-16 17:03:36,316 : INFO : EventManager : Event: ======'slide_hurryup_created'====== Args={'_from_bcp': True}
2025-07-16 17:03:36,316 : INFO : EventManager : Event: ======'slide_base_slide_inactive'====== Args={'is_removing': False, '_from_bcp': True}
2025-07-16 17:03:36,316 : INFO : EventManager : Event: ======'slide_hurryup_active'====== Args={'original_context': 'hurryup', 'original_calling_context': 'mode_hurryup_started', 'priority': 1000.0, 'cmd': 'slides_play', '_from_bcp': True}
2025-07-16 17:03:36,375 : INFO : SwitchController : <<<<<<< 's_left_lane' inactive >>>>>>>
2025-07-16 17:03:36,498 : INFO : EventManager : Event: ======'player_hurryup_hurryup_timer_tick'====== Args={'value': 1, 'prev_value': 0, 'change': 1, 'player_num': 1}
2025-07-16 17:03:36,500 : INFO : EventManager : Event: ======'timer_hurryup_timer_tick'====== Args={'ticks': 1, 'ticks_remaining': 24}
2025-07-16 17:03:36,501 : INFO : EventManager : Event: ======'hurryup_value'====== Args={'priority': 0, 'current_hurryup': 98000}
2025-07-16 17:03:36,697 : INFO : EventManager : Event: ======'player_hurryup_hurryup_timer_tick'====== Args={'value': 2, 'prev_value': 1, 'change': 1, 'player_num': 1}
2025-07-16 17:03:36,700 : INFO : EventManager : Event: ======'timer_hurryup_timer_tick'====== Args={'ticks': 2, 'ticks_remaining': 23}
2025-07-16 17:03:36,701 : INFO : EventManager : Event: ======'hurryup_value'====== Args={'priority': 0, 'current_hurryup': 96000}
2025-07-16 17:03:36,897 : INFO : EventManager : Event: ======'player_hurryup_hurryup_timer_tick'====== Args={'value': 3, 'prev_value': 2, 'change': 1, 'player_num': 1}
2025-07-16 17:03:36,900 : INFO : EventManager : Event: ======'timer_hurryup_timer_tick'====== Args={'ticks': 3, 'ticks_remaining': 22}
2025-07-16 17:03:36,901 : INFO : EventManager : Event: ======'hurryup_value'====== Args={'priority': 0, 'current_hurryup': 94000}
2025-07-16 17:03:37,097 : INFO : EventManager : Event: ======'player_hurryup_hurryup_timer_tick'====== Args={'value': 4, 'prev_value': 3, 'change': 1, 'player_num': 1}
2025-07-16 17:03:37,101 : INFO : EventManager : Event: ======'timer_hurryup_timer_tick'====== Args={'ticks': 4, 'ticks_remaining': 21}
2025-07-16 17:03:37,102 : INFO : EventManager : Event: ======'hurryup_value'====== Args={'priority': 0, 'current_hurryup': 92000}
2025-07-16 17:03:37,186 : INFO : SwitchController : <<<<<<< 's_left_lane' active >>>>>>>
2025-07-16 17:03:37,186 : INFO : EventManager : Event: ======'playfield_active'====== Args={'source': 'hurryup'}
2025-07-16 17:03:37,187 : INFO : EventManager : Event: ======'unexpected_ball_on_playfield'====== Args={}
2025-07-16 17:03:37,187 : INFO : EventManager : Event: ======'playfield_active'====== Args={'source': 'left_lane'}
2025-07-16 17:03:37,187 : INFO : EventManager : Event: ======'unexpected_ball_on_playfield'====== Args={}
2025-07-16 17:03:37,187 : INFO : EventManager : Event: ======'s_left_lane_active'====== Args={}
2025-07-16 17:03:37,187 : INFO : EventManager : Event: ======'machine_var_audits_switches_s_left_lane'====== Args={'value': 8, 'prev_value': 7, 'change': 1}
2025-07-16 17:03:37,188 : INFO : EventManager : Event: ======'machine_var_audits_shots_hurryup'====== Args={'value': 3, 'prev_value': 2, 'change': 1}
2025-07-16 17:03:37,188 : INFO : EventManager : Event: ======'hurryup_hit'====== Args={'profile': 'default', 'state': 'lit', 'advancing': False}
2025-07-16 17:03:37,188 : INFO : EventManager : Event: ======'hurryup_default_hit'====== Args={'profile': 'default', 'state': 'lit', 'advancing': False}
2025-07-16 17:03:37,189 : INFO : EventManager : Event: ======'hurryup_default_lit_hit'====== Args={'profile': 'default', 'state': 'lit', 'advancing': False}
2025-07-16 17:03:37,189 : INFO : EventManager : Event: ======'hurryup_lit_hit'====== Args={'profile': 'default', 'state': 'lit', 'advancing': False}
2025-07-16 17:03:37,192 : INFO : EventManager : Event: ======'machine_var_audits_shots_left_lane'====== Args={'value': 8, 'prev_value': 7, 'change': 1}
2025-07-16 17:03:37,192 : INFO : EventManager : Event: ======'left_lane_hit'====== Args={'profile': 'default', 'state': 'lit', 'advancing': False}
2025-07-16 17:03:37,193 : INFO : EventManager : Event: ======'left_lane_default_hit'====== Args={'profile': 'default', 'state': 'lit', 'advancing': False}
2025-07-16 17:03:37,193 : INFO : EventManager : Event: ======'left_lane_default_lit_hit'====== Args={'profile': 'default', 'state': 'lit', 'advancing': False}
2025-07-16 17:03:37,193 : INFO : EventManager : Event: ======'left_lane_lit_hit'====== Args={'profile': 'default', 'state': 'lit', 'advancing': False}
2025-07-16 17:03:37,193 : INFO : EventManager : Event: ======'stop_mode_hurryup'====== Args={'priority': 0}
2025-07-16 17:03:37,193 : INFO : EventManager : Event: ======'player_score'====== Args={'value': 183000, 'prev_value': 91000, 'change': 92000, 'player_num': 1, 'source': 'hurryup'}
2025-07-16 17:03:37,193 : INFO : EventManager : Event: ======'mode_hurryup_will_stop'====== Args={}
2025-07-16 17:03:37,193 : INFO : EventManager : Event: ======'mode_hurryup_stopping'====== Args={}
2025-07-16 17:03:37,193 : INFO : EventManager : Event: ======'start_mode_hurryup'====== Args={'priority': 0}
2025-07-16 17:03:37,193 : INFO : Mode.hurryup : Stopped.
2025-07-16 17:03:37,194 : INFO : EventManager : Event: ======'modes_active_modes_changed'====== Args={}
2025-07-16 17:03:37,194 : INFO : EventManager : Event: ======'mode_hurryup_stopped'====== Args={}
2025-07-16 17:03:37,194 : INFO : EventManager : Event: ======'clear'====== Args={'key': 'hurryup'}
2025-07-16 17:03:37,194 : INFO : Timer.hurryup_timer : Stopping Timer
2025-07-16 17:03:37,194 : INFO : EventManager : Event: ======'timer_hurryup_timer_stopped'====== Args={'ticks': 4, 'ticks_remaining': 21}
2025-07-16 17:03:37,200 : INFO : EventManager : Event: ======'slide_hurryup_inactive'====== Args={'is_removing': True, '_from_bcp': True}
2025-07-16 17:03:37,201 : INFO : EventManager : Event: ======'slide_base_slide_active'====== Args={'_from_bcp': True}
2025-07-16 17:03:37,201 : INFO : EventManager : Event: ======'slide_hurryup_removed'====== Args={'_from_bcp': True}
2025-07-16 17:03:37,282 : INFO : SwitchController : <<<<<<< 's_left_lane' inactive >>>>>>>
2025-07-16 17:03:38,183 : INFO : SwitchController : <<<<<<< 's_left_lane' active >>>>>>>
2025-07-16 17:03:38,184 : INFO : EventManager : Event: ======'playfield_active'====== Args={'source': 'hurryup'}
2025-07-16 17:03:38,184 : INFO : EventManager : Event: ======'unexpected_ball_on_playfield'====== Args={}
2025-07-16 17:03:38,184 : INFO : EventManager : Event: ======'playfield_active'====== Args={'source': 'left_lane'}
2025-07-16 17:03:38,184 : INFO : EventManager : Event: ======'unexpected_ball_on_playfield'====== Args={}
2025-07-16 17:03:38,184 : INFO : EventManager : Event: ======'s_left_lane_active'====== Args={}
2025-07-16 17:03:38,184 : INFO : EventManager : Event: ======'machine_var_audits_switches_s_left_lane'====== Args={'value': 9, 'prev_value': 8, 'change': 1}
2025-07-16 17:03:38,186 : INFO : EventManager : Event: ======'machine_var_audits_shots_left_lane'====== Args={'value': 9, 'prev_value': 8, 'change': 1}
2025-07-16 17:03:38,186 : INFO : EventManager : Event: ======'left_lane_hit'====== Args={'profile': 'default', 'state': 'lit', 'advancing': False}
2025-07-16 17:03:38,186 : INFO : EventManager : Event: ======'left_lane_default_hit'====== Args={'profile': 'default', 'state': 'lit', 'advancing': False}
2025-07-16 17:03:38,186 : INFO : EventManager : Event: ======'left_lane_default_lit_hit'====== Args={'profile': 'default', 'state': 'lit', 'advancing': False}
2025-07-16 17:03:38,186 : INFO : EventManager : Event: ======'left_lane_lit_hit'====== Args={'profile': 'default', 'state': 'lit', 'advancing': False}
2025-07-16 17:03:38,186 : INFO : EventManager : Event: ======'start_mode_hurryup'====== Args={'priority': 0}
2025-07-16 17:03:38,186 : INFO : EventManager : Event: ======'mode_hurryup_will_start'====== Args={'priority': 0}
2025-07-16 17:03:38,187 : INFO : EventManager : Event: ======'player_hurryup_hurryup_timer_tick'====== Args={'value': 0, 'prev_value': 4, 'change': -4, 'player_num': 1}
2025-07-16 17:03:38,188 : INFO : Timer.hurryup_timer : Starting Timer.
2025-07-16 17:03:38,188 : INFO : EventManager : Event: ======'timer_hurryup_timer_started'====== Args={'ticks': 0, 'ticks_remaining': 25}
2025-07-16 17:03:38,189 : INFO : EventManager : Event: ======'timer_hurryup_timer_tick'====== Args={'ticks': 0, 'ticks_remaining': 25}
2025-07-16 17:03:38,192 : INFO : EventManager : Event: ======'mode_hurryup_starting'====== Args={'priority': 0}
2025-07-16 17:03:38,192 : INFO : Mode.hurryup : Started. Priority: 1000
2025-07-16 17:03:38,192 : INFO : EventManager : Event: ======'modes_active_modes_changed'====== Args={}
2025-07-16 17:03:38,192 : INFO : EventManager : Event: ======'mode_hurryup_started'====== Args={'priority': 0}
2025-07-16 17:03:38,202 : INFO : EventManager : Event: ======'slide_hurryup_created'====== Args={'_from_bcp': True}
2025-07-16 17:03:38,203 : INFO : EventManager : Event: ======'slide_base_slide_inactive'====== Args={'is_removing': False, '_from_bcp': True}
2025-07-16 17:03:38,203 : INFO : EventManager : Event: ======'slide_hurryup_active'====== Args={'original_context': 'hurryup', 'original_calling_context': 'mode_hurryup_started', 'priority': 1000.0, 'cmd': 'slides_play', '_from_bcp': True}
2025-07-16 17:03:38,278 : INFO : SwitchController : <<<<<<< 's_left_lane' inactive >>>>>>>
2025-07-16 17:03:38,391 : INFO : EventManager : Event: ======'player_hurryup_hurryup_timer_tick'====== Args={'value': 1, 'prev_value': 0, 'change': 1, 'player_num': 1}
2025-07-16 17:03:38,392 : INFO : EventManager : Event: ======'timer_hurryup_timer_tick'====== Args={'ticks': 1, 'ticks_remaining': 24}
2025-07-16 17:03:38,393 : INFO : EventManager : Event: ======'hurryup_value'====== Args={'priority': 0, 'current_hurryup': 98000}
2025-07-16 17:03:38,591 : INFO : EventManager : Event: ======'player_hurryup_hurryup_timer_tick'====== Args={'value': 2, 'prev_value': 1, 'change': 1, 'player_num': 1}
2025-07-16 17:03:38,593 : INFO : EventManager : Event: ======'timer_hurryup_timer_tick'====== Args={'ticks': 2, 'ticks_remaining': 23}
2025-07-16 17:03:38,593 : INFO : EventManager : Event: ======'hurryup_value'====== Args={'priority': 0, 'current_hurryup': 96000}
2025-07-16 17:03:38,741 : INFO : SwitchController : <<<<<<< 's_left_lane' active >>>>>>>
2025-07-16 17:03:38,741 : INFO : EventManager : Event: ======'playfield_active'====== Args={'source': 'hurryup'}
2025-07-16 17:03:38,741 : INFO : EventManager : Event: ======'unexpected_ball_on_playfield'====== Args={}
2025-07-16 17:03:38,741 : INFO : EventManager : Event: ======'playfield_active'====== Args={'source': 'left_lane'}
2025-07-16 17:03:38,741 : INFO : EventManager : Event: ======'unexpected_ball_on_playfield'====== Args={}
2025-07-16 17:03:38,741 : INFO : EventManager : Event: ======'s_left_lane_active'====== Args={}
2025-07-16 17:03:38,741 : INFO : EventManager : Event: ======'machine_var_audits_switches_s_left_lane'====== Args={'value': 10, 'prev_value': 9, 'change': 1}
2025-07-16 17:03:38,742 : INFO : EventManager : Event: ======'machine_var_audits_shots_hurryup'====== Args={'value': 4, 'prev_value': 3, 'change': 1}
2025-07-16 17:03:38,742 : INFO : EventManager : Event: ======'hurryup_hit'====== Args={'profile': 'default', 'state': 'lit', 'advancing': False}
2025-07-16 17:03:38,742 : INFO : EventManager : Event: ======'hurryup_default_hit'====== Args={'profile': 'default', 'state': 'lit', 'advancing': False}
2025-07-16 17:03:38,742 : INFO : EventManager : Event: ======'hurryup_default_lit_hit'====== Args={'profile': 'default', 'state': 'lit', 'advancing': False}
2025-07-16 17:03:38,742 : INFO : EventManager : Event: ======'hurryup_lit_hit'====== Args={'profile': 'default', 'state': 'lit', 'advancing': False}
2025-07-16 17:03:38,742 : INFO : EventManager : Event: ======'machine_var_audits_shots_left_lane'====== Args={'value': 10, 'prev_value': 9, 'change': 1}
2025-07-16 17:03:38,742 : INFO : EventManager : Event: ======'left_lane_hit'====== Args={'profile': 'default', 'state': 'lit', 'advancing': False}
2025-07-16 17:03:38,742 : INFO : EventManager : Event: ======'left_lane_default_hit'====== Args={'profile': 'default', 'state': 'lit', 'advancing': False}
2025-07-16 17:03:38,742 : INFO : EventManager : Event: ======'left_lane_default_lit_hit'====== Args={'profile': 'default', 'state': 'lit', 'advancing': False}
2025-07-16 17:03:38,742 : INFO : EventManager : Event: ======'left_lane_lit_hit'====== Args={'profile': 'default', 'state': 'lit', 'advancing': False}
2025-07-16 17:03:38,742 : INFO : EventManager : Event: ======'stop_mode_hurryup'====== Args={'priority': 0}
2025-07-16 17:03:38,742 : INFO : EventManager : Event: ======'player_score'====== Args={'value': 279000, 'prev_value': 183000, 'change': 96000, 'player_num': 1, 'source': 'hurryup'}
2025-07-16 17:03:38,742 : INFO : EventManager : Event: ======'mode_hurryup_will_stop'====== Args={}
2025-07-16 17:03:38,742 : INFO : EventManager : Event: ======'mode_hurryup_stopping'====== Args={}
2025-07-16 17:03:38,742 : INFO : EventManager : Event: ======'start_mode_hurryup'====== Args={'priority': 0}
2025-07-16 17:03:38,742 : INFO : Mode.hurryup : Stopped.
2025-07-16 17:03:38,742 : INFO : EventManager : Event: ======'modes_active_modes_changed'====== Args={}
2025-07-16 17:03:38,743 : INFO : EventManager : Event: ======'mode_hurryup_stopped'====== Args={}
2025-07-16 17:03:38,743 : INFO : EventManager : Event: ======'clear'====== Args={'key': 'hurryup'}
2025-07-16 17:03:38,743 : INFO : Timer.hurryup_timer : Stopping Timer
2025-07-16 17:03:38,743 : INFO : EventManager : Event: ======'timer_hurryup_timer_stopped'====== Args={'ticks': 2, 'ticks_remaining': 23}
2025-07-16 17:03:38,757 : INFO : EventManager : Event: ======'slide_hurryup_inactive'====== Args={'is_removing': True, '_from_bcp': True}
2025-07-16 17:03:38,757 : INFO : EventManager : Event: ======'slide_base_slide_active'====== Args={'_from_bcp': True}
2025-07-16 17:03:38,758 : INFO : EventManager : Event: ======'slide_hurryup_removed'====== Args={'_from_bcp': True}
2025-07-16 17:03:38,857 : INFO : SwitchController : <<<<<<< 's_left_lane' inactive >>>>>>>
2025-07-16 17:03:44,122 : INFO : Machine : Shutting down...
2025-07-16 17:03:44,122 : INFO : EventManager : Event: ======'shutdown'====== Args={}
2025-07-16 17:03:44,124 : INFO : EventManager : Event: ======'mode_game_will_stop'====== Args={}
2025-07-16 17:03:44,124 : INFO : EventManager : Event: ======'mode_game_stopping'====== Args={}
2025-07-16 17:03:44,124 : INFO : EventManager : Event: ======'mode_bumpers_will_stop'====== Args={}
2025-07-16 17:03:44,124 : INFO : EventManager : Event: ======'mode_bumpers_stopping'====== Args={}
2025-07-16 17:03:44,124 : INFO : EventManager : Event: ======'mode_base_will_stop'====== Args={}
2025-07-16 17:03:44,124 : INFO : EventManager : Event: ======'mode_base_stopping'====== Args={}
2025-07-16 17:03:44,125 : INFO : EventManager : Event: ======'stop_mode_bumpers'====== Args={'priority': 0}
2025-07-16 17:03:44,125 : INFO : Mode.base : Stopped.
2025-07-16 17:03:44,125 : INFO : EventManager : Event: ======'modes_active_modes_changed'====== Args={}
2025-07-16 17:03:44,125 : INFO : EventManager : Event: ======'mode_base_stopped'====== Args={}
2025-07-16 17:03:44,125 : INFO : EventManager : Event: ======'clear'====== Args={'key': 'base'}
2025-07-16 17:03:44,125 : INFO : Mode.bumpers : Stopped.
2025-07-16 17:03:44,125 : INFO : EventManager : Event: ======'modes_active_modes_changed'====== Args={}
2025-07-16 17:03:44,125 : INFO : EventManager : Event: ======'mode_bumpers_stopped'====== Args={}
2025-07-16 17:03:44,125 : INFO : EventManager : Event: ======'clear'====== Args={'key': 'bumpers'}
2025-07-16 17:03:44,126 : INFO : Mode.game : Stopped.
2025-07-16 17:03:44,126 : INFO : EventManager : Event: ======'modes_active_modes_changed'====== Args={}
2025-07-16 17:03:44,126 : INFO : EventManager : Event: ======'mode_game_stopped'====== Args={}
2025-07-16 17:03:44,126 : INFO : EventManager : Event: ======'clear'====== Args={'key': 'game'}
2025-07-16 17:03:44,128 : INFO : root : MPF run loop ended.
