2025-07-16 17:38:47,274 : INFO : root : Loading config.
2025-07-16 17:38:47,276 : INFO : YamlMultifileConfigLoader : Machine config file #1: config.yaml
2025-07-16 17:38:47,276 : INFO : ConfigProcessor : Loading config from cache: /var/folders/pz/vf5_w96n7hl70j30jzrp_64r0000gp/T/4b0446b065373c01774765373fc5a010.mpf_cache
2025-07-16 17:38:47,294 : INFO : ConfigProcessor : Loading config from cache: /var/folders/pz/vf5_w96n7hl70j30jzrp_64r0000gp/T/8c6758dff4d969b46729a501e1f9b5a2.mpf_cache
2025-07-16 17:38:47,294 : INFO : ConfigProcessor : Loading config from cache: /var/folders/pz/vf5_w96n7hl70j30jzrp_64r0000gp/T/86b9553ee9e8fe91c4c341498a1256c7.mpf_cache
2025-07-16 17:38:47,294 : INFO : ConfigProcessor : Loading config from cache: /var/folders/pz/vf5_w96n7hl70j30jzrp_64r0000gp/T/8c6758dff4d969b46729a501e1f9b5a2.mpf_cache
2025-07-16 17:38:47,294 : INFO : ConfigProcessor : Loading config from cache: /var/folders/pz/vf5_w96n7hl70j30jzrp_64r0000gp/T/fe908dde2db5cc7f24a22ccd0c690388.mpf_cache
2025-07-16 17:38:47,295 : WARNING : ConfigProcessor : Config file in cache changed: /Users/craig/Documents/Pinball/Gremlins/modes/bumpers/config/bumpers.yaml
2025-07-16 17:38:47,295 : INFO : ConfigProcessor : Loading config from file /Users/craig/Documents/Pinball/Gremlins/modes/bumpers/config/bumpers.yaml.
2025-07-16 17:38:47,295 : INFO : ConfigProcessor : Loading config: /Users/craig/Documents/Pinball/Gremlins/modes/bumpers/config/bumpers.yaml
2025-07-16 17:38:47,296 : INFO : ConfigProcessor : Config file cache created: /var/folders/pz/vf5_w96n7hl70j30jzrp_64r0000gp/T/c87d87d711c9e63e2e052ce58df60d5a.mpf_cache
2025-07-16 17:38:47,296 : INFO : ConfigProcessor : Loading config from cache: /var/folders/pz/vf5_w96n7hl70j30jzrp_64r0000gp/T/2285102ea814fec0736640417091917b.mpf_cache
2025-07-16 17:38:47,296 : INFO : Machine : Mission Pinball Framework Core Engine v0.80.0.dev8
2025-07-16 17:38:47,296 : INFO : Machine : Command line arguments: {'no_load_cache': False, 'create_config_cache': True, 'bcp': True, 'configfile': ['config.yaml'], 'force_assets_load': False, 'platform_integration_test': False, 'jsonlogging': False, 'logfile': 'logs/2025-07-16-17-38-47-mpf-Craigs-MacBook-Pro.local.log', 'pause': False, 'production': False, 'text_ui': False, 'loglevel': 15, 'consoleloglevel': 20, 'force_platform': 'virtual', 'syslog_address': None, 'full_logfile_path': '/Users/craig/Documents/Pinball/Gremlins/logs/2025-07-16-17-38-47-mpf-Craigs-MacBook-Pro.local.log'}
2025-07-16 17:38:47,296 : INFO : Machine : MPF path: /Users/craig/mpf-080/lib/python3.12/site-packages/mpf
2025-07-16 17:38:47,296 : INFO : Machine : Machine path: /Users/craig/Documents/Pinball/Gremlins
2025-07-16 17:38:47,296 : INFO : Machine : Platform: darwin
2025-07-16 17:38:47,296 : INFO : Machine : Python executable location: /Users/craig/mpf-080/bin/python3.12
2025-07-16 17:38:47,296 : INFO : Machine : Python version: 3.12.7 (64-bit)
2025-07-16 17:38:47,297 : INFO : Machine : Initializing MPF...
2025-07-16 17:38:47,311 : INFO : EventManager : Event: ======'machine_var_credits_string'====== Args={'value': 'FREE PLAY', 'prev_value': None, 'change': True}
2025-07-16 17:38:47,315 : INFO : EventManager : Event: ======'machine_var_master_volume'====== Args={'value': 0.5, 'prev_value': None, 'change': True}
2025-07-16 17:38:47,315 : INFO : EventManager : Event: ======'machine_var_mpf_version'====== Args={'value': 'Mission Pinball Framework v0.80.0.dev8', 'prev_value': None, 'change': True}
2025-07-16 17:38:47,315 : INFO : EventManager : Event: ======'machine_var_mpf_extended_version'====== Args={'value': 'Mission Pinball Framework v0.80.0.dev8, Config version:6, Show version: 6, BCP version:1.1', 'prev_value': None, 'change': True}
2025-07-16 17:38:47,315 : INFO : EventManager : Event: ======'machine_var_python_version'====== Args={'value': '3.12.7', 'prev_value': None, 'change': True}
2025-07-16 17:38:47,323 : INFO : EventManager : Event: ======'machine_var_platform'====== Args={'value': 'macOS-14.7.6-arm64-arm-64bit', 'prev_value': None, 'change': True}
2025-07-16 17:38:47,323 : INFO : EventManager : Event: ======'machine_var_platform_system'====== Args={'value': 'Darwin', 'prev_value': None, 'change': True}
2025-07-16 17:38:47,323 : INFO : EventManager : Event: ======'machine_var_platform_release'====== Args={'value': '23.6.0', 'prev_value': None, 'change': True}
2025-07-16 17:38:47,323 : INFO : EventManager : Event: ======'machine_var_platform_version'====== Args={'value': 'Darwin Kernel Version 23.6.0: Thu Apr 24 20:29:18 PDT 2025; root:xnu-10063.141.1.705.2~1/RELEASE_ARM64_T6000', 'prev_value': None, 'change': True}
2025-07-16 17:38:47,323 : INFO : EventManager : Event: ======'machine_var_platform_machine'====== Args={'value': 'arm64', 'prev_value': None, 'change': True}
2025-07-16 17:38:47,323 : INFO : EventManager : Event: ======'machine_var_log_file_path'====== Args={'value': '/Users/craig/Documents/Pinball/Gremlins/logs/2025-07-16-17-38-47-mpf-Craigs-MacBook-Pro.local.log', 'prev_value': None, 'change': True}
2025-07-16 17:38:47,323 : INFO : EventManager : Event: ======'init_phase_1'====== Args={}
2025-07-16 17:38:47,329 : INFO : EventManager : Event: ======'init_phase_2'====== Args={}
2025-07-16 17:38:47,329 : INFO : SwitchController : Found active switch: (1006, <Platform.Virtual>) <switch.s_trough_1>
2025-07-16 17:38:47,329 : INFO : SwitchController : Found active switch: (1007, <Platform.Virtual>) <switch.s_trough_2>
2025-07-16 17:38:47,329 : INFO : SwitchController : Found active switch: (1008, <Platform.Virtual>) <switch.s_trough_3>
2025-07-16 17:38:47,329 : INFO : SwitchController : Found active switch: (1009, <Platform.Virtual>) <switch.s_trough_4>
2025-07-16 17:38:47,330 : INFO : EventManager : Event: ======'bcp_connection_attempt'====== Args={'name': 'local_display', 'host': 'localhost', 'port': 5050}
2025-07-16 17:38:47,330 : INFO : BCPClientSocket : Connecting BCP to 'local_display' at localhost:5050...
2025-07-16 17:38:47,334 : INFO : BCPClientSocket : Connected BCP to 'local_display' localhost:5050
2025-07-16 17:38:47,334 : INFO : EventManager : Event: ======'bcp_clients_connected'====== Args={}
2025-07-16 17:38:47,334 : INFO : ball_device.bd_plunger : BCH: Initial count: 0
2025-07-16 17:38:47,334 : INFO : ball_device.bd_plunger : State: idle
2025-07-16 17:38:47,335 : INFO : ball_device.bd_trough : BCH: Initial count: 4
2025-07-16 17:38:47,335 : INFO : ball_device.bd_trough : State: idle
2025-07-16 17:38:47,337 : INFO : EventManager : Event: ======'init_phase_3'====== Args={}
2025-07-16 17:38:47,338 : INFO : EventManager : Event: ======'init_phase_4'====== Args={}
2025-07-16 17:38:47,338 : INFO : BallController : Initial balls found: 4
2025-07-16 17:38:47,338 : INFO : EventManager : Event: ======'machine_var_audits_events_game_ended'====== Args={'value': 0, 'prev_value': None, 'change': True}
2025-07-16 17:38:47,338 : INFO : EventManager : Event: ======'machine_var_audits_events_game_started'====== Args={'value': 7, 'prev_value': None, 'change': True}
2025-07-16 17:38:47,338 : INFO : EventManager : Event: ======'machine_var_audits_missing_switches_s_bumper_left'====== Args={'value': 2, 'prev_value': None, 'change': True}
2025-07-16 17:38:47,338 : INFO : EventManager : Event: ======'machine_var_audits_missing_switches_s_bumper_right'====== Args={'value': 2, 'prev_value': None, 'change': True}
2025-07-16 17:38:47,338 : INFO : EventManager : Event: ======'machine_var_audits_missing_switches_s_plunger_lane'====== Args={'value': 7, 'prev_value': None, 'change': True}
2025-07-16 17:38:47,338 : INFO : EventManager : Event: ======'machine_var_audits_missing_switches_s_trough_1'====== Args={'value': 7, 'prev_value': None, 'change': True}
2025-07-16 17:38:47,338 : INFO : EventManager : Event: ======'machine_var_audits_missing_switches_s_trough_2'====== Args={'value': 7, 'prev_value': None, 'change': True}
2025-07-16 17:38:47,338 : INFO : EventManager : Event: ======'machine_var_audits_missing_switches_s_trough_3'====== Args={'value': 7, 'prev_value': None, 'change': True}
2025-07-16 17:38:47,338 : INFO : EventManager : Event: ======'machine_var_audits_missing_switches_s_trough_4'====== Args={'value': 7, 'prev_value': None, 'change': True}
2025-07-16 17:38:47,338 : INFO : EventManager : Event: ======'machine_var_audits_player_score'====== Args={'value': {'average': 0, 'top': [], 'total': 0}, 'prev_value': None, 'change': True}
2025-07-16 17:38:47,338 : INFO : EventManager : Event: ======'machine_var_audits_shots_bumper_left'====== Args={'value': 16, 'prev_value': None, 'change': True}
2025-07-16 17:38:47,338 : INFO : EventManager : Event: ======'machine_var_audits_shots_bumper_right'====== Args={'value': 26, 'prev_value': None, 'change': True}
2025-07-16 17:38:47,338 : INFO : EventManager : Event: ======'machine_var_audits_shots_hurryup'====== Args={'value': 6, 'prev_value': None, 'change': True}
2025-07-16 17:38:47,339 : INFO : EventManager : Event: ======'machine_var_audits_shots_left_lane'====== Args={'value': 15, 'prev_value': None, 'change': True}
2025-07-16 17:38:47,339 : INFO : EventManager : Event: ======'machine_var_audits_switches_s_bumper_left'====== Args={'value': 16, 'prev_value': None, 'change': True}
2025-07-16 17:38:47,339 : INFO : EventManager : Event: ======'machine_var_audits_switches_s_bumper_right'====== Args={'value': 26, 'prev_value': None, 'change': True}
2025-07-16 17:38:47,339 : INFO : EventManager : Event: ======'machine_var_audits_switches_s_flipper_left'====== Args={'value': 25, 'prev_value': None, 'change': True}
2025-07-16 17:38:47,339 : INFO : EventManager : Event: ======'machine_var_audits_switches_s_flipper_right'====== Args={'value': 47, 'prev_value': None, 'change': True}
2025-07-16 17:38:47,339 : INFO : EventManager : Event: ======'machine_var_audits_switches_s_left_lane'====== Args={'value': 15, 'prev_value': None, 'change': True}
2025-07-16 17:38:47,339 : INFO : EventManager : Event: ======'machine_var_audits_switches_s_plunger_lane'====== Args={'value': 0, 'prev_value': None, 'change': True}
2025-07-16 17:38:47,339 : INFO : EventManager : Event: ======'machine_var_audits_switches_s_start'====== Args={'value': 2, 'prev_value': None, 'change': True}
2025-07-16 17:38:47,339 : INFO : EventManager : Event: ======'machine_var_audits_switches_s_trough_1'====== Args={'value': 0, 'prev_value': None, 'change': True}
2025-07-16 17:38:47,339 : INFO : EventManager : Event: ======'machine_var_audits_switches_s_trough_2'====== Args={'value': 0, 'prev_value': None, 'change': True}
2025-07-16 17:38:47,339 : INFO : EventManager : Event: ======'machine_var_audits_switches_s_trough_3'====== Args={'value': 0, 'prev_value': None, 'change': True}
2025-07-16 17:38:47,339 : INFO : EventManager : Event: ======'machine_var_audits_switches_s_trough_4'====== Args={'value': 0, 'prev_value': None, 'change': True}
2025-07-16 17:38:47,339 : INFO : EventManager : Event: ======'init_phase_5'====== Args={}
2025-07-16 17:38:47,339 : INFO : EventManager : Event: ======'init_done'====== Args={}
2025-07-16 17:38:47,339 : INFO : EventManager : Event: ======'machine_reset_phase_1'====== Args={}
2025-07-16 17:38:47,340 : INFO : EventManager : Event: ======'machine_reset_phase_2'====== Args={}
2025-07-16 17:38:47,341 : INFO : EventManager : Event: ======'machine_reset_phase_3'====== Args={}
2025-07-16 17:38:47,341 : INFO : EventManager : Event: ======'reset_complete'====== Args={}
2025-07-16 17:38:47,342 : INFO : EventManager : Event: ======'mode_attract_will_start'====== Args={}
2025-07-16 17:38:47,342 : INFO : Timer.attract_carousel_timer : Starting Timer.
2025-07-16 17:38:47,342 : INFO : EventManager : Event: ======'timer_attract_carousel_timer_started'====== Args={'ticks': 0, 'ticks_remaining': 1}
2025-07-16 17:38:47,342 : INFO : EventManager : Event: ======'timer_attract_carousel_timer_tick'====== Args={'ticks': 0, 'ticks_remaining': 1}
2025-07-16 17:38:47,342 : INFO : EventManager : Event: ======'mode_attract_starting'====== Args={}
2025-07-16 17:38:47,342 : INFO : Mode.attract : Started. Priority: 10
2025-07-16 17:38:47,342 : INFO : EventManager : Event: ======'modes_active_modes_changed'====== Args={}
2025-07-16 17:38:47,342 : INFO : EventManager : Event: ======'mode_attract_started'====== Args={}
2025-07-16 17:38:47,342 : INFO : EventManager : Event: ======'collecting_balls_complete'====== Args={}
2025-07-16 17:38:47,342 : INFO : EventManager : Event: ======'item_highlighted'====== Args={'carousel': 'attract', 'direction': None, 'item': 'press_start'}
2025-07-16 17:38:47,342 : INFO : EventManager : Event: ======'timer_attract_carousel_timer_tick'====== Args={'ticks': 0, 'ticks_remaining': 1}
2025-07-16 17:38:47,343 : INFO : Machine : Starting the main run loop with active modes: [<Mode.attract>]
2025-07-16 17:38:47,491 : INFO : EventManager : Event: ======'slide_attract_created'====== Args={'_from_bcp': True}
2025-07-16 17:38:47,491 : INFO : EventManager : Event: ======'slide__removed'====== Args={'_from_bcp': True}
2025-07-16 17:38:47,491 : INFO : EventManager : Event: ======'slide_attract_active'====== Args={'original_context': 'attract', 'original_calling_context': 'mode_attract_started', 'priority': 10.0, 'cmd': 'slides_play', '_from_bcp': True}
2025-07-16 17:38:50,065 : INFO : SwitchController : <<<<<<< 's_start' active >>>>>>>
2025-07-16 17:38:50,158 : INFO : SwitchController : <<<<<<< 's_start' inactive >>>>>>>
2025-07-16 17:38:50,158 : INFO : EventManager : Event: ======'request_to_start_game'====== Args={}
2025-07-16 17:38:50,159 : INFO : EventManager : Event: ======'game_start'====== Args={'buttons': [], 'hold_time': 0.09255008299805922}
2025-07-16 17:38:50,159 : INFO : EventManager : Event: ======'mode_game_will_start'====== Args={'buttons': [], 'hold_time': 0.09255008299805922}
2025-07-16 17:38:50,160 : INFO : EventManager : Event: ======'mode_game_starting'====== Args={'buttons': [], 'hold_time': 0.09255008299805922}
2025-07-16 17:38:50,160 : INFO : EventManager : Event: ======'mode_attract_will_stop'====== Args={}
2025-07-16 17:38:50,160 : INFO : EventManager : Event: ======'mode_attract_stopping'====== Args={}
2025-07-16 17:38:50,160 : INFO : Mode.attract : Stopped.
2025-07-16 17:38:50,160 : INFO : EventManager : Event: ======'modes_active_modes_changed'====== Args={}
2025-07-16 17:38:50,161 : INFO : EventManager : Event: ======'mode_attract_stopped'====== Args={}
2025-07-16 17:38:50,161 : INFO : EventManager : Event: ======'clear'====== Args={'key': 'attract'}
2025-07-16 17:38:50,161 : INFO : Timer.attract_carousel_timer : Stopping Timer
2025-07-16 17:38:50,161 : INFO : EventManager : Event: ======'timer_attract_carousel_timer_stopped'====== Args={'ticks': 0, 'ticks_remaining': 1}
2025-07-16 17:38:50,161 : INFO : Mode.game : Started. Priority: 20
2025-07-16 17:38:50,161 : INFO : EventManager : Event: ======'modes_active_modes_changed'====== Args={}
2025-07-16 17:38:50,162 : INFO : EventManager : Event: ======'mode_game_started'====== Args={'buttons': [], 'hold_time': 0.09255008299805922}
2025-07-16 17:38:50,169 : INFO : EventManager : Event: ======'game_will_start'====== Args={}
2025-07-16 17:38:50,170 : INFO : EventManager : Event: ======'game_starting'====== Args={'game': <Mode.game>}
2025-07-16 17:38:50,171 : INFO : EventManager : Unordered handler for class <Auditor> on event game_ended with priority 1. Handlers: [RegisteredHandler(callback=<bound method Auditor.disable of <Auditor>>, priority=1, kwargs={}, key=UUID('fbc9856b-986c-4512-aa17-fade75cf64f7'), condition=None, blocking_facility=None), RegisteredHandler(callback=<bound method Auditor._save_audits of <Auditor>>, priority=1, kwargs={}, key=UUID('9e610ef2-0aac-40ba-b22a-c4a2d5cd4aea'), condition=None, blocking_facility=None)]. The order of those handlers is not defined and they will be executed in random order. This might lead to race conditions and potential bugs.
2025-07-16 17:38:50,171 : INFO : EventManager : Event: ======'player_add_request'====== Args={}
2025-07-16 17:38:50,171 : INFO : EventManager : Event: ======'player_will_add'====== Args={'number': 1}
2025-07-16 17:38:50,171 : INFO : EventManager : Event: ======'player_adding'====== Args={'player': <Player 1>, 'number': 1}
2025-07-16 17:38:50,171 : INFO : EventManager : Event: ======'player_added'====== Args={'player': <Player 1>, 'num': 1}
2025-07-16 17:38:50,171 : INFO : Mode.game : Player added successfully. Total players: 1
2025-07-16 17:38:50,172 : INFO : EventManager : Event: ======'player_index'====== Args={'value': 0, 'prev_value': 0, 'change': 0, 'player_num': 1}
2025-07-16 17:38:50,172 : INFO : EventManager : Event: ======'player_number'====== Args={'value': 1, 'prev_value': 1, 'change': 0, 'player_num': 1}
2025-07-16 17:38:50,172 : INFO : EventManager : Event: ======'player_score'====== Args={'value': 0, 'prev_value': 0, 'change': 0, 'player_num': 1}
2025-07-16 17:38:50,173 : INFO : EventManager : Event: ======'game_started'====== Args={}
2025-07-16 17:38:50,173 : INFO : EventManager : Event: ======'player_turn_will_start'====== Args={'player': <Player 1>, 'number': 1}
2025-07-16 17:38:50,174 : INFO : EventManager : Event: ======'player_turn_starting'====== Args={'player': <Player 1>, 'number': 1}
2025-07-16 17:38:50,177 : INFO : EventManager : Event: ======'player_ball'====== Args={'value': 1, 'prev_value': 0, 'change': 1, 'player_num': 1}
2025-07-16 17:38:50,178 : INFO : EventManager : Event: ======'player_turn_started'====== Args={'player': <Player 1>, 'number': 1}
2025-07-16 17:38:50,179 : INFO : EventManager : Event: ======'ball_will_start'====== Args={'player': 1, 'ball': 1, 'balls_remaining': 2, 'is_extra_ball': False}
2025-07-16 17:38:50,181 : INFO : EventManager : Event: ======'ball_starting'====== Args={'player': 1, 'ball': 1, 'balls_remaining': 2, 'is_extra_ball': False}
2025-07-16 17:38:50,181 : INFO : EventManager : Event: ======'mode_base_will_start'====== Args={'queue': <QueuedEvent>, 'player': 1, 'ball': 1, 'balls_remaining': 2, 'is_extra_ball': False}
2025-07-16 17:38:50,182 : INFO : EventManager : Event: ======'player_shot_left_lane_enabled'====== Args={'value': True, 'prev_value': 0, 'change': 1, 'player_num': 1}
2025-07-16 17:38:50,183 : INFO : EventManager : Event: ======'mode_base_starting'====== Args={'queue': <QueuedEvent>, 'player': 1, 'ball': 1, 'balls_remaining': 2, 'is_extra_ball': False}
2025-07-16 17:38:50,183 : INFO : Mode.base : Started. Priority: 100
2025-07-16 17:38:50,183 : INFO : EventManager : Event: ======'modes_active_modes_changed'====== Args={}
2025-07-16 17:38:50,183 : INFO : EventManager : Event: ======'mode_base_started'====== Args={'queue': <QueuedEvent>, 'player': 1, 'ball': 1, 'balls_remaining': 2, 'is_extra_ball': False}
2025-07-16 17:38:50,184 : INFO : EventManager : Event: ======'start_mode_bumpers'====== Args={'priority': 0}
2025-07-16 17:38:50,184 : INFO : EventManager : Event: ======'mode_bumpers_will_start'====== Args={'priority': 0}
2025-07-16 17:38:50,184 : INFO : EventManager : Event: ======'player_shot_bumper_left_enabled'====== Args={'value': True, 'prev_value': 0, 'change': 1, 'player_num': 1}
2025-07-16 17:38:50,185 : INFO : EventManager : Event: ======'player_shot_bumper_right_enabled'====== Args={'value': True, 'prev_value': 0, 'change': 1, 'player_num': 1}
2025-07-16 17:38:50,185 : INFO : EventManager : Event: ======'bumpers_complete'====== Args={'state': 'unlit'}
2025-07-16 17:38:50,185 : INFO : EventManager : Event: ======'bumpers_unlit_complete'====== Args={}
2025-07-16 17:38:50,186 : INFO : EventManager : Event: ======'mode_bumpers_starting'====== Args={'priority': 0}
2025-07-16 17:38:50,186 : INFO : Mode.bumpers : Started. Priority: 200
2025-07-16 17:38:50,186 : INFO : EventManager : Event: ======'modes_active_modes_changed'====== Args={}
2025-07-16 17:38:50,186 : INFO : EventManager : Event: ======'mode_bumpers_started'====== Args={'priority': 0}
2025-07-16 17:38:50,187 : INFO : EventManager : Event: ======'balls_in_play'====== Args={'balls': 1}
2025-07-16 17:38:50,187 : INFO : EventManager : Event: ======'ball_started'====== Args={'player': 1, 'ball': 1, 'balls_remaining': 2, 'is_extra_ball': False}
2025-07-16 17:38:50,188 : INFO : EventManager : Event: ======'single_player_ball_started'====== Args={}
2025-07-16 17:38:50,188 : INFO : EventManager : Event: ======'ball_start_target'====== Args={'target': 'playfield'}
2025-07-16 17:38:50,188 : INFO : ball_device.bd_trough : Setting up player-controlled eject. Balls: 1, Target: <playfield.playfield>, player_controlled_eject_event: None
2025-07-16 17:38:50,189 : INFO : ball_device.bd_trough : Adding 1 ball(s) to the eject_queue with target <playfield.playfield>.
2025-07-16 17:38:50,189 : INFO : EventManager : Event: ======'balldevice_balls_available'====== Args={}
2025-07-16 17:38:50,189 : INFO : ball_device.bd_trough : State: waiting_for_target_ready
2025-07-16 17:38:50,190 : INFO : EventManager : Event: ======'balldevice_bd_trough_ball_eject_attempt'====== Args={'balls': 1, 'target': <ball_device.bd_plunger>, 'source': <ball_device.bd_trough>, 'mechanical_eject': False, 'num_attempts': 0}
2025-07-16 17:38:50,190 : INFO : ball_device.bd_plunger : State: waiting_for_ball
2025-07-16 17:38:50,190 : INFO : ball_device.bd_trough : State: ejecting
2025-07-16 17:38:50,190 : INFO : ball_device.bd_trough : Ejecting ball to <ball_device.bd_plunger>
2025-07-16 17:38:50,190 : INFO : EventManager : Event: ======'balldevice_bd_trough_ejecting_ball'====== Args={'balls': 1, 'target': <ball_device.bd_plunger>, 'source': <ball_device.bd_trough>, 'mechanical_eject': False, 'num_attempts': 0}
2025-07-16 17:38:50,191 : INFO : ball_device.bd_trough : Wait for ball to leave device
2025-07-16 17:38:50,191 : INFO : coil.c_trough_eject : Pulsing Driver for 10ms (1.0 pulse_power)
2025-07-16 17:38:50,264 : INFO : EventManager : Event: ======'slide_base_slide_created'====== Args={'_from_bcp': True}
2025-07-16 17:38:50,265 : INFO : EventManager : Event: ======'slide_attract_inactive'====== Args={'is_removing': True, '_from_bcp': True}
2025-07-16 17:38:50,265 : INFO : EventManager : Event: ======'slide_base_slide_active'====== Args={'original_context': 'base', 'original_calling_context': 'mode_base_started', 'priority': 100.0, 'queue': '<QueuedEvent>', 'player': 1.0, 'ball': 1.0, 'balls_remaining': 2.0, 'is_extra_ball': False, 'cmd': 'slides_play', '_from_bcp': True}
2025-07-16 17:38:50,266 : INFO : EventManager : Event: ======'slide_attract_removed'====== Args={'_from_bcp': True}
2025-07-16 17:38:51,208 : INFO : SwitchController : <<<<<<< 's_flipper_right' active >>>>>>>
2025-07-16 17:38:51,209 : INFO : EventManager : Event: ======'machine_var_audits_switches_s_flipper_right'====== Args={'value': 48, 'prev_value': 47, 'change': 1}
2025-07-16 17:38:51,367 : INFO : SwitchController : <<<<<<< 's_flipper_right' inactive >>>>>>>
2025-07-16 17:38:51,668 : INFO : SwitchController : <<<<<<< 's_flipper_left' active >>>>>>>
2025-07-16 17:38:51,669 : INFO : EventManager : Event: ======'machine_var_audits_switches_s_flipper_left'====== Args={'value': 26, 'prev_value': 25, 'change': 1}
2025-07-16 17:38:51,757 : INFO : SwitchController : <<<<<<< 's_flipper_left' inactive >>>>>>>
2025-07-16 17:38:51,822 : INFO : SwitchController : <<<<<<< 's_flipper_right' active >>>>>>>
2025-07-16 17:38:51,823 : INFO : EventManager : Event: ======'machine_var_audits_switches_s_flipper_right'====== Args={'value': 49, 'prev_value': 48, 'change': 1}
2025-07-16 17:38:51,928 : INFO : SwitchController : <<<<<<< 's_flipper_left' active >>>>>>>
2025-07-16 17:38:51,929 : INFO : EventManager : Event: ======'flipper_cancel'====== Args={'triggering_group': 1, 'triggering_switch': 's_flipper_left'}
2025-07-16 17:38:51,930 : INFO : EventManager : Event: ======'machine_var_audits_switches_s_flipper_left'====== Args={'value': 27, 'prev_value': 26, 'change': 1}
2025-07-16 17:38:51,942 : INFO : SwitchController : <<<<<<< 's_flipper_right' inactive >>>>>>>
2025-07-16 17:38:51,942 : INFO : EventManager : Event: ======'both_flippers_one'====== Args={'triggering_group': 2, 'triggering_switch': 's_flipper_right'}
2025-07-16 17:38:51,989 : INFO : SwitchController : <<<<<<< 's_flipper_left' inactive >>>>>>>
2025-07-16 17:38:51,989 : INFO : EventManager : Event: ======'both_flippers_inactive'====== Args={'triggering_group': 1, 'triggering_switch': 's_flipper_left'}
2025-07-16 17:38:52,047 : INFO : SwitchController : <<<<<<< 's_flipper_right' active >>>>>>>
2025-07-16 17:38:52,047 : INFO : EventManager : Event: ======'machine_var_audits_switches_s_flipper_right'====== Args={'value': 50, 'prev_value': 49, 'change': 1}
2025-07-16 17:38:52,115 : INFO : SwitchController : <<<<<<< 's_flipper_left' active >>>>>>>
2025-07-16 17:38:52,116 : INFO : EventManager : Event: ======'flipper_cancel'====== Args={'triggering_group': 1, 'triggering_switch': 's_flipper_left'}
2025-07-16 17:38:52,117 : INFO : EventManager : Event: ======'machine_var_audits_switches_s_flipper_left'====== Args={'value': 28, 'prev_value': 27, 'change': 1}
2025-07-16 17:38:52,131 : INFO : SwitchController : <<<<<<< 's_flipper_right' inactive >>>>>>>
2025-07-16 17:38:52,131 : INFO : EventManager : Event: ======'both_flippers_one'====== Args={'triggering_group': 2, 'triggering_switch': 's_flipper_right'}
2025-07-16 17:38:52,163 : INFO : SwitchController : <<<<<<< 's_flipper_left' inactive >>>>>>>
2025-07-16 17:38:52,164 : INFO : EventManager : Event: ======'both_flippers_inactive'====== Args={'triggering_group': 1, 'triggering_switch': 's_flipper_left'}
2025-07-16 17:38:52,242 : INFO : SwitchController : <<<<<<< 's_flipper_right' active >>>>>>>
2025-07-16 17:38:52,242 : INFO : EventManager : Event: ======'machine_var_audits_switches_s_flipper_right'====== Args={'value': 51, 'prev_value': 50, 'change': 1}
2025-07-16 17:38:52,292 : INFO : SwitchController : <<<<<<< 's_flipper_left' active >>>>>>>
2025-07-16 17:38:52,292 : INFO : EventManager : Event: ======'flipper_cancel'====== Args={'triggering_group': 1, 'triggering_switch': 's_flipper_left'}
2025-07-16 17:38:52,292 : INFO : EventManager : Event: ======'machine_var_audits_switches_s_flipper_left'====== Args={'value': 29, 'prev_value': 28, 'change': 1}
2025-07-16 17:38:52,305 : INFO : SwitchController : <<<<<<< 's_flipper_right' inactive >>>>>>>
2025-07-16 17:38:52,306 : INFO : EventManager : Event: ======'both_flippers_one'====== Args={'triggering_group': 2, 'triggering_switch': 's_flipper_right'}
2025-07-16 17:38:52,356 : INFO : SwitchController : <<<<<<< 's_flipper_left' inactive >>>>>>>
2025-07-16 17:38:52,357 : INFO : EventManager : Event: ======'both_flippers_inactive'====== Args={'triggering_group': 1, 'triggering_switch': 's_flipper_left'}
2025-07-16 17:38:52,414 : INFO : SwitchController : <<<<<<< 's_flipper_right' active >>>>>>>
2025-07-16 17:38:52,414 : INFO : EventManager : Event: ======'machine_var_audits_switches_s_flipper_right'====== Args={'value': 52, 'prev_value': 51, 'change': 1}
2025-07-16 17:38:52,466 : INFO : SwitchController : <<<<<<< 's_flipper_left' active >>>>>>>
2025-07-16 17:38:52,466 : INFO : EventManager : Event: ======'flipper_cancel'====== Args={'triggering_group': 1, 'triggering_switch': 's_flipper_left'}
2025-07-16 17:38:52,466 : INFO : EventManager : Event: ======'machine_var_audits_switches_s_flipper_left'====== Args={'value': 30, 'prev_value': 29, 'change': 1}
2025-07-16 17:38:52,492 : INFO : SwitchController : <<<<<<< 's_flipper_right' inactive >>>>>>>
2025-07-16 17:38:52,492 : INFO : EventManager : Event: ======'both_flippers_one'====== Args={'triggering_group': 2, 'triggering_switch': 's_flipper_right'}
2025-07-16 17:38:52,547 : INFO : SwitchController : <<<<<<< 's_flipper_left' inactive >>>>>>>
2025-07-16 17:38:52,548 : INFO : EventManager : Event: ======'both_flippers_inactive'====== Args={'triggering_group': 1, 'triggering_switch': 's_flipper_left'}
2025-07-16 17:38:52,582 : INFO : SwitchController : <<<<<<< 's_flipper_right' active >>>>>>>
2025-07-16 17:38:52,583 : INFO : EventManager : Event: ======'machine_var_audits_switches_s_flipper_right'====== Args={'value': 53, 'prev_value': 52, 'change': 1}
2025-07-16 17:38:52,636 : INFO : SwitchController : <<<<<<< 's_flipper_left' active >>>>>>>
2025-07-16 17:38:52,636 : INFO : EventManager : Event: ======'flipper_cancel'====== Args={'triggering_group': 1, 'triggering_switch': 's_flipper_left'}
2025-07-16 17:38:52,636 : INFO : EventManager : Event: ======'machine_var_audits_switches_s_flipper_left'====== Args={'value': 31, 'prev_value': 30, 'change': 1}
2025-07-16 17:38:52,683 : INFO : SwitchController : <<<<<<< 's_flipper_right' inactive >>>>>>>
2025-07-16 17:38:52,683 : INFO : EventManager : Event: ======'both_flippers_one'====== Args={'triggering_group': 2, 'triggering_switch': 's_flipper_right'}
2025-07-16 17:38:52,715 : INFO : SwitchController : <<<<<<< 's_flipper_left' inactive >>>>>>>
2025-07-16 17:38:52,716 : INFO : EventManager : Event: ======'both_flippers_inactive'====== Args={'triggering_group': 1, 'triggering_switch': 's_flipper_left'}
2025-07-16 17:38:52,768 : INFO : SwitchController : <<<<<<< 's_flipper_right' active >>>>>>>
2025-07-16 17:38:52,768 : INFO : EventManager : Event: ======'machine_var_audits_switches_s_flipper_right'====== Args={'value': 54, 'prev_value': 53, 'change': 1}
2025-07-16 17:38:52,798 : INFO : SwitchController : <<<<<<< 's_flipper_right' inactive >>>>>>>
2025-07-16 17:38:55,937 : INFO : Machine : Shutting down...
2025-07-16 17:38:55,938 : INFO : EventManager : Event: ======'shutdown'====== Args={}
2025-07-16 17:38:55,939 : INFO : EventManager : Event: ======'mode_game_will_stop'====== Args={}
2025-07-16 17:38:55,939 : INFO : EventManager : Event: ======'mode_game_stopping'====== Args={}
2025-07-16 17:38:55,939 : INFO : EventManager : Event: ======'mode_base_will_stop'====== Args={}
2025-07-16 17:38:55,939 : INFO : EventManager : Event: ======'mode_base_stopping'====== Args={}
2025-07-16 17:38:55,939 : INFO : EventManager : Event: ======'mode_bumpers_will_stop'====== Args={}
2025-07-16 17:38:55,939 : INFO : EventManager : Event: ======'mode_bumpers_stopping'====== Args={}
2025-07-16 17:38:55,939 : INFO : EventManager : Event: ======'stop_mode_bumpers'====== Args={'priority': 0}
2025-07-16 17:38:55,940 : INFO : Mode.bumpers : Stopped.
2025-07-16 17:38:55,940 : INFO : EventManager : Event: ======'modes_active_modes_changed'====== Args={}
2025-07-16 17:38:55,940 : INFO : EventManager : Event: ======'mode_bumpers_stopped'====== Args={}
2025-07-16 17:38:55,940 : INFO : EventManager : Event: ======'clear'====== Args={'key': 'bumpers'}
2025-07-16 17:38:55,940 : INFO : Mode.base : Stopped.
2025-07-16 17:38:55,940 : INFO : EventManager : Event: ======'modes_active_modes_changed'====== Args={}
2025-07-16 17:38:55,940 : INFO : EventManager : Event: ======'mode_base_stopped'====== Args={}
2025-07-16 17:38:55,940 : INFO : EventManager : Event: ======'clear'====== Args={'key': 'base'}
2025-07-16 17:38:55,940 : INFO : Mode.game : Stopped.
2025-07-16 17:38:55,941 : INFO : EventManager : Event: ======'modes_active_modes_changed'====== Args={}
2025-07-16 17:38:55,941 : INFO : EventManager : Event: ======'mode_game_stopped'====== Args={}
2025-07-16 17:38:55,941 : INFO : EventManager : Event: ======'clear'====== Args={'key': 'game'}
2025-07-16 17:38:55,942 : INFO : root : MPF run loop ended.
