2025-07-16 16:56:07,267 : INFO : root : Loading config.
2025-07-16 16:56:07,268 : INFO : YamlMultifileConfigLoader : Machine config file #1: config.yaml
2025-07-16 16:56:07,268 : INFO : ConfigProcessor : Loading config from cache: /var/folders/pz/vf5_w96n7hl70j30jzrp_64r0000gp/T/4b0446b065373c01774765373fc5a010.mpf_cache
2025-07-16 16:56:07,286 : INFO : ConfigProcessor : Loading config from cache: /var/folders/pz/vf5_w96n7hl70j30jzrp_64r0000gp/T/8c6758dff4d969b46729a501e1f9b5a2.mpf_cache
2025-07-16 16:56:07,286 : INFO : ConfigProcessor : Loading config from cache: /var/folders/pz/vf5_w96n7hl70j30jzrp_64r0000gp/T/86b9553ee9e8fe91c4c341498a1256c7.mpf_cache
2025-07-16 16:56:07,286 : INFO : ConfigProcessor : Loading config from cache: /var/folders/pz/vf5_w96n7hl70j30jzrp_64r0000gp/T/8c6758dff4d969b46729a501e1f9b5a2.mpf_cache
2025-07-16 16:56:07,286 : INFO : ConfigProcessor : Loading config from cache: /var/folders/pz/vf5_w96n7hl70j30jzrp_64r0000gp/T/fe908dde2db5cc7f24a22ccd0c690388.mpf_cache
2025-07-16 16:56:07,286 : INFO : ConfigProcessor : Loading config from cache: /var/folders/pz/vf5_w96n7hl70j30jzrp_64r0000gp/T/c87d87d711c9e63e2e052ce58df60d5a.mpf_cache
2025-07-16 16:56:07,287 : INFO : ConfigProcessor : Loading config from file /Users/craig/Documents/Pinball/Gremlins/modes/hurryup/config/hurryup.yaml.
2025-07-16 16:56:07,288 : INFO : ConfigProcessor : Loading config: /Users/craig/Documents/Pinball/Gremlins/modes/hurryup/config/hurryup.yaml
2025-07-16 16:56:07,288 : INFO : ConfigProcessor : Config file cache created: /var/folders/pz/vf5_w96n7hl70j30jzrp_64r0000gp/T/2285102ea814fec0736640417091917b.mpf_cache
2025-07-16 16:56:07,288 : INFO : Machine : Mission Pinball Framework Core Engine v0.80.0.dev8
2025-07-16 16:56:07,288 : INFO : Machine : Command line arguments: {'no_load_cache': False, 'create_config_cache': True, 'bcp': True, 'configfile': ['config.yaml'], 'force_assets_load': False, 'platform_integration_test': False, 'jsonlogging': False, 'logfile': 'logs/2025-07-16-16-56-07-mpf-Craigs-MacBook-Pro.local.log', 'pause': False, 'production': False, 'text_ui': False, 'loglevel': 15, 'consoleloglevel': 20, 'force_platform': 'virtual', 'syslog_address': None, 'full_logfile_path': '/Users/craig/Documents/Pinball/Gremlins/logs/2025-07-16-16-56-07-mpf-Craigs-MacBook-Pro.local.log'}
2025-07-16 16:56:07,288 : INFO : Machine : MPF path: /Users/craig/mpf-080/lib/python3.12/site-packages/mpf
2025-07-16 16:56:07,288 : INFO : Machine : Machine path: /Users/craig/Documents/Pinball/Gremlins
2025-07-16 16:56:07,288 : INFO : Machine : Platform: darwin
2025-07-16 16:56:07,288 : INFO : Machine : Python executable location: /Users/craig/mpf-080/bin/python3.12
2025-07-16 16:56:07,288 : INFO : Machine : Python version: 3.12.7 (64-bit)
2025-07-16 16:56:07,288 : INFO : Machine : Initializing MPF...
2025-07-16 16:56:07,304 : INFO : EventManager : Event: ======'machine_var_credits_string'====== Args={'value': 'FREE PLAY', 'prev_value': None, 'change': True}
2025-07-16 16:56:07,308 : INFO : EventManager : Event: ======'machine_var_master_volume'====== Args={'value': 0.5, 'prev_value': None, 'change': True}
2025-07-16 16:56:07,308 : INFO : EventManager : Event: ======'machine_var_mpf_version'====== Args={'value': 'Mission Pinball Framework v0.80.0.dev8', 'prev_value': None, 'change': True}
2025-07-16 16:56:07,308 : INFO : EventManager : Event: ======'machine_var_mpf_extended_version'====== Args={'value': 'Mission Pinball Framework v0.80.0.dev8, Config version:6, Show version: 6, BCP version:1.1', 'prev_value': None, 'change': True}
2025-07-16 16:56:07,308 : INFO : EventManager : Event: ======'machine_var_python_version'====== Args={'value': '3.12.7', 'prev_value': None, 'change': True}
2025-07-16 16:56:07,316 : INFO : EventManager : Event: ======'machine_var_platform'====== Args={'value': 'macOS-14.7.6-arm64-arm-64bit', 'prev_value': None, 'change': True}
2025-07-16 16:56:07,316 : INFO : EventManager : Event: ======'machine_var_platform_system'====== Args={'value': 'Darwin', 'prev_value': None, 'change': True}
2025-07-16 16:56:07,316 : INFO : EventManager : Event: ======'machine_var_platform_release'====== Args={'value': '23.6.0', 'prev_value': None, 'change': True}
2025-07-16 16:56:07,316 : INFO : EventManager : Event: ======'machine_var_platform_version'====== Args={'value': 'Darwin Kernel Version 23.6.0: Thu Apr 24 20:29:18 PDT 2025; root:xnu-10063.141.1.705.2~1/RELEASE_ARM64_T6000', 'prev_value': None, 'change': True}
2025-07-16 16:56:07,316 : INFO : EventManager : Event: ======'machine_var_platform_machine'====== Args={'value': 'arm64', 'prev_value': None, 'change': True}
2025-07-16 16:56:07,316 : INFO : EventManager : Event: ======'machine_var_log_file_path'====== Args={'value': '/Users/craig/Documents/Pinball/Gremlins/logs/2025-07-16-16-56-07-mpf-Craigs-MacBook-Pro.local.log', 'prev_value': None, 'change': True}
2025-07-16 16:56:07,316 : INFO : EventManager : Event: ======'init_phase_1'====== Args={}
2025-07-16 16:56:07,322 : INFO : EventManager : Event: ======'init_phase_2'====== Args={}
2025-07-16 16:56:07,322 : INFO : SwitchController : Found active switch: (1006, <Platform.Virtual>) <switch.s_trough_1>
2025-07-16 16:56:07,322 : INFO : SwitchController : Found active switch: (1007, <Platform.Virtual>) <switch.s_trough_2>
2025-07-16 16:56:07,322 : INFO : SwitchController : Found active switch: (1008, <Platform.Virtual>) <switch.s_trough_3>
2025-07-16 16:56:07,322 : INFO : SwitchController : Found active switch: (1009, <Platform.Virtual>) <switch.s_trough_4>
2025-07-16 16:56:07,323 : INFO : EventManager : Event: ======'bcp_connection_attempt'====== Args={'name': 'local_display', 'host': 'localhost', 'port': 5050}
2025-07-16 16:56:07,323 : INFO : BCPClientSocket : Connecting BCP to 'local_display' at localhost:5050...
2025-07-16 16:56:07,326 : INFO : BCPClientSocket : Connected BCP to 'local_display' localhost:5050
2025-07-16 16:56:07,326 : INFO : EventManager : Event: ======'bcp_clients_connected'====== Args={}
2025-07-16 16:56:07,327 : INFO : ball_device.bd_plunger : BCH: Initial count: 0
2025-07-16 16:56:07,327 : INFO : ball_device.bd_plunger : State: idle
2025-07-16 16:56:07,327 : INFO : ball_device.bd_trough : BCH: Initial count: 4
2025-07-16 16:56:07,327 : INFO : ball_device.bd_trough : State: idle
2025-07-16 16:56:07,330 : INFO : EventManager : Event: ======'init_phase_3'====== Args={}
2025-07-16 16:56:07,330 : INFO : EventManager : Event: ======'init_phase_4'====== Args={}
2025-07-16 16:56:07,330 : INFO : BallController : Initial balls found: 4
2025-07-16 16:56:07,331 : INFO : EventManager : Event: ======'machine_var_audits_events_game_ended'====== Args={'value': 0, 'prev_value': None, 'change': True}
2025-07-16 16:56:07,331 : INFO : EventManager : Event: ======'machine_var_audits_events_game_started'====== Args={'value': 2, 'prev_value': None, 'change': True}
2025-07-16 16:56:07,331 : INFO : EventManager : Event: ======'machine_var_audits_missing_switches_s_flipper_left'====== Args={'value': 1, 'prev_value': None, 'change': True}
2025-07-16 16:56:07,331 : INFO : EventManager : Event: ======'machine_var_audits_missing_switches_s_flipper_right'====== Args={'value': 1, 'prev_value': None, 'change': True}
2025-07-16 16:56:07,331 : INFO : EventManager : Event: ======'machine_var_audits_missing_switches_s_left_lane'====== Args={'value': 2, 'prev_value': None, 'change': True}
2025-07-16 16:56:07,331 : INFO : EventManager : Event: ======'machine_var_audits_missing_switches_s_plunger_lane'====== Args={'value': 2, 'prev_value': None, 'change': True}
2025-07-16 16:56:07,331 : INFO : EventManager : Event: ======'machine_var_audits_missing_switches_s_trough_1'====== Args={'value': 2, 'prev_value': None, 'change': True}
2025-07-16 16:56:07,331 : INFO : EventManager : Event: ======'machine_var_audits_missing_switches_s_trough_2'====== Args={'value': 2, 'prev_value': None, 'change': True}
2025-07-16 16:56:07,331 : INFO : EventManager : Event: ======'machine_var_audits_missing_switches_s_trough_3'====== Args={'value': 2, 'prev_value': None, 'change': True}
2025-07-16 16:56:07,331 : INFO : EventManager : Event: ======'machine_var_audits_missing_switches_s_trough_4'====== Args={'value': 2, 'prev_value': None, 'change': True}
2025-07-16 16:56:07,331 : INFO : EventManager : Event: ======'machine_var_audits_player_score'====== Args={'value': {'average': 0, 'top': [], 'total': 0}, 'prev_value': None, 'change': True}
2025-07-16 16:56:07,331 : INFO : EventManager : Event: ======'machine_var_audits_shots_bumper_left'====== Args={'value': 9, 'prev_value': None, 'change': True}
2025-07-16 16:56:07,331 : INFO : EventManager : Event: ======'machine_var_audits_shots_bumper_right'====== Args={'value': 11, 'prev_value': None, 'change': True}
2025-07-16 16:56:07,331 : INFO : EventManager : Event: ======'machine_var_audits_switches_s_bumper_left'====== Args={'value': 9, 'prev_value': None, 'change': True}
2025-07-16 16:56:07,331 : INFO : EventManager : Event: ======'machine_var_audits_switches_s_bumper_right'====== Args={'value': 11, 'prev_value': None, 'change': True}
2025-07-16 16:56:07,331 : INFO : EventManager : Event: ======'machine_var_audits_switches_s_flipper_left'====== Args={'value': 5, 'prev_value': None, 'change': True}
2025-07-16 16:56:07,331 : INFO : EventManager : Event: ======'machine_var_audits_switches_s_flipper_right'====== Args={'value': 5, 'prev_value': None, 'change': True}
2025-07-16 16:56:07,331 : INFO : EventManager : Event: ======'machine_var_audits_switches_s_left_lane'====== Args={'value': 0, 'prev_value': None, 'change': True}
2025-07-16 16:56:07,331 : INFO : EventManager : Event: ======'machine_var_audits_switches_s_plunger_lane'====== Args={'value': 0, 'prev_value': None, 'change': True}
2025-07-16 16:56:07,331 : INFO : EventManager : Event: ======'machine_var_audits_switches_s_start'====== Args={'value': 1, 'prev_value': None, 'change': True}
2025-07-16 16:56:07,331 : INFO : EventManager : Event: ======'machine_var_audits_switches_s_trough_1'====== Args={'value': 0, 'prev_value': None, 'change': True}
2025-07-16 16:56:07,331 : INFO : EventManager : Event: ======'machine_var_audits_switches_s_trough_2'====== Args={'value': 0, 'prev_value': None, 'change': True}
2025-07-16 16:56:07,331 : INFO : EventManager : Event: ======'machine_var_audits_switches_s_trough_3'====== Args={'value': 0, 'prev_value': None, 'change': True}
2025-07-16 16:56:07,331 : INFO : EventManager : Event: ======'machine_var_audits_switches_s_trough_4'====== Args={'value': 0, 'prev_value': None, 'change': True}
2025-07-16 16:56:07,331 : INFO : EventManager : Event: ======'init_phase_5'====== Args={}
2025-07-16 16:56:07,331 : INFO : EventManager : Event: ======'init_done'====== Args={}
2025-07-16 16:56:07,331 : INFO : EventManager : Event: ======'machine_reset_phase_1'====== Args={}
2025-07-16 16:56:07,338 : INFO : EventManager : Event: ======'machine_reset_phase_2'====== Args={}
2025-07-16 16:56:07,338 : INFO : EventManager : Event: ======'machine_reset_phase_3'====== Args={}
2025-07-16 16:56:07,339 : INFO : EventManager : Event: ======'reset_complete'====== Args={}
2025-07-16 16:56:07,339 : INFO : EventManager : Event: ======'mode_attract_will_start'====== Args={}
2025-07-16 16:56:07,339 : INFO : Timer.attract_carousel_timer : Starting Timer.
2025-07-16 16:56:07,339 : INFO : EventManager : Event: ======'timer_attract_carousel_timer_started'====== Args={'ticks': 0, 'ticks_remaining': 1}
2025-07-16 16:56:07,339 : INFO : EventManager : Event: ======'timer_attract_carousel_timer_tick'====== Args={'ticks': 0, 'ticks_remaining': 1}
2025-07-16 16:56:07,339 : INFO : EventManager : Event: ======'mode_attract_starting'====== Args={}
2025-07-16 16:56:07,339 : INFO : Mode.attract : Started. Priority: 10
2025-07-16 16:56:07,339 : INFO : EventManager : Event: ======'modes_active_modes_changed'====== Args={}
2025-07-16 16:56:07,339 : INFO : EventManager : Event: ======'mode_attract_started'====== Args={}
2025-07-16 16:56:07,339 : INFO : EventManager : Event: ======'collecting_balls_complete'====== Args={}
2025-07-16 16:56:07,339 : INFO : EventManager : Event: ======'item_highlighted'====== Args={'carousel': 'attract', 'direction': None, 'item': 'title'}
2025-07-16 16:56:07,340 : INFO : EventManager : Event: ======'timer_attract_carousel_timer_tick'====== Args={'ticks': 0, 'ticks_remaining': 1}
2025-07-16 16:56:07,340 : INFO : Machine : Starting the main run loop with active modes: [<Mode.attract>]
2025-07-16 16:56:07,372 : INFO : EventManager : Event: ======'slide_attract_created'====== Args={'_from_bcp': True}
2025-07-16 16:56:07,372 : INFO : EventManager : Event: ======'slide__removed'====== Args={'_from_bcp': True}
2025-07-16 16:56:07,372 : INFO : EventManager : Event: ======'slide_attract_active'====== Args={'original_context': 'attract', 'original_calling_context': 'mode_attract_started', 'priority': 10.0, 'cmd': 'slides_play', '_from_bcp': True}
2025-07-16 16:56:10,934 : INFO : SwitchController : <<<<<<< 's_start' active >>>>>>>
2025-07-16 16:56:11,024 : INFO : SwitchController : <<<<<<< 's_start' inactive >>>>>>>
2025-07-16 16:56:11,024 : INFO : EventManager : Event: ======'request_to_start_game'====== Args={}
2025-07-16 16:56:11,025 : INFO : EventManager : Event: ======'game_start'====== Args={'buttons': [], 'hold_time': 0.09033287499914877}
2025-07-16 16:56:11,026 : INFO : EventManager : Event: ======'mode_game_will_start'====== Args={'buttons': [], 'hold_time': 0.09033287499914877}
2025-07-16 16:56:11,027 : INFO : EventManager : Event: ======'mode_game_starting'====== Args={'buttons': [], 'hold_time': 0.09033287499914877}
2025-07-16 16:56:11,027 : INFO : EventManager : Event: ======'mode_attract_will_stop'====== Args={}
2025-07-16 16:56:11,027 : INFO : EventManager : Event: ======'mode_attract_stopping'====== Args={}
2025-07-16 16:56:11,027 : INFO : Mode.attract : Stopped.
2025-07-16 16:56:11,027 : INFO : EventManager : Event: ======'modes_active_modes_changed'====== Args={}
2025-07-16 16:56:11,027 : INFO : EventManager : Event: ======'mode_attract_stopped'====== Args={}
2025-07-16 16:56:11,027 : INFO : EventManager : Event: ======'clear'====== Args={'key': 'attract'}
2025-07-16 16:56:11,027 : INFO : Timer.attract_carousel_timer : Stopping Timer
2025-07-16 16:56:11,028 : INFO : EventManager : Event: ======'timer_attract_carousel_timer_stopped'====== Args={'ticks': 0, 'ticks_remaining': 1}
2025-07-16 16:56:11,028 : INFO : Mode.game : Started. Priority: 20
2025-07-16 16:56:11,028 : INFO : EventManager : Event: ======'modes_active_modes_changed'====== Args={}
2025-07-16 16:56:11,028 : INFO : EventManager : Event: ======'mode_game_started'====== Args={'buttons': [], 'hold_time': 0.09033287499914877}
2025-07-16 16:56:11,035 : INFO : EventManager : Event: ======'game_will_start'====== Args={}
2025-07-16 16:56:11,036 : INFO : EventManager : Event: ======'game_starting'====== Args={'game': <Mode.game>}
2025-07-16 16:56:11,038 : INFO : EventManager : Unordered handler for class <Auditor> on event game_ended with priority 1. Handlers: [RegisteredHandler(callback=<bound method Auditor.disable of <Auditor>>, priority=1, kwargs={}, key=UUID('b96b7806-9d2e-44e8-b1e9-d78a54810f1d'), condition=None, blocking_facility=None), RegisteredHandler(callback=<bound method Auditor._save_audits of <Auditor>>, priority=1, kwargs={}, key=UUID('b7bd8d60-e6ea-459a-8adb-0582972060af'), condition=None, blocking_facility=None)]. The order of those handlers is not defined and they will be executed in random order. This might lead to race conditions and potential bugs.
2025-07-16 16:56:11,038 : INFO : EventManager : Event: ======'player_add_request'====== Args={}
2025-07-16 16:56:11,039 : INFO : EventManager : Event: ======'player_will_add'====== Args={'number': 1}
2025-07-16 16:56:11,040 : INFO : EventManager : Event: ======'player_adding'====== Args={'player': <Player 1>, 'number': 1}
2025-07-16 16:56:11,040 : INFO : EventManager : Event: ======'player_added'====== Args={'player': <Player 1>, 'num': 1}
2025-07-16 16:56:11,040 : INFO : Mode.game : Player added successfully. Total players: 1
2025-07-16 16:56:11,040 : INFO : EventManager : Event: ======'player_index'====== Args={'value': 0, 'prev_value': 0, 'change': 0, 'player_num': 1}
2025-07-16 16:56:11,041 : INFO : EventManager : Event: ======'player_number'====== Args={'value': 1, 'prev_value': 1, 'change': 0, 'player_num': 1}
2025-07-16 16:56:11,042 : INFO : EventManager : Event: ======'player_score'====== Args={'value': 0, 'prev_value': 0, 'change': 0, 'player_num': 1}
2025-07-16 16:56:11,042 : INFO : EventManager : Event: ======'game_started'====== Args={}
2025-07-16 16:56:11,043 : INFO : EventManager : Event: ======'player_turn_will_start'====== Args={'player': <Player 1>, 'number': 1}
2025-07-16 16:56:11,049 : INFO : EventManager : Event: ======'player_turn_starting'====== Args={'player': <Player 1>, 'number': 1}
2025-07-16 16:56:11,050 : INFO : EventManager : Event: ======'player_ball'====== Args={'value': 1, 'prev_value': 0, 'change': 1, 'player_num': 1}
2025-07-16 16:56:11,050 : INFO : EventManager : Event: ======'player_turn_started'====== Args={'player': <Player 1>, 'number': 1}
2025-07-16 16:56:11,051 : INFO : EventManager : Event: ======'ball_will_start'====== Args={'player': 1, 'ball': 1, 'balls_remaining': 2, 'is_extra_ball': False}
2025-07-16 16:56:11,051 : INFO : EventManager : Event: ======'ball_starting'====== Args={'player': 1, 'ball': 1, 'balls_remaining': 2, 'is_extra_ball': False}
2025-07-16 16:56:11,052 : INFO : EventManager : Event: ======'mode_base_will_start'====== Args={'queue': <QueuedEvent>, 'player': 1, 'ball': 1, 'balls_remaining': 2, 'is_extra_ball': False}
2025-07-16 16:56:11,052 : INFO : EventManager : Event: ======'player_shot_left_lane_enabled'====== Args={'value': True, 'prev_value': 0, 'change': 1, 'player_num': 1}
2025-07-16 16:56:11,054 : INFO : EventManager : Event: ======'mode_base_starting'====== Args={'queue': <QueuedEvent>, 'player': 1, 'ball': 1, 'balls_remaining': 2, 'is_extra_ball': False}
2025-07-16 16:56:11,059 : INFO : Mode.base : Started. Priority: 100
2025-07-16 16:56:11,059 : INFO : EventManager : Event: ======'modes_active_modes_changed'====== Args={}
2025-07-16 16:56:11,059 : INFO : EventManager : Event: ======'mode_base_started'====== Args={'queue': <QueuedEvent>, 'player': 1, 'ball': 1, 'balls_remaining': 2, 'is_extra_ball': False}
2025-07-16 16:56:11,060 : INFO : EventManager : Event: ======'start_mode_bumpers'====== Args={'priority': 0}
2025-07-16 16:56:11,060 : INFO : EventManager : Event: ======'mode_bumpers_will_start'====== Args={'priority': 0}
2025-07-16 16:56:11,061 : INFO : EventManager : Event: ======'player_shot_bumper_left_enabled'====== Args={'value': True, 'prev_value': 0, 'change': 1, 'player_num': 1}
2025-07-16 16:56:11,061 : INFO : EventManager : Event: ======'player_shot_bumper_right_enabled'====== Args={'value': True, 'prev_value': 0, 'change': 1, 'player_num': 1}
2025-07-16 16:56:11,061 : INFO : EventManager : Event: ======'bumpers_complete'====== Args={'state': 'unlit'}
2025-07-16 16:56:11,062 : INFO : EventManager : Event: ======'bumpers_unlit_complete'====== Args={}
2025-07-16 16:56:11,062 : INFO : EventManager : Event: ======'mode_bumpers_starting'====== Args={'priority': 0}
2025-07-16 16:56:11,062 : INFO : Mode.bumpers : Started. Priority: 200
2025-07-16 16:56:11,062 : INFO : EventManager : Event: ======'modes_active_modes_changed'====== Args={}
2025-07-16 16:56:11,062 : INFO : EventManager : Event: ======'mode_bumpers_started'====== Args={'priority': 0}
2025-07-16 16:56:11,063 : INFO : EventManager : Event: ======'balls_in_play'====== Args={'balls': 1}
2025-07-16 16:56:11,063 : INFO : EventManager : Event: ======'ball_started'====== Args={'player': 1, 'ball': 1, 'balls_remaining': 2, 'is_extra_ball': False}
2025-07-16 16:56:11,063 : INFO : EventManager : Event: ======'single_player_ball_started'====== Args={}
2025-07-16 16:56:11,064 : INFO : EventManager : Event: ======'ball_start_target'====== Args={'target': 'playfield'}
2025-07-16 16:56:11,064 : INFO : ball_device.bd_trough : Setting up player-controlled eject. Balls: 1, Target: <playfield.playfield>, player_controlled_eject_event: None
2025-07-16 16:56:11,064 : INFO : ball_device.bd_trough : Adding 1 ball(s) to the eject_queue with target <playfield.playfield>.
2025-07-16 16:56:11,064 : INFO : EventManager : Event: ======'balldevice_balls_available'====== Args={}
2025-07-16 16:56:11,065 : INFO : ball_device.bd_trough : State: waiting_for_target_ready
2025-07-16 16:56:11,065 : INFO : EventManager : Event: ======'balldevice_bd_trough_ball_eject_attempt'====== Args={'balls': 1, 'target': <ball_device.bd_plunger>, 'source': <ball_device.bd_trough>, 'mechanical_eject': False, 'num_attempts': 0}
2025-07-16 16:56:11,065 : INFO : ball_device.bd_plunger : State: waiting_for_ball
2025-07-16 16:56:11,065 : INFO : ball_device.bd_trough : State: ejecting
2025-07-16 16:56:11,065 : INFO : ball_device.bd_trough : Ejecting ball to <ball_device.bd_plunger>
2025-07-16 16:56:11,065 : INFO : EventManager : Event: ======'balldevice_bd_trough_ejecting_ball'====== Args={'balls': 1, 'target': <ball_device.bd_plunger>, 'source': <ball_device.bd_trough>, 'mechanical_eject': False, 'num_attempts': 0}
2025-07-16 16:56:11,066 : INFO : ball_device.bd_trough : Wait for ball to leave device
2025-07-16 16:56:11,066 : INFO : coil.c_trough_eject : Pulsing Driver for 10ms (1.0 pulse_power)
2025-07-16 16:56:11,070 : INFO : EventManager : Event: ======'slide_base_slide_created'====== Args={'_from_bcp': True}
2025-07-16 16:56:11,070 : INFO : EventManager : Event: ======'slide_attract_inactive'====== Args={'is_removing': True, '_from_bcp': True}
2025-07-16 16:56:11,070 : INFO : EventManager : Event: ======'slide_base_slide_active'====== Args={'original_context': 'base', 'original_calling_context': 'mode_base_started', 'priority': 100.0, 'queue': '<QueuedEvent>', 'player': 1.0, 'ball': 1.0, 'balls_remaining': 2.0, 'is_extra_ball': False, 'cmd': 'slides_play', '_from_bcp': True}
2025-07-16 16:56:11,071 : INFO : EventManager : Event: ======'slide_attract_removed'====== Args={'_from_bcp': True}
2025-07-16 16:56:12,109 : INFO : SwitchController : <<<<<<< 's_bumper_right' active >>>>>>>
2025-07-16 16:56:12,110 : INFO : EventManager : Event: ======'playfield_active'====== Args={'source': 'bumper_right'}
2025-07-16 16:56:12,110 : INFO : EventManager : Event: ======'unexpected_ball_on_playfield'====== Args={}
2025-07-16 16:56:12,110 : INFO : EventManager : Event: ======'s_bumper_right_active'====== Args={}
2025-07-16 16:56:12,110 : INFO : EventManager : Event: ======'machine_var_audits_switches_s_bumper_right'====== Args={'value': 12, 'prev_value': 11, 'change': 1}
2025-07-16 16:56:12,111 : INFO : EventManager : Event: ======'player_shot_bumper_right'====== Args={'value': 1, 'prev_value': 0, 'change': 1, 'player_num': 1}
2025-07-16 16:56:12,112 : INFO : EventManager : Event: ======'machine_var_audits_shots_bumper_right'====== Args={'value': 12, 'prev_value': 11, 'change': 1}
2025-07-16 16:56:12,112 : INFO : EventManager : Event: ======'bumper_right_hit'====== Args={'profile': 'default', 'state': 'unlit', 'advancing': True}
2025-07-16 16:56:12,112 : INFO : EventManager : Event: ======'bumper_right_default_hit'====== Args={'profile': 'default', 'state': 'unlit', 'advancing': True}
2025-07-16 16:56:12,112 : INFO : EventManager : Event: ======'bumper_right_default_unlit_hit'====== Args={'profile': 'default', 'state': 'unlit', 'advancing': True}
2025-07-16 16:56:12,112 : INFO : EventManager : Event: ======'bumper_right_unlit_hit'====== Args={'profile': 'default', 'state': 'unlit', 'advancing': True}
2025-07-16 16:56:12,113 : INFO : EventManager : Event: ======'bumpers_hit'====== Args={'shot': 'bumper_right'}
2025-07-16 16:56:12,113 : INFO : EventManager : Event: ======'bumpers_unlit_hit'====== Args={'shot': 'bumper_right'}
2025-07-16 16:56:12,113 : INFO : EventManager : Event: ======'player_score'====== Args={'value': 1000, 'prev_value': 0, 'change': 1000, 'player_num': 1, 'source': 'bumpers'}
2025-07-16 16:56:12,209 : INFO : SwitchController : <<<<<<< 's_bumper_left' active >>>>>>>
2025-07-16 16:56:12,209 : INFO : EventManager : Event: ======'playfield_active'====== Args={'source': 'bumper_left'}
2025-07-16 16:56:12,209 : INFO : EventManager : Event: ======'unexpected_ball_on_playfield'====== Args={}
2025-07-16 16:56:12,209 : INFO : EventManager : Event: ======'s_bumper_left_active'====== Args={}
2025-07-16 16:56:12,209 : INFO : EventManager : Event: ======'machine_var_audits_switches_s_bumper_left'====== Args={'value': 10, 'prev_value': 9, 'change': 1}
2025-07-16 16:56:12,211 : INFO : EventManager : Event: ======'player_shot_bumper_left'====== Args={'value': 1, 'prev_value': 0, 'change': 1, 'player_num': 1}
2025-07-16 16:56:12,212 : INFO : EventManager : Event: ======'machine_var_audits_shots_bumper_left'====== Args={'value': 10, 'prev_value': 9, 'change': 1}
2025-07-16 16:56:12,212 : INFO : EventManager : Event: ======'bumper_left_hit'====== Args={'profile': 'default', 'state': 'unlit', 'advancing': True}
2025-07-16 16:56:12,212 : INFO : EventManager : Event: ======'bumper_left_default_hit'====== Args={'profile': 'default', 'state': 'unlit', 'advancing': True}
2025-07-16 16:56:12,212 : INFO : EventManager : Event: ======'bumper_left_default_unlit_hit'====== Args={'profile': 'default', 'state': 'unlit', 'advancing': True}
2025-07-16 16:56:12,212 : INFO : EventManager : Event: ======'bumper_left_unlit_hit'====== Args={'profile': 'default', 'state': 'unlit', 'advancing': True}
2025-07-16 16:56:12,212 : INFO : EventManager : Event: ======'bumpers_complete'====== Args={'state': 'lit'}
2025-07-16 16:56:12,212 : INFO : EventManager : Event: ======'bumpers_lit_complete'====== Args={}
2025-07-16 16:56:12,213 : INFO : EventManager : Event: ======'bumpers_hit'====== Args={'shot': 'bumper_left'}
2025-07-16 16:56:12,213 : INFO : EventManager : Event: ======'bumpers_unlit_hit'====== Args={'shot': 'bumper_left'}
2025-07-16 16:56:12,213 : INFO : EventManager : Event: ======'player_score'====== Args={'value': 2000, 'prev_value': 1000, 'change': 1000, 'player_num': 1, 'source': 'bumpers'}
2025-07-16 16:56:12,223 : INFO : SwitchController : <<<<<<< 's_bumper_right' inactive >>>>>>>
2025-07-16 16:56:12,300 : INFO : SwitchController : <<<<<<< 's_bumper_left' inactive >>>>>>>
2025-07-16 16:56:12,359 : INFO : SwitchController : <<<<<<< 's_bumper_right' active >>>>>>>
2025-07-16 16:56:12,359 : INFO : EventManager : Event: ======'playfield_active'====== Args={'source': 'bumper_right'}
2025-07-16 16:56:12,360 : INFO : EventManager : Event: ======'unexpected_ball_on_playfield'====== Args={}
2025-07-16 16:56:12,360 : INFO : EventManager : Event: ======'s_bumper_right_active'====== Args={}
2025-07-16 16:56:12,360 : INFO : EventManager : Event: ======'machine_var_audits_switches_s_bumper_right'====== Args={'value': 13, 'prev_value': 12, 'change': 1}
2025-07-16 16:56:12,361 : INFO : EventManager : Event: ======'machine_var_audits_shots_bumper_right'====== Args={'value': 13, 'prev_value': 12, 'change': 1}
2025-07-16 16:56:12,361 : INFO : EventManager : Event: ======'bumper_right_hit'====== Args={'profile': 'default', 'state': 'lit', 'advancing': False}
2025-07-16 16:56:12,361 : INFO : EventManager : Event: ======'bumper_right_default_hit'====== Args={'profile': 'default', 'state': 'lit', 'advancing': False}
2025-07-16 16:56:12,361 : INFO : EventManager : Event: ======'bumper_right_default_lit_hit'====== Args={'profile': 'default', 'state': 'lit', 'advancing': False}
2025-07-16 16:56:12,361 : INFO : EventManager : Event: ======'bumper_right_lit_hit'====== Args={'profile': 'default', 'state': 'lit', 'advancing': False}
2025-07-16 16:56:12,361 : INFO : EventManager : Event: ======'bumpers_hit'====== Args={'shot': 'bumper_right'}
2025-07-16 16:56:12,361 : INFO : EventManager : Event: ======'bumpers_lit_hit'====== Args={'shot': 'bumper_right'}
2025-07-16 16:56:12,362 : INFO : EventManager : Event: ======'player_score'====== Args={'value': 3000, 'prev_value': 2000, 'change': 1000, 'player_num': 1, 'source': 'bumpers'}
2025-07-16 16:56:12,401 : INFO : SwitchController : <<<<<<< 's_bumper_left' active >>>>>>>
2025-07-16 16:56:12,404 : INFO : EventManager : Event: ======'playfield_active'====== Args={'source': 'bumper_left'}
2025-07-16 16:56:12,404 : INFO : EventManager : Event: ======'unexpected_ball_on_playfield'====== Args={}
2025-07-16 16:56:12,404 : INFO : EventManager : Event: ======'s_bumper_left_active'====== Args={}
2025-07-16 16:56:12,404 : INFO : EventManager : Event: ======'machine_var_audits_switches_s_bumper_left'====== Args={'value': 11, 'prev_value': 10, 'change': 1}
2025-07-16 16:56:12,404 : INFO : EventManager : Event: ======'machine_var_audits_shots_bumper_left'====== Args={'value': 11, 'prev_value': 10, 'change': 1}
2025-07-16 16:56:12,404 : INFO : EventManager : Event: ======'bumper_left_hit'====== Args={'profile': 'default', 'state': 'lit', 'advancing': False}
2025-07-16 16:56:12,404 : INFO : EventManager : Event: ======'bumper_left_default_hit'====== Args={'profile': 'default', 'state': 'lit', 'advancing': False}
2025-07-16 16:56:12,404 : INFO : EventManager : Event: ======'bumper_left_default_lit_hit'====== Args={'profile': 'default', 'state': 'lit', 'advancing': False}
2025-07-16 16:56:12,404 : INFO : EventManager : Event: ======'bumper_left_lit_hit'====== Args={'profile': 'default', 'state': 'lit', 'advancing': False}
2025-07-16 16:56:12,404 : INFO : EventManager : Event: ======'bumpers_hit'====== Args={'shot': 'bumper_left'}
2025-07-16 16:56:12,404 : INFO : EventManager : Event: ======'bumpers_lit_hit'====== Args={'shot': 'bumper_left'}
2025-07-16 16:56:12,405 : INFO : EventManager : Event: ======'player_score'====== Args={'value': 4000, 'prev_value': 3000, 'change': 1000, 'player_num': 1, 'source': 'bumpers'}
2025-07-16 16:56:12,417 : INFO : SwitchController : <<<<<<< 's_bumper_right' inactive >>>>>>>
2025-07-16 16:56:12,459 : INFO : SwitchController : <<<<<<< 's_bumper_left' inactive >>>>>>>
2025-07-16 16:56:12,511 : INFO : SwitchController : <<<<<<< 's_bumper_right' active >>>>>>>
2025-07-16 16:56:12,511 : INFO : EventManager : Event: ======'playfield_active'====== Args={'source': 'bumper_right'}
2025-07-16 16:56:12,511 : INFO : EventManager : Event: ======'unexpected_ball_on_playfield'====== Args={}
2025-07-16 16:56:12,511 : INFO : EventManager : Event: ======'s_bumper_right_active'====== Args={}
2025-07-16 16:56:12,512 : INFO : EventManager : Event: ======'machine_var_audits_switches_s_bumper_right'====== Args={'value': 14, 'prev_value': 13, 'change': 1}
2025-07-16 16:56:12,512 : INFO : EventManager : Event: ======'machine_var_audits_shots_bumper_right'====== Args={'value': 14, 'prev_value': 13, 'change': 1}
2025-07-16 16:56:12,514 : INFO : EventManager : Event: ======'bumper_right_hit'====== Args={'profile': 'default', 'state': 'lit', 'advancing': False}
2025-07-16 16:56:12,514 : INFO : EventManager : Event: ======'bumper_right_default_hit'====== Args={'profile': 'default', 'state': 'lit', 'advancing': False}
2025-07-16 16:56:12,514 : INFO : EventManager : Event: ======'bumper_right_default_lit_hit'====== Args={'profile': 'default', 'state': 'lit', 'advancing': False}
2025-07-16 16:56:12,514 : INFO : EventManager : Event: ======'bumper_right_lit_hit'====== Args={'profile': 'default', 'state': 'lit', 'advancing': False}
2025-07-16 16:56:12,514 : INFO : EventManager : Event: ======'bumpers_hit'====== Args={'shot': 'bumper_right'}
2025-07-16 16:56:12,515 : INFO : EventManager : Event: ======'bumpers_lit_hit'====== Args={'shot': 'bumper_right'}
2025-07-16 16:56:12,515 : INFO : EventManager : Event: ======'player_score'====== Args={'value': 5000, 'prev_value': 4000, 'change': 1000, 'player_num': 1, 'source': 'bumpers'}
2025-07-16 16:56:12,573 : INFO : SwitchController : <<<<<<< 's_bumper_left' active >>>>>>>
2025-07-16 16:56:12,574 : INFO : EventManager : Event: ======'playfield_active'====== Args={'source': 'bumper_left'}
2025-07-16 16:56:12,574 : INFO : EventManager : Event: ======'unexpected_ball_on_playfield'====== Args={}
2025-07-16 16:56:12,574 : INFO : EventManager : Event: ======'s_bumper_left_active'====== Args={}
2025-07-16 16:56:12,574 : INFO : EventManager : Event: ======'machine_var_audits_switches_s_bumper_left'====== Args={'value': 12, 'prev_value': 11, 'change': 1}
2025-07-16 16:56:12,575 : INFO : EventManager : Event: ======'machine_var_audits_shots_bumper_left'====== Args={'value': 12, 'prev_value': 11, 'change': 1}
2025-07-16 16:56:12,575 : INFO : EventManager : Event: ======'bumper_left_hit'====== Args={'profile': 'default', 'state': 'lit', 'advancing': False}
2025-07-16 16:56:12,575 : INFO : EventManager : Event: ======'bumper_left_default_hit'====== Args={'profile': 'default', 'state': 'lit', 'advancing': False}
2025-07-16 16:56:12,575 : INFO : EventManager : Event: ======'bumper_left_default_lit_hit'====== Args={'profile': 'default', 'state': 'lit', 'advancing': False}
2025-07-16 16:56:12,576 : INFO : EventManager : Event: ======'bumper_left_lit_hit'====== Args={'profile': 'default', 'state': 'lit', 'advancing': False}
2025-07-16 16:56:12,576 : INFO : EventManager : Event: ======'bumpers_hit'====== Args={'shot': 'bumper_left'}
2025-07-16 16:56:12,576 : INFO : EventManager : Event: ======'bumpers_lit_hit'====== Args={'shot': 'bumper_left'}
2025-07-16 16:56:12,576 : INFO : EventManager : Event: ======'player_score'====== Args={'value': 6000, 'prev_value': 5000, 'change': 1000, 'player_num': 1, 'source': 'bumpers'}
2025-07-16 16:56:12,590 : INFO : SwitchController : <<<<<<< 's_bumper_left' inactive >>>>>>>
2025-07-16 16:56:12,599 : INFO : SwitchController : <<<<<<< 's_bumper_right' inactive >>>>>>>
2025-07-16 16:56:13,451 : INFO : SwitchController : <<<<<<< 's_left_lane' active >>>>>>>
2025-07-16 16:56:13,452 : INFO : EventManager : Event: ======'playfield_active'====== Args={'source': 'left_lane'}
2025-07-16 16:56:13,452 : INFO : EventManager : Event: ======'unexpected_ball_on_playfield'====== Args={}
2025-07-16 16:56:13,452 : INFO : EventManager : Event: ======'playfield_active'====== Args={'source': 'hurryup'}
2025-07-16 16:56:13,452 : INFO : EventManager : Event: ======'unexpected_ball_on_playfield'====== Args={}
2025-07-16 16:56:13,452 : INFO : EventManager : Event: ======'s_left_lane_active'====== Args={}
2025-07-16 16:56:13,452 : INFO : EventManager : Event: ======'machine_var_audits_switches_s_left_lane'====== Args={'value': 1, 'prev_value': 0, 'change': 1}
2025-07-16 16:56:13,453 : INFO : EventManager : Event: ======'player_shot_left_lane'====== Args={'value': 1, 'prev_value': 0, 'change': 1, 'player_num': 1}
2025-07-16 16:56:13,453 : INFO : EventManager : Event: ======'machine_var_audits_shots_left_lane'====== Args={'value': 1, 'prev_value': None, 'change': True}
2025-07-16 16:56:13,454 : INFO : EventManager : Event: ======'left_lane_hit'====== Args={'profile': 'default', 'state': 'unlit', 'advancing': True}
2025-07-16 16:56:13,454 : INFO : EventManager : Event: ======'left_lane_default_hit'====== Args={'profile': 'default', 'state': 'unlit', 'advancing': True}
2025-07-16 16:56:13,454 : INFO : EventManager : Event: ======'left_lane_default_unlit_hit'====== Args={'profile': 'default', 'state': 'unlit', 'advancing': True}
2025-07-16 16:56:13,454 : INFO : EventManager : Event: ======'left_lane_unlit_hit'====== Args={'profile': 'default', 'state': 'unlit', 'advancing': True}
2025-07-16 16:56:13,454 : INFO : EventManager : Event: ======'start_mode_hurryup'====== Args={'priority': 0}
2025-07-16 16:56:13,454 : INFO : EventManager : Event: ======'mode_hurryup_will_start'====== Args={'priority': 0}
2025-07-16 16:56:13,455 : INFO : EventManager : Event: ======'player_shot_hurryup_enabled'====== Args={'value': True, 'prev_value': 0, 'change': 1, 'player_num': 1}
2025-07-16 16:56:13,455 : INFO : EventManager : Event: ======'player_hurryup_hurryup_timer_tick'====== Args={'value': 0, 'prev_value': 0, 'change': 0, 'player_num': 1}
2025-07-16 16:56:13,456 : INFO : Timer.hurryup_timer : Starting Timer.
2025-07-16 16:56:13,457 : INFO : EventManager : Event: ======'timer_hurryup_timer_started'====== Args={'ticks': 0, 'ticks_remaining': 5}
2025-07-16 16:56:13,457 : INFO : EventManager : Event: ======'timer_hurryup_timer_tick'====== Args={'ticks': 0, 'ticks_remaining': 5}
2025-07-16 16:56:13,458 : INFO : EventManager : Event: ======'mode_hurryup_starting'====== Args={'priority': 0}
2025-07-16 16:56:13,458 : INFO : Mode.hurryup : Started. Priority: 1000
2025-07-16 16:56:13,458 : INFO : EventManager : Event: ======'modes_active_modes_changed'====== Args={}
2025-07-16 16:56:13,458 : INFO : EventManager : Event: ======'mode_hurryup_started'====== Args={'priority': 0}
2025-07-16 16:56:13,492 : INFO : EventManager : Event: ======'slide_hurryup_created'====== Args={'_from_bcp': True}
2025-07-16 16:56:13,492 : INFO : EventManager : Event: ======'slide_base_slide_inactive'====== Args={'is_removing': False, '_from_bcp': True}
2025-07-16 16:56:13,492 : INFO : EventManager : Event: ======'slide_hurryup_active'====== Args={'original_context': 'hurryup', 'original_calling_context': 'mode_hurryup_started', 'priority': 1000.0, 'cmd': 'slides_play', '_from_bcp': True}
2025-07-16 16:56:13,523 : INFO : SwitchController : <<<<<<< 's_left_lane' inactive >>>>>>>
2025-07-16 16:56:14,458 : INFO : EventManager : Event: ======'player_hurryup_hurryup_timer_tick'====== Args={'value': 1, 'prev_value': 0, 'change': 1, 'player_num': 1}
2025-07-16 16:56:14,459 : INFO : EventManager : Event: ======'timer_hurryup_timer_tick'====== Args={'ticks': 1, 'ticks_remaining': 4}
2025-07-16 16:56:14,460 : INFO : EventManager : Event: ======'hurryup_value'====== Args={'priority': 0, 'current_hurryup': 90000}
2025-07-16 16:56:15,458 : INFO : EventManager : Event: ======'player_hurryup_hurryup_timer_tick'====== Args={'value': 2, 'prev_value': 1, 'change': 1, 'player_num': 1}
2025-07-16 16:56:15,459 : INFO : EventManager : Event: ======'timer_hurryup_timer_tick'====== Args={'ticks': 2, 'ticks_remaining': 3}
2025-07-16 16:56:15,460 : INFO : EventManager : Event: ======'hurryup_value'====== Args={'priority': 0, 'current_hurryup': 80000}
2025-07-16 16:56:16,458 : INFO : EventManager : Event: ======'player_hurryup_hurryup_timer_tick'====== Args={'value': 3, 'prev_value': 2, 'change': 1, 'player_num': 1}
2025-07-16 16:56:16,459 : INFO : EventManager : Event: ======'timer_hurryup_timer_tick'====== Args={'ticks': 3, 'ticks_remaining': 2}
2025-07-16 16:56:16,460 : INFO : EventManager : Event: ======'hurryup_value'====== Args={'priority': 0, 'current_hurryup': 70000}
2025-07-16 16:56:17,458 : INFO : EventManager : Event: ======'player_hurryup_hurryup_timer_tick'====== Args={'value': 4, 'prev_value': 3, 'change': 1, 'player_num': 1}
2025-07-16 16:56:17,460 : INFO : EventManager : Event: ======'timer_hurryup_timer_tick'====== Args={'ticks': 4, 'ticks_remaining': 1}
2025-07-16 16:56:17,460 : INFO : EventManager : Event: ======'hurryup_value'====== Args={'priority': 0, 'current_hurryup': 60000}
2025-07-16 16:56:18,458 : INFO : EventManager : Event: ======'player_hurryup_hurryup_timer_tick'====== Args={'value': 5, 'prev_value': 4, 'change': 1, 'player_num': 1}
2025-07-16 16:56:18,459 : INFO : Timer.hurryup_timer : Timer Complete
2025-07-16 16:56:18,459 : INFO : Timer.hurryup_timer : Stopping Timer
2025-07-16 16:56:18,459 : INFO : EventManager : Event: ======'timer_hurryup_timer_stopped'====== Args={'ticks': 5, 'ticks_remaining': 1}
2025-07-16 16:56:18,459 : INFO : EventManager : Event: ======'timer_hurryup_timer_complete'====== Args={'ticks': 5, 'ticks_remaining': 1}
2025-07-16 16:56:18,459 : INFO : EventManager : Event: ======'stop_mode_hurryup'====== Args={'priority': 0}
2025-07-16 16:56:18,459 : INFO : EventManager : Event: ======'mode_hurryup_will_stop'====== Args={}
2025-07-16 16:56:18,460 : INFO : EventManager : Event: ======'mode_hurryup_stopping'====== Args={}
2025-07-16 16:56:18,460 : INFO : Mode.hurryup : Stopped.
2025-07-16 16:56:18,460 : INFO : EventManager : Event: ======'modes_active_modes_changed'====== Args={}
2025-07-16 16:56:18,460 : INFO : EventManager : Event: ======'mode_hurryup_stopped'====== Args={}
2025-07-16 16:56:18,460 : INFO : EventManager : Event: ======'clear'====== Args={'key': 'hurryup'}
2025-07-16 16:56:18,461 : INFO : Timer.hurryup_timer : Stopping Timer
2025-07-16 16:56:18,461 : INFO : EventManager : Event: ======'timer_hurryup_timer_stopped'====== Args={'ticks': 5, 'ticks_remaining': 1}
2025-07-16 16:56:18,465 : INFO : EventManager : Event: ======'slide_hurryup_inactive'====== Args={'is_removing': True, '_from_bcp': True}
2025-07-16 16:56:18,465 : INFO : EventManager : Event: ======'slide_base_slide_active'====== Args={'_from_bcp': True}
2025-07-16 16:56:18,466 : INFO : EventManager : Event: ======'slide_hurryup_removed'====== Args={'_from_bcp': True}
2025-07-16 16:56:21,068 : INFO : EventManager : Event: ======'balldevice_bd_trough_ball_eject_failed'====== Args={'target': <ball_device.bd_plunger>, 'balls': 1, 'retry': True, 'num_attempts': 1}
2025-07-16 16:56:21,070 : INFO : ball_device.bd_trough : State: waiting_for_target_ready
2025-07-16 16:56:21,070 : INFO : EventManager : Event: ======'balldevice_bd_trough_ball_eject_attempt'====== Args={'balls': 1, 'target': <ball_device.bd_plunger>, 'source': <ball_device.bd_trough>, 'mechanical_eject': False, 'num_attempts': 1}
2025-07-16 16:56:21,072 : INFO : ball_device.bd_trough : State: ejecting
2025-07-16 16:56:21,075 : INFO : ball_device.bd_trough : Ejecting ball to <ball_device.bd_plunger>
2025-07-16 16:56:21,075 : INFO : EventManager : Event: ======'balldevice_bd_trough_ejecting_ball'====== Args={'balls': 1, 'target': <ball_device.bd_plunger>, 'source': <ball_device.bd_trough>, 'mechanical_eject': False, 'num_attempts': 1}
2025-07-16 16:56:21,076 : INFO : ball_device.bd_trough : Wait for ball to leave device
2025-07-16 16:56:21,077 : INFO : coil.c_trough_eject : Pulsing Driver for 10ms (1.0 pulse_power)
2025-07-16 16:56:26,356 : INFO : Machine : Shutting down...
2025-07-16 16:56:26,357 : INFO : EventManager : Event: ======'shutdown'====== Args={}
2025-07-16 16:56:26,358 : INFO : EventManager : Event: ======'mode_game_will_stop'====== Args={}
2025-07-16 16:56:26,358 : INFO : EventManager : Event: ======'mode_game_stopping'====== Args={}
2025-07-16 16:56:26,359 : INFO : EventManager : Event: ======'mode_base_will_stop'====== Args={}
2025-07-16 16:56:26,359 : INFO : EventManager : Event: ======'mode_base_stopping'====== Args={}
2025-07-16 16:56:26,359 : INFO : EventManager : Event: ======'mode_bumpers_will_stop'====== Args={}
2025-07-16 16:56:26,359 : INFO : EventManager : Event: ======'mode_bumpers_stopping'====== Args={}
2025-07-16 16:56:26,359 : INFO : EventManager : Event: ======'stop_mode_bumpers'====== Args={'priority': 0}
2025-07-16 16:56:26,359 : INFO : Mode.bumpers : Stopped.
2025-07-16 16:56:26,359 : INFO : EventManager : Event: ======'modes_active_modes_changed'====== Args={}
2025-07-16 16:56:26,359 : INFO : EventManager : Event: ======'mode_bumpers_stopped'====== Args={}
2025-07-16 16:56:26,359 : INFO : EventManager : Event: ======'clear'====== Args={'key': 'bumpers'}
2025-07-16 16:56:26,360 : INFO : Mode.base : Stopped.
2025-07-16 16:56:26,360 : INFO : EventManager : Event: ======'modes_active_modes_changed'====== Args={}
2025-07-16 16:56:26,360 : INFO : EventManager : Event: ======'mode_base_stopped'====== Args={}
2025-07-16 16:56:26,360 : INFO : EventManager : Event: ======'clear'====== Args={'key': 'base'}
2025-07-16 16:56:26,360 : INFO : Mode.game : Stopped.
2025-07-16 16:56:26,360 : INFO : EventManager : Event: ======'modes_active_modes_changed'====== Args={}
2025-07-16 16:56:26,360 : INFO : EventManager : Event: ======'mode_game_stopped'====== Args={}
2025-07-16 16:56:26,360 : INFO : EventManager : Event: ======'clear'====== Args={'key': 'game'}
2025-07-16 16:56:26,362 : INFO : root : MPF run loop ended.
