2025-07-16 17:29:23,930 : INFO : root : Loading config.
2025-07-16 17:29:23,931 : INFO : YamlMultifileConfigLoader : Machine config file #1: config.yaml
2025-07-16 17:29:23,932 : INFO : ConfigProcessor : Loading config from cache: /var/folders/pz/vf5_w96n7hl70j30jzrp_64r0000gp/T/4b0446b065373c01774765373fc5a010.mpf_cache
2025-07-16 17:29:23,949 : INFO : ConfigProcessor : Loading config from cache: /var/folders/pz/vf5_w96n7hl70j30jzrp_64r0000gp/T/8c6758dff4d969b46729a501e1f9b5a2.mpf_cache
2025-07-16 17:29:23,949 : INFO : ConfigProcessor : Loading config from cache: /var/folders/pz/vf5_w96n7hl70j30jzrp_64r0000gp/T/86b9553ee9e8fe91c4c341498a1256c7.mpf_cache
2025-07-16 17:29:23,949 : INFO : ConfigProcessor : Loading config from cache: /var/folders/pz/vf5_w96n7hl70j30jzrp_64r0000gp/T/8c6758dff4d969b46729a501e1f9b5a2.mpf_cache
2025-07-16 17:29:23,950 : INFO : ConfigProcessor : Loading config from cache: /var/folders/pz/vf5_w96n7hl70j30jzrp_64r0000gp/T/fe908dde2db5cc7f24a22ccd0c690388.mpf_cache
2025-07-16 17:29:23,950 : INFO : ConfigProcessor : Loading config from cache: /var/folders/pz/vf5_w96n7hl70j30jzrp_64r0000gp/T/c87d87d711c9e63e2e052ce58df60d5a.mpf_cache
2025-07-16 17:29:23,950 : INFO : ConfigProcessor : Loading config from cache: /var/folders/pz/vf5_w96n7hl70j30jzrp_64r0000gp/T/2285102ea814fec0736640417091917b.mpf_cache
2025-07-16 17:29:23,950 : INFO : Machine : Mission Pinball Framework Core Engine v0.80.0.dev8
2025-07-16 17:29:23,950 : INFO : Machine : Command line arguments: {'no_load_cache': False, 'create_config_cache': True, 'bcp': True, 'configfile': ['config.yaml'], 'force_assets_load': False, 'platform_integration_test': False, 'jsonlogging': False, 'logfile': 'logs/2025-07-16-17-29-23-mpf-Craigs-MacBook-Pro.local.log', 'pause': False, 'production': False, 'text_ui': False, 'loglevel': 15, 'consoleloglevel': 20, 'force_platform': 'virtual', 'syslog_address': None, 'full_logfile_path': '/Users/craig/Documents/Pinball/Gremlins/logs/2025-07-16-17-29-23-mpf-Craigs-MacBook-Pro.local.log'}
2025-07-16 17:29:23,950 : INFO : Machine : MPF path: /Users/craig/mpf-080/lib/python3.12/site-packages/mpf
2025-07-16 17:29:23,950 : INFO : Machine : Machine path: /Users/craig/Documents/Pinball/Gremlins
2025-07-16 17:29:23,950 : INFO : Machine : Platform: darwin
2025-07-16 17:29:23,950 : INFO : Machine : Python executable location: /Users/craig/mpf-080/bin/python3.12
2025-07-16 17:29:23,950 : INFO : Machine : Python version: 3.12.7 (64-bit)
2025-07-16 17:29:23,951 : INFO : Machine : Initializing MPF...
2025-07-16 17:29:23,965 : INFO : EventManager : Event: ======'machine_var_credits_string'====== Args={'value': 'FREE PLAY', 'prev_value': None, 'change': True}
2025-07-16 17:29:23,969 : INFO : EventManager : Event: ======'machine_var_master_volume'====== Args={'value': 0.5, 'prev_value': None, 'change': True}
2025-07-16 17:29:23,969 : INFO : EventManager : Event: ======'machine_var_mpf_version'====== Args={'value': 'Mission Pinball Framework v0.80.0.dev8', 'prev_value': None, 'change': True}
2025-07-16 17:29:23,969 : INFO : EventManager : Event: ======'machine_var_mpf_extended_version'====== Args={'value': 'Mission Pinball Framework v0.80.0.dev8, Config version:6, Show version: 6, BCP version:1.1', 'prev_value': None, 'change': True}
2025-07-16 17:29:23,969 : INFO : EventManager : Event: ======'machine_var_python_version'====== Args={'value': '3.12.7', 'prev_value': None, 'change': True}
2025-07-16 17:29:23,977 : INFO : EventManager : Event: ======'machine_var_platform'====== Args={'value': 'macOS-14.7.6-arm64-arm-64bit', 'prev_value': None, 'change': True}
2025-07-16 17:29:23,977 : INFO : EventManager : Event: ======'machine_var_platform_system'====== Args={'value': 'Darwin', 'prev_value': None, 'change': True}
2025-07-16 17:29:23,977 : INFO : EventManager : Event: ======'machine_var_platform_release'====== Args={'value': '23.6.0', 'prev_value': None, 'change': True}
2025-07-16 17:29:23,977 : INFO : EventManager : Event: ======'machine_var_platform_version'====== Args={'value': 'Darwin Kernel Version 23.6.0: Thu Apr 24 20:29:18 PDT 2025; root:xnu-10063.141.1.705.2~1/RELEASE_ARM64_T6000', 'prev_value': None, 'change': True}
2025-07-16 17:29:23,977 : INFO : EventManager : Event: ======'machine_var_platform_machine'====== Args={'value': 'arm64', 'prev_value': None, 'change': True}
2025-07-16 17:29:23,978 : INFO : EventManager : Event: ======'machine_var_log_file_path'====== Args={'value': '/Users/craig/Documents/Pinball/Gremlins/logs/2025-07-16-17-29-23-mpf-Craigs-MacBook-Pro.local.log', 'prev_value': None, 'change': True}
2025-07-16 17:29:23,978 : INFO : EventManager : Event: ======'init_phase_1'====== Args={}
2025-07-16 17:29:23,983 : INFO : EventManager : Event: ======'init_phase_2'====== Args={}
2025-07-16 17:29:23,983 : INFO : SwitchController : Found active switch: (1006, <Platform.Virtual>) <switch.s_trough_1>
2025-07-16 17:29:23,983 : INFO : SwitchController : Found active switch: (1007, <Platform.Virtual>) <switch.s_trough_2>
2025-07-16 17:29:23,983 : INFO : SwitchController : Found active switch: (1008, <Platform.Virtual>) <switch.s_trough_3>
2025-07-16 17:29:23,983 : INFO : SwitchController : Found active switch: (1009, <Platform.Virtual>) <switch.s_trough_4>
2025-07-16 17:29:23,984 : INFO : EventManager : Event: ======'bcp_connection_attempt'====== Args={'name': 'local_display', 'host': 'localhost', 'port': 5050}
2025-07-16 17:29:23,985 : INFO : BCPClientSocket : Connecting BCP to 'local_display' at localhost:5050...
2025-07-16 17:29:23,988 : INFO : BCPClientSocket : Connected BCP to 'local_display' localhost:5050
2025-07-16 17:29:23,988 : INFO : EventManager : Event: ======'bcp_clients_connected'====== Args={}
2025-07-16 17:29:23,989 : INFO : ball_device.bd_plunger : BCH: Initial count: 0
2025-07-16 17:29:23,989 : INFO : ball_device.bd_plunger : State: idle
2025-07-16 17:29:23,989 : INFO : ball_device.bd_trough : BCH: Initial count: 4
2025-07-16 17:29:23,989 : INFO : ball_device.bd_trough : State: idle
2025-07-16 17:29:23,992 : INFO : EventManager : Event: ======'init_phase_3'====== Args={}
2025-07-16 17:29:23,992 : INFO : EventManager : Event: ======'init_phase_4'====== Args={}
2025-07-16 17:29:23,993 : INFO : BallController : Initial balls found: 4
2025-07-16 17:29:23,993 : INFO : EventManager : Event: ======'machine_var_audits_events_game_ended'====== Args={'value': 0, 'prev_value': None, 'change': True}
2025-07-16 17:29:23,993 : INFO : EventManager : Event: ======'machine_var_audits_events_game_started'====== Args={'value': 5, 'prev_value': None, 'change': True}
2025-07-16 17:29:23,993 : INFO : EventManager : Event: ======'machine_var_audits_missing_switches_s_flipper_left'====== Args={'value': 4, 'prev_value': None, 'change': True}
2025-07-16 17:29:23,993 : INFO : EventManager : Event: ======'machine_var_audits_missing_switches_s_flipper_right'====== Args={'value': 4, 'prev_value': None, 'change': True}
2025-07-16 17:29:23,993 : INFO : EventManager : Event: ======'machine_var_audits_missing_switches_s_plunger_lane'====== Args={'value': 5, 'prev_value': None, 'change': True}
2025-07-16 17:29:23,993 : INFO : EventManager : Event: ======'machine_var_audits_missing_switches_s_start'====== Args={'value': 3, 'prev_value': None, 'change': True}
2025-07-16 17:29:23,993 : INFO : EventManager : Event: ======'machine_var_audits_missing_switches_s_trough_1'====== Args={'value': 5, 'prev_value': None, 'change': True}
2025-07-16 17:29:23,993 : INFO : EventManager : Event: ======'machine_var_audits_missing_switches_s_trough_2'====== Args={'value': 5, 'prev_value': None, 'change': True}
2025-07-16 17:29:23,993 : INFO : EventManager : Event: ======'machine_var_audits_missing_switches_s_trough_3'====== Args={'value': 5, 'prev_value': None, 'change': True}
2025-07-16 17:29:23,993 : INFO : EventManager : Event: ======'machine_var_audits_missing_switches_s_trough_4'====== Args={'value': 5, 'prev_value': None, 'change': True}
2025-07-16 17:29:23,993 : INFO : EventManager : Event: ======'machine_var_audits_player_score'====== Args={'value': {'average': 0, 'top': [], 'total': 0}, 'prev_value': None, 'change': True}
2025-07-16 17:29:23,993 : INFO : EventManager : Event: ======'machine_var_audits_shots_bumper_left'====== Args={'value': 16, 'prev_value': None, 'change': True}
2025-07-16 17:29:23,993 : INFO : EventManager : Event: ======'machine_var_audits_shots_bumper_right'====== Args={'value': 26, 'prev_value': None, 'change': True}
2025-07-16 17:29:23,993 : INFO : EventManager : Event: ======'machine_var_audits_shots_hurryup'====== Args={'value': 4, 'prev_value': None, 'change': True}
2025-07-16 17:29:23,993 : INFO : EventManager : Event: ======'machine_var_audits_shots_left_lane'====== Args={'value': 10, 'prev_value': None, 'change': True}
2025-07-16 17:29:23,993 : INFO : EventManager : Event: ======'machine_var_audits_switches_s_bumper_left'====== Args={'value': 16, 'prev_value': None, 'change': True}
2025-07-16 17:29:23,993 : INFO : EventManager : Event: ======'machine_var_audits_switches_s_bumper_right'====== Args={'value': 26, 'prev_value': None, 'change': True}
2025-07-16 17:29:23,993 : INFO : EventManager : Event: ======'machine_var_audits_switches_s_flipper_left'====== Args={'value': 5, 'prev_value': None, 'change': True}
2025-07-16 17:29:23,993 : INFO : EventManager : Event: ======'machine_var_audits_switches_s_flipper_right'====== Args={'value': 5, 'prev_value': None, 'change': True}
2025-07-16 17:29:23,993 : INFO : EventManager : Event: ======'machine_var_audits_switches_s_left_lane'====== Args={'value': 10, 'prev_value': None, 'change': True}
2025-07-16 17:29:23,993 : INFO : EventManager : Event: ======'machine_var_audits_switches_s_plunger_lane'====== Args={'value': 0, 'prev_value': None, 'change': True}
2025-07-16 17:29:23,993 : INFO : EventManager : Event: ======'machine_var_audits_switches_s_start'====== Args={'value': 1, 'prev_value': None, 'change': True}
2025-07-16 17:29:23,993 : INFO : EventManager : Event: ======'machine_var_audits_switches_s_trough_1'====== Args={'value': 0, 'prev_value': None, 'change': True}
2025-07-16 17:29:23,993 : INFO : EventManager : Event: ======'machine_var_audits_switches_s_trough_2'====== Args={'value': 0, 'prev_value': None, 'change': True}
2025-07-16 17:29:23,993 : INFO : EventManager : Event: ======'machine_var_audits_switches_s_trough_3'====== Args={'value': 0, 'prev_value': None, 'change': True}
2025-07-16 17:29:23,993 : INFO : EventManager : Event: ======'machine_var_audits_switches_s_trough_4'====== Args={'value': 0, 'prev_value': None, 'change': True}
2025-07-16 17:29:23,994 : INFO : EventManager : Event: ======'init_phase_5'====== Args={}
2025-07-16 17:29:23,994 : INFO : EventManager : Event: ======'init_done'====== Args={}
2025-07-16 17:29:23,994 : INFO : EventManager : Event: ======'machine_reset_phase_1'====== Args={}
2025-07-16 17:29:24,003 : INFO : EventManager : Event: ======'machine_reset_phase_2'====== Args={}
2025-07-16 17:29:24,003 : INFO : EventManager : Event: ======'machine_reset_phase_3'====== Args={}
2025-07-16 17:29:24,003 : INFO : EventManager : Event: ======'reset_complete'====== Args={}
2025-07-16 17:29:24,003 : INFO : EventManager : Event: ======'mode_attract_will_start'====== Args={}
2025-07-16 17:29:24,003 : INFO : Timer.attract_carousel_timer : Starting Timer.
2025-07-16 17:29:24,003 : INFO : EventManager : Event: ======'timer_attract_carousel_timer_started'====== Args={'ticks': 0, 'ticks_remaining': 1}
2025-07-16 17:29:24,003 : INFO : EventManager : Event: ======'timer_attract_carousel_timer_tick'====== Args={'ticks': 0, 'ticks_remaining': 1}
2025-07-16 17:29:24,003 : INFO : EventManager : Event: ======'mode_attract_starting'====== Args={}
2025-07-16 17:29:24,003 : INFO : Mode.attract : Started. Priority: 10
2025-07-16 17:29:24,003 : INFO : EventManager : Event: ======'modes_active_modes_changed'====== Args={}
2025-07-16 17:29:24,003 : INFO : EventManager : Event: ======'mode_attract_started'====== Args={}
2025-07-16 17:29:24,004 : INFO : EventManager : Event: ======'collecting_balls_complete'====== Args={}
2025-07-16 17:29:24,004 : INFO : EventManager : Event: ======'item_highlighted'====== Args={'carousel': 'attract', 'direction': None, 'item': 'press_start'}
2025-07-16 17:29:24,004 : INFO : EventManager : Event: ======'timer_attract_carousel_timer_tick'====== Args={'ticks': 0, 'ticks_remaining': 1}
2025-07-16 17:29:24,004 : INFO : Machine : Starting the main run loop with active modes: [<Mode.attract>]
2025-07-16 17:29:24,149 : INFO : EventManager : Event: ======'slide_attract_created'====== Args={'_from_bcp': True}
2025-07-16 17:29:24,149 : INFO : EventManager : Event: ======'slide__removed'====== Args={'_from_bcp': True}
2025-07-16 17:29:24,149 : INFO : EventManager : Event: ======'slide_attract_active'====== Args={'original_context': 'attract', 'original_calling_context': 'mode_attract_started', 'priority': 10.0, 'cmd': 'slides_play', '_from_bcp': True}
2025-07-16 17:29:29,006 : INFO : Timer.attract_carousel_timer : Timer Complete
2025-07-16 17:29:29,007 : INFO : Timer.attract_carousel_timer : Stopping Timer
2025-07-16 17:29:29,008 : INFO : EventManager : Event: ======'timer_attract_carousel_timer_stopped'====== Args={'ticks': 1, 'ticks_remaining': 1}
2025-07-16 17:29:29,008 : INFO : EventManager : Event: ======'timer_attract_carousel_timer_complete'====== Args={'ticks': 1, 'ticks_remaining': 1}
2025-07-16 17:29:29,010 : INFO : EventManager : Event: ======'item_highlighted'====== Args={'carousel': 'attract', 'direction': 'forwards', 'item': 'mpf_logo'}
2025-07-16 17:29:29,010 : INFO : Timer.attract_carousel_timer : Starting Timer.
2025-07-16 17:29:29,010 : INFO : EventManager : Event: ======'timer_attract_carousel_timer_started'====== Args={'ticks': 0, 'ticks_remaining': 1}
2025-07-16 17:29:29,010 : INFO : EventManager : Event: ======'timer_attract_carousel_timer_tick'====== Args={'ticks': 0, 'ticks_remaining': 1}
2025-07-16 17:29:34,017 : INFO : Timer.attract_carousel_timer : Timer Complete
2025-07-16 17:29:34,017 : INFO : Timer.attract_carousel_timer : Stopping Timer
2025-07-16 17:29:34,017 : INFO : EventManager : Event: ======'timer_attract_carousel_timer_stopped'====== Args={'ticks': 1, 'ticks_remaining': 1}
2025-07-16 17:29:34,017 : INFO : EventManager : Event: ======'timer_attract_carousel_timer_complete'====== Args={'ticks': 1, 'ticks_remaining': 1}
2025-07-16 17:29:34,018 : INFO : EventManager : Event: ======'item_highlighted'====== Args={'carousel': 'attract', 'direction': 'forwards', 'item': 'press_start'}
2025-07-16 17:29:34,019 : INFO : Timer.attract_carousel_timer : Starting Timer.
2025-07-16 17:29:34,019 : INFO : EventManager : Event: ======'timer_attract_carousel_timer_started'====== Args={'ticks': 0, 'ticks_remaining': 1}
2025-07-16 17:29:34,019 : INFO : EventManager : Event: ======'timer_attract_carousel_timer_tick'====== Args={'ticks': 0, 'ticks_remaining': 1}
2025-07-16 17:29:39,020 : INFO : Timer.attract_carousel_timer : Timer Complete
2025-07-16 17:29:39,021 : INFO : Timer.attract_carousel_timer : Stopping Timer
2025-07-16 17:29:39,021 : INFO : EventManager : Event: ======'timer_attract_carousel_timer_stopped'====== Args={'ticks': 1, 'ticks_remaining': 1}
2025-07-16 17:29:39,022 : INFO : EventManager : Event: ======'timer_attract_carousel_timer_complete'====== Args={'ticks': 1, 'ticks_remaining': 1}
2025-07-16 17:29:39,023 : INFO : EventManager : Event: ======'item_highlighted'====== Args={'carousel': 'attract', 'direction': 'forwards', 'item': 'mpf_logo'}
2025-07-16 17:29:39,024 : INFO : Timer.attract_carousel_timer : Starting Timer.
2025-07-16 17:29:39,024 : INFO : EventManager : Event: ======'timer_attract_carousel_timer_started'====== Args={'ticks': 0, 'ticks_remaining': 1}
2025-07-16 17:29:39,024 : INFO : EventManager : Event: ======'timer_attract_carousel_timer_tick'====== Args={'ticks': 0, 'ticks_remaining': 1}
2025-07-16 17:29:39,887 : INFO : SwitchController : <<<<<<< 's_start' active >>>>>>>
2025-07-16 17:29:39,965 : INFO : SwitchController : <<<<<<< 's_start' inactive >>>>>>>
2025-07-16 17:29:39,965 : INFO : EventManager : Event: ======'request_to_start_game'====== Args={}
2025-07-16 17:29:39,966 : INFO : EventManager : Event: ======'game_start'====== Args={'buttons': [], 'hold_time': 0.07767004200286465}
2025-07-16 17:29:39,966 : INFO : EventManager : Event: ======'mode_game_will_start'====== Args={'buttons': [], 'hold_time': 0.07767004200286465}
2025-07-16 17:29:39,969 : INFO : EventManager : Event: ======'mode_game_starting'====== Args={'buttons': [], 'hold_time': 0.07767004200286465}
2025-07-16 17:29:39,969 : INFO : EventManager : Event: ======'mode_attract_will_stop'====== Args={}
2025-07-16 17:29:39,970 : INFO : EventManager : Event: ======'mode_attract_stopping'====== Args={}
2025-07-16 17:29:39,970 : INFO : Mode.attract : Stopped.
2025-07-16 17:29:39,970 : INFO : EventManager : Event: ======'modes_active_modes_changed'====== Args={}
2025-07-16 17:29:39,974 : INFO : EventManager : Event: ======'mode_attract_stopped'====== Args={}
2025-07-16 17:29:39,974 : INFO : EventManager : Event: ======'clear'====== Args={'key': 'attract'}
2025-07-16 17:29:39,974 : INFO : Timer.attract_carousel_timer : Stopping Timer
2025-07-16 17:29:39,974 : INFO : EventManager : Event: ======'timer_attract_carousel_timer_stopped'====== Args={'ticks': 0, 'ticks_remaining': 1}
2025-07-16 17:29:39,974 : INFO : Mode.game : Started. Priority: 20
2025-07-16 17:29:39,974 : INFO : EventManager : Event: ======'modes_active_modes_changed'====== Args={}
2025-07-16 17:29:39,974 : INFO : EventManager : Event: ======'mode_game_started'====== Args={'buttons': [], 'hold_time': 0.07767004200286465}
2025-07-16 17:29:39,976 : INFO : EventManager : Event: ======'game_will_start'====== Args={}
2025-07-16 17:29:39,976 : INFO : EventManager : Event: ======'game_starting'====== Args={'game': <Mode.game>}
2025-07-16 17:29:39,977 : INFO : EventManager : Unordered handler for class <Auditor> on event game_ended with priority 1. Handlers: [RegisteredHandler(callback=<bound method Auditor.disable of <Auditor>>, priority=1, kwargs={}, key=UUID('b22cdf41-4c51-4ce6-b4f9-d81ea040d5cd'), condition=None, blocking_facility=None), RegisteredHandler(callback=<bound method Auditor._save_audits of <Auditor>>, priority=1, kwargs={}, key=UUID('669e7105-c8fb-45d2-8491-63719cfeb889'), condition=None, blocking_facility=None)]. The order of those handlers is not defined and they will be executed in random order. This might lead to race conditions and potential bugs.
2025-07-16 17:29:39,977 : INFO : EventManager : Event: ======'player_add_request'====== Args={}
2025-07-16 17:29:39,977 : INFO : EventManager : Event: ======'player_will_add'====== Args={'number': 1}
2025-07-16 17:29:39,978 : INFO : EventManager : Event: ======'player_adding'====== Args={'player': <Player 1>, 'number': 1}
2025-07-16 17:29:39,978 : INFO : EventManager : Event: ======'player_added'====== Args={'player': <Player 1>, 'num': 1}
2025-07-16 17:29:39,978 : INFO : Mode.game : Player added successfully. Total players: 1
2025-07-16 17:29:39,978 : INFO : EventManager : Event: ======'player_index'====== Args={'value': 0, 'prev_value': 0, 'change': 0, 'player_num': 1}
2025-07-16 17:29:39,979 : INFO : EventManager : Event: ======'player_number'====== Args={'value': 1, 'prev_value': 1, 'change': 0, 'player_num': 1}
2025-07-16 17:29:39,980 : INFO : EventManager : Event: ======'player_score'====== Args={'value': 0, 'prev_value': 0, 'change': 0, 'player_num': 1}
2025-07-16 17:29:39,981 : INFO : EventManager : Event: ======'game_started'====== Args={}
2025-07-16 17:29:39,982 : INFO : EventManager : Event: ======'player_turn_will_start'====== Args={'player': <Player 1>, 'number': 1}
2025-07-16 17:29:39,982 : INFO : EventManager : Event: ======'player_turn_starting'====== Args={'player': <Player 1>, 'number': 1}
2025-07-16 17:29:39,985 : INFO : EventManager : Event: ======'player_ball'====== Args={'value': 1, 'prev_value': 0, 'change': 1, 'player_num': 1}
2025-07-16 17:29:39,986 : INFO : EventManager : Event: ======'player_turn_started'====== Args={'player': <Player 1>, 'number': 1}
2025-07-16 17:29:39,987 : INFO : EventManager : Event: ======'ball_will_start'====== Args={'player': 1, 'ball': 1, 'balls_remaining': 2, 'is_extra_ball': False}
2025-07-16 17:29:39,987 : INFO : EventManager : Event: ======'ball_starting'====== Args={'player': 1, 'ball': 1, 'balls_remaining': 2, 'is_extra_ball': False}
2025-07-16 17:29:39,988 : INFO : EventManager : Event: ======'mode_base_will_start'====== Args={'queue': <QueuedEvent>, 'player': 1, 'ball': 1, 'balls_remaining': 2, 'is_extra_ball': False}
2025-07-16 17:29:39,988 : INFO : EventManager : Event: ======'player_shot_left_lane_enabled'====== Args={'value': True, 'prev_value': 0, 'change': 1, 'player_num': 1}
2025-07-16 17:29:39,989 : INFO : EventManager : Event: ======'mode_base_starting'====== Args={'queue': <QueuedEvent>, 'player': 1, 'ball': 1, 'balls_remaining': 2, 'is_extra_ball': False}
2025-07-16 17:29:39,989 : INFO : Mode.base : Started. Priority: 100
2025-07-16 17:29:39,989 : INFO : EventManager : Event: ======'modes_active_modes_changed'====== Args={}
2025-07-16 17:29:39,989 : INFO : EventManager : Event: ======'mode_base_started'====== Args={'queue': <QueuedEvent>, 'player': 1, 'ball': 1, 'balls_remaining': 2, 'is_extra_ball': False}
2025-07-16 17:29:39,990 : INFO : EventManager : Event: ======'start_mode_bumpers'====== Args={'priority': 0}
2025-07-16 17:29:39,990 : INFO : EventManager : Event: ======'mode_bumpers_will_start'====== Args={'priority': 0}
2025-07-16 17:29:39,990 : INFO : EventManager : Event: ======'player_shot_bumper_left_enabled'====== Args={'value': True, 'prev_value': 0, 'change': 1, 'player_num': 1}
2025-07-16 17:29:39,991 : INFO : EventManager : Event: ======'player_shot_bumper_right_enabled'====== Args={'value': True, 'prev_value': 0, 'change': 1, 'player_num': 1}
2025-07-16 17:29:39,991 : INFO : EventManager : Event: ======'bumpers_complete'====== Args={'state': 'unlit'}
2025-07-16 17:29:39,991 : INFO : EventManager : Event: ======'bumpers_unlit_complete'====== Args={}
2025-07-16 17:29:39,992 : INFO : EventManager : Event: ======'mode_bumpers_starting'====== Args={'priority': 0}
2025-07-16 17:29:39,992 : INFO : Mode.bumpers : Started. Priority: 200
2025-07-16 17:29:39,992 : INFO : EventManager : Event: ======'modes_active_modes_changed'====== Args={}
2025-07-16 17:29:39,992 : INFO : EventManager : Event: ======'mode_bumpers_started'====== Args={'priority': 0}
2025-07-16 17:29:39,992 : INFO : EventManager : Event: ======'balls_in_play'====== Args={'balls': 1}
2025-07-16 17:29:39,992 : INFO : EventManager : Event: ======'ball_started'====== Args={'player': 1, 'ball': 1, 'balls_remaining': 2, 'is_extra_ball': False}
2025-07-16 17:29:39,993 : INFO : EventManager : Event: ======'single_player_ball_started'====== Args={}
2025-07-16 17:29:39,993 : INFO : EventManager : Event: ======'ball_start_target'====== Args={'target': 'playfield'}
2025-07-16 17:29:39,993 : INFO : ball_device.bd_trough : Setting up player-controlled eject. Balls: 1, Target: <playfield.playfield>, player_controlled_eject_event: None
2025-07-16 17:29:39,993 : INFO : ball_device.bd_trough : Adding 1 ball(s) to the eject_queue with target <playfield.playfield>.
2025-07-16 17:29:39,994 : INFO : EventManager : Event: ======'balldevice_balls_available'====== Args={}
2025-07-16 17:29:39,994 : INFO : ball_device.bd_trough : State: waiting_for_target_ready
2025-07-16 17:29:39,994 : INFO : EventManager : Event: ======'balldevice_bd_trough_ball_eject_attempt'====== Args={'balls': 1, 'target': <ball_device.bd_plunger>, 'source': <ball_device.bd_trough>, 'mechanical_eject': False, 'num_attempts': 0}
2025-07-16 17:29:39,995 : INFO : ball_device.bd_plunger : State: waiting_for_ball
2025-07-16 17:29:39,995 : INFO : ball_device.bd_trough : State: ejecting
2025-07-16 17:29:39,995 : INFO : ball_device.bd_trough : Ejecting ball to <ball_device.bd_plunger>
2025-07-16 17:29:39,995 : INFO : EventManager : Event: ======'balldevice_bd_trough_ejecting_ball'====== Args={'balls': 1, 'target': <ball_device.bd_plunger>, 'source': <ball_device.bd_trough>, 'mechanical_eject': False, 'num_attempts': 0}
2025-07-16 17:29:39,996 : INFO : ball_device.bd_trough : Wait for ball to leave device
2025-07-16 17:29:39,996 : INFO : coil.c_trough_eject : Pulsing Driver for 10ms (1.0 pulse_power)
2025-07-16 17:29:40,007 : INFO : EventManager : Event: ======'slide_base_slide_created'====== Args={'_from_bcp': True}
2025-07-16 17:29:40,007 : INFO : EventManager : Event: ======'slide_attract_inactive'====== Args={'is_removing': True, '_from_bcp': True}
2025-07-16 17:29:40,007 : INFO : EventManager : Event: ======'slide_base_slide_active'====== Args={'original_context': 'base', 'original_calling_context': 'mode_base_started', 'priority': 100.0, 'queue': '<QueuedEvent>', 'player': 1.0, 'ball': 1.0, 'balls_remaining': 2.0, 'is_extra_ball': False, 'cmd': 'slides_play', '_from_bcp': True}
2025-07-16 17:29:40,007 : INFO : EventManager : Event: ======'slide_attract_removed'====== Args={'_from_bcp': True}
2025-07-16 17:29:46,292 : INFO : Machine : Shutting down...
2025-07-16 17:29:46,293 : INFO : EventManager : Event: ======'shutdown'====== Args={}
2025-07-16 17:29:46,294 : INFO : EventManager : Event: ======'mode_game_will_stop'====== Args={}
2025-07-16 17:29:46,294 : INFO : EventManager : Event: ======'mode_game_stopping'====== Args={}
2025-07-16 17:29:46,295 : INFO : EventManager : Event: ======'mode_base_will_stop'====== Args={}
2025-07-16 17:29:46,295 : INFO : EventManager : Event: ======'mode_base_stopping'====== Args={}
2025-07-16 17:29:46,295 : INFO : EventManager : Event: ======'mode_bumpers_will_stop'====== Args={}
2025-07-16 17:29:46,295 : INFO : EventManager : Event: ======'mode_bumpers_stopping'====== Args={}
2025-07-16 17:29:46,295 : INFO : EventManager : Event: ======'stop_mode_bumpers'====== Args={'priority': 0}
2025-07-16 17:29:46,295 : INFO : Mode.bumpers : Stopped.
2025-07-16 17:29:46,295 : INFO : EventManager : Event: ======'modes_active_modes_changed'====== Args={}
2025-07-16 17:29:46,295 : INFO : EventManager : Event: ======'mode_bumpers_stopped'====== Args={}
2025-07-16 17:29:46,295 : INFO : EventManager : Event: ======'clear'====== Args={'key': 'bumpers'}
2025-07-16 17:29:46,296 : INFO : Mode.base : Stopped.
2025-07-16 17:29:46,296 : INFO : EventManager : Event: ======'modes_active_modes_changed'====== Args={}
2025-07-16 17:29:46,296 : INFO : EventManager : Event: ======'mode_base_stopped'====== Args={}
2025-07-16 17:29:46,296 : INFO : EventManager : Event: ======'clear'====== Args={'key': 'base'}
2025-07-16 17:29:46,296 : INFO : Mode.game : Stopped.
2025-07-16 17:29:46,297 : INFO : EventManager : Event: ======'modes_active_modes_changed'====== Args={}
2025-07-16 17:29:46,297 : INFO : EventManager : Event: ======'mode_game_stopped'====== Args={}
2025-07-16 17:29:46,297 : INFO : EventManager : Event: ======'clear'====== Args={'key': 'game'}
2025-07-16 17:29:46,298 : INFO : root : MPF run loop ended.
