2025-07-16 12:28:22,077 : INFO : root : Loading config.
2025-07-16 12:28:22,080 : INFO : YamlMultifileConfigLoader : Machine config file #1: config.yaml
2025-07-16 12:28:22,080 : INFO : ConfigProcessor : Loading config from cache: /var/folders/pz/vf5_w96n7hl70j30jzrp_64r0000gp/T/4b0446b065373c01774765373fc5a010.mpf_cache
2025-07-16 12:28:22,115 : WARNING : ConfigProcessor : Config file in cache changed: /Users/craig/Documents/Pinball/Gremlins/modes/attract/config/attract.yaml
2025-07-16 12:28:22,115 : INFO : ConfigProcessor : Loading config from file /Users/craig/mpf-080/lib/python3.12/site-packages/mpf/modes/attract/config/attract.yaml.
2025-07-16 12:28:22,116 : INFO : ConfigProcessor : Loading config: /Users/craig/mpf-080/lib/python3.12/site-packages/mpf/modes/attract/config/attract.yaml
2025-07-16 12:28:22,116 : INFO : ConfigProcessor : Loading config from file /Users/craig/Documents/Pinball/Gremlins/modes/attract/config/attract.yaml.
2025-07-16 12:28:22,116 : INFO : ConfigProcessor : Loading config: /Users/craig/Documents/Pinball/Gremlins/modes/attract/config/attract.yaml
2025-07-16 12:28:22,116 : INFO : ConfigProcessor : Config file cache created: /var/folders/pz/vf5_w96n7hl70j30jzrp_64r0000gp/T/8c6758dff4d969b46729a501e1f9b5a2.mpf_cache
2025-07-16 12:28:22,117 : INFO : ConfigProcessor : Loading config from cache: /var/folders/pz/vf5_w96n7hl70j30jzrp_64r0000gp/T/86b9553ee9e8fe91c4c341498a1256c7.mpf_cache
2025-07-16 12:28:22,117 : INFO : ConfigProcessor : Loading config from cache: /var/folders/pz/vf5_w96n7hl70j30jzrp_64r0000gp/T/8c6758dff4d969b46729a501e1f9b5a2.mpf_cache
2025-07-16 12:28:22,117 : INFO : ConfigProcessor : Loading config from cache: /var/folders/pz/vf5_w96n7hl70j30jzrp_64r0000gp/T/fe908dde2db5cc7f24a22ccd0c690388.mpf_cache
2025-07-16 12:28:22,118 : INFO : Machine : Mission Pinball Framework Core Engine v0.80.0.dev8
2025-07-16 12:28:22,118 : INFO : Machine : Command line arguments: {'no_load_cache': False, 'create_config_cache': True, 'bcp': True, 'configfile': ['config.yaml'], 'force_assets_load': False, 'platform_integration_test': False, 'jsonlogging': False, 'logfile': 'logs/2025-07-16-12-28-22-mpf-Craigs-MacBook-Pro.local.log', 'pause': False, 'production': False, 'text_ui': False, 'loglevel': 15, 'consoleloglevel': 20, 'force_platform': 'virtual', 'syslog_address': None, 'full_logfile_path': '/Users/craig/Documents/Pinball/Gremlins/logs/2025-07-16-12-28-22-mpf-Craigs-MacBook-Pro.local.log'}
2025-07-16 12:28:22,118 : INFO : Machine : MPF path: /Users/craig/mpf-080/lib/python3.12/site-packages/mpf
2025-07-16 12:28:22,118 : INFO : Machine : Machine path: /Users/craig/Documents/Pinball/Gremlins
2025-07-16 12:28:22,118 : INFO : Machine : Platform: darwin
2025-07-16 12:28:22,118 : INFO : Machine : Python executable location: /Users/craig/mpf-080/bin/python3.12
2025-07-16 12:28:22,118 : INFO : Machine : Python version: 3.12.7 (64-bit)
2025-07-16 12:28:22,118 : INFO : Machine : Initializing MPF...
2025-07-16 12:28:22,144 : INFO : EventManager : Event: ======'machine_var_credits_string'====== Args={'value': 'FREE PLAY', 'prev_value': None, 'change': True}
2025-07-16 12:28:22,149 : INFO : EventManager : Event: ======'machine_var_master_volume'====== Args={'value': 0.5, 'prev_value': None, 'change': True}
2025-07-16 12:28:22,149 : INFO : EventManager : Event: ======'machine_var_mpf_version'====== Args={'value': 'Mission Pinball Framework v0.80.0.dev8', 'prev_value': None, 'change': True}
2025-07-16 12:28:22,149 : INFO : EventManager : Event: ======'machine_var_mpf_extended_version'====== Args={'value': 'Mission Pinball Framework v0.80.0.dev8, Config version:6, Show version: 6, BCP version:1.1', 'prev_value': None, 'change': True}
2025-07-16 12:28:22,149 : INFO : EventManager : Event: ======'machine_var_python_version'====== Args={'value': '3.12.7', 'prev_value': None, 'change': True}
2025-07-16 12:28:22,164 : INFO : EventManager : Event: ======'machine_var_platform'====== Args={'value': 'macOS-14.7.6-arm64-arm-64bit', 'prev_value': None, 'change': True}
2025-07-16 12:28:22,164 : INFO : EventManager : Event: ======'machine_var_platform_system'====== Args={'value': 'Darwin', 'prev_value': None, 'change': True}
2025-07-16 12:28:22,164 : INFO : EventManager : Event: ======'machine_var_platform_release'====== Args={'value': '23.6.0', 'prev_value': None, 'change': True}
2025-07-16 12:28:22,164 : INFO : EventManager : Event: ======'machine_var_platform_version'====== Args={'value': 'Darwin Kernel Version 23.6.0: Thu Apr 24 20:29:18 PDT 2025; root:xnu-10063.141.1.705.2~1/RELEASE_ARM64_T6000', 'prev_value': None, 'change': True}
2025-07-16 12:28:22,164 : INFO : EventManager : Event: ======'machine_var_platform_machine'====== Args={'value': 'arm64', 'prev_value': None, 'change': True}
2025-07-16 12:28:22,164 : INFO : EventManager : Event: ======'machine_var_log_file_path'====== Args={'value': '/Users/craig/Documents/Pinball/Gremlins/logs/2025-07-16-12-28-22-mpf-Craigs-MacBook-Pro.local.log', 'prev_value': None, 'change': True}
2025-07-16 12:28:22,165 : INFO : EventManager : Event: ======'init_phase_1'====== Args={}
2025-07-16 12:28:22,172 : INFO : EventManager : Event: ======'init_phase_2'====== Args={}
2025-07-16 12:28:22,172 : INFO : EventManager : Event: ======'bcp_connection_attempt'====== Args={'name': 'local_display', 'host': 'localhost', 'port': 5050}
2025-07-16 12:28:22,173 : INFO : BCPClientSocket : Connecting BCP to 'local_display' at localhost:5050...
2025-07-16 12:28:22,177 : INFO : BCPClientSocket : Connected BCP to 'local_display' localhost:5050
2025-07-16 12:28:22,178 : INFO : EventManager : Event: ======'bcp_clients_connected'====== Args={}
2025-07-16 12:28:22,178 : INFO : ball_device.bd_plunger : BCH: Initial count: 0
2025-07-16 12:28:22,178 : INFO : ball_device.bd_plunger : State: idle
2025-07-16 12:28:22,178 : INFO : ball_device.bd_trough : BCH: Initial count: 0
2025-07-16 12:28:22,178 : INFO : ball_device.bd_trough : State: idle
2025-07-16 12:28:22,181 : INFO : EventManager : Event: ======'init_phase_3'====== Args={}
2025-07-16 12:28:22,181 : INFO : EventManager : Event: ======'init_phase_4'====== Args={}
2025-07-16 12:28:22,181 : INFO : BallController : Initial balls found: 0
2025-07-16 12:28:22,182 : INFO : EventManager : Event: ======'machine_var_audits_switches_s_trough_1'====== Args={'value': 0, 'prev_value': None, 'change': True}
2025-07-16 12:28:22,182 : INFO : EventManager : Event: ======'machine_var_audits_switches_s_trough_4'====== Args={'value': 0, 'prev_value': None, 'change': True}
2025-07-16 12:28:22,182 : INFO : EventManager : Event: ======'machine_var_audits_switches_s_plunger_lane'====== Args={'value': 0, 'prev_value': None, 'change': True}
2025-07-16 12:28:22,182 : INFO : EventManager : Event: ======'machine_var_audits_switches_s_flipper_left'====== Args={'value': 0, 'prev_value': None, 'change': True}
2025-07-16 12:28:22,182 : INFO : EventManager : Event: ======'machine_var_audits_switches_s_trough_2'====== Args={'value': 0, 'prev_value': None, 'change': True}
2025-07-16 12:28:22,182 : INFO : EventManager : Event: ======'machine_var_audits_switches_s_flipper_right'====== Args={'value': 0, 'prev_value': None, 'change': True}
2025-07-16 12:28:22,182 : INFO : EventManager : Event: ======'machine_var_audits_switches_s_trough_3'====== Args={'value': 0, 'prev_value': None, 'change': True}
2025-07-16 12:28:22,182 : INFO : EventManager : Event: ======'machine_var_audits_events_game_started'====== Args={'value': 0, 'prev_value': None, 'change': True}
2025-07-16 12:28:22,182 : INFO : EventManager : Event: ======'machine_var_audits_events_game_ended'====== Args={'value': 0, 'prev_value': None, 'change': True}
2025-07-16 12:28:22,182 : INFO : EventManager : Event: ======'machine_var_audits_player_score'====== Args={'value': {'top': [], 'average': 0, 'total': 0}, 'prev_value': None, 'change': True}
2025-07-16 12:28:22,182 : INFO : EventManager : Event: ======'init_phase_5'====== Args={}
2025-07-16 12:28:22,182 : INFO : EventManager : Event: ======'init_done'====== Args={}
2025-07-16 12:28:22,182 : INFO : EventManager : Event: ======'machine_reset_phase_1'====== Args={}
2025-07-16 12:28:22,187 : INFO : EventManager : Event: ======'machine_reset_phase_2'====== Args={}
2025-07-16 12:28:22,187 : INFO : EventManager : Event: ======'machine_reset_phase_3'====== Args={}
2025-07-16 12:28:22,187 : INFO : EventManager : Event: ======'reset_complete'====== Args={}
2025-07-16 12:28:22,188 : INFO : EventManager : Event: ======'mode_attract_will_start'====== Args={}
2025-07-16 12:28:22,188 : INFO : EventManager : Event: ======'mode_attract_starting'====== Args={}
2025-07-16 12:28:22,188 : INFO : Mode.attract : Started. Priority: 10
2025-07-16 12:28:22,188 : INFO : EventManager : Event: ======'modes_active_modes_changed'====== Args={}
2025-07-16 12:28:22,188 : INFO : EventManager : Event: ======'mode_attract_started'====== Args={}
2025-07-16 12:28:22,189 : INFO : EventManager : Event: ======'collecting_balls_complete'====== Args={}
2025-07-16 12:28:22,189 : INFO : EventManager : Event: ======'item_highlighted'====== Args={'carousel': 'attract', 'direction': None, 'item': 'title'}
2025-07-16 12:28:22,189 : INFO : Machine : Starting the main run loop with active modes: [<Mode.attract>]
2025-07-16 12:28:22,215 : INFO : EventManager : Event: ======'slide_attract_created'====== Args={'_from_bcp': True}
2025-07-16 12:28:22,215 : INFO : EventManager : Event: ======'slide__removed'====== Args={'_from_bcp': True}
2025-07-16 12:28:22,216 : INFO : EventManager : Event: ======'slide_attract_active'====== Args={'original_context': 'attract', 'original_calling_context': 'mode_attract_started', 'priority': 10.0, 'cmd': 'slides_play', '_from_bcp': True}
2025-07-16 12:28:28,726 : INFO : SwitchController : <<<<<<< 's_flipper_right' active >>>>>>>
2025-07-16 12:28:28,726 : INFO : EventManager : Event: ======'s_flipper_right_active'====== Args={}
2025-07-16 12:28:28,727 : INFO : EventManager : Event: ======'item_highlighted'====== Args={'carousel': 'attract', 'direction': 'forwards', 'item': 'credits'}
2025-07-16 12:28:28,835 : INFO : SwitchController : <<<<<<< 's_flipper_right' inactive >>>>>>>
2025-07-16 12:28:30,076 : INFO : SwitchController : <<<<<<< 's_flipper_right' active >>>>>>>
2025-07-16 12:28:30,076 : INFO : EventManager : Event: ======'s_flipper_right_active'====== Args={}
2025-07-16 12:28:30,077 : INFO : EventManager : Event: ======'item_highlighted'====== Args={'carousel': 'attract', 'direction': 'forwards', 'item': 'mpf_logo'}
2025-07-16 12:28:30,228 : INFO : SwitchController : <<<<<<< 's_flipper_right' inactive >>>>>>>
2025-07-16 12:28:31,410 : INFO : SwitchController : <<<<<<< 's_flipper_right' active >>>>>>>
2025-07-16 12:28:31,410 : INFO : EventManager : Event: ======'s_flipper_right_active'====== Args={}
2025-07-16 12:28:31,411 : INFO : EventManager : Event: ======'item_highlighted'====== Args={'carousel': 'attract', 'direction': 'forwards', 'item': 'title'}
2025-07-16 12:28:31,612 : INFO : SwitchController : <<<<<<< 's_flipper_right' inactive >>>>>>>
2025-07-16 12:28:31,934 : INFO : SwitchController : <<<<<<< 's_flipper_right' active >>>>>>>
2025-07-16 12:28:31,934 : INFO : EventManager : Event: ======'s_flipper_right_active'====== Args={}
2025-07-16 12:28:31,934 : INFO : EventManager : Event: ======'item_highlighted'====== Args={'carousel': 'attract', 'direction': 'forwards', 'item': 'credits'}
2025-07-16 12:28:32,052 : INFO : SwitchController : <<<<<<< 's_flipper_right' inactive >>>>>>>
2025-07-16 12:28:32,366 : INFO : SwitchController : <<<<<<< 's_flipper_left' active >>>>>>>
2025-07-16 12:28:32,367 : INFO : EventManager : Event: ======'s_flipper_left_active'====== Args={}
2025-07-16 12:28:32,367 : INFO : EventManager : Event: ======'item_highlighted'====== Args={'carousel': 'attract', 'direction': 'backwards', 'item': 'title'}
2025-07-16 12:28:32,503 : INFO : SwitchController : <<<<<<< 's_flipper_left' inactive >>>>>>>
2025-07-16 12:28:32,719 : INFO : SwitchController : <<<<<<< 's_flipper_left' active >>>>>>>
2025-07-16 12:28:32,719 : INFO : EventManager : Event: ======'s_flipper_left_active'====== Args={}
2025-07-16 12:28:32,720 : INFO : EventManager : Event: ======'item_highlighted'====== Args={'carousel': 'attract', 'direction': 'backwards', 'item': 'mpf_logo'}
2025-07-16 12:28:32,851 : INFO : SwitchController : <<<<<<< 's_flipper_left' inactive >>>>>>>
2025-07-16 12:28:33,069 : INFO : SwitchController : <<<<<<< 's_flipper_left' active >>>>>>>
2025-07-16 12:28:33,069 : INFO : EventManager : Event: ======'s_flipper_left_active'====== Args={}
2025-07-16 12:28:33,069 : INFO : EventManager : Event: ======'item_highlighted'====== Args={'carousel': 'attract', 'direction': 'backwards', 'item': 'credits'}
2025-07-16 12:28:33,228 : INFO : SwitchController : <<<<<<< 's_flipper_left' inactive >>>>>>>
2025-07-16 12:28:33,527 : INFO : SwitchController : <<<<<<< 's_flipper_left' active >>>>>>>
2025-07-16 12:28:33,527 : INFO : EventManager : Event: ======'s_flipper_left_active'====== Args={}
2025-07-16 12:28:33,528 : INFO : EventManager : Event: ======'item_highlighted'====== Args={'carousel': 'attract', 'direction': 'backwards', 'item': 'title'}
2025-07-16 12:28:33,635 : INFO : SwitchController : <<<<<<< 's_flipper_left' inactive >>>>>>>
2025-07-16 12:28:34,000 : INFO : SwitchController : <<<<<<< 's_flipper_right' active >>>>>>>
2025-07-16 12:28:34,000 : INFO : EventManager : Event: ======'s_flipper_right_active'====== Args={}
2025-07-16 12:28:34,001 : INFO : EventManager : Event: ======'item_highlighted'====== Args={'carousel': 'attract', 'direction': 'forwards', 'item': 'credits'}
2025-07-16 12:28:34,053 : INFO : SwitchController : <<<<<<< 's_flipper_right' inactive >>>>>>>
2025-07-16 12:28:34,209 : INFO : SwitchController : <<<<<<< 's_flipper_right' active >>>>>>>
2025-07-16 12:28:34,209 : INFO : EventManager : Event: ======'s_flipper_right_active'====== Args={}
2025-07-16 12:28:34,210 : INFO : EventManager : Event: ======'item_highlighted'====== Args={'carousel': 'attract', 'direction': 'forwards', 'item': 'mpf_logo'}
2025-07-16 12:28:34,252 : INFO : SwitchController : <<<<<<< 's_flipper_right' inactive >>>>>>>
2025-07-16 12:28:34,375 : INFO : SwitchController : <<<<<<< 's_flipper_right' active >>>>>>>
2025-07-16 12:28:34,375 : INFO : EventManager : Event: ======'s_flipper_right_active'====== Args={}
2025-07-16 12:28:34,376 : INFO : EventManager : Event: ======'item_highlighted'====== Args={'carousel': 'attract', 'direction': 'forwards', 'item': 'title'}
2025-07-16 12:28:34,427 : INFO : SwitchController : <<<<<<< 's_flipper_right' inactive >>>>>>>
2025-07-16 12:28:34,535 : INFO : SwitchController : <<<<<<< 's_flipper_right' active >>>>>>>
2025-07-16 12:28:34,535 : INFO : EventManager : Event: ======'s_flipper_right_active'====== Args={}
2025-07-16 12:28:34,536 : INFO : EventManager : Event: ======'item_highlighted'====== Args={'carousel': 'attract', 'direction': 'forwards', 'item': 'credits'}
2025-07-16 12:28:34,638 : INFO : SwitchController : <<<<<<< 's_flipper_right' inactive >>>>>>>
2025-07-16 12:28:34,747 : INFO : SwitchController : <<<<<<< 's_flipper_right' active >>>>>>>
2025-07-16 12:28:34,747 : INFO : EventManager : Event: ======'s_flipper_right_active'====== Args={}
2025-07-16 12:28:34,748 : INFO : EventManager : Event: ======'item_highlighted'====== Args={'carousel': 'attract', 'direction': 'forwards', 'item': 'mpf_logo'}
2025-07-16 12:28:34,853 : INFO : SwitchController : <<<<<<< 's_flipper_right' inactive >>>>>>>
2025-07-16 12:28:34,945 : INFO : SwitchController : <<<<<<< 's_flipper_right' active >>>>>>>
2025-07-16 12:28:34,945 : INFO : EventManager : Event: ======'s_flipper_right_active'====== Args={}
2025-07-16 12:28:34,945 : INFO : EventManager : Event: ======'item_highlighted'====== Args={'carousel': 'attract', 'direction': 'forwards', 'item': 'title'}
2025-07-16 12:28:35,042 : INFO : SwitchController : <<<<<<< 's_flipper_right' inactive >>>>>>>
2025-07-16 12:28:35,276 : INFO : SwitchController : <<<<<<< 's_flipper_left' active >>>>>>>
2025-07-16 12:28:35,276 : INFO : EventManager : Event: ======'s_flipper_left_active'====== Args={}
2025-07-16 12:28:35,277 : INFO : EventManager : Event: ======'item_highlighted'====== Args={'carousel': 'attract', 'direction': 'backwards', 'item': 'mpf_logo'}
2025-07-16 12:28:35,368 : INFO : SwitchController : <<<<<<< 's_flipper_left' inactive >>>>>>>
2025-07-16 12:28:35,460 : INFO : SwitchController : <<<<<<< 's_flipper_left' active >>>>>>>
2025-07-16 12:28:35,460 : INFO : EventManager : Event: ======'s_flipper_left_active'====== Args={}
2025-07-16 12:28:35,461 : INFO : EventManager : Event: ======'item_highlighted'====== Args={'carousel': 'attract', 'direction': 'backwards', 'item': 'credits'}
2025-07-16 12:28:35,509 : INFO : SwitchController : <<<<<<< 's_flipper_left' inactive >>>>>>>
2025-07-16 12:28:35,610 : INFO : SwitchController : <<<<<<< 's_flipper_left' active >>>>>>>
2025-07-16 12:28:35,610 : INFO : EventManager : Event: ======'s_flipper_left_active'====== Args={}
2025-07-16 12:28:35,611 : INFO : EventManager : Event: ======'item_highlighted'====== Args={'carousel': 'attract', 'direction': 'backwards', 'item': 'title'}
2025-07-16 12:28:35,669 : INFO : SwitchController : <<<<<<< 's_flipper_left' inactive >>>>>>>
2025-07-16 12:28:35,778 : INFO : SwitchController : <<<<<<< 's_flipper_left' active >>>>>>>
2025-07-16 12:28:35,778 : INFO : EventManager : Event: ======'s_flipper_left_active'====== Args={}
2025-07-16 12:28:35,779 : INFO : EventManager : Event: ======'item_highlighted'====== Args={'carousel': 'attract', 'direction': 'backwards', 'item': 'mpf_logo'}
2025-07-16 12:28:35,834 : INFO : SwitchController : <<<<<<< 's_flipper_left' inactive >>>>>>>
2025-07-16 12:28:35,919 : INFO : SwitchController : <<<<<<< 's_flipper_left' active >>>>>>>
2025-07-16 12:28:35,919 : INFO : EventManager : Event: ======'s_flipper_left_active'====== Args={}
2025-07-16 12:28:35,920 : INFO : EventManager : Event: ======'item_highlighted'====== Args={'carousel': 'attract', 'direction': 'backwards', 'item': 'credits'}
2025-07-16 12:28:36,011 : INFO : SwitchController : <<<<<<< 's_flipper_left' inactive >>>>>>>
2025-07-16 12:28:36,351 : INFO : SwitchController : <<<<<<< 's_flipper_left' active >>>>>>>
2025-07-16 12:28:36,352 : INFO : EventManager : Event: ======'s_flipper_left_active'====== Args={}
2025-07-16 12:28:36,352 : INFO : EventManager : Event: ======'item_highlighted'====== Args={'carousel': 'attract', 'direction': 'backwards', 'item': 'title'}
2025-07-16 12:28:36,484 : INFO : SwitchController : <<<<<<< 's_flipper_left' inactive >>>>>>>
2025-07-16 12:28:36,718 : INFO : SwitchController : <<<<<<< 's_flipper_left' active >>>>>>>
2025-07-16 12:28:36,718 : INFO : EventManager : Event: ======'s_flipper_left_active'====== Args={}
2025-07-16 12:28:36,719 : INFO : EventManager : Event: ======'item_highlighted'====== Args={'carousel': 'attract', 'direction': 'backwards', 'item': 'mpf_logo'}
2025-07-16 12:28:36,817 : INFO : SwitchController : <<<<<<< 's_flipper_left' inactive >>>>>>>
2025-07-16 12:28:37,519 : INFO : SwitchController : <<<<<<< 's_flipper_right' active >>>>>>>
2025-07-16 12:28:37,520 : INFO : EventManager : Event: ======'s_flipper_right_active'====== Args={}
2025-07-16 12:28:37,521 : INFO : EventManager : Event: ======'item_highlighted'====== Args={'carousel': 'attract', 'direction': 'forwards', 'item': 'title'}
2025-07-16 12:28:37,594 : INFO : SwitchController : <<<<<<< 's_flipper_right' inactive >>>>>>>
2025-07-16 12:28:37,700 : INFO : SwitchController : <<<<<<< 's_flipper_right' active >>>>>>>
2025-07-16 12:28:37,700 : INFO : EventManager : Event: ======'s_flipper_right_active'====== Args={}
2025-07-16 12:28:37,702 : INFO : EventManager : Event: ======'item_highlighted'====== Args={'carousel': 'attract', 'direction': 'forwards', 'item': 'credits'}
2025-07-16 12:28:37,820 : INFO : SwitchController : <<<<<<< 's_flipper_right' inactive >>>>>>>
2025-07-16 12:28:43,881 : INFO : Machine : Shutting down...
2025-07-16 12:28:43,881 : INFO : EventManager : Event: ======'shutdown'====== Args={}
2025-07-16 12:28:43,882 : INFO : root : MPF run loop ended.
