2025-07-16 17:51:01,473 : INFO : root : Loading config.
2025-07-16 17:51:01,475 : INFO : YamlMultifileConfigLoader : Machine config file #1: config.yaml
2025-07-16 17:51:01,475 : INFO : ConfigProcessor : Loading config from cache: /var/folders/pz/vf5_w96n7hl70j30jzrp_64r0000gp/T/4b0446b065373c01774765373fc5a010.mpf_cache
2025-07-16 17:51:01,494 : INFO : ConfigProcessor : Loading config from cache: /var/folders/pz/vf5_w96n7hl70j30jzrp_64r0000gp/T/8c6758dff4d969b46729a501e1f9b5a2.mpf_cache
2025-07-16 17:51:01,494 : INFO : ConfigProcessor : Loading config from cache: /var/folders/pz/vf5_w96n7hl70j30jzrp_64r0000gp/T/86b9553ee9e8fe91c4c341498a1256c7.mpf_cache
2025-07-16 17:51:01,494 : INFO : ConfigProcessor : Loading config from cache: /var/folders/pz/vf5_w96n7hl70j30jzrp_64r0000gp/T/8c6758dff4d969b46729a501e1f9b5a2.mpf_cache
2025-07-16 17:51:01,495 : INFO : ConfigProcessor : Loading config from cache: /var/folders/pz/vf5_w96n7hl70j30jzrp_64r0000gp/T/fe908dde2db5cc7f24a22ccd0c690388.mpf_cache
2025-07-16 17:51:01,495 : WARNING : ConfigProcessor : Config file in cache changed: /Users/craig/Documents/Pinball/Gremlins/modes/bumpers/config/bumpers.yaml
2025-07-16 17:51:01,495 : INFO : ConfigProcessor : Loading config from file /Users/craig/Documents/Pinball/Gremlins/modes/bumpers/config/bumpers.yaml.
2025-07-16 17:51:01,495 : INFO : ConfigProcessor : Loading config: /Users/craig/Documents/Pinball/Gremlins/modes/bumpers/config/bumpers.yaml
2025-07-16 17:51:01,496 : INFO : ConfigProcessor : Config file cache created: /var/folders/pz/vf5_w96n7hl70j30jzrp_64r0000gp/T/c87d87d711c9e63e2e052ce58df60d5a.mpf_cache
2025-07-16 17:51:01,496 : INFO : ConfigProcessor : Loading config from cache: /var/folders/pz/vf5_w96n7hl70j30jzrp_64r0000gp/T/2285102ea814fec0736640417091917b.mpf_cache
2025-07-16 17:51:01,496 : INFO : Machine : Mission Pinball Framework Core Engine v0.80.0.dev8
2025-07-16 17:51:01,496 : INFO : Machine : Command line arguments: {'no_load_cache': False, 'create_config_cache': True, 'bcp': True, 'configfile': ['config.yaml'], 'force_assets_load': False, 'platform_integration_test': False, 'jsonlogging': False, 'logfile': 'logs/2025-07-16-17-51-01-mpf-Craigs-MacBook-Pro.local.log', 'pause': False, 'production': False, 'text_ui': False, 'loglevel': 15, 'consoleloglevel': 20, 'force_platform': 'virtual', 'syslog_address': None, 'full_logfile_path': '/Users/craig/Documents/Pinball/Gremlins/logs/2025-07-16-17-51-01-mpf-Craigs-MacBook-Pro.local.log'}
2025-07-16 17:51:01,496 : INFO : Machine : MPF path: /Users/craig/mpf-080/lib/python3.12/site-packages/mpf
2025-07-16 17:51:01,496 : INFO : Machine : Machine path: /Users/craig/Documents/Pinball/Gremlins
2025-07-16 17:51:01,496 : INFO : Machine : Platform: darwin
2025-07-16 17:51:01,496 : INFO : Machine : Python executable location: /Users/craig/mpf-080/bin/python3.12
2025-07-16 17:51:01,496 : INFO : Machine : Python version: 3.12.7 (64-bit)
2025-07-16 17:51:01,496 : INFO : Machine : Initializing MPF...
2025-07-16 17:51:01,512 : INFO : EventManager : Event: ======'machine_var_credits_string'====== Args={'value': 'FREE PLAY', 'prev_value': None, 'change': True}
2025-07-16 17:51:01,516 : INFO : EventManager : Event: ======'machine_var_master_volume'====== Args={'value': 0.5, 'prev_value': None, 'change': True}
2025-07-16 17:51:01,516 : INFO : EventManager : Event: ======'machine_var_mpf_version'====== Args={'value': 'Mission Pinball Framework v0.80.0.dev8', 'prev_value': None, 'change': True}
2025-07-16 17:51:01,516 : INFO : EventManager : Event: ======'machine_var_mpf_extended_version'====== Args={'value': 'Mission Pinball Framework v0.80.0.dev8, Config version:6, Show version: 6, BCP version:1.1', 'prev_value': None, 'change': True}
2025-07-16 17:51:01,516 : INFO : EventManager : Event: ======'machine_var_python_version'====== Args={'value': '3.12.7', 'prev_value': None, 'change': True}
2025-07-16 17:51:01,523 : INFO : EventManager : Event: ======'machine_var_platform'====== Args={'value': 'macOS-14.7.6-arm64-arm-64bit', 'prev_value': None, 'change': True}
2025-07-16 17:51:01,523 : INFO : EventManager : Event: ======'machine_var_platform_system'====== Args={'value': 'Darwin', 'prev_value': None, 'change': True}
2025-07-16 17:51:01,523 : INFO : EventManager : Event: ======'machine_var_platform_release'====== Args={'value': '23.6.0', 'prev_value': None, 'change': True}
2025-07-16 17:51:01,523 : INFO : EventManager : Event: ======'machine_var_platform_version'====== Args={'value': 'Darwin Kernel Version 23.6.0: Thu Apr 24 20:29:18 PDT 2025; root:xnu-10063.141.1.705.2~1/RELEASE_ARM64_T6000', 'prev_value': None, 'change': True}
2025-07-16 17:51:01,524 : INFO : EventManager : Event: ======'machine_var_platform_machine'====== Args={'value': 'arm64', 'prev_value': None, 'change': True}
2025-07-16 17:51:01,524 : INFO : EventManager : Event: ======'machine_var_log_file_path'====== Args={'value': '/Users/craig/Documents/Pinball/Gremlins/logs/2025-07-16-17-51-01-mpf-Craigs-MacBook-Pro.local.log', 'prev_value': None, 'change': True}
2025-07-16 17:51:01,524 : INFO : EventManager : Event: ======'init_phase_1'====== Args={}
2025-07-16 17:51:01,529 : INFO : EventManager : Event: ======'init_phase_2'====== Args={}
2025-07-16 17:51:01,530 : INFO : SwitchController : Found active switch: (1006, <Platform.Virtual>) <switch.s_trough_1>
2025-07-16 17:51:01,530 : INFO : SwitchController : Found active switch: (1007, <Platform.Virtual>) <switch.s_trough_2>
2025-07-16 17:51:01,530 : INFO : SwitchController : Found active switch: (1008, <Platform.Virtual>) <switch.s_trough_3>
2025-07-16 17:51:01,530 : INFO : SwitchController : Found active switch: (1009, <Platform.Virtual>) <switch.s_trough_4>
2025-07-16 17:51:01,530 : INFO : EventManager : Event: ======'bcp_connection_attempt'====== Args={'name': 'local_display', 'host': 'localhost', 'port': 5050}
2025-07-16 17:51:01,531 : INFO : BCPClientSocket : Connecting BCP to 'local_display' at localhost:5050...
2025-07-16 17:51:06,395 : INFO : BCPClientSocket : Connected BCP to 'local_display' localhost:5050
2025-07-16 17:51:06,396 : INFO : EventManager : Event: ======'bcp_clients_connected'====== Args={}
2025-07-16 17:51:06,397 : INFO : ball_device.bd_plunger : BCH: Initial count: 0
2025-07-16 17:51:06,397 : INFO : ball_device.bd_plunger : State: idle
2025-07-16 17:51:06,398 : INFO : ball_device.bd_trough : BCH: Initial count: 4
2025-07-16 17:51:06,398 : INFO : ball_device.bd_trough : State: idle
2025-07-16 17:51:06,414 : INFO : EventManager : Event: ======'init_phase_3'====== Args={}
2025-07-16 17:51:06,416 : INFO : EventManager : Event: ======'init_phase_4'====== Args={}
2025-07-16 17:51:06,417 : INFO : BallController : Initial balls found: 4
2025-07-16 17:51:06,417 : INFO : EventManager : Event: ======'machine_var_audits_events_game_ended'====== Args={'value': 0, 'prev_value': None, 'change': True}
2025-07-16 17:51:06,417 : INFO : EventManager : Event: ======'machine_var_audits_events_game_started'====== Args={'value': 11, 'prev_value': None, 'change': True}
2025-07-16 17:51:06,417 : INFO : EventManager : Event: ======'machine_var_audits_missing_switches_s_bumper_left'====== Args={'value': 6, 'prev_value': None, 'change': True}
2025-07-16 17:51:06,417 : INFO : EventManager : Event: ======'machine_var_audits_missing_switches_s_bumper_right'====== Args={'value': 6, 'prev_value': None, 'change': True}
2025-07-16 17:51:06,417 : INFO : EventManager : Event: ======'machine_var_audits_missing_switches_s_left_lane'====== Args={'value': 2, 'prev_value': None, 'change': True}
2025-07-16 17:51:06,417 : INFO : EventManager : Event: ======'machine_var_audits_missing_switches_s_plunger_lane'====== Args={'value': 11, 'prev_value': None, 'change': True}
2025-07-16 17:51:06,417 : INFO : EventManager : Event: ======'machine_var_audits_missing_switches_s_start'====== Args={'value': 4, 'prev_value': None, 'change': True}
2025-07-16 17:51:06,417 : INFO : EventManager : Event: ======'machine_var_audits_missing_switches_s_trough_1'====== Args={'value': 11, 'prev_value': None, 'change': True}
2025-07-16 17:51:06,417 : INFO : EventManager : Event: ======'machine_var_audits_missing_switches_s_trough_2'====== Args={'value': 11, 'prev_value': None, 'change': True}
2025-07-16 17:51:06,417 : INFO : EventManager : Event: ======'machine_var_audits_missing_switches_s_trough_3'====== Args={'value': 11, 'prev_value': None, 'change': True}
2025-07-16 17:51:06,417 : INFO : EventManager : Event: ======'machine_var_audits_missing_switches_s_trough_4'====== Args={'value': 11, 'prev_value': None, 'change': True}
2025-07-16 17:51:06,418 : INFO : EventManager : Event: ======'machine_var_audits_player_score'====== Args={'value': {'average': 0, 'top': [], 'total': 0}, 'prev_value': None, 'change': True}
2025-07-16 17:51:06,418 : INFO : EventManager : Event: ======'machine_var_audits_shots_bumper_left'====== Args={'value': 16, 'prev_value': None, 'change': True}
2025-07-16 17:51:06,418 : INFO : EventManager : Event: ======'machine_var_audits_shots_bumper_right'====== Args={'value': 26, 'prev_value': None, 'change': True}
2025-07-16 17:51:06,418 : INFO : EventManager : Event: ======'machine_var_audits_shots_hurryup'====== Args={'value': 7, 'prev_value': None, 'change': True}
2025-07-16 17:51:06,418 : INFO : EventManager : Event: ======'machine_var_audits_shots_left_lane'====== Args={'value': 17, 'prev_value': None, 'change': True}
2025-07-16 17:51:06,418 : INFO : EventManager : Event: ======'machine_var_audits_switches_s_bumper_left'====== Args={'value': 16, 'prev_value': None, 'change': True}
2025-07-16 17:51:06,418 : INFO : EventManager : Event: ======'machine_var_audits_switches_s_bumper_right'====== Args={'value': 26, 'prev_value': None, 'change': True}
2025-07-16 17:51:06,418 : INFO : EventManager : Event: ======'machine_var_audits_switches_s_flipper_left'====== Args={'value': 63, 'prev_value': None, 'change': True}
2025-07-16 17:51:06,418 : INFO : EventManager : Event: ======'machine_var_audits_switches_s_flipper_right'====== Args={'value': 88, 'prev_value': None, 'change': True}
2025-07-16 17:51:06,418 : INFO : EventManager : Event: ======'machine_var_audits_switches_s_left_lane'====== Args={'value': 17, 'prev_value': None, 'change': True}
2025-07-16 17:51:06,418 : INFO : EventManager : Event: ======'machine_var_audits_switches_s_plunger_lane'====== Args={'value': 0, 'prev_value': None, 'change': True}
2025-07-16 17:51:06,418 : INFO : EventManager : Event: ======'machine_var_audits_switches_s_start'====== Args={'value': 2, 'prev_value': None, 'change': True}
2025-07-16 17:51:06,418 : INFO : EventManager : Event: ======'machine_var_audits_switches_s_trough_1'====== Args={'value': 0, 'prev_value': None, 'change': True}
2025-07-16 17:51:06,418 : INFO : EventManager : Event: ======'machine_var_audits_switches_s_trough_2'====== Args={'value': 0, 'prev_value': None, 'change': True}
2025-07-16 17:51:06,418 : INFO : EventManager : Event: ======'machine_var_audits_switches_s_trough_3'====== Args={'value': 0, 'prev_value': None, 'change': True}
2025-07-16 17:51:06,418 : INFO : EventManager : Event: ======'machine_var_audits_switches_s_trough_4'====== Args={'value': 0, 'prev_value': None, 'change': True}
2025-07-16 17:51:06,418 : INFO : EventManager : Event: ======'init_phase_5'====== Args={}
2025-07-16 17:51:06,419 : INFO : EventManager : Event: ======'init_done'====== Args={}
2025-07-16 17:51:06,419 : INFO : EventManager : Event: ======'machine_reset_phase_1'====== Args={}
2025-07-16 17:51:06,421 : INFO : EventManager : Event: ======'machine_reset_phase_2'====== Args={}
2025-07-16 17:51:06,421 : INFO : EventManager : Event: ======'machine_reset_phase_3'====== Args={}
2025-07-16 17:51:06,422 : INFO : EventManager : Event: ======'reset_complete'====== Args={}
2025-07-16 17:51:06,422 : INFO : EventManager : Event: ======'mode_attract_will_start'====== Args={}
2025-07-16 17:51:06,422 : INFO : Timer.attract_carousel_timer : Starting Timer.
2025-07-16 17:51:06,422 : INFO : EventManager : Event: ======'timer_attract_carousel_timer_started'====== Args={'ticks': 0, 'ticks_remaining': 1}
2025-07-16 17:51:06,422 : INFO : EventManager : Event: ======'timer_attract_carousel_timer_tick'====== Args={'ticks': 0, 'ticks_remaining': 1}
2025-07-16 17:51:06,422 : INFO : EventManager : Event: ======'mode_attract_starting'====== Args={}
2025-07-16 17:51:06,422 : INFO : Mode.attract : Started. Priority: 10
2025-07-16 17:51:06,422 : INFO : EventManager : Event: ======'modes_active_modes_changed'====== Args={}
2025-07-16 17:51:06,422 : INFO : EventManager : Event: ======'mode_attract_started'====== Args={}
2025-07-16 17:51:06,423 : INFO : EventManager : Event: ======'collecting_balls_complete'====== Args={}
2025-07-16 17:51:06,423 : INFO : EventManager : Event: ======'item_highlighted'====== Args={'carousel': 'attract', 'direction': None, 'item': 'press_start'}
2025-07-16 17:51:06,423 : INFO : EventManager : Event: ======'timer_attract_carousel_timer_tick'====== Args={'ticks': 0, 'ticks_remaining': 1}
2025-07-16 17:51:06,423 : INFO : Machine : Starting the main run loop with active modes: [<Mode.attract>]
2025-07-16 17:51:06,535 : INFO : EventManager : Event: ======'slide_attract_created'====== Args={'_from_bcp': True}
2025-07-16 17:51:06,535 : INFO : EventManager : Event: ======'slide__removed'====== Args={'_from_bcp': True}
2025-07-16 17:51:06,535 : INFO : EventManager : Event: ======'slide_attract_active'====== Args={'original_context': 'attract', 'original_calling_context': 'mode_attract_started', 'priority': 10.0, 'cmd': 'slides_play', '_from_bcp': True}
2025-07-16 17:51:07,194 : INFO : SwitchController : <<<<<<< 's_start' active >>>>>>>
2025-07-16 17:51:07,265 : INFO : SwitchController : <<<<<<< 's_start' inactive >>>>>>>
2025-07-16 17:51:07,265 : INFO : EventManager : Event: ======'request_to_start_game'====== Args={}
2025-07-16 17:51:07,266 : INFO : EventManager : Event: ======'game_start'====== Args={'buttons': [], 'hold_time': 0.07057000000349944}
2025-07-16 17:51:07,266 : INFO : EventManager : Event: ======'mode_game_will_start'====== Args={'buttons': [], 'hold_time': 0.07057000000349944}
2025-07-16 17:51:07,267 : INFO : EventManager : Event: ======'mode_game_starting'====== Args={'buttons': [], 'hold_time': 0.07057000000349944}
2025-07-16 17:51:07,267 : INFO : EventManager : Event: ======'mode_attract_will_stop'====== Args={}
2025-07-16 17:51:07,268 : INFO : EventManager : Event: ======'mode_attract_stopping'====== Args={}
2025-07-16 17:51:07,268 : INFO : Mode.attract : Stopped.
2025-07-16 17:51:07,268 : INFO : EventManager : Event: ======'modes_active_modes_changed'====== Args={}
2025-07-16 17:51:07,268 : INFO : EventManager : Event: ======'mode_attract_stopped'====== Args={}
2025-07-16 17:51:07,268 : INFO : EventManager : Event: ======'clear'====== Args={'key': 'attract'}
2025-07-16 17:51:07,269 : INFO : Timer.attract_carousel_timer : Stopping Timer
2025-07-16 17:51:07,269 : INFO : EventManager : Event: ======'timer_attract_carousel_timer_stopped'====== Args={'ticks': 0, 'ticks_remaining': 1}
2025-07-16 17:51:07,270 : INFO : Mode.game : Started. Priority: 20
2025-07-16 17:51:07,270 : INFO : EventManager : Event: ======'modes_active_modes_changed'====== Args={}
2025-07-16 17:51:07,270 : INFO : EventManager : Event: ======'mode_game_started'====== Args={'buttons': [], 'hold_time': 0.07057000000349944}
2025-07-16 17:51:07,271 : INFO : EventManager : Event: ======'game_will_start'====== Args={}
2025-07-16 17:51:07,273 : INFO : EventManager : Event: ======'game_starting'====== Args={'game': <Mode.game>}
2025-07-16 17:51:07,275 : INFO : EventManager : Unordered handler for class <Auditor> on event game_ended with priority 1. Handlers: [RegisteredHandler(callback=<bound method Auditor.disable of <Auditor>>, priority=1, kwargs={}, key=UUID('26f4b277-9aad-408a-9297-3da08543626c'), condition=None, blocking_facility=None), RegisteredHandler(callback=<bound method Auditor._save_audits of <Auditor>>, priority=1, kwargs={}, key=UUID('cfd93b36-c594-4d1a-97a1-4eca9e1088b5'), condition=None, blocking_facility=None)]. The order of those handlers is not defined and they will be executed in random order. This might lead to race conditions and potential bugs.
2025-07-16 17:51:07,275 : INFO : EventManager : Event: ======'player_add_request'====== Args={}
2025-07-16 17:51:07,275 : INFO : EventManager : Event: ======'player_will_add'====== Args={'number': 1}
2025-07-16 17:51:07,276 : INFO : EventManager : Event: ======'player_adding'====== Args={'player': <Player 1>, 'number': 1}
2025-07-16 17:51:07,276 : INFO : EventManager : Event: ======'player_added'====== Args={'player': <Player 1>, 'num': 1}
2025-07-16 17:51:07,276 : INFO : Mode.game : Player added successfully. Total players: 1
2025-07-16 17:51:07,276 : INFO : EventManager : Event: ======'player_index'====== Args={'value': 0, 'prev_value': 0, 'change': 0, 'player_num': 1}
2025-07-16 17:51:07,276 : INFO : EventManager : Event: ======'player_number'====== Args={'value': 1, 'prev_value': 1, 'change': 0, 'player_num': 1}
2025-07-16 17:51:07,276 : INFO : EventManager : Event: ======'player_score'====== Args={'value': 0, 'prev_value': 0, 'change': 0, 'player_num': 1}
2025-07-16 17:51:07,277 : INFO : EventManager : Event: ======'game_started'====== Args={}
2025-07-16 17:51:07,277 : INFO : EventManager : Event: ======'player_turn_will_start'====== Args={'player': <Player 1>, 'number': 1}
2025-07-16 17:51:07,277 : INFO : EventManager : Event: ======'player_turn_starting'====== Args={'player': <Player 1>, 'number': 1}
2025-07-16 17:51:07,278 : INFO : EventManager : Event: ======'player_ball'====== Args={'value': 1, 'prev_value': 0, 'change': 1, 'player_num': 1}
2025-07-16 17:51:07,278 : INFO : EventManager : Event: ======'player_turn_started'====== Args={'player': <Player 1>, 'number': 1}
2025-07-16 17:51:07,278 : INFO : EventManager : Event: ======'ball_will_start'====== Args={'player': 1, 'ball': 1, 'balls_remaining': 2, 'is_extra_ball': False}
2025-07-16 17:51:07,278 : INFO : EventManager : Event: ======'ball_starting'====== Args={'player': 1, 'ball': 1, 'balls_remaining': 2, 'is_extra_ball': False}
2025-07-16 17:51:07,279 : INFO : EventManager : Event: ======'mode_base_will_start'====== Args={'queue': <QueuedEvent>, 'player': 1, 'ball': 1, 'balls_remaining': 2, 'is_extra_ball': False}
2025-07-16 17:51:07,279 : INFO : EventManager : Event: ======'player_shot_left_lane_enabled'====== Args={'value': True, 'prev_value': 0, 'change': 1, 'player_num': 1}
2025-07-16 17:51:07,288 : INFO : EventManager : Event: ======'mode_base_starting'====== Args={'queue': <QueuedEvent>, 'player': 1, 'ball': 1, 'balls_remaining': 2, 'is_extra_ball': False}
2025-07-16 17:51:07,292 : INFO : Mode.base : Started. Priority: 100
2025-07-16 17:51:07,292 : INFO : EventManager : Event: ======'modes_active_modes_changed'====== Args={}
2025-07-16 17:51:07,292 : INFO : EventManager : Event: ======'mode_base_started'====== Args={'queue': <QueuedEvent>, 'player': 1, 'ball': 1, 'balls_remaining': 2, 'is_extra_ball': False}
2025-07-16 17:51:07,293 : INFO : EventManager : Event: ======'start_mode_bumpers'====== Args={'priority': 0}
2025-07-16 17:51:07,293 : INFO : EventManager : Event: ======'mode_bumpers_will_start'====== Args={'priority': 0}
2025-07-16 17:51:07,294 : INFO : EventManager : Event: ======'player_shot_bumper_left_enabled'====== Args={'value': True, 'prev_value': 0, 'change': 1, 'player_num': 1}
2025-07-16 17:51:07,294 : INFO : EventManager : Event: ======'player_shot_bumper_right_enabled'====== Args={'value': True, 'prev_value': 0, 'change': 1, 'player_num': 1}
2025-07-16 17:51:07,294 : INFO : EventManager : Event: ======'bumpers_complete'====== Args={'state': 'unlit'}
2025-07-16 17:51:07,294 : INFO : EventManager : Event: ======'bumpers_unlit_complete'====== Args={}
2025-07-16 17:51:07,295 : INFO : EventManager : Event: ======'mode_bumpers_starting'====== Args={'priority': 0}
2025-07-16 17:51:07,295 : INFO : Mode.bumpers : Started. Priority: 200
2025-07-16 17:51:07,295 : INFO : EventManager : Event: ======'modes_active_modes_changed'====== Args={}
2025-07-16 17:51:07,295 : INFO : EventManager : Event: ======'mode_bumpers_started'====== Args={'priority': 0}
2025-07-16 17:51:07,297 : INFO : EventManager : Event: ======'balls_in_play'====== Args={'balls': 1}
2025-07-16 17:51:07,297 : INFO : EventManager : Event: ======'ball_started'====== Args={'player': 1, 'ball': 1, 'balls_remaining': 2, 'is_extra_ball': False}
2025-07-16 17:51:07,299 : INFO : EventManager : Event: ======'single_player_ball_started'====== Args={}
2025-07-16 17:51:07,299 : INFO : EventManager : Event: ======'ball_start_target'====== Args={'target': 'playfield'}
2025-07-16 17:51:07,300 : INFO : ball_device.bd_trough : Setting up player-controlled eject. Balls: 1, Target: <playfield.playfield>, player_controlled_eject_event: None
2025-07-16 17:51:07,300 : INFO : ball_device.bd_trough : Adding 1 ball(s) to the eject_queue with target <playfield.playfield>.
2025-07-16 17:51:07,300 : INFO : EventManager : Event: ======'balldevice_balls_available'====== Args={}
2025-07-16 17:51:07,301 : INFO : ball_device.bd_trough : State: waiting_for_target_ready
2025-07-16 17:51:07,302 : INFO : EventManager : Event: ======'balldevice_bd_trough_ball_eject_attempt'====== Args={'balls': 1, 'target': <ball_device.bd_plunger>, 'source': <ball_device.bd_trough>, 'mechanical_eject': False, 'num_attempts': 0}
2025-07-16 17:51:07,302 : INFO : ball_device.bd_plunger : State: waiting_for_ball
2025-07-16 17:51:07,303 : INFO : ball_device.bd_trough : State: ejecting
2025-07-16 17:51:07,304 : INFO : ball_device.bd_trough : Ejecting ball to <ball_device.bd_plunger>
2025-07-16 17:51:07,304 : INFO : EventManager : Event: ======'balldevice_bd_trough_ejecting_ball'====== Args={'balls': 1, 'target': <ball_device.bd_plunger>, 'source': <ball_device.bd_trough>, 'mechanical_eject': False, 'num_attempts': 0}
2025-07-16 17:51:07,305 : INFO : ball_device.bd_trough : Wait for ball to leave device
2025-07-16 17:51:07,305 : INFO : coil.c_trough_eject : Pulsing Driver for 10ms (1.0 pulse_power)
2025-07-16 17:51:07,364 : INFO : EventManager : Event: ======'slide_base_slide_created'====== Args={'_from_bcp': True}
2025-07-16 17:51:07,364 : INFO : EventManager : Event: ======'slide_attract_inactive'====== Args={'is_removing': True, '_from_bcp': True}
2025-07-16 17:51:07,364 : INFO : EventManager : Event: ======'slide_base_slide_active'====== Args={'original_context': 'base', 'original_calling_context': 'mode_base_started', 'priority': 100.0, 'queue': '<QueuedEvent>', 'player': 1.0, 'ball': 1.0, 'balls_remaining': 2.0, 'is_extra_ball': False, 'cmd': 'slides_play', '_from_bcp': True}
2025-07-16 17:51:07,365 : INFO : EventManager : Event: ======'slide_attract_removed'====== Args={'_from_bcp': True}
2025-07-16 17:51:08,194 : INFO : SwitchController : <<<<<<< 's_bumper_left' active >>>>>>>
2025-07-16 17:51:08,195 : INFO : EventManager : Event: ======'playfield_active'====== Args={'source': 'bumper_left'}
2025-07-16 17:51:08,195 : INFO : EventManager : Event: ======'unexpected_ball_on_playfield'====== Args={}
2025-07-16 17:51:08,195 : INFO : EventManager : Event: ======'s_bumper_left_active'====== Args={}
2025-07-16 17:51:08,195 : INFO : EventManager : Event: ======'machine_var_audits_switches_s_bumper_left'====== Args={'value': 17, 'prev_value': 16, 'change': 1}
2025-07-16 17:51:08,200 : INFO : EventManager : Event: ======'player_shot_bumper_left'====== Args={'value': 1, 'prev_value': 0, 'change': 1, 'player_num': 1}
2025-07-16 17:51:08,202 : INFO : EventManager : Event: ======'machine_var_audits_shots_bumper_left'====== Args={'value': 17, 'prev_value': 16, 'change': 1}
2025-07-16 17:51:08,202 : INFO : EventManager : Event: ======'bumper_left_hit'====== Args={'profile': 'default', 'state': 'unlit', 'advancing': True}
2025-07-16 17:51:08,202 : INFO : EventManager : Event: ======'bumper_left_default_hit'====== Args={'profile': 'default', 'state': 'unlit', 'advancing': True}
2025-07-16 17:51:08,202 : INFO : EventManager : Event: ======'bumper_left_default_unlit_hit'====== Args={'profile': 'default', 'state': 'unlit', 'advancing': True}
2025-07-16 17:51:08,202 : INFO : EventManager : Event: ======'bumper_left_unlit_hit'====== Args={'profile': 'default', 'state': 'unlit', 'advancing': True}
2025-07-16 17:51:08,203 : INFO : EventManager : Event: ======'bumpers_hit'====== Args={'shot': 'bumper_left'}
2025-07-16 17:51:08,203 : INFO : EventManager : Event: ======'bumpers_unlit_hit'====== Args={'shot': 'bumper_left'}
2025-07-16 17:51:08,203 : INFO : EventManager : Event: ======'player_score'====== Args={'value': 1000, 'prev_value': 0, 'change': 1000, 'player_num': 1, 'source': 'bumpers'}
2025-07-16 17:51:08,249 : INFO : SwitchController : <<<<<<< 's_bumper_left' inactive >>>>>>>
2025-07-16 17:51:08,432 : INFO : SwitchController : <<<<<<< 's_bumper_right' active >>>>>>>
2025-07-16 17:51:08,433 : INFO : EventManager : Event: ======'playfield_active'====== Args={'source': 'bumper_right'}
2025-07-16 17:51:08,433 : INFO : EventManager : Event: ======'unexpected_ball_on_playfield'====== Args={}
2025-07-16 17:51:08,433 : INFO : EventManager : Event: ======'s_bumper_right_active'====== Args={}
2025-07-16 17:51:08,433 : INFO : EventManager : Event: ======'machine_var_audits_switches_s_bumper_right'====== Args={'value': 27, 'prev_value': 26, 'change': 1}
2025-07-16 17:51:08,434 : INFO : EventManager : Event: ======'player_shot_bumper_right'====== Args={'value': 1, 'prev_value': 0, 'change': 1, 'player_num': 1}
2025-07-16 17:51:08,435 : INFO : EventManager : Event: ======'machine_var_audits_shots_bumper_right'====== Args={'value': 27, 'prev_value': 26, 'change': 1}
2025-07-16 17:51:08,435 : INFO : EventManager : Event: ======'bumper_right_hit'====== Args={'profile': 'default', 'state': 'unlit', 'advancing': True}
2025-07-16 17:51:08,435 : INFO : EventManager : Event: ======'bumper_right_default_hit'====== Args={'profile': 'default', 'state': 'unlit', 'advancing': True}
2025-07-16 17:51:08,435 : INFO : EventManager : Event: ======'bumper_right_default_unlit_hit'====== Args={'profile': 'default', 'state': 'unlit', 'advancing': True}
2025-07-16 17:51:08,436 : INFO : EventManager : Event: ======'bumper_right_unlit_hit'====== Args={'profile': 'default', 'state': 'unlit', 'advancing': True}
2025-07-16 17:51:08,436 : INFO : EventManager : Event: ======'bumpers_complete'====== Args={'state': 'lit'}
2025-07-16 17:51:08,436 : INFO : EventManager : Event: ======'bumpers_lit_complete'====== Args={}
2025-07-16 17:51:08,436 : INFO : EventManager : Event: ======'bumpers_hit'====== Args={'shot': 'bumper_right'}
2025-07-16 17:51:08,436 : INFO : EventManager : Event: ======'bumpers_unlit_hit'====== Args={'shot': 'bumper_right'}
2025-07-16 17:51:08,436 : INFO : EventManager : Event: ======'player_score'====== Args={'value': 2000, 'prev_value': 1000, 'change': 1000, 'player_num': 1, 'source': 'bumpers'}
2025-07-16 17:51:08,508 : INFO : SwitchController : <<<<<<< 's_bumper_right' inactive >>>>>>>
2025-07-16 17:51:08,590 : INFO : SwitchController : <<<<<<< 's_bumper_left' active >>>>>>>
2025-07-16 17:51:08,591 : INFO : EventManager : Event: ======'playfield_active'====== Args={'source': 'bumper_left'}
2025-07-16 17:51:08,591 : INFO : EventManager : Event: ======'unexpected_ball_on_playfield'====== Args={}
2025-07-16 17:51:08,591 : INFO : EventManager : Event: ======'s_bumper_left_active'====== Args={}
2025-07-16 17:51:08,591 : INFO : EventManager : Event: ======'machine_var_audits_switches_s_bumper_left'====== Args={'value': 18, 'prev_value': 17, 'change': 1}
2025-07-16 17:51:08,592 : INFO : EventManager : Event: ======'machine_var_audits_shots_bumper_left'====== Args={'value': 18, 'prev_value': 17, 'change': 1}
2025-07-16 17:51:08,592 : INFO : EventManager : Event: ======'bumper_left_hit'====== Args={'profile': 'default', 'state': 'lit', 'advancing': False}
2025-07-16 17:51:08,592 : INFO : EventManager : Event: ======'bumper_left_default_hit'====== Args={'profile': 'default', 'state': 'lit', 'advancing': False}
2025-07-16 17:51:08,592 : INFO : EventManager : Event: ======'bumper_left_default_lit_hit'====== Args={'profile': 'default', 'state': 'lit', 'advancing': False}
2025-07-16 17:51:08,593 : INFO : EventManager : Event: ======'bumper_left_lit_hit'====== Args={'profile': 'default', 'state': 'lit', 'advancing': False}
2025-07-16 17:51:08,593 : INFO : EventManager : Event: ======'bumpers_hit'====== Args={'shot': 'bumper_left'}
2025-07-16 17:51:08,593 : INFO : EventManager : Event: ======'bumpers_lit_hit'====== Args={'shot': 'bumper_left'}
2025-07-16 17:51:08,593 : INFO : EventManager : Event: ======'player_score'====== Args={'value': 3000, 'prev_value': 2000, 'change': 1000, 'player_num': 1, 'source': 'bumpers'}
2025-07-16 17:51:08,690 : INFO : SwitchController : <<<<<<< 's_bumper_left' inactive >>>>>>>
2025-07-16 17:51:08,765 : INFO : SwitchController : <<<<<<< 's_bumper_right' active >>>>>>>
2025-07-16 17:51:08,765 : INFO : EventManager : Event: ======'playfield_active'====== Args={'source': 'bumper_right'}
2025-07-16 17:51:08,765 : INFO : EventManager : Event: ======'unexpected_ball_on_playfield'====== Args={}
2025-07-16 17:51:08,765 : INFO : EventManager : Event: ======'s_bumper_right_active'====== Args={}
2025-07-16 17:51:08,765 : INFO : EventManager : Event: ======'machine_var_audits_switches_s_bumper_right'====== Args={'value': 28, 'prev_value': 27, 'change': 1}
2025-07-16 17:51:08,766 : INFO : EventManager : Event: ======'machine_var_audits_shots_bumper_right'====== Args={'value': 28, 'prev_value': 27, 'change': 1}
2025-07-16 17:51:08,766 : INFO : EventManager : Event: ======'bumper_right_hit'====== Args={'profile': 'default', 'state': 'lit', 'advancing': False}
2025-07-16 17:51:08,766 : INFO : EventManager : Event: ======'bumper_right_default_hit'====== Args={'profile': 'default', 'state': 'lit', 'advancing': False}
2025-07-16 17:51:08,766 : INFO : EventManager : Event: ======'bumper_right_default_lit_hit'====== Args={'profile': 'default', 'state': 'lit', 'advancing': False}
2025-07-16 17:51:08,766 : INFO : EventManager : Event: ======'bumper_right_lit_hit'====== Args={'profile': 'default', 'state': 'lit', 'advancing': False}
2025-07-16 17:51:08,767 : INFO : EventManager : Event: ======'bumpers_hit'====== Args={'shot': 'bumper_right'}
2025-07-16 17:51:08,767 : INFO : EventManager : Event: ======'bumpers_lit_hit'====== Args={'shot': 'bumper_right'}
2025-07-16 17:51:08,767 : INFO : EventManager : Event: ======'player_score'====== Args={'value': 4000, 'prev_value': 3000, 'change': 1000, 'player_num': 1, 'source': 'bumpers'}
2025-07-16 17:51:08,817 : INFO : SwitchController : <<<<<<< 's_bumper_left' active >>>>>>>
2025-07-16 17:51:08,818 : INFO : EventManager : Event: ======'playfield_active'====== Args={'source': 'bumper_left'}
2025-07-16 17:51:08,818 : INFO : EventManager : Event: ======'unexpected_ball_on_playfield'====== Args={}
2025-07-16 17:51:08,818 : INFO : EventManager : Event: ======'s_bumper_left_active'====== Args={}
2025-07-16 17:51:08,819 : INFO : EventManager : Event: ======'machine_var_audits_switches_s_bumper_left'====== Args={'value': 19, 'prev_value': 18, 'change': 1}
2025-07-16 17:51:08,820 : INFO : EventManager : Event: ======'machine_var_audits_shots_bumper_left'====== Args={'value': 19, 'prev_value': 18, 'change': 1}
2025-07-16 17:51:08,820 : INFO : EventManager : Event: ======'bumper_left_hit'====== Args={'profile': 'default', 'state': 'lit', 'advancing': False}
2025-07-16 17:51:08,820 : INFO : EventManager : Event: ======'bumper_left_default_hit'====== Args={'profile': 'default', 'state': 'lit', 'advancing': False}
2025-07-16 17:51:08,820 : INFO : EventManager : Event: ======'bumper_left_default_lit_hit'====== Args={'profile': 'default', 'state': 'lit', 'advancing': False}
2025-07-16 17:51:08,820 : INFO : EventManager : Event: ======'bumper_left_lit_hit'====== Args={'profile': 'default', 'state': 'lit', 'advancing': False}
2025-07-16 17:51:08,820 : INFO : EventManager : Event: ======'bumpers_hit'====== Args={'shot': 'bumper_left'}
2025-07-16 17:51:08,820 : INFO : EventManager : Event: ======'bumpers_lit_hit'====== Args={'shot': 'bumper_left'}
2025-07-16 17:51:08,820 : INFO : EventManager : Event: ======'player_score'====== Args={'value': 5000, 'prev_value': 4000, 'change': 1000, 'player_num': 1, 'source': 'bumpers'}
2025-07-16 17:51:08,834 : INFO : SwitchController : <<<<<<< 's_bumper_right' inactive >>>>>>>
2025-07-16 17:51:08,940 : INFO : SwitchController : <<<<<<< 's_bumper_right' active >>>>>>>
2025-07-16 17:51:08,940 : INFO : EventManager : Event: ======'playfield_active'====== Args={'source': 'bumper_right'}
2025-07-16 17:51:08,940 : INFO : EventManager : Event: ======'unexpected_ball_on_playfield'====== Args={}
2025-07-16 17:51:08,940 : INFO : EventManager : Event: ======'s_bumper_right_active'====== Args={}
2025-07-16 17:51:08,940 : INFO : EventManager : Event: ======'machine_var_audits_switches_s_bumper_right'====== Args={'value': 29, 'prev_value': 28, 'change': 1}
2025-07-16 17:51:08,941 : INFO : EventManager : Event: ======'machine_var_audits_shots_bumper_right'====== Args={'value': 29, 'prev_value': 28, 'change': 1}
2025-07-16 17:51:08,941 : INFO : EventManager : Event: ======'bumper_right_hit'====== Args={'profile': 'default', 'state': 'lit', 'advancing': False}
2025-07-16 17:51:08,941 : INFO : EventManager : Event: ======'bumper_right_default_hit'====== Args={'profile': 'default', 'state': 'lit', 'advancing': False}
2025-07-16 17:51:08,941 : INFO : EventManager : Event: ======'bumper_right_default_lit_hit'====== Args={'profile': 'default', 'state': 'lit', 'advancing': False}
2025-07-16 17:51:08,941 : INFO : EventManager : Event: ======'bumper_right_lit_hit'====== Args={'profile': 'default', 'state': 'lit', 'advancing': False}
2025-07-16 17:51:08,941 : INFO : EventManager : Event: ======'bumpers_hit'====== Args={'shot': 'bumper_right'}
2025-07-16 17:51:08,941 : INFO : EventManager : Event: ======'bumpers_lit_hit'====== Args={'shot': 'bumper_right'}
2025-07-16 17:51:08,942 : INFO : EventManager : Event: ======'player_score'====== Args={'value': 6000, 'prev_value': 5000, 'change': 1000, 'player_num': 1, 'source': 'bumpers'}
2025-07-16 17:51:09,043 : INFO : SwitchController : <<<<<<< 's_bumper_right' inactive >>>>>>>
2025-07-16 17:51:09,082 : INFO : SwitchController : <<<<<<< 's_bumper_left' inactive >>>>>>>
2025-07-16 17:51:09,140 : INFO : SwitchController : <<<<<<< 's_bumper_left' active >>>>>>>
2025-07-16 17:51:09,141 : INFO : EventManager : Event: ======'playfield_active'====== Args={'source': 'bumper_left'}
2025-07-16 17:51:09,141 : INFO : EventManager : Event: ======'unexpected_ball_on_playfield'====== Args={}
2025-07-16 17:51:09,141 : INFO : EventManager : Event: ======'s_bumper_left_active'====== Args={}
2025-07-16 17:51:09,141 : INFO : EventManager : Event: ======'machine_var_audits_switches_s_bumper_left'====== Args={'value': 20, 'prev_value': 19, 'change': 1}
2025-07-16 17:51:09,144 : INFO : EventManager : Event: ======'machine_var_audits_shots_bumper_left'====== Args={'value': 20, 'prev_value': 19, 'change': 1}
2025-07-16 17:51:09,145 : INFO : EventManager : Event: ======'bumper_left_hit'====== Args={'profile': 'default', 'state': 'lit', 'advancing': False}
2025-07-16 17:51:09,145 : INFO : EventManager : Event: ======'bumper_left_default_hit'====== Args={'profile': 'default', 'state': 'lit', 'advancing': False}
2025-07-16 17:51:09,145 : INFO : EventManager : Event: ======'bumper_left_default_lit_hit'====== Args={'profile': 'default', 'state': 'lit', 'advancing': False}
2025-07-16 17:51:09,145 : INFO : EventManager : Event: ======'bumper_left_lit_hit'====== Args={'profile': 'default', 'state': 'lit', 'advancing': False}
2025-07-16 17:51:09,145 : INFO : EventManager : Event: ======'bumpers_hit'====== Args={'shot': 'bumper_left'}
2025-07-16 17:51:09,145 : INFO : EventManager : Event: ======'bumpers_lit_hit'====== Args={'shot': 'bumper_left'}
2025-07-16 17:51:09,146 : INFO : EventManager : Event: ======'player_score'====== Args={'value': 7000, 'prev_value': 6000, 'change': 1000, 'player_num': 1, 'source': 'bumpers'}
2025-07-16 17:51:09,149 : INFO : SwitchController : <<<<<<< 's_bumper_right' active >>>>>>>
2025-07-16 17:51:09,149 : INFO : EventManager : Event: ======'playfield_active'====== Args={'source': 'bumper_right'}
2025-07-16 17:51:09,149 : INFO : EventManager : Event: ======'unexpected_ball_on_playfield'====== Args={}
2025-07-16 17:51:09,149 : INFO : EventManager : Event: ======'s_bumper_right_active'====== Args={}
2025-07-16 17:51:09,150 : INFO : EventManager : Event: ======'machine_var_audits_switches_s_bumper_right'====== Args={'value': 30, 'prev_value': 29, 'change': 1}
2025-07-16 17:51:09,150 : INFO : EventManager : Event: ======'machine_var_audits_shots_bumper_right'====== Args={'value': 30, 'prev_value': 29, 'change': 1}
2025-07-16 17:51:09,151 : INFO : EventManager : Event: ======'bumper_right_hit'====== Args={'profile': 'default', 'state': 'lit', 'advancing': False}
2025-07-16 17:51:09,151 : INFO : EventManager : Event: ======'bumper_right_default_hit'====== Args={'profile': 'default', 'state': 'lit', 'advancing': False}
2025-07-16 17:51:09,151 : INFO : EventManager : Event: ======'bumper_right_default_lit_hit'====== Args={'profile': 'default', 'state': 'lit', 'advancing': False}
2025-07-16 17:51:09,151 : INFO : EventManager : Event: ======'bumper_right_lit_hit'====== Args={'profile': 'default', 'state': 'lit', 'advancing': False}
2025-07-16 17:51:09,151 : INFO : EventManager : Event: ======'bumpers_hit'====== Args={'shot': 'bumper_right'}
2025-07-16 17:51:09,151 : INFO : EventManager : Event: ======'bumpers_lit_hit'====== Args={'shot': 'bumper_right'}
2025-07-16 17:51:09,151 : INFO : EventManager : Event: ======'player_score'====== Args={'value': 8000, 'prev_value': 7000, 'change': 1000, 'player_num': 1, 'source': 'bumpers'}
2025-07-16 17:51:09,190 : INFO : SwitchController : <<<<<<< 's_bumper_left' inactive >>>>>>>
2025-07-16 17:51:09,340 : INFO : SwitchController : <<<<<<< 's_bumper_right' inactive >>>>>>>
2025-07-16 17:51:09,485 : INFO : SwitchController : <<<<<<< 's_bumper_right' active >>>>>>>
2025-07-16 17:51:09,485 : INFO : EventManager : Event: ======'playfield_active'====== Args={'source': 'bumper_right'}
2025-07-16 17:51:09,485 : INFO : EventManager : Event: ======'unexpected_ball_on_playfield'====== Args={}
2025-07-16 17:51:09,485 : INFO : EventManager : Event: ======'s_bumper_right_active'====== Args={}
2025-07-16 17:51:09,486 : INFO : EventManager : Event: ======'machine_var_audits_switches_s_bumper_right'====== Args={'value': 31, 'prev_value': 30, 'change': 1}
2025-07-16 17:51:09,487 : INFO : EventManager : Event: ======'machine_var_audits_shots_bumper_right'====== Args={'value': 31, 'prev_value': 30, 'change': 1}
2025-07-16 17:51:09,487 : INFO : EventManager : Event: ======'bumper_right_hit'====== Args={'profile': 'default', 'state': 'lit', 'advancing': False}
2025-07-16 17:51:09,487 : INFO : EventManager : Event: ======'bumper_right_default_hit'====== Args={'profile': 'default', 'state': 'lit', 'advancing': False}
2025-07-16 17:51:09,487 : INFO : EventManager : Event: ======'bumper_right_default_lit_hit'====== Args={'profile': 'default', 'state': 'lit', 'advancing': False}
2025-07-16 17:51:09,490 : INFO : EventManager : Event: ======'bumper_right_lit_hit'====== Args={'profile': 'default', 'state': 'lit', 'advancing': False}
2025-07-16 17:51:09,491 : INFO : EventManager : Event: ======'bumpers_hit'====== Args={'shot': 'bumper_right'}
2025-07-16 17:51:09,491 : INFO : EventManager : Event: ======'bumpers_lit_hit'====== Args={'shot': 'bumper_right'}
2025-07-16 17:51:09,492 : INFO : EventManager : Event: ======'player_score'====== Args={'value': 9000, 'prev_value': 8000, 'change': 1000, 'player_num': 1, 'source': 'bumpers'}
2025-07-16 17:51:09,544 : INFO : SwitchController : <<<<<<< 's_bumper_left' active >>>>>>>
2025-07-16 17:51:09,544 : INFO : EventManager : Event: ======'playfield_active'====== Args={'source': 'bumper_left'}
2025-07-16 17:51:09,544 : INFO : EventManager : Event: ======'unexpected_ball_on_playfield'====== Args={}
2025-07-16 17:51:09,544 : INFO : EventManager : Event: ======'s_bumper_left_active'====== Args={}
2025-07-16 17:51:09,544 : INFO : EventManager : Event: ======'machine_var_audits_switches_s_bumper_left'====== Args={'value': 21, 'prev_value': 20, 'change': 1}
2025-07-16 17:51:09,549 : INFO : EventManager : Event: ======'machine_var_audits_shots_bumper_left'====== Args={'value': 21, 'prev_value': 20, 'change': 1}
2025-07-16 17:51:09,550 : INFO : EventManager : Event: ======'bumper_left_hit'====== Args={'profile': 'default', 'state': 'lit', 'advancing': False}
2025-07-16 17:51:09,550 : INFO : EventManager : Event: ======'bumper_left_default_hit'====== Args={'profile': 'default', 'state': 'lit', 'advancing': False}
2025-07-16 17:51:09,550 : INFO : EventManager : Event: ======'bumper_left_default_lit_hit'====== Args={'profile': 'default', 'state': 'lit', 'advancing': False}
2025-07-16 17:51:09,550 : INFO : EventManager : Event: ======'bumper_left_lit_hit'====== Args={'profile': 'default', 'state': 'lit', 'advancing': False}
2025-07-16 17:51:09,550 : INFO : EventManager : Event: ======'bumpers_hit'====== Args={'shot': 'bumper_left'}
2025-07-16 17:51:09,550 : INFO : EventManager : Event: ======'bumpers_lit_hit'====== Args={'shot': 'bumper_left'}
2025-07-16 17:51:09,550 : INFO : EventManager : Event: ======'player_score'====== Args={'value': 10000, 'prev_value': 9000, 'change': 1000, 'player_num': 1, 'source': 'bumpers'}
2025-07-16 17:51:09,556 : INFO : SwitchController : <<<<<<< 's_bumper_right' inactive >>>>>>>
2025-07-16 17:51:09,594 : INFO : SwitchController : <<<<<<< 's_bumper_left' inactive >>>>>>>
2025-07-16 17:51:09,643 : INFO : SwitchController : <<<<<<< 's_bumper_right' active >>>>>>>
2025-07-16 17:51:09,643 : INFO : EventManager : Event: ======'playfield_active'====== Args={'source': 'bumper_right'}
2025-07-16 17:51:09,643 : INFO : EventManager : Event: ======'unexpected_ball_on_playfield'====== Args={}
2025-07-16 17:51:09,644 : INFO : EventManager : Event: ======'s_bumper_right_active'====== Args={}
2025-07-16 17:51:09,644 : INFO : EventManager : Event: ======'machine_var_audits_switches_s_bumper_right'====== Args={'value': 32, 'prev_value': 31, 'change': 1}
2025-07-16 17:51:09,644 : INFO : EventManager : Event: ======'machine_var_audits_shots_bumper_right'====== Args={'value': 32, 'prev_value': 31, 'change': 1}
2025-07-16 17:51:09,644 : INFO : EventManager : Event: ======'bumper_right_hit'====== Args={'profile': 'default', 'state': 'lit', 'advancing': False}
2025-07-16 17:51:09,645 : INFO : EventManager : Event: ======'bumper_right_default_hit'====== Args={'profile': 'default', 'state': 'lit', 'advancing': False}
2025-07-16 17:51:09,645 : INFO : EventManager : Event: ======'bumper_right_default_lit_hit'====== Args={'profile': 'default', 'state': 'lit', 'advancing': False}
2025-07-16 17:51:09,645 : INFO : EventManager : Event: ======'bumper_right_lit_hit'====== Args={'profile': 'default', 'state': 'lit', 'advancing': False}
2025-07-16 17:51:09,645 : INFO : EventManager : Event: ======'bumpers_hit'====== Args={'shot': 'bumper_right'}
2025-07-16 17:51:09,645 : INFO : EventManager : Event: ======'bumpers_lit_hit'====== Args={'shot': 'bumper_right'}
2025-07-16 17:51:09,645 : INFO : EventManager : Event: ======'player_score'====== Args={'value': 11000, 'prev_value': 10000, 'change': 1000, 'player_num': 1, 'source': 'bumpers'}
2025-07-16 17:51:09,708 : INFO : SwitchController : <<<<<<< 's_bumper_left' active >>>>>>>
2025-07-16 17:51:09,708 : INFO : EventManager : Event: ======'playfield_active'====== Args={'source': 'bumper_left'}
2025-07-16 17:51:09,708 : INFO : EventManager : Event: ======'unexpected_ball_on_playfield'====== Args={}
2025-07-16 17:51:09,708 : INFO : EventManager : Event: ======'s_bumper_left_active'====== Args={}
2025-07-16 17:51:09,708 : INFO : EventManager : Event: ======'machine_var_audits_switches_s_bumper_left'====== Args={'value': 22, 'prev_value': 21, 'change': 1}
2025-07-16 17:51:09,709 : INFO : EventManager : Event: ======'machine_var_audits_shots_bumper_left'====== Args={'value': 22, 'prev_value': 21, 'change': 1}
2025-07-16 17:51:09,709 : INFO : EventManager : Event: ======'bumper_left_hit'====== Args={'profile': 'default', 'state': 'lit', 'advancing': False}
2025-07-16 17:51:09,709 : INFO : EventManager : Event: ======'bumper_left_default_hit'====== Args={'profile': 'default', 'state': 'lit', 'advancing': False}
2025-07-16 17:51:09,709 : INFO : EventManager : Event: ======'bumper_left_default_lit_hit'====== Args={'profile': 'default', 'state': 'lit', 'advancing': False}
2025-07-16 17:51:09,709 : INFO : EventManager : Event: ======'bumper_left_lit_hit'====== Args={'profile': 'default', 'state': 'lit', 'advancing': False}
2025-07-16 17:51:09,709 : INFO : EventManager : Event: ======'bumpers_hit'====== Args={'shot': 'bumper_left'}
2025-07-16 17:51:09,709 : INFO : EventManager : Event: ======'bumpers_lit_hit'====== Args={'shot': 'bumper_left'}
2025-07-16 17:51:09,709 : INFO : EventManager : Event: ======'player_score'====== Args={'value': 12000, 'prev_value': 11000, 'change': 1000, 'player_num': 1, 'source': 'bumpers'}
2025-07-16 17:51:09,757 : INFO : SwitchController : <<<<<<< 's_bumper_right' inactive >>>>>>>
2025-07-16 17:51:09,781 : INFO : SwitchController : <<<<<<< 's_bumper_left' inactive >>>>>>>
2025-07-16 17:51:10,533 : INFO : SwitchController : <<<<<<< 's_left_lane' active >>>>>>>
2025-07-16 17:51:10,533 : INFO : EventManager : Event: ======'playfield_active'====== Args={'source': 'hurryup'}
2025-07-16 17:51:10,533 : INFO : EventManager : Event: ======'unexpected_ball_on_playfield'====== Args={}
2025-07-16 17:51:10,533 : INFO : EventManager : Event: ======'playfield_active'====== Args={'source': 'left_lane'}
2025-07-16 17:51:10,533 : INFO : EventManager : Event: ======'unexpected_ball_on_playfield'====== Args={}
2025-07-16 17:51:10,533 : INFO : EventManager : Event: ======'s_left_lane_active'====== Args={}
2025-07-16 17:51:10,533 : INFO : EventManager : Event: ======'machine_var_audits_switches_s_left_lane'====== Args={'value': 18, 'prev_value': 17, 'change': 1}
2025-07-16 17:51:10,534 : INFO : EventManager : Event: ======'player_shot_left_lane'====== Args={'value': 1, 'prev_value': 0, 'change': 1, 'player_num': 1}
2025-07-16 17:51:10,534 : INFO : EventManager : Event: ======'machine_var_audits_shots_left_lane'====== Args={'value': 18, 'prev_value': 17, 'change': 1}
2025-07-16 17:51:10,535 : INFO : EventManager : Event: ======'left_lane_hit'====== Args={'profile': 'default', 'state': 'unlit', 'advancing': True}
2025-07-16 17:51:10,535 : INFO : EventManager : Event: ======'left_lane_default_hit'====== Args={'profile': 'default', 'state': 'unlit', 'advancing': True}
2025-07-16 17:51:10,535 : INFO : EventManager : Event: ======'left_lane_default_unlit_hit'====== Args={'profile': 'default', 'state': 'unlit', 'advancing': True}
2025-07-16 17:51:10,535 : INFO : EventManager : Event: ======'left_lane_unlit_hit'====== Args={'profile': 'default', 'state': 'unlit', 'advancing': True}
2025-07-16 17:51:10,535 : INFO : EventManager : Event: ======'start_mode_hurryup'====== Args={'priority': 0}
2025-07-16 17:51:10,535 : INFO : EventManager : Event: ======'mode_hurryup_will_start'====== Args={'priority': 0}
2025-07-16 17:51:10,536 : INFO : EventManager : Event: ======'player_shot_hurryup_enabled'====== Args={'value': True, 'prev_value': 0, 'change': 1, 'player_num': 1}
2025-07-16 17:51:10,536 : INFO : EventManager : Event: ======'player_hurryup_hurryup_timer_tick'====== Args={'value': 0, 'prev_value': 0, 'change': 0, 'player_num': 1}
2025-07-16 17:51:10,540 : INFO : Timer.hurryup_timer : Starting Timer.
2025-07-16 17:51:10,540 : INFO : EventManager : Event: ======'timer_hurryup_timer_started'====== Args={'ticks': 0, 'ticks_remaining': 25}
2025-07-16 17:51:10,541 : INFO : EventManager : Event: ======'timer_hurryup_timer_tick'====== Args={'ticks': 0, 'ticks_remaining': 25}
2025-07-16 17:51:10,542 : INFO : EventManager : Event: ======'mode_hurryup_starting'====== Args={'priority': 0}
2025-07-16 17:51:10,542 : INFO : Mode.hurryup : Started. Priority: 1000
2025-07-16 17:51:10,542 : INFO : EventManager : Event: ======'modes_active_modes_changed'====== Args={}
2025-07-16 17:51:10,542 : INFO : EventManager : Event: ======'mode_hurryup_started'====== Args={'priority': 0}
2025-07-16 17:51:10,576 : INFO : EventManager : Event: ======'slide_hurryup_created'====== Args={'_from_bcp': True}
2025-07-16 17:51:10,577 : INFO : EventManager : Event: ======'slide_base_slide_inactive'====== Args={'is_removing': False, '_from_bcp': True}
2025-07-16 17:51:10,577 : INFO : EventManager : Event: ======'slide_hurryup_active'====== Args={'original_context': 'hurryup', 'original_calling_context': 'mode_hurryup_started', 'priority': 1000.0, 'cmd': 'slides_play', '_from_bcp': True}
2025-07-16 17:51:10,675 : INFO : SwitchController : <<<<<<< 's_left_lane' inactive >>>>>>>
2025-07-16 17:51:10,742 : INFO : EventManager : Event: ======'player_hurryup_hurryup_timer_tick'====== Args={'value': 1, 'prev_value': 0, 'change': 1, 'player_num': 1}
2025-07-16 17:51:10,743 : INFO : EventManager : Event: ======'timer_hurryup_timer_tick'====== Args={'ticks': 1, 'ticks_remaining': 24}
2025-07-16 17:51:10,744 : INFO : EventManager : Event: ======'hurryup_value'====== Args={'priority': 0, 'current_hurryup': 98000}
2025-07-16 17:51:10,942 : INFO : EventManager : Event: ======'player_hurryup_hurryup_timer_tick'====== Args={'value': 2, 'prev_value': 1, 'change': 1, 'player_num': 1}
2025-07-16 17:51:10,943 : INFO : EventManager : Event: ======'timer_hurryup_timer_tick'====== Args={'ticks': 2, 'ticks_remaining': 23}
2025-07-16 17:51:10,944 : INFO : EventManager : Event: ======'hurryup_value'====== Args={'priority': 0, 'current_hurryup': 96000}
2025-07-16 17:51:11,008 : INFO : SwitchController : <<<<<<< 's_left_lane' active >>>>>>>
2025-07-16 17:51:11,008 : INFO : EventManager : Event: ======'playfield_active'====== Args={'source': 'hurryup'}
2025-07-16 17:51:11,008 : INFO : EventManager : Event: ======'unexpected_ball_on_playfield'====== Args={}
2025-07-16 17:51:11,008 : INFO : EventManager : Event: ======'playfield_active'====== Args={'source': 'left_lane'}
2025-07-16 17:51:11,008 : INFO : EventManager : Event: ======'unexpected_ball_on_playfield'====== Args={}
2025-07-16 17:51:11,008 : INFO : EventManager : Event: ======'s_left_lane_active'====== Args={}
2025-07-16 17:51:11,008 : INFO : EventManager : Event: ======'machine_var_audits_switches_s_left_lane'====== Args={'value': 19, 'prev_value': 18, 'change': 1}
2025-07-16 17:51:11,009 : INFO : EventManager : Event: ======'player_shot_hurryup'====== Args={'value': 1, 'prev_value': 0, 'change': 1, 'player_num': 1}
2025-07-16 17:51:11,010 : INFO : EventManager : Event: ======'machine_var_audits_shots_hurryup'====== Args={'value': 8, 'prev_value': 7, 'change': 1}
2025-07-16 17:51:11,010 : INFO : EventManager : Event: ======'hurryup_hit'====== Args={'profile': 'default', 'state': 'unlit', 'advancing': True}
2025-07-16 17:51:11,010 : INFO : EventManager : Event: ======'hurryup_default_hit'====== Args={'profile': 'default', 'state': 'unlit', 'advancing': True}
2025-07-16 17:51:11,010 : INFO : EventManager : Event: ======'hurryup_default_unlit_hit'====== Args={'profile': 'default', 'state': 'unlit', 'advancing': True}
2025-07-16 17:51:11,010 : INFO : EventManager : Event: ======'hurryup_unlit_hit'====== Args={'profile': 'default', 'state': 'unlit', 'advancing': True}
2025-07-16 17:51:11,011 : INFO : EventManager : Event: ======'machine_var_audits_shots_left_lane'====== Args={'value': 19, 'prev_value': 18, 'change': 1}
2025-07-16 17:51:11,011 : INFO : EventManager : Event: ======'left_lane_hit'====== Args={'profile': 'default', 'state': 'lit', 'advancing': False}
2025-07-16 17:51:11,011 : INFO : EventManager : Event: ======'left_lane_default_hit'====== Args={'profile': 'default', 'state': 'lit', 'advancing': False}
2025-07-16 17:51:11,011 : INFO : EventManager : Event: ======'left_lane_default_lit_hit'====== Args={'profile': 'default', 'state': 'lit', 'advancing': False}
2025-07-16 17:51:11,011 : INFO : EventManager : Event: ======'left_lane_lit_hit'====== Args={'profile': 'default', 'state': 'lit', 'advancing': False}
2025-07-16 17:51:11,011 : INFO : EventManager : Event: ======'stop_mode_hurryup'====== Args={'priority': 0}
2025-07-16 17:51:11,011 : INFO : EventManager : Event: ======'player_score'====== Args={'value': 108000, 'prev_value': 12000, 'change': 96000, 'player_num': 1, 'source': 'hurryup'}
2025-07-16 17:51:11,013 : INFO : EventManager : Event: ======'mode_hurryup_will_stop'====== Args={}
2025-07-16 17:51:11,013 : INFO : EventManager : Event: ======'mode_hurryup_stopping'====== Args={}
2025-07-16 17:51:11,013 : INFO : EventManager : Event: ======'start_mode_hurryup'====== Args={'priority': 0}
2025-07-16 17:51:11,013 : INFO : Mode.hurryup : Stopped.
2025-07-16 17:51:11,013 : INFO : EventManager : Event: ======'modes_active_modes_changed'====== Args={}
2025-07-16 17:51:11,014 : INFO : EventManager : Event: ======'mode_hurryup_stopped'====== Args={}
2025-07-16 17:51:11,014 : INFO : EventManager : Event: ======'clear'====== Args={'key': 'hurryup'}
2025-07-16 17:51:11,014 : INFO : Timer.hurryup_timer : Stopping Timer
2025-07-16 17:51:11,015 : INFO : EventManager : Event: ======'timer_hurryup_timer_stopped'====== Args={'ticks': 2, 'ticks_remaining': 23}
2025-07-16 17:51:11,031 : INFO : EventManager : Event: ======'slide_hurryup_inactive'====== Args={'is_removing': True, '_from_bcp': True}
2025-07-16 17:51:11,032 : INFO : EventManager : Event: ======'slide_base_slide_active'====== Args={'_from_bcp': True}
2025-07-16 17:51:11,032 : INFO : EventManager : Event: ======'slide_hurryup_removed'====== Args={'_from_bcp': True}
2025-07-16 17:51:11,124 : INFO : SwitchController : <<<<<<< 's_left_lane' inactive >>>>>>>
2025-07-16 17:51:16,408 : INFO : Machine : Shutting down...
2025-07-16 17:51:16,408 : INFO : EventManager : Event: ======'shutdown'====== Args={}
2025-07-16 17:51:16,409 : INFO : EventManager : Event: ======'mode_game_will_stop'====== Args={}
2025-07-16 17:51:16,410 : INFO : EventManager : Event: ======'mode_game_stopping'====== Args={}
2025-07-16 17:51:16,410 : INFO : EventManager : Event: ======'mode_bumpers_will_stop'====== Args={}
2025-07-16 17:51:16,410 : INFO : EventManager : Event: ======'mode_bumpers_stopping'====== Args={}
2025-07-16 17:51:16,410 : INFO : EventManager : Event: ======'mode_base_will_stop'====== Args={}
2025-07-16 17:51:16,410 : INFO : EventManager : Event: ======'mode_base_stopping'====== Args={}
2025-07-16 17:51:16,411 : INFO : EventManager : Event: ======'stop_mode_bumpers'====== Args={'priority': 0}
2025-07-16 17:51:16,411 : INFO : Mode.base : Stopped.
2025-07-16 17:51:16,411 : INFO : EventManager : Event: ======'modes_active_modes_changed'====== Args={}
2025-07-16 17:51:16,411 : INFO : EventManager : Event: ======'mode_base_stopped'====== Args={}
2025-07-16 17:51:16,411 : INFO : EventManager : Event: ======'clear'====== Args={'key': 'base'}
2025-07-16 17:51:16,411 : INFO : Mode.bumpers : Stopped.
2025-07-16 17:51:16,411 : INFO : EventManager : Event: ======'modes_active_modes_changed'====== Args={}
2025-07-16 17:51:16,411 : INFO : EventManager : Event: ======'mode_bumpers_stopped'====== Args={}
2025-07-16 17:51:16,411 : INFO : EventManager : Event: ======'clear'====== Args={'key': 'bumpers'}
2025-07-16 17:51:16,412 : INFO : Mode.game : Stopped.
2025-07-16 17:51:16,412 : INFO : EventManager : Event: ======'modes_active_modes_changed'====== Args={}
2025-07-16 17:51:16,412 : INFO : EventManager : Event: ======'mode_game_stopped'====== Args={}
2025-07-16 17:51:16,412 : INFO : EventManager : Event: ======'clear'====== Args={'key': 'game'}
2025-07-16 17:51:16,413 : INFO : root : MPF run loop ended.
