2025-07-16 18:35:01,399 : INFO : root : Loading config.
2025-07-16 18:35:01,400 : INFO : YamlMultifileConfigLoader : Machine config file #1: config.yaml
2025-07-16 18:35:01,400 : INFO : ConfigProcessor : Loading config from cache: /var/folders/pz/vf5_w96n7hl70j30jzrp_64r0000gp/T/4b0446b065373c01774765373fc5a010.mpf_cache
2025-07-16 18:35:01,400 : WARNING : ConfigProcessor : Config file in cache changed: /Users/craig/Documents/Pinball/Gremlins/config/config_switches.yaml
2025-07-16 18:35:01,401 : INFO : ConfigProcessor : Loading config from file /Users/craig/mpf-080/lib/python3.12/site-packages/mpf/mpfconfig.yaml.
2025-07-16 18:35:01,405 : INFO : ConfigProcessor : Loading config: /Users/craig/mpf-080/lib/python3.12/site-packages/mpf/mpfconfig.yaml
2025-07-16 18:35:01,406 : INFO : ConfigProcessor : Loading config from file /Users/craig/Documents/Pinball/Gremlins/config/config.yaml.
2025-07-16 18:35:01,406 : INFO : ConfigProcessor : Loading config: /Users/craig/Documents/Pinball/Gremlins/config/config.yaml
2025-07-16 18:35:01,406 : INFO : ConfigProcessor : Loading config: /Users/craig/Documents/Pinball/Gremlins/config/config_ball_devices.yaml
2025-07-16 18:35:01,407 : INFO : ConfigProcessor : Loading config: /Users/craig/Documents/Pinball/Gremlins/config/config_coils.yaml
2025-07-16 18:35:01,407 : INFO : ConfigProcessor : Loading config: /Users/craig/Documents/Pinball/Gremlins/config/config_switches.yaml
2025-07-16 18:35:01,408 : INFO : ConfigProcessor : Config file cache created: /var/folders/pz/vf5_w96n7hl70j30jzrp_64r0000gp/T/4b0446b065373c01774765373fc5a010.mpf_cache
2025-07-16 18:35:01,427 : WARNING : ConfigProcessor : Config file in cache changed: /Users/craig/Documents/Pinball/Gremlins/modes/attract/config/attract.yaml
2025-07-16 18:35:01,427 : INFO : ConfigProcessor : Loading config from file /Users/craig/mpf-080/lib/python3.12/site-packages/mpf/modes/attract/config/attract.yaml.
2025-07-16 18:35:01,428 : INFO : ConfigProcessor : Loading config: /Users/craig/mpf-080/lib/python3.12/site-packages/mpf/modes/attract/config/attract.yaml
2025-07-16 18:35:01,428 : INFO : ConfigProcessor : Loading config from file /Users/craig/Documents/Pinball/Gremlins/modes/attract/config/attract.yaml.
2025-07-16 18:35:01,428 : INFO : ConfigProcessor : Loading config: /Users/craig/Documents/Pinball/Gremlins/modes/attract/config/attract.yaml
2025-07-16 18:35:01,428 : INFO : ConfigProcessor : Config file cache created: /var/folders/pz/vf5_w96n7hl70j30jzrp_64r0000gp/T/8c6758dff4d969b46729a501e1f9b5a2.mpf_cache
2025-07-16 18:35:01,428 : INFO : ConfigProcessor : Loading config from cache: /var/folders/pz/vf5_w96n7hl70j30jzrp_64r0000gp/T/86b9553ee9e8fe91c4c341498a1256c7.mpf_cache
2025-07-16 18:35:01,428 : INFO : ConfigProcessor : Loading config from cache: /var/folders/pz/vf5_w96n7hl70j30jzrp_64r0000gp/T/8c6758dff4d969b46729a501e1f9b5a2.mpf_cache
2025-07-16 18:35:01,429 : INFO : ConfigProcessor : Loading config from cache: /var/folders/pz/vf5_w96n7hl70j30jzrp_64r0000gp/T/fe908dde2db5cc7f24a22ccd0c690388.mpf_cache
2025-07-16 18:35:01,429 : INFO : ConfigProcessor : Loading config from cache: /var/folders/pz/vf5_w96n7hl70j30jzrp_64r0000gp/T/c87d87d711c9e63e2e052ce58df60d5a.mpf_cache
2025-07-16 18:35:01,429 : INFO : ConfigProcessor : Loading config from cache: /var/folders/pz/vf5_w96n7hl70j30jzrp_64r0000gp/T/2285102ea814fec0736640417091917b.mpf_cache
2025-07-16 18:35:01,429 : INFO : Machine : Mission Pinball Framework Core Engine v0.80.0.dev8
2025-07-16 18:35:01,429 : INFO : Machine : Command line arguments: {'no_load_cache': False, 'create_config_cache': True, 'bcp': True, 'configfile': ['config.yaml'], 'force_assets_load': False, 'platform_integration_test': False, 'jsonlogging': False, 'logfile': 'logs/2025-07-16-18-35-01-mpf-Craigs-MacBook-Pro.local.log', 'pause': False, 'production': False, 'text_ui': False, 'loglevel': 15, 'consoleloglevel': 20, 'force_platform': 'virtual', 'syslog_address': None, 'full_logfile_path': '/Users/craig/Documents/Pinball/Gremlins/logs/2025-07-16-18-35-01-mpf-Craigs-MacBook-Pro.local.log'}
2025-07-16 18:35:01,429 : INFO : Machine : MPF path: /Users/craig/mpf-080/lib/python3.12/site-packages/mpf
2025-07-16 18:35:01,429 : INFO : Machine : Machine path: /Users/craig/Documents/Pinball/Gremlins
2025-07-16 18:35:01,429 : INFO : Machine : Platform: darwin
2025-07-16 18:35:01,429 : INFO : Machine : Python executable location: /Users/craig/mpf-080/bin/python3.12
2025-07-16 18:35:01,429 : INFO : Machine : Python version: 3.12.7 (64-bit)
2025-07-16 18:35:01,429 : INFO : Machine : Initializing MPF...
2025-07-16 18:35:01,446 : INFO : EventManager : Event: ======'machine_var_credits_string'====== Args={'value': 'FREE PLAY', 'prev_value': None, 'change': True}
2025-07-16 18:35:01,450 : INFO : EventManager : Event: ======'machine_var_master_volume'====== Args={'value': 0.5, 'prev_value': None, 'change': True}
2025-07-16 18:35:01,450 : INFO : EventManager : Event: ======'machine_var_mpf_version'====== Args={'value': 'Mission Pinball Framework v0.80.0.dev8', 'prev_value': None, 'change': True}
2025-07-16 18:35:01,450 : INFO : EventManager : Event: ======'machine_var_mpf_extended_version'====== Args={'value': 'Mission Pinball Framework v0.80.0.dev8, Config version:6, Show version: 6, BCP version:1.1', 'prev_value': None, 'change': True}
2025-07-16 18:35:01,450 : INFO : EventManager : Event: ======'machine_var_python_version'====== Args={'value': '3.12.7', 'prev_value': None, 'change': True}
2025-07-16 18:35:01,459 : INFO : EventManager : Event: ======'machine_var_platform'====== Args={'value': 'macOS-14.7.6-arm64-arm-64bit', 'prev_value': None, 'change': True}
2025-07-16 18:35:01,459 : INFO : EventManager : Event: ======'machine_var_platform_system'====== Args={'value': 'Darwin', 'prev_value': None, 'change': True}
2025-07-16 18:35:01,459 : INFO : EventManager : Event: ======'machine_var_platform_release'====== Args={'value': '23.6.0', 'prev_value': None, 'change': True}
2025-07-16 18:35:01,459 : INFO : EventManager : Event: ======'machine_var_platform_version'====== Args={'value': 'Darwin Kernel Version 23.6.0: Thu Apr 24 20:29:18 PDT 2025; root:xnu-10063.141.1.705.2~1/RELEASE_ARM64_T6000', 'prev_value': None, 'change': True}
2025-07-16 18:35:01,459 : INFO : EventManager : Event: ======'machine_var_platform_machine'====== Args={'value': 'arm64', 'prev_value': None, 'change': True}
2025-07-16 18:35:01,459 : INFO : EventManager : Event: ======'machine_var_log_file_path'====== Args={'value': '/Users/craig/Documents/Pinball/Gremlins/logs/2025-07-16-18-35-01-mpf-Craigs-MacBook-Pro.local.log', 'prev_value': None, 'change': True}
2025-07-16 18:35:01,459 : INFO : EventManager : Event: ======'init_phase_1'====== Args={}
2025-07-16 18:35:01,466 : INFO : EventManager : Event: ======'init_phase_2'====== Args={}
2025-07-16 18:35:01,466 : INFO : SwitchController : Found active switch: (1008, <Platform.Virtual>) <switch.s_trough_1>
2025-07-16 18:35:01,466 : INFO : SwitchController : Found active switch: (1009, <Platform.Virtual>) <switch.s_trough_2>
2025-07-16 18:35:01,466 : INFO : SwitchController : Found active switch: (1010, <Platform.Virtual>) <switch.s_trough_3>
2025-07-16 18:35:01,466 : INFO : SwitchController : Found active switch: (1011, <Platform.Virtual>) <switch.s_trough_4>
2025-07-16 18:35:01,466 : INFO : EventManager : Event: ======'bcp_connection_attempt'====== Args={'name': 'local_display', 'host': 'localhost', 'port': 5050}
2025-07-16 18:35:01,467 : INFO : BCPClientSocket : Connecting BCP to 'local_display' at localhost:5050...
2025-07-16 18:35:01,470 : INFO : BCPClientSocket : Connected BCP to 'local_display' localhost:5050
2025-07-16 18:35:01,471 : INFO : EventManager : Event: ======'bcp_clients_connected'====== Args={}
2025-07-16 18:35:01,471 : INFO : ball_device.bd_plunger : BCH: Initial count: 0
2025-07-16 18:35:01,471 : INFO : ball_device.bd_plunger : State: idle
2025-07-16 18:35:01,471 : INFO : ball_device.bd_trough : BCH: Initial count: 4
2025-07-16 18:35:01,471 : INFO : ball_device.bd_trough : State: idle
2025-07-16 18:35:01,473 : INFO : EventManager : Event: ======'init_phase_3'====== Args={}
2025-07-16 18:35:01,474 : INFO : EventManager : Event: ======'init_phase_4'====== Args={}
2025-07-16 18:35:01,474 : INFO : BallController : Initial balls found: 4
2025-07-16 18:35:01,474 : INFO : EventManager : Event: ======'machine_var_audits_events_game_ended'====== Args={'value': 0, 'prev_value': None, 'change': True}
2025-07-16 18:35:01,475 : INFO : EventManager : Event: ======'machine_var_audits_events_game_started'====== Args={'value': 14, 'prev_value': None, 'change': True}
2025-07-16 18:35:01,475 : INFO : EventManager : Event: ======'machine_var_audits_missing_switches_s_bumper_left'====== Args={'value': 1, 'prev_value': None, 'change': True}
2025-07-16 18:35:01,475 : INFO : EventManager : Event: ======'machine_var_audits_missing_switches_s_bumper_right'====== Args={'value': 1, 'prev_value': None, 'change': True}
2025-07-16 18:35:01,475 : INFO : EventManager : Event: ======'machine_var_audits_missing_switches_s_flipper_left'====== Args={'value': 3, 'prev_value': None, 'change': True}
2025-07-16 18:35:01,475 : INFO : EventManager : Event: ======'machine_var_audits_missing_switches_s_flipper_right'====== Args={'value': 3, 'prev_value': None, 'change': True}
2025-07-16 18:35:01,475 : INFO : EventManager : Event: ======'machine_var_audits_missing_switches_s_left_lane'====== Args={'value': 1, 'prev_value': None, 'change': True}
2025-07-16 18:35:01,475 : INFO : EventManager : Event: ======'machine_var_audits_missing_switches_s_plunger_lane'====== Args={'value': 14, 'prev_value': None, 'change': True}
2025-07-16 18:35:01,475 : INFO : EventManager : Event: ======'machine_var_audits_missing_switches_s_trough_1'====== Args={'value': 14, 'prev_value': None, 'change': True}
2025-07-16 18:35:01,475 : INFO : EventManager : Event: ======'machine_var_audits_missing_switches_s_trough_2'====== Args={'value': 14, 'prev_value': None, 'change': True}
2025-07-16 18:35:01,475 : INFO : EventManager : Event: ======'machine_var_audits_missing_switches_s_trough_3'====== Args={'value': 14, 'prev_value': None, 'change': True}
2025-07-16 18:35:01,475 : INFO : EventManager : Event: ======'machine_var_audits_missing_switches_s_trough_4'====== Args={'value': 14, 'prev_value': None, 'change': True}
2025-07-16 18:35:01,475 : INFO : EventManager : Event: ======'machine_var_audits_player_score'====== Args={'value': {'average': 0, 'top': [], 'total': 0}, 'prev_value': None, 'change': True}
2025-07-16 18:35:01,475 : INFO : EventManager : Event: ======'machine_var_audits_shots_bumper_left'====== Args={'value': 37, 'prev_value': None, 'change': True}
2025-07-16 18:35:01,475 : INFO : EventManager : Event: ======'machine_var_audits_shots_bumper_right'====== Args={'value': 48, 'prev_value': None, 'change': True}
2025-07-16 18:35:01,475 : INFO : EventManager : Event: ======'machine_var_audits_shots_hurryup'====== Args={'value': 23, 'prev_value': None, 'change': True}
2025-07-16 18:35:01,475 : INFO : EventManager : Event: ======'machine_var_audits_shots_left_lane'====== Args={'value': 49, 'prev_value': None, 'change': True}
2025-07-16 18:35:01,475 : INFO : EventManager : Event: ======'machine_var_audits_switches_s_bumper_left'====== Args={'value': 37, 'prev_value': None, 'change': True}
2025-07-16 18:35:01,475 : INFO : EventManager : Event: ======'machine_var_audits_switches_s_bumper_right'====== Args={'value': 48, 'prev_value': None, 'change': True}
2025-07-16 18:35:01,475 : INFO : EventManager : Event: ======'machine_var_audits_switches_s_flipper_left'====== Args={'value': 63, 'prev_value': None, 'change': True}
2025-07-16 18:35:01,475 : INFO : EventManager : Event: ======'machine_var_audits_switches_s_flipper_right'====== Args={'value': 88, 'prev_value': None, 'change': True}
2025-07-16 18:35:01,475 : INFO : EventManager : Event: ======'machine_var_audits_switches_s_left_lane'====== Args={'value': 49, 'prev_value': None, 'change': True}
2025-07-16 18:35:01,475 : INFO : EventManager : Event: ======'machine_var_audits_switches_s_plunger_lane'====== Args={'value': 0, 'prev_value': None, 'change': True}
2025-07-16 18:35:01,475 : INFO : EventManager : Event: ======'machine_var_audits_switches_s_start'====== Args={'value': 3, 'prev_value': None, 'change': True}
2025-07-16 18:35:01,475 : INFO : EventManager : Event: ======'machine_var_audits_switches_s_trough_1'====== Args={'value': 0, 'prev_value': None, 'change': True}
2025-07-16 18:35:01,475 : INFO : EventManager : Event: ======'machine_var_audits_switches_s_trough_2'====== Args={'value': 0, 'prev_value': None, 'change': True}
2025-07-16 18:35:01,475 : INFO : EventManager : Event: ======'machine_var_audits_switches_s_trough_3'====== Args={'value': 0, 'prev_value': None, 'change': True}
2025-07-16 18:35:01,475 : INFO : EventManager : Event: ======'machine_var_audits_switches_s_trough_4'====== Args={'value': 0, 'prev_value': None, 'change': True}
2025-07-16 18:35:01,475 : INFO : EventManager : Event: ======'machine_var_audits_switches_s_ramp_2'====== Args={'value': 0, 'prev_value': None, 'change': True}
2025-07-16 18:35:01,475 : INFO : EventManager : Event: ======'machine_var_audits_switches_s_ramp_1'====== Args={'value': 0, 'prev_value': None, 'change': True}
2025-07-16 18:35:01,475 : INFO : EventManager : Event: ======'init_phase_5'====== Args={}
2025-07-16 18:35:01,475 : INFO : EventManager : Event: ======'init_done'====== Args={}
2025-07-16 18:35:01,475 : INFO : EventManager : Event: ======'machine_reset_phase_1'====== Args={}
2025-07-16 18:35:01,485 : INFO : EventManager : Event: ======'machine_reset_phase_2'====== Args={}
2025-07-16 18:35:01,485 : INFO : EventManager : Event: ======'machine_reset_phase_3'====== Args={}
2025-07-16 18:35:01,486 : INFO : EventManager : Event: ======'reset_complete'====== Args={}
2025-07-16 18:35:01,486 : INFO : EventManager : Event: ======'mode_attract_will_start'====== Args={}
2025-07-16 18:35:01,486 : INFO : Timer.attract_carousel_timer : Starting Timer.
2025-07-16 18:35:01,486 : INFO : EventManager : Event: ======'timer_attract_carousel_timer_started'====== Args={'ticks': 0, 'ticks_remaining': 1}
2025-07-16 18:35:01,486 : INFO : EventManager : Event: ======'timer_attract_carousel_timer_tick'====== Args={'ticks': 0, 'ticks_remaining': 1}
2025-07-16 18:35:01,487 : INFO : EventManager : Event: ======'mode_attract_starting'====== Args={}
2025-07-16 18:35:01,487 : INFO : Mode.attract : Started. Priority: 10
2025-07-16 18:35:01,487 : INFO : EventManager : Event: ======'modes_active_modes_changed'====== Args={}
2025-07-16 18:35:01,487 : INFO : EventManager : Event: ======'mode_attract_started'====== Args={}
2025-07-16 18:35:01,487 : INFO : EventManager : Event: ======'collecting_balls_complete'====== Args={}
2025-07-16 18:35:01,487 : INFO : EventManager : Event: ======'item_highlighted'====== Args={'carousel': 'attract', 'direction': None, 'item': 'press_start'}
2025-07-16 18:35:01,487 : INFO : EventManager : Event: ======'timer_attract_carousel_timer_tick'====== Args={'ticks': 0, 'ticks_remaining': 1}
2025-07-16 18:35:01,487 : INFO : Machine : Starting the main run loop with active modes: [<Mode.attract>]
2025-07-16 18:35:01,634 : INFO : EventManager : Event: ======'slide_attract_created'====== Args={'_from_bcp': True}
2025-07-16 18:35:01,634 : INFO : EventManager : Event: ======'slide__removed'====== Args={'_from_bcp': True}
2025-07-16 18:35:01,634 : INFO : EventManager : Event: ======'slide_attract_active'====== Args={'original_context': 'attract', 'original_calling_context': 'mode_attract_started', 'priority': 10.0, 'cmd': 'slides_play', '_from_bcp': True}
2025-07-16 18:35:05,903 : INFO : SwitchController : <<<<<<< 's_start' active >>>>>>>
2025-07-16 18:35:06,021 : INFO : SwitchController : <<<<<<< 's_start' inactive >>>>>>>
2025-07-16 18:35:06,022 : INFO : EventManager : Event: ======'request_to_start_game'====== Args={}
2025-07-16 18:35:06,022 : INFO : EventManager : Event: ======'game_start'====== Args={'buttons': [], 'hold_time': 0.11688283400144428}
2025-07-16 18:35:06,023 : INFO : EventManager : Event: ======'mode_game_will_start'====== Args={'buttons': [], 'hold_time': 0.11688283400144428}
2025-07-16 18:35:06,024 : INFO : EventManager : Event: ======'mode_game_starting'====== Args={'buttons': [], 'hold_time': 0.11688283400144428}
2025-07-16 18:35:06,024 : INFO : EventManager : Event: ======'mode_attract_will_stop'====== Args={}
2025-07-16 18:35:06,024 : INFO : EventManager : Event: ======'mode_attract_stopping'====== Args={}
2025-07-16 18:35:06,024 : INFO : Mode.attract : Stopped.
2025-07-16 18:35:06,024 : INFO : EventManager : Event: ======'modes_active_modes_changed'====== Args={}
2025-07-16 18:35:06,025 : INFO : EventManager : Event: ======'mode_attract_stopped'====== Args={}
2025-07-16 18:35:06,025 : INFO : EventManager : Event: ======'clear'====== Args={'key': 'attract'}
2025-07-16 18:35:06,025 : INFO : Timer.attract_carousel_timer : Stopping Timer
2025-07-16 18:35:06,025 : INFO : EventManager : Event: ======'timer_attract_carousel_timer_stopped'====== Args={'ticks': 0, 'ticks_remaining': 1}
2025-07-16 18:35:06,026 : INFO : Mode.game : Started. Priority: 20
2025-07-16 18:35:06,026 : INFO : EventManager : Event: ======'modes_active_modes_changed'====== Args={}
2025-07-16 18:35:06,026 : INFO : EventManager : Event: ======'mode_game_started'====== Args={'buttons': [], 'hold_time': 0.11688283400144428}
2025-07-16 18:35:06,027 : INFO : EventManager : Event: ======'game_will_start'====== Args={}
2025-07-16 18:35:06,027 : INFO : EventManager : Event: ======'game_starting'====== Args={'game': <Mode.game>}
2025-07-16 18:35:06,029 : INFO : EventManager : Unordered handler for class <Auditor> on event game_ended with priority 1. Handlers: [RegisteredHandler(callback=<bound method Auditor.disable of <Auditor>>, priority=1, kwargs={}, key=UUID('91af3024-7daa-4fb1-a85e-6ebf37fd5a2d'), condition=None, blocking_facility=None), RegisteredHandler(callback=<bound method Auditor._save_audits of <Auditor>>, priority=1, kwargs={}, key=UUID('493312fd-eef4-407f-9e10-3e7594d8d62f'), condition=None, blocking_facility=None)]. The order of those handlers is not defined and they will be executed in random order. This might lead to race conditions and potential bugs.
2025-07-16 18:35:06,030 : INFO : EventManager : Event: ======'player_add_request'====== Args={}
2025-07-16 18:35:06,030 : INFO : EventManager : Event: ======'player_will_add'====== Args={'number': 1}
2025-07-16 18:35:06,030 : INFO : EventManager : Event: ======'player_adding'====== Args={'player': <Player 1>, 'number': 1}
2025-07-16 18:35:06,030 : INFO : EventManager : Event: ======'player_added'====== Args={'player': <Player 1>, 'num': 1}
2025-07-16 18:35:06,031 : INFO : Mode.game : Player added successfully. Total players: 1
2025-07-16 18:35:06,031 : INFO : EventManager : Event: ======'player_index'====== Args={'value': 0, 'prev_value': 0, 'change': 0, 'player_num': 1}
2025-07-16 18:35:06,031 : INFO : EventManager : Event: ======'player_number'====== Args={'value': 1, 'prev_value': 1, 'change': 0, 'player_num': 1}
2025-07-16 18:35:06,031 : INFO : EventManager : Event: ======'player_score'====== Args={'value': 0, 'prev_value': 0, 'change': 0, 'player_num': 1}
2025-07-16 18:35:06,034 : INFO : EventManager : Event: ======'game_started'====== Args={}
2025-07-16 18:35:06,035 : INFO : EventManager : Event: ======'player_turn_will_start'====== Args={'player': <Player 1>, 'number': 1}
2025-07-16 18:35:06,035 : INFO : EventManager : Event: ======'player_turn_starting'====== Args={'player': <Player 1>, 'number': 1}
2025-07-16 18:35:06,037 : INFO : EventManager : Event: ======'player_ball'====== Args={'value': 1, 'prev_value': 0, 'change': 1, 'player_num': 1}
2025-07-16 18:35:06,038 : INFO : EventManager : Event: ======'player_turn_started'====== Args={'player': <Player 1>, 'number': 1}
2025-07-16 18:35:06,042 : INFO : EventManager : Event: ======'ball_will_start'====== Args={'player': 1, 'ball': 1, 'balls_remaining': 2, 'is_extra_ball': False}
2025-07-16 18:35:06,042 : INFO : EventManager : Event: ======'ball_starting'====== Args={'player': 1, 'ball': 1, 'balls_remaining': 2, 'is_extra_ball': False}
2025-07-16 18:35:06,043 : INFO : EventManager : Event: ======'mode_base_will_start'====== Args={'queue': <QueuedEvent>, 'player': 1, 'ball': 1, 'balls_remaining': 2, 'is_extra_ball': False}
2025-07-16 18:35:06,044 : INFO : EventManager : Event: ======'player_shot_left_lane_enabled'====== Args={'value': True, 'prev_value': 0, 'change': 1, 'player_num': 1}
2025-07-16 18:35:06,045 : INFO : EventManager : Event: ======'mode_base_starting'====== Args={'queue': <QueuedEvent>, 'player': 1, 'ball': 1, 'balls_remaining': 2, 'is_extra_ball': False}
2025-07-16 18:35:06,046 : INFO : Mode.base : Started. Priority: 100
2025-07-16 18:35:06,046 : INFO : EventManager : Event: ======'modes_active_modes_changed'====== Args={}
2025-07-16 18:35:06,046 : INFO : EventManager : Event: ======'mode_base_started'====== Args={'queue': <QueuedEvent>, 'player': 1, 'ball': 1, 'balls_remaining': 2, 'is_extra_ball': False}
2025-07-16 18:35:06,047 : INFO : EventManager : Event: ======'start_mode_bumpers'====== Args={'priority': 0}
2025-07-16 18:35:06,047 : INFO : EventManager : Event: ======'mode_bumpers_will_start'====== Args={'priority': 0}
2025-07-16 18:35:06,047 : INFO : EventManager : Event: ======'player_shot_bumper_left_enabled'====== Args={'value': True, 'prev_value': 0, 'change': 1, 'player_num': 1}
2025-07-16 18:35:06,048 : INFO : EventManager : Event: ======'player_shot_bumper_right_enabled'====== Args={'value': True, 'prev_value': 0, 'change': 1, 'player_num': 1}
2025-07-16 18:35:06,048 : INFO : EventManager : Event: ======'bumpers_complete'====== Args={'state': 'unlit'}
2025-07-16 18:35:06,048 : INFO : EventManager : Event: ======'bumpers_unlit_complete'====== Args={}
2025-07-16 18:35:06,049 : INFO : EventManager : Event: ======'mode_bumpers_starting'====== Args={'priority': 0}
2025-07-16 18:35:06,049 : INFO : Mode.bumpers : Started. Priority: 200
2025-07-16 18:35:06,049 : INFO : EventManager : Event: ======'modes_active_modes_changed'====== Args={}
2025-07-16 18:35:06,049 : INFO : EventManager : Event: ======'mode_bumpers_started'====== Args={'priority': 0}
2025-07-16 18:35:06,049 : INFO : EventManager : Event: ======'balls_in_play'====== Args={'balls': 1}
2025-07-16 18:35:06,049 : INFO : EventManager : Event: ======'ball_started'====== Args={'player': 1, 'ball': 1, 'balls_remaining': 2, 'is_extra_ball': False}
2025-07-16 18:35:06,050 : INFO : EventManager : Event: ======'single_player_ball_started'====== Args={}
2025-07-16 18:35:06,050 : INFO : EventManager : Event: ======'ball_start_target'====== Args={'target': 'playfield'}
2025-07-16 18:35:06,050 : INFO : ball_device.bd_trough : Setting up player-controlled eject. Balls: 1, Target: <playfield.playfield>, player_controlled_eject_event: None
2025-07-16 18:35:06,050 : INFO : ball_device.bd_trough : Adding 1 ball(s) to the eject_queue with target <playfield.playfield>.
2025-07-16 18:35:06,050 : INFO : EventManager : Event: ======'balldevice_balls_available'====== Args={}
2025-07-16 18:35:06,051 : INFO : ball_device.bd_trough : State: waiting_for_target_ready
2025-07-16 18:35:06,051 : INFO : EventManager : Event: ======'balldevice_bd_trough_ball_eject_attempt'====== Args={'balls': 1, 'target': <ball_device.bd_plunger>, 'source': <ball_device.bd_trough>, 'mechanical_eject': False, 'num_attempts': 0}
2025-07-16 18:35:06,051 : INFO : ball_device.bd_plunger : State: waiting_for_ball
2025-07-16 18:35:06,052 : INFO : ball_device.bd_trough : State: ejecting
2025-07-16 18:35:06,052 : INFO : ball_device.bd_trough : Ejecting ball to <ball_device.bd_plunger>
2025-07-16 18:35:06,052 : INFO : EventManager : Event: ======'balldevice_bd_trough_ejecting_ball'====== Args={'balls': 1, 'target': <ball_device.bd_plunger>, 'source': <ball_device.bd_trough>, 'mechanical_eject': False, 'num_attempts': 0}
2025-07-16 18:35:06,052 : INFO : ball_device.bd_trough : Wait for ball to leave device
2025-07-16 18:35:06,053 : INFO : coil.c_trough_eject : Pulsing Driver for 10ms (1.0 pulse_power)
2025-07-16 18:35:06,145 : INFO : EventManager : Event: ======'slide_base_slide_created'====== Args={'_from_bcp': True}
2025-07-16 18:35:06,146 : INFO : EventManager : Event: ======'slide_attract_inactive'====== Args={'is_removing': True, '_from_bcp': True}
2025-07-16 18:35:06,146 : INFO : EventManager : Event: ======'slide_base_slide_active'====== Args={'original_context': 'base', 'original_calling_context': 'mode_base_started', 'priority': 100.0, 'queue': '<QueuedEvent>', 'player': 1.0, 'ball': 1.0, 'balls_remaining': 2.0, 'is_extra_ball': False, 'cmd': 'slides_play', '_from_bcp': True}
2025-07-16 18:35:06,146 : INFO : EventManager : Event: ======'slide_attract_removed'====== Args={'_from_bcp': True}
2025-07-16 18:35:08,289 : INFO : SwitchController : <<<<<<< 's_bumper_right' active >>>>>>>
2025-07-16 18:35:08,290 : INFO : EventManager : Event: ======'playfield_active'====== Args={'source': 'bumper_right'}
2025-07-16 18:35:08,290 : INFO : EventManager : Event: ======'unexpected_ball_on_playfield'====== Args={}
2025-07-16 18:35:08,290 : INFO : EventManager : Event: ======'s_bumper_right_active'====== Args={}
2025-07-16 18:35:08,290 : INFO : EventManager : Event: ======'machine_var_audits_switches_s_bumper_right'====== Args={'value': 49, 'prev_value': 48, 'change': 1}
2025-07-16 18:35:08,291 : INFO : EventManager : Event: ======'player_shot_bumper_right'====== Args={'value': 1, 'prev_value': 0, 'change': 1, 'player_num': 1}
2025-07-16 18:35:08,292 : INFO : EventManager : Event: ======'machine_var_audits_shots_bumper_right'====== Args={'value': 49, 'prev_value': 48, 'change': 1}
2025-07-16 18:35:08,292 : INFO : EventManager : Event: ======'bumper_right_hit'====== Args={'profile': 'default', 'state': 'unlit', 'advancing': True}
2025-07-16 18:35:08,292 : INFO : EventManager : Event: ======'bumper_right_default_hit'====== Args={'profile': 'default', 'state': 'unlit', 'advancing': True}
2025-07-16 18:35:08,292 : INFO : EventManager : Event: ======'bumper_right_default_unlit_hit'====== Args={'profile': 'default', 'state': 'unlit', 'advancing': True}
2025-07-16 18:35:08,292 : INFO : EventManager : Event: ======'bumper_right_unlit_hit'====== Args={'profile': 'default', 'state': 'unlit', 'advancing': True}
2025-07-16 18:35:08,292 : INFO : EventManager : Event: ======'bumpers_hit'====== Args={'shot': 'bumper_right'}
2025-07-16 18:35:08,293 : INFO : EventManager : Event: ======'bumpers_unlit_hit'====== Args={'shot': 'bumper_right'}
2025-07-16 18:35:08,293 : INFO : EventManager : Event: ======'player_score'====== Args={'value': 1000, 'prev_value': 0, 'change': 1000, 'player_num': 1, 'source': 'bumpers'}
2025-07-16 18:35:08,430 : INFO : SwitchController : <<<<<<< 's_bumper_left' active >>>>>>>
2025-07-16 18:35:08,431 : INFO : EventManager : Event: ======'playfield_active'====== Args={'source': 'bumper_left'}
2025-07-16 18:35:08,431 : INFO : EventManager : Event: ======'unexpected_ball_on_playfield'====== Args={}
2025-07-16 18:35:08,431 : INFO : EventManager : Event: ======'s_bumper_left_active'====== Args={}
2025-07-16 18:35:08,431 : INFO : EventManager : Event: ======'machine_var_audits_switches_s_bumper_left'====== Args={'value': 38, 'prev_value': 37, 'change': 1}
2025-07-16 18:35:08,432 : INFO : EventManager : Event: ======'player_shot_bumper_left'====== Args={'value': 1, 'prev_value': 0, 'change': 1, 'player_num': 1}
2025-07-16 18:35:08,433 : INFO : EventManager : Event: ======'machine_var_audits_shots_bumper_left'====== Args={'value': 38, 'prev_value': 37, 'change': 1}
2025-07-16 18:35:08,433 : INFO : EventManager : Event: ======'bumper_left_hit'====== Args={'profile': 'default', 'state': 'unlit', 'advancing': True}
2025-07-16 18:35:08,433 : INFO : EventManager : Event: ======'bumper_left_default_hit'====== Args={'profile': 'default', 'state': 'unlit', 'advancing': True}
2025-07-16 18:35:08,433 : INFO : EventManager : Event: ======'bumper_left_default_unlit_hit'====== Args={'profile': 'default', 'state': 'unlit', 'advancing': True}
2025-07-16 18:35:08,433 : INFO : EventManager : Event: ======'bumper_left_unlit_hit'====== Args={'profile': 'default', 'state': 'unlit', 'advancing': True}
2025-07-16 18:35:08,434 : INFO : EventManager : Event: ======'bumpers_complete'====== Args={'state': 'lit'}
2025-07-16 18:35:08,434 : INFO : EventManager : Event: ======'bumpers_lit_complete'====== Args={}
2025-07-16 18:35:08,434 : INFO : EventManager : Event: ======'bumpers_hit'====== Args={'shot': 'bumper_left'}
2025-07-16 18:35:08,434 : INFO : EventManager : Event: ======'bumpers_unlit_hit'====== Args={'shot': 'bumper_left'}
2025-07-16 18:35:08,434 : INFO : EventManager : Event: ======'player_score'====== Args={'value': 2000, 'prev_value': 1000, 'change': 1000, 'player_num': 1, 'source': 'bumpers'}
2025-07-16 18:35:08,463 : INFO : SwitchController : <<<<<<< 's_bumper_right' inactive >>>>>>>
2025-07-16 18:35:08,532 : INFO : SwitchController : <<<<<<< 's_bumper_left' inactive >>>>>>>
2025-07-16 18:35:08,590 : INFO : SwitchController : <<<<<<< 's_bumper_right' active >>>>>>>
2025-07-16 18:35:08,590 : INFO : EventManager : Event: ======'playfield_active'====== Args={'source': 'bumper_right'}
2025-07-16 18:35:08,590 : INFO : EventManager : Event: ======'unexpected_ball_on_playfield'====== Args={}
2025-07-16 18:35:08,590 : INFO : EventManager : Event: ======'s_bumper_right_active'====== Args={}
2025-07-16 18:35:08,591 : INFO : EventManager : Event: ======'machine_var_audits_switches_s_bumper_right'====== Args={'value': 50, 'prev_value': 49, 'change': 1}
2025-07-16 18:35:08,592 : INFO : EventManager : Event: ======'machine_var_audits_shots_bumper_right'====== Args={'value': 50, 'prev_value': 49, 'change': 1}
2025-07-16 18:35:08,592 : INFO : EventManager : Event: ======'bumper_right_hit'====== Args={'profile': 'default', 'state': 'lit', 'advancing': False}
2025-07-16 18:35:08,592 : INFO : EventManager : Event: ======'bumper_right_default_hit'====== Args={'profile': 'default', 'state': 'lit', 'advancing': False}
2025-07-16 18:35:08,592 : INFO : EventManager : Event: ======'bumper_right_default_lit_hit'====== Args={'profile': 'default', 'state': 'lit', 'advancing': False}
2025-07-16 18:35:08,592 : INFO : EventManager : Event: ======'bumper_right_lit_hit'====== Args={'profile': 'default', 'state': 'lit', 'advancing': False}
2025-07-16 18:35:08,592 : INFO : EventManager : Event: ======'bumpers_hit'====== Args={'shot': 'bumper_right'}
2025-07-16 18:35:08,592 : INFO : EventManager : Event: ======'bumpers_lit_hit'====== Args={'shot': 'bumper_right'}
2025-07-16 18:35:08,593 : INFO : EventManager : Event: ======'player_score'====== Args={'value': 3000, 'prev_value': 2000, 'change': 1000, 'player_num': 1, 'source': 'bumpers'}
2025-07-16 18:35:08,673 : INFO : SwitchController : <<<<<<< 's_bumper_left' active >>>>>>>
2025-07-16 18:35:08,674 : INFO : EventManager : Event: ======'playfield_active'====== Args={'source': 'bumper_left'}
2025-07-16 18:35:08,674 : INFO : EventManager : Event: ======'unexpected_ball_on_playfield'====== Args={}
2025-07-16 18:35:08,674 : INFO : EventManager : Event: ======'s_bumper_left_active'====== Args={}
2025-07-16 18:35:08,674 : INFO : EventManager : Event: ======'machine_var_audits_switches_s_bumper_left'====== Args={'value': 39, 'prev_value': 38, 'change': 1}
2025-07-16 18:35:08,675 : INFO : EventManager : Event: ======'machine_var_audits_shots_bumper_left'====== Args={'value': 39, 'prev_value': 38, 'change': 1}
2025-07-16 18:35:08,675 : INFO : EventManager : Event: ======'bumper_left_hit'====== Args={'profile': 'default', 'state': 'lit', 'advancing': False}
2025-07-16 18:35:08,675 : INFO : EventManager : Event: ======'bumper_left_default_hit'====== Args={'profile': 'default', 'state': 'lit', 'advancing': False}
2025-07-16 18:35:08,675 : INFO : EventManager : Event: ======'bumper_left_default_lit_hit'====== Args={'profile': 'default', 'state': 'lit', 'advancing': False}
2025-07-16 18:35:08,675 : INFO : EventManager : Event: ======'bumper_left_lit_hit'====== Args={'profile': 'default', 'state': 'lit', 'advancing': False}
2025-07-16 18:35:08,675 : INFO : EventManager : Event: ======'bumpers_hit'====== Args={'shot': 'bumper_left'}
2025-07-16 18:35:08,676 : INFO : EventManager : Event: ======'bumpers_lit_hit'====== Args={'shot': 'bumper_left'}
2025-07-16 18:35:08,676 : INFO : EventManager : Event: ======'player_score'====== Args={'value': 4000, 'prev_value': 3000, 'change': 1000, 'player_num': 1, 'source': 'bumpers'}
2025-07-16 18:35:08,690 : INFO : SwitchController : <<<<<<< 's_bumper_right' inactive >>>>>>>
2025-07-16 18:35:08,739 : INFO : SwitchController : <<<<<<< 's_bumper_left' inactive >>>>>>>
2025-07-16 18:35:08,784 : INFO : SwitchController : <<<<<<< 's_bumper_right' active >>>>>>>
2025-07-16 18:35:08,784 : INFO : EventManager : Event: ======'playfield_active'====== Args={'source': 'bumper_right'}
2025-07-16 18:35:08,785 : INFO : EventManager : Event: ======'unexpected_ball_on_playfield'====== Args={}
2025-07-16 18:35:08,785 : INFO : EventManager : Event: ======'s_bumper_right_active'====== Args={}
2025-07-16 18:35:08,785 : INFO : EventManager : Event: ======'machine_var_audits_switches_s_bumper_right'====== Args={'value': 51, 'prev_value': 50, 'change': 1}
2025-07-16 18:35:08,786 : INFO : EventManager : Event: ======'machine_var_audits_shots_bumper_right'====== Args={'value': 51, 'prev_value': 50, 'change': 1}
2025-07-16 18:35:08,786 : INFO : EventManager : Event: ======'bumper_right_hit'====== Args={'profile': 'default', 'state': 'lit', 'advancing': False}
2025-07-16 18:35:08,787 : INFO : EventManager : Event: ======'bumper_right_default_hit'====== Args={'profile': 'default', 'state': 'lit', 'advancing': False}
2025-07-16 18:35:08,787 : INFO : EventManager : Event: ======'bumper_right_default_lit_hit'====== Args={'profile': 'default', 'state': 'lit', 'advancing': False}
2025-07-16 18:35:08,787 : INFO : EventManager : Event: ======'bumper_right_lit_hit'====== Args={'profile': 'default', 'state': 'lit', 'advancing': False}
2025-07-16 18:35:08,787 : INFO : EventManager : Event: ======'bumpers_hit'====== Args={'shot': 'bumper_right'}
2025-07-16 18:35:08,787 : INFO : EventManager : Event: ======'bumpers_lit_hit'====== Args={'shot': 'bumper_right'}
2025-07-16 18:35:08,787 : INFO : EventManager : Event: ======'player_score'====== Args={'value': 5000, 'prev_value': 4000, 'change': 1000, 'player_num': 1, 'source': 'bumpers'}
2025-07-16 18:35:08,872 : INFO : SwitchController : <<<<<<< 's_bumper_left' active >>>>>>>
2025-07-16 18:35:08,873 : INFO : EventManager : Event: ======'playfield_active'====== Args={'source': 'bumper_left'}
2025-07-16 18:35:08,873 : INFO : EventManager : Event: ======'unexpected_ball_on_playfield'====== Args={}
2025-07-16 18:35:08,873 : INFO : EventManager : Event: ======'s_bumper_left_active'====== Args={}
2025-07-16 18:35:08,873 : INFO : EventManager : Event: ======'machine_var_audits_switches_s_bumper_left'====== Args={'value': 40, 'prev_value': 39, 'change': 1}
2025-07-16 18:35:08,874 : INFO : EventManager : Event: ======'machine_var_audits_shots_bumper_left'====== Args={'value': 40, 'prev_value': 39, 'change': 1}
2025-07-16 18:35:08,875 : INFO : EventManager : Event: ======'bumper_left_hit'====== Args={'profile': 'default', 'state': 'lit', 'advancing': False}
2025-07-16 18:35:08,875 : INFO : EventManager : Event: ======'bumper_left_default_hit'====== Args={'profile': 'default', 'state': 'lit', 'advancing': False}
2025-07-16 18:35:08,875 : INFO : EventManager : Event: ======'bumper_left_default_lit_hit'====== Args={'profile': 'default', 'state': 'lit', 'advancing': False}
2025-07-16 18:35:08,875 : INFO : EventManager : Event: ======'bumper_left_lit_hit'====== Args={'profile': 'default', 'state': 'lit', 'advancing': False}
2025-07-16 18:35:08,875 : INFO : EventManager : Event: ======'bumpers_hit'====== Args={'shot': 'bumper_left'}
2025-07-16 18:35:08,875 : INFO : EventManager : Event: ======'bumpers_lit_hit'====== Args={'shot': 'bumper_left'}
2025-07-16 18:35:08,875 : INFO : EventManager : Event: ======'player_score'====== Args={'value': 6000, 'prev_value': 5000, 'change': 1000, 'player_num': 1, 'source': 'bumpers'}
2025-07-16 18:35:08,876 : INFO : SwitchController : <<<<<<< 's_bumper_right' inactive >>>>>>>
2025-07-16 18:35:08,939 : INFO : SwitchController : <<<<<<< 's_bumper_left' inactive >>>>>>>
2025-07-16 18:35:08,972 : INFO : SwitchController : <<<<<<< 's_bumper_right' active >>>>>>>
2025-07-16 18:35:08,972 : INFO : EventManager : Event: ======'playfield_active'====== Args={'source': 'bumper_right'}
2025-07-16 18:35:08,972 : INFO : EventManager : Event: ======'unexpected_ball_on_playfield'====== Args={}
2025-07-16 18:35:08,972 : INFO : EventManager : Event: ======'s_bumper_right_active'====== Args={}
2025-07-16 18:35:08,973 : INFO : EventManager : Event: ======'machine_var_audits_switches_s_bumper_right'====== Args={'value': 52, 'prev_value': 51, 'change': 1}
2025-07-16 18:35:08,973 : INFO : EventManager : Event: ======'machine_var_audits_shots_bumper_right'====== Args={'value': 52, 'prev_value': 51, 'change': 1}
2025-07-16 18:35:08,974 : INFO : EventManager : Event: ======'bumper_right_hit'====== Args={'profile': 'default', 'state': 'lit', 'advancing': False}
2025-07-16 18:35:08,974 : INFO : EventManager : Event: ======'bumper_right_default_hit'====== Args={'profile': 'default', 'state': 'lit', 'advancing': False}
2025-07-16 18:35:08,974 : INFO : EventManager : Event: ======'bumper_right_default_lit_hit'====== Args={'profile': 'default', 'state': 'lit', 'advancing': False}
2025-07-16 18:35:08,974 : INFO : EventManager : Event: ======'bumper_right_lit_hit'====== Args={'profile': 'default', 'state': 'lit', 'advancing': False}
2025-07-16 18:35:08,974 : INFO : EventManager : Event: ======'bumpers_hit'====== Args={'shot': 'bumper_right'}
2025-07-16 18:35:08,974 : INFO : EventManager : Event: ======'bumpers_lit_hit'====== Args={'shot': 'bumper_right'}
2025-07-16 18:35:08,974 : INFO : EventManager : Event: ======'player_score'====== Args={'value': 7000, 'prev_value': 6000, 'change': 1000, 'player_num': 1, 'source': 'bumpers'}
2025-07-16 18:35:09,066 : INFO : SwitchController : <<<<<<< 's_bumper_left' active >>>>>>>
2025-07-16 18:35:09,066 : INFO : EventManager : Event: ======'playfield_active'====== Args={'source': 'bumper_left'}
2025-07-16 18:35:09,066 : INFO : EventManager : Event: ======'unexpected_ball_on_playfield'====== Args={}
2025-07-16 18:35:09,066 : INFO : EventManager : Event: ======'s_bumper_left_active'====== Args={}
2025-07-16 18:35:09,066 : INFO : EventManager : Event: ======'machine_var_audits_switches_s_bumper_left'====== Args={'value': 41, 'prev_value': 40, 'change': 1}
2025-07-16 18:35:09,067 : INFO : EventManager : Event: ======'machine_var_audits_shots_bumper_left'====== Args={'value': 41, 'prev_value': 40, 'change': 1}
2025-07-16 18:35:09,067 : INFO : EventManager : Event: ======'bumper_left_hit'====== Args={'profile': 'default', 'state': 'lit', 'advancing': False}
2025-07-16 18:35:09,068 : INFO : EventManager : Event: ======'bumper_left_default_hit'====== Args={'profile': 'default', 'state': 'lit', 'advancing': False}
2025-07-16 18:35:09,068 : INFO : EventManager : Event: ======'bumper_left_default_lit_hit'====== Args={'profile': 'default', 'state': 'lit', 'advancing': False}
2025-07-16 18:35:09,068 : INFO : EventManager : Event: ======'bumper_left_lit_hit'====== Args={'profile': 'default', 'state': 'lit', 'advancing': False}
2025-07-16 18:35:09,068 : INFO : EventManager : Event: ======'bumpers_hit'====== Args={'shot': 'bumper_left'}
2025-07-16 18:35:09,068 : INFO : EventManager : Event: ======'bumpers_lit_hit'====== Args={'shot': 'bumper_left'}
2025-07-16 18:35:09,068 : INFO : EventManager : Event: ======'player_score'====== Args={'value': 8000, 'prev_value': 7000, 'change': 1000, 'player_num': 1, 'source': 'bumpers'}
2025-07-16 18:35:09,068 : INFO : SwitchController : <<<<<<< 's_bumper_right' inactive >>>>>>>
2025-07-16 18:35:09,131 : INFO : SwitchController : <<<<<<< 's_bumper_left' inactive >>>>>>>
2025-07-16 18:35:09,163 : INFO : SwitchController : <<<<<<< 's_bumper_right' active >>>>>>>
2025-07-16 18:35:09,164 : INFO : EventManager : Event: ======'playfield_active'====== Args={'source': 'bumper_right'}
2025-07-16 18:35:09,164 : INFO : EventManager : Event: ======'unexpected_ball_on_playfield'====== Args={}
2025-07-16 18:35:09,164 : INFO : EventManager : Event: ======'s_bumper_right_active'====== Args={}
2025-07-16 18:35:09,164 : INFO : EventManager : Event: ======'machine_var_audits_switches_s_bumper_right'====== Args={'value': 53, 'prev_value': 52, 'change': 1}
2025-07-16 18:35:09,165 : INFO : EventManager : Event: ======'machine_var_audits_shots_bumper_right'====== Args={'value': 53, 'prev_value': 52, 'change': 1}
2025-07-16 18:35:09,166 : INFO : EventManager : Event: ======'bumper_right_hit'====== Args={'profile': 'default', 'state': 'lit', 'advancing': False}
2025-07-16 18:35:09,166 : INFO : EventManager : Event: ======'bumper_right_default_hit'====== Args={'profile': 'default', 'state': 'lit', 'advancing': False}
2025-07-16 18:35:09,166 : INFO : EventManager : Event: ======'bumper_right_default_lit_hit'====== Args={'profile': 'default', 'state': 'lit', 'advancing': False}
2025-07-16 18:35:09,166 : INFO : EventManager : Event: ======'bumper_right_lit_hit'====== Args={'profile': 'default', 'state': 'lit', 'advancing': False}
2025-07-16 18:35:09,166 : INFO : EventManager : Event: ======'bumpers_hit'====== Args={'shot': 'bumper_right'}
2025-07-16 18:35:09,166 : INFO : EventManager : Event: ======'bumpers_lit_hit'====== Args={'shot': 'bumper_right'}
2025-07-16 18:35:09,166 : INFO : EventManager : Event: ======'player_score'====== Args={'value': 9000, 'prev_value': 8000, 'change': 1000, 'player_num': 1, 'source': 'bumpers'}
2025-07-16 18:35:09,238 : INFO : SwitchController : <<<<<<< 's_bumper_left' active >>>>>>>
2025-07-16 18:35:09,238 : INFO : EventManager : Event: ======'playfield_active'====== Args={'source': 'bumper_left'}
2025-07-16 18:35:09,238 : INFO : EventManager : Event: ======'unexpected_ball_on_playfield'====== Args={}
2025-07-16 18:35:09,238 : INFO : EventManager : Event: ======'s_bumper_left_active'====== Args={}
2025-07-16 18:35:09,239 : INFO : EventManager : Event: ======'machine_var_audits_switches_s_bumper_left'====== Args={'value': 42, 'prev_value': 41, 'change': 1}
2025-07-16 18:35:09,240 : INFO : EventManager : Event: ======'machine_var_audits_shots_bumper_left'====== Args={'value': 42, 'prev_value': 41, 'change': 1}
2025-07-16 18:35:09,240 : INFO : EventManager : Event: ======'bumper_left_hit'====== Args={'profile': 'default', 'state': 'lit', 'advancing': False}
2025-07-16 18:35:09,240 : INFO : EventManager : Event: ======'bumper_left_default_hit'====== Args={'profile': 'default', 'state': 'lit', 'advancing': False}
2025-07-16 18:35:09,240 : INFO : EventManager : Event: ======'bumper_left_default_lit_hit'====== Args={'profile': 'default', 'state': 'lit', 'advancing': False}
2025-07-16 18:35:09,240 : INFO : EventManager : Event: ======'bumper_left_lit_hit'====== Args={'profile': 'default', 'state': 'lit', 'advancing': False}
2025-07-16 18:35:09,241 : INFO : EventManager : Event: ======'bumpers_hit'====== Args={'shot': 'bumper_left'}
2025-07-16 18:35:09,241 : INFO : EventManager : Event: ======'bumpers_lit_hit'====== Args={'shot': 'bumper_left'}
2025-07-16 18:35:09,241 : INFO : EventManager : Event: ======'player_score'====== Args={'value': 10000, 'prev_value': 9000, 'change': 1000, 'player_num': 1, 'source': 'bumpers'}
2025-07-16 18:35:09,255 : INFO : SwitchController : <<<<<<< 's_bumper_right' inactive >>>>>>>
2025-07-16 18:35:09,314 : INFO : SwitchController : <<<<<<< 's_bumper_left' inactive >>>>>>>
2025-07-16 18:35:09,356 : INFO : SwitchController : <<<<<<< 's_bumper_right' active >>>>>>>
2025-07-16 18:35:09,357 : INFO : EventManager : Event: ======'playfield_active'====== Args={'source': 'bumper_right'}
2025-07-16 18:35:09,357 : INFO : EventManager : Event: ======'unexpected_ball_on_playfield'====== Args={}
2025-07-16 18:35:09,357 : INFO : EventManager : Event: ======'s_bumper_right_active'====== Args={}
2025-07-16 18:35:09,357 : INFO : EventManager : Event: ======'machine_var_audits_switches_s_bumper_right'====== Args={'value': 54, 'prev_value': 53, 'change': 1}
2025-07-16 18:35:09,360 : INFO : EventManager : Event: ======'machine_var_audits_shots_bumper_right'====== Args={'value': 54, 'prev_value': 53, 'change': 1}
2025-07-16 18:35:09,361 : INFO : EventManager : Event: ======'bumper_right_hit'====== Args={'profile': 'default', 'state': 'lit', 'advancing': False}
2025-07-16 18:35:09,361 : INFO : EventManager : Event: ======'bumper_right_default_hit'====== Args={'profile': 'default', 'state': 'lit', 'advancing': False}
2025-07-16 18:35:09,361 : INFO : EventManager : Event: ======'bumper_right_default_lit_hit'====== Args={'profile': 'default', 'state': 'lit', 'advancing': False}
2025-07-16 18:35:09,361 : INFO : EventManager : Event: ======'bumper_right_lit_hit'====== Args={'profile': 'default', 'state': 'lit', 'advancing': False}
2025-07-16 18:35:09,361 : INFO : EventManager : Event: ======'bumpers_hit'====== Args={'shot': 'bumper_right'}
2025-07-16 18:35:09,361 : INFO : EventManager : Event: ======'bumpers_lit_hit'====== Args={'shot': 'bumper_right'}
2025-07-16 18:35:09,361 : INFO : EventManager : Event: ======'player_score'====== Args={'value': 11000, 'prev_value': 10000, 'change': 1000, 'player_num': 1, 'source': 'bumpers'}
2025-07-16 18:35:09,472 : INFO : SwitchController : <<<<<<< 's_bumper_left' active >>>>>>>
2025-07-16 18:35:09,472 : INFO : EventManager : Event: ======'playfield_active'====== Args={'source': 'bumper_left'}
2025-07-16 18:35:09,472 : INFO : EventManager : Event: ======'unexpected_ball_on_playfield'====== Args={}
2025-07-16 18:35:09,472 : INFO : EventManager : Event: ======'s_bumper_left_active'====== Args={}
2025-07-16 18:35:09,472 : INFO : EventManager : Event: ======'machine_var_audits_switches_s_bumper_left'====== Args={'value': 43, 'prev_value': 42, 'change': 1}
2025-07-16 18:35:09,474 : INFO : EventManager : Event: ======'machine_var_audits_shots_bumper_left'====== Args={'value': 43, 'prev_value': 42, 'change': 1}
2025-07-16 18:35:09,474 : INFO : EventManager : Event: ======'bumper_left_hit'====== Args={'profile': 'default', 'state': 'lit', 'advancing': False}
2025-07-16 18:35:09,474 : INFO : EventManager : Event: ======'bumper_left_default_hit'====== Args={'profile': 'default', 'state': 'lit', 'advancing': False}
2025-07-16 18:35:09,474 : INFO : EventManager : Event: ======'bumper_left_default_lit_hit'====== Args={'profile': 'default', 'state': 'lit', 'advancing': False}
2025-07-16 18:35:09,474 : INFO : EventManager : Event: ======'bumper_left_lit_hit'====== Args={'profile': 'default', 'state': 'lit', 'advancing': False}
2025-07-16 18:35:09,474 : INFO : EventManager : Event: ======'bumpers_hit'====== Args={'shot': 'bumper_left'}
2025-07-16 18:35:09,474 : INFO : EventManager : Event: ======'bumpers_lit_hit'====== Args={'shot': 'bumper_left'}
2025-07-16 18:35:09,474 : INFO : EventManager : Event: ======'player_score'====== Args={'value': 12000, 'prev_value': 11000, 'change': 1000, 'player_num': 1, 'source': 'bumpers'}
2025-07-16 18:35:09,481 : INFO : SwitchController : <<<<<<< 's_bumper_right' inactive >>>>>>>
2025-07-16 18:35:09,547 : INFO : SwitchController : <<<<<<< 's_bumper_left' inactive >>>>>>>
2025-07-16 18:35:09,606 : INFO : SwitchController : <<<<<<< 's_bumper_right' active >>>>>>>
2025-07-16 18:35:09,607 : INFO : EventManager : Event: ======'playfield_active'====== Args={'source': 'bumper_right'}
2025-07-16 18:35:09,607 : INFO : EventManager : Event: ======'unexpected_ball_on_playfield'====== Args={}
2025-07-16 18:35:09,607 : INFO : EventManager : Event: ======'s_bumper_right_active'====== Args={}
2025-07-16 18:35:09,607 : INFO : EventManager : Event: ======'machine_var_audits_switches_s_bumper_right'====== Args={'value': 55, 'prev_value': 54, 'change': 1}
2025-07-16 18:35:09,609 : INFO : EventManager : Event: ======'machine_var_audits_shots_bumper_right'====== Args={'value': 55, 'prev_value': 54, 'change': 1}
2025-07-16 18:35:09,610 : INFO : EventManager : Event: ======'bumper_right_hit'====== Args={'profile': 'default', 'state': 'lit', 'advancing': False}
2025-07-16 18:35:09,610 : INFO : EventManager : Event: ======'bumper_right_default_hit'====== Args={'profile': 'default', 'state': 'lit', 'advancing': False}
2025-07-16 18:35:09,610 : INFO : EventManager : Event: ======'bumper_right_default_lit_hit'====== Args={'profile': 'default', 'state': 'lit', 'advancing': False}
2025-07-16 18:35:09,610 : INFO : EventManager : Event: ======'bumper_right_lit_hit'====== Args={'profile': 'default', 'state': 'lit', 'advancing': False}
2025-07-16 18:35:09,610 : INFO : EventManager : Event: ======'bumpers_hit'====== Args={'shot': 'bumper_right'}
2025-07-16 18:35:09,610 : INFO : EventManager : Event: ======'bumpers_lit_hit'====== Args={'shot': 'bumper_right'}
2025-07-16 18:35:09,610 : INFO : EventManager : Event: ======'player_score'====== Args={'value': 13000, 'prev_value': 12000, 'change': 1000, 'player_num': 1, 'source': 'bumpers'}
2025-07-16 18:35:09,672 : INFO : SwitchController : <<<<<<< 's_bumper_left' active >>>>>>>
2025-07-16 18:35:09,673 : INFO : EventManager : Event: ======'playfield_active'====== Args={'source': 'bumper_left'}
2025-07-16 18:35:09,673 : INFO : EventManager : Event: ======'unexpected_ball_on_playfield'====== Args={}
2025-07-16 18:35:09,673 : INFO : EventManager : Event: ======'s_bumper_left_active'====== Args={}
2025-07-16 18:35:09,673 : INFO : EventManager : Event: ======'machine_var_audits_switches_s_bumper_left'====== Args={'value': 44, 'prev_value': 43, 'change': 1}
2025-07-16 18:35:09,674 : INFO : EventManager : Event: ======'machine_var_audits_shots_bumper_left'====== Args={'value': 44, 'prev_value': 43, 'change': 1}
2025-07-16 18:35:09,674 : INFO : EventManager : Event: ======'bumper_left_hit'====== Args={'profile': 'default', 'state': 'lit', 'advancing': False}
2025-07-16 18:35:09,674 : INFO : EventManager : Event: ======'bumper_left_default_hit'====== Args={'profile': 'default', 'state': 'lit', 'advancing': False}
2025-07-16 18:35:09,674 : INFO : EventManager : Event: ======'bumper_left_default_lit_hit'====== Args={'profile': 'default', 'state': 'lit', 'advancing': False}
2025-07-16 18:35:09,674 : INFO : EventManager : Event: ======'bumper_left_lit_hit'====== Args={'profile': 'default', 'state': 'lit', 'advancing': False}
2025-07-16 18:35:09,674 : INFO : EventManager : Event: ======'bumpers_hit'====== Args={'shot': 'bumper_left'}
2025-07-16 18:35:09,674 : INFO : EventManager : Event: ======'bumpers_lit_hit'====== Args={'shot': 'bumper_left'}
2025-07-16 18:35:09,675 : INFO : EventManager : Event: ======'player_score'====== Args={'value': 14000, 'prev_value': 13000, 'change': 1000, 'player_num': 1, 'source': 'bumpers'}
2025-07-16 18:35:09,717 : INFO : SwitchController : <<<<<<< 's_bumper_right' inactive >>>>>>>
2025-07-16 18:35:09,763 : INFO : SwitchController : <<<<<<< 's_bumper_left' inactive >>>>>>>
2025-07-16 18:35:09,841 : INFO : SwitchController : <<<<<<< 's_bumper_left' active >>>>>>>
2025-07-16 18:35:09,841 : INFO : EventManager : Event: ======'playfield_active'====== Args={'source': 'bumper_left'}
2025-07-16 18:35:09,841 : INFO : EventManager : Event: ======'unexpected_ball_on_playfield'====== Args={}
2025-07-16 18:35:09,841 : INFO : EventManager : Event: ======'s_bumper_left_active'====== Args={}
2025-07-16 18:35:09,841 : INFO : EventManager : Event: ======'machine_var_audits_switches_s_bumper_left'====== Args={'value': 45, 'prev_value': 44, 'change': 1}
2025-07-16 18:35:09,842 : INFO : EventManager : Event: ======'machine_var_audits_shots_bumper_left'====== Args={'value': 45, 'prev_value': 44, 'change': 1}
2025-07-16 18:35:09,843 : INFO : EventManager : Event: ======'bumper_left_hit'====== Args={'profile': 'default', 'state': 'lit', 'advancing': False}
2025-07-16 18:35:09,843 : INFO : EventManager : Event: ======'bumper_left_default_hit'====== Args={'profile': 'default', 'state': 'lit', 'advancing': False}
2025-07-16 18:35:09,843 : INFO : EventManager : Event: ======'bumper_left_default_lit_hit'====== Args={'profile': 'default', 'state': 'lit', 'advancing': False}
2025-07-16 18:35:09,843 : INFO : EventManager : Event: ======'bumper_left_lit_hit'====== Args={'profile': 'default', 'state': 'lit', 'advancing': False}
2025-07-16 18:35:09,843 : INFO : EventManager : Event: ======'bumpers_hit'====== Args={'shot': 'bumper_left'}
2025-07-16 18:35:09,843 : INFO : EventManager : Event: ======'bumpers_lit_hit'====== Args={'shot': 'bumper_left'}
2025-07-16 18:35:09,843 : INFO : EventManager : Event: ======'player_score'====== Args={'value': 15000, 'prev_value': 14000, 'change': 1000, 'player_num': 1, 'source': 'bumpers'}
2025-07-16 18:35:09,843 : INFO : SwitchController : <<<<<<< 's_bumper_right' active >>>>>>>
2025-07-16 18:35:09,844 : INFO : EventManager : Event: ======'playfield_active'====== Args={'source': 'bumper_right'}
2025-07-16 18:35:09,844 : INFO : EventManager : Event: ======'unexpected_ball_on_playfield'====== Args={}
2025-07-16 18:35:09,844 : INFO : EventManager : Event: ======'s_bumper_right_active'====== Args={}
2025-07-16 18:35:09,844 : INFO : EventManager : Event: ======'machine_var_audits_switches_s_bumper_right'====== Args={'value': 56, 'prev_value': 55, 'change': 1}
2025-07-16 18:35:09,847 : INFO : EventManager : Event: ======'machine_var_audits_shots_bumper_right'====== Args={'value': 56, 'prev_value': 55, 'change': 1}
2025-07-16 18:35:09,848 : INFO : EventManager : Event: ======'bumper_right_hit'====== Args={'profile': 'default', 'state': 'lit', 'advancing': False}
2025-07-16 18:35:09,848 : INFO : EventManager : Event: ======'bumper_right_default_hit'====== Args={'profile': 'default', 'state': 'lit', 'advancing': False}
2025-07-16 18:35:09,848 : INFO : EventManager : Event: ======'bumper_right_default_lit_hit'====== Args={'profile': 'default', 'state': 'lit', 'advancing': False}
2025-07-16 18:35:09,848 : INFO : EventManager : Event: ======'bumper_right_lit_hit'====== Args={'profile': 'default', 'state': 'lit', 'advancing': False}
2025-07-16 18:35:09,848 : INFO : EventManager : Event: ======'bumpers_hit'====== Args={'shot': 'bumper_right'}
2025-07-16 18:35:09,848 : INFO : EventManager : Event: ======'bumpers_lit_hit'====== Args={'shot': 'bumper_right'}
2025-07-16 18:35:09,848 : INFO : EventManager : Event: ======'player_score'====== Args={'value': 16000, 'prev_value': 15000, 'change': 1000, 'player_num': 1, 'source': 'bumpers'}
2025-07-16 18:35:09,913 : INFO : SwitchController : <<<<<<< 's_bumper_right' inactive >>>>>>>
2025-07-16 18:35:09,946 : INFO : SwitchController : <<<<<<< 's_bumper_left' inactive >>>>>>>
2025-07-16 18:35:10,990 : INFO : SwitchController : <<<<<<< 's_left_lane' active >>>>>>>
2025-07-16 18:35:10,990 : INFO : EventManager : Event: ======'playfield_active'====== Args={'source': 'hurryup'}
2025-07-16 18:35:10,992 : INFO : EventManager : Event: ======'unexpected_ball_on_playfield'====== Args={}
2025-07-16 18:35:10,992 : INFO : EventManager : Event: ======'playfield_active'====== Args={'source': 'left_lane'}
2025-07-16 18:35:10,992 : INFO : EventManager : Event: ======'unexpected_ball_on_playfield'====== Args={}
2025-07-16 18:35:10,992 : INFO : EventManager : Event: ======'s_left_lane_active'====== Args={}
2025-07-16 18:35:10,992 : INFO : EventManager : Event: ======'machine_var_audits_switches_s_left_lane'====== Args={'value': 50, 'prev_value': 49, 'change': 1}
2025-07-16 18:35:10,994 : INFO : EventManager : Event: ======'player_shot_left_lane'====== Args={'value': 1, 'prev_value': 0, 'change': 1, 'player_num': 1}
2025-07-16 18:35:10,994 : INFO : EventManager : Event: ======'machine_var_audits_shots_left_lane'====== Args={'value': 50, 'prev_value': 49, 'change': 1}
2025-07-16 18:35:10,995 : INFO : EventManager : Event: ======'left_lane_hit'====== Args={'profile': 'default', 'state': 'unlit', 'advancing': True}
2025-07-16 18:35:10,995 : INFO : EventManager : Event: ======'left_lane_default_hit'====== Args={'profile': 'default', 'state': 'unlit', 'advancing': True}
2025-07-16 18:35:10,995 : INFO : EventManager : Event: ======'left_lane_default_unlit_hit'====== Args={'profile': 'default', 'state': 'unlit', 'advancing': True}
2025-07-16 18:35:10,995 : INFO : EventManager : Event: ======'left_lane_unlit_hit'====== Args={'profile': 'default', 'state': 'unlit', 'advancing': True}
2025-07-16 18:35:10,995 : INFO : EventManager : Event: ======'start_mode_hurryup'====== Args={'priority': 0}
2025-07-16 18:35:10,995 : INFO : EventManager : Event: ======'mode_hurryup_will_start'====== Args={'priority': 0}
2025-07-16 18:35:10,996 : INFO : EventManager : Event: ======'player_shot_hurryup_enabled'====== Args={'value': True, 'prev_value': 0, 'change': 1, 'player_num': 1}
2025-07-16 18:35:10,996 : INFO : EventManager : Event: ======'player_hurryup_hurryup_timer_tick'====== Args={'value': 0, 'prev_value': 0, 'change': 0, 'player_num': 1}
2025-07-16 18:35:10,996 : INFO : Timer.hurryup_timer : Starting Timer.
2025-07-16 18:35:10,997 : INFO : EventManager : Event: ======'timer_hurryup_timer_started'====== Args={'ticks': 0, 'ticks_remaining': 25}
2025-07-16 18:35:10,997 : INFO : EventManager : Event: ======'timer_hurryup_timer_tick'====== Args={'ticks': 0, 'ticks_remaining': 25}
2025-07-16 18:35:10,998 : INFO : EventManager : Event: ======'mode_hurryup_starting'====== Args={'priority': 0}
2025-07-16 18:35:10,998 : INFO : Mode.hurryup : Started. Priority: 1000
2025-07-16 18:35:10,998 : INFO : EventManager : Event: ======'modes_active_modes_changed'====== Args={}
2025-07-16 18:35:10,998 : INFO : EventManager : Event: ======'mode_hurryup_started'====== Args={'priority': 0}
2025-07-16 18:35:11,021 : INFO : EventManager : Event: ======'slide_hurryup_created'====== Args={'_from_bcp': True}
2025-07-16 18:35:11,021 : INFO : EventManager : Event: ======'slide_base_slide_inactive'====== Args={'is_removing': False, '_from_bcp': True}
2025-07-16 18:35:11,021 : INFO : EventManager : Event: ======'slide_hurryup_active'====== Args={'original_context': 'hurryup', 'original_calling_context': 'mode_hurryup_started', 'priority': 1000.0, 'cmd': 'slides_play', '_from_bcp': True}
2025-07-16 18:35:11,098 : INFO : SwitchController : <<<<<<< 's_left_lane' inactive >>>>>>>
2025-07-16 18:35:11,198 : INFO : EventManager : Event: ======'player_hurryup_hurryup_timer_tick'====== Args={'value': 1, 'prev_value': 0, 'change': 1, 'player_num': 1}
2025-07-16 18:35:11,199 : INFO : EventManager : Event: ======'timer_hurryup_timer_tick'====== Args={'ticks': 1, 'ticks_remaining': 24}
2025-07-16 18:35:11,200 : INFO : EventManager : Event: ======'hurryup_value'====== Args={'priority': 0, 'current_hurryup': 98000}
2025-07-16 18:35:11,398 : INFO : EventManager : Event: ======'player_hurryup_hurryup_timer_tick'====== Args={'value': 2, 'prev_value': 1, 'change': 1, 'player_num': 1}
2025-07-16 18:35:11,399 : INFO : EventManager : Event: ======'timer_hurryup_timer_tick'====== Args={'ticks': 2, 'ticks_remaining': 23}
2025-07-16 18:35:11,400 : INFO : EventManager : Event: ======'hurryup_value'====== Args={'priority': 0, 'current_hurryup': 96000}
2025-07-16 18:35:11,598 : INFO : EventManager : Event: ======'player_hurryup_hurryup_timer_tick'====== Args={'value': 3, 'prev_value': 2, 'change': 1, 'player_num': 1}
2025-07-16 18:35:11,598 : INFO : EventManager : Event: ======'timer_hurryup_timer_tick'====== Args={'ticks': 3, 'ticks_remaining': 22}
2025-07-16 18:35:11,600 : INFO : EventManager : Event: ======'hurryup_value'====== Args={'priority': 0, 'current_hurryup': 94000}
2025-07-16 18:35:11,647 : INFO : SwitchController : <<<<<<< 's_left_lane' active >>>>>>>
2025-07-16 18:35:11,647 : INFO : EventManager : Event: ======'playfield_active'====== Args={'source': 'hurryup'}
2025-07-16 18:35:11,647 : INFO : EventManager : Event: ======'unexpected_ball_on_playfield'====== Args={}
2025-07-16 18:35:11,647 : INFO : EventManager : Event: ======'playfield_active'====== Args={'source': 'left_lane'}
2025-07-16 18:35:11,647 : INFO : EventManager : Event: ======'unexpected_ball_on_playfield'====== Args={}
2025-07-16 18:35:11,647 : INFO : EventManager : Event: ======'s_left_lane_active'====== Args={}
2025-07-16 18:35:11,647 : INFO : EventManager : Event: ======'machine_var_audits_switches_s_left_lane'====== Args={'value': 51, 'prev_value': 50, 'change': 1}
2025-07-16 18:35:11,647 : INFO : EventManager : Event: ======'player_shot_hurryup'====== Args={'value': 1, 'prev_value': 0, 'change': 1, 'player_num': 1}
2025-07-16 18:35:11,648 : INFO : EventManager : Event: ======'machine_var_audits_shots_hurryup'====== Args={'value': 24, 'prev_value': 23, 'change': 1}
2025-07-16 18:35:11,648 : INFO : EventManager : Event: ======'hurryup_hit'====== Args={'profile': 'default', 'state': 'unlit', 'advancing': True}
2025-07-16 18:35:11,648 : INFO : EventManager : Event: ======'hurryup_default_hit'====== Args={'profile': 'default', 'state': 'unlit', 'advancing': True}
2025-07-16 18:35:11,648 : INFO : EventManager : Event: ======'hurryup_default_unlit_hit'====== Args={'profile': 'default', 'state': 'unlit', 'advancing': True}
2025-07-16 18:35:11,648 : INFO : EventManager : Event: ======'hurryup_unlit_hit'====== Args={'profile': 'default', 'state': 'unlit', 'advancing': True}
2025-07-16 18:35:11,648 : INFO : EventManager : Event: ======'machine_var_audits_shots_left_lane'====== Args={'value': 51, 'prev_value': 50, 'change': 1}
2025-07-16 18:35:11,648 : INFO : EventManager : Event: ======'left_lane_hit'====== Args={'profile': 'default', 'state': 'lit', 'advancing': False}
2025-07-16 18:35:11,648 : INFO : EventManager : Event: ======'left_lane_default_hit'====== Args={'profile': 'default', 'state': 'lit', 'advancing': False}
2025-07-16 18:35:11,648 : INFO : EventManager : Event: ======'left_lane_default_lit_hit'====== Args={'profile': 'default', 'state': 'lit', 'advancing': False}
2025-07-16 18:35:11,648 : INFO : EventManager : Event: ======'left_lane_lit_hit'====== Args={'profile': 'default', 'state': 'lit', 'advancing': False}
2025-07-16 18:35:11,648 : INFO : EventManager : Event: ======'stop_mode_hurryup'====== Args={'priority': 0}
2025-07-16 18:35:11,648 : INFO : EventManager : Event: ======'player_score'====== Args={'value': 110000, 'prev_value': 16000, 'change': 94000, 'player_num': 1, 'source': 'hurryup'}
2025-07-16 18:35:11,648 : INFO : EventManager : Event: ======'mode_hurryup_will_stop'====== Args={}
2025-07-16 18:35:11,648 : INFO : EventManager : Event: ======'mode_hurryup_stopping'====== Args={}
2025-07-16 18:35:11,648 : INFO : EventManager : Event: ======'start_mode_hurryup'====== Args={'priority': 0}
2025-07-16 18:35:11,648 : INFO : Mode.hurryup : Stopped.
2025-07-16 18:35:11,648 : INFO : EventManager : Event: ======'modes_active_modes_changed'====== Args={}
2025-07-16 18:35:11,648 : INFO : EventManager : Event: ======'mode_hurryup_stopped'====== Args={}
2025-07-16 18:35:11,648 : INFO : EventManager : Event: ======'clear'====== Args={'key': 'hurryup'}
2025-07-16 18:35:11,649 : INFO : Timer.hurryup_timer : Stopping Timer
2025-07-16 18:35:11,649 : INFO : EventManager : Event: ======'timer_hurryup_timer_stopped'====== Args={'ticks': 3, 'ticks_remaining': 22}
2025-07-16 18:35:11,654 : INFO : EventManager : Event: ======'slide_hurryup_inactive'====== Args={'is_removing': True, '_from_bcp': True}
2025-07-16 18:35:11,655 : INFO : EventManager : Event: ======'slide_base_slide_active'====== Args={'_from_bcp': True}
2025-07-16 18:35:11,655 : INFO : EventManager : Event: ======'slide_hurryup_removed'====== Args={'_from_bcp': True}
2025-07-16 18:35:11,766 : INFO : SwitchController : <<<<<<< 's_left_lane' inactive >>>>>>>
2025-07-16 18:35:12,425 : INFO : SwitchController : <<<<<<< 's_bumper_right' active >>>>>>>
2025-07-16 18:35:12,425 : INFO : EventManager : Event: ======'playfield_active'====== Args={'source': 'bumper_right'}
2025-07-16 18:35:12,425 : INFO : EventManager : Event: ======'unexpected_ball_on_playfield'====== Args={}
2025-07-16 18:35:12,425 : INFO : EventManager : Event: ======'s_bumper_right_active'====== Args={}
2025-07-16 18:35:12,425 : INFO : EventManager : Event: ======'machine_var_audits_switches_s_bumper_right'====== Args={'value': 57, 'prev_value': 56, 'change': 1}
2025-07-16 18:35:12,426 : INFO : EventManager : Event: ======'machine_var_audits_shots_bumper_right'====== Args={'value': 57, 'prev_value': 56, 'change': 1}
2025-07-16 18:35:12,427 : INFO : EventManager : Event: ======'bumper_right_hit'====== Args={'profile': 'default', 'state': 'lit', 'advancing': False}
2025-07-16 18:35:12,427 : INFO : EventManager : Event: ======'bumper_right_default_hit'====== Args={'profile': 'default', 'state': 'lit', 'advancing': False}
2025-07-16 18:35:12,427 : INFO : EventManager : Event: ======'bumper_right_default_lit_hit'====== Args={'profile': 'default', 'state': 'lit', 'advancing': False}
2025-07-16 18:35:12,427 : INFO : EventManager : Event: ======'bumper_right_lit_hit'====== Args={'profile': 'default', 'state': 'lit', 'advancing': False}
2025-07-16 18:35:12,427 : INFO : EventManager : Event: ======'bumpers_hit'====== Args={'shot': 'bumper_right'}
2025-07-16 18:35:12,427 : INFO : EventManager : Event: ======'bumpers_lit_hit'====== Args={'shot': 'bumper_right'}
2025-07-16 18:35:12,427 : INFO : EventManager : Event: ======'player_score'====== Args={'value': 111000, 'prev_value': 110000, 'change': 1000, 'player_num': 1, 'source': 'bumpers'}
2025-07-16 18:35:12,565 : INFO : SwitchController : <<<<<<< 's_bumper_right' inactive >>>>>>>
2025-07-16 18:35:12,581 : INFO : SwitchController : <<<<<<< 's_bumper_left' active >>>>>>>
2025-07-16 18:35:12,581 : INFO : EventManager : Event: ======'playfield_active'====== Args={'source': 'bumper_left'}
2025-07-16 18:35:12,581 : INFO : EventManager : Event: ======'unexpected_ball_on_playfield'====== Args={}
2025-07-16 18:35:12,581 : INFO : EventManager : Event: ======'s_bumper_left_active'====== Args={}
2025-07-16 18:35:12,582 : INFO : EventManager : Event: ======'machine_var_audits_switches_s_bumper_left'====== Args={'value': 46, 'prev_value': 45, 'change': 1}
2025-07-16 18:35:12,583 : INFO : EventManager : Event: ======'machine_var_audits_shots_bumper_left'====== Args={'value': 46, 'prev_value': 45, 'change': 1}
2025-07-16 18:35:12,583 : INFO : EventManager : Event: ======'bumper_left_hit'====== Args={'profile': 'default', 'state': 'lit', 'advancing': False}
2025-07-16 18:35:12,583 : INFO : EventManager : Event: ======'bumper_left_default_hit'====== Args={'profile': 'default', 'state': 'lit', 'advancing': False}
2025-07-16 18:35:12,583 : INFO : EventManager : Event: ======'bumper_left_default_lit_hit'====== Args={'profile': 'default', 'state': 'lit', 'advancing': False}
2025-07-16 18:35:12,583 : INFO : EventManager : Event: ======'bumper_left_lit_hit'====== Args={'profile': 'default', 'state': 'lit', 'advancing': False}
2025-07-16 18:35:12,584 : INFO : EventManager : Event: ======'bumpers_hit'====== Args={'shot': 'bumper_left'}
2025-07-16 18:35:12,584 : INFO : EventManager : Event: ======'bumpers_lit_hit'====== Args={'shot': 'bumper_left'}
2025-07-16 18:35:12,584 : INFO : EventManager : Event: ======'player_score'====== Args={'value': 112000, 'prev_value': 111000, 'change': 1000, 'player_num': 1, 'source': 'bumpers'}
2025-07-16 18:35:12,618 : INFO : SwitchController : <<<<<<< 's_bumper_left' inactive >>>>>>>
2025-07-16 18:35:12,698 : INFO : SwitchController : <<<<<<< 's_bumper_right' active >>>>>>>
2025-07-16 18:35:12,699 : INFO : EventManager : Event: ======'playfield_active'====== Args={'source': 'bumper_right'}
2025-07-16 18:35:12,699 : INFO : EventManager : Event: ======'unexpected_ball_on_playfield'====== Args={}
2025-07-16 18:35:12,699 : INFO : EventManager : Event: ======'s_bumper_right_active'====== Args={}
2025-07-16 18:35:12,699 : INFO : EventManager : Event: ======'machine_var_audits_switches_s_bumper_right'====== Args={'value': 58, 'prev_value': 57, 'change': 1}
2025-07-16 18:35:12,700 : INFO : EventManager : Event: ======'machine_var_audits_shots_bumper_right'====== Args={'value': 58, 'prev_value': 57, 'change': 1}
2025-07-16 18:35:12,701 : INFO : EventManager : Event: ======'bumper_right_hit'====== Args={'profile': 'default', 'state': 'lit', 'advancing': False}
2025-07-16 18:35:12,701 : INFO : EventManager : Event: ======'bumper_right_default_hit'====== Args={'profile': 'default', 'state': 'lit', 'advancing': False}
2025-07-16 18:35:12,701 : INFO : EventManager : Event: ======'bumper_right_default_lit_hit'====== Args={'profile': 'default', 'state': 'lit', 'advancing': False}
2025-07-16 18:35:12,701 : INFO : EventManager : Event: ======'bumper_right_lit_hit'====== Args={'profile': 'default', 'state': 'lit', 'advancing': False}
2025-07-16 18:35:12,701 : INFO : EventManager : Event: ======'bumpers_hit'====== Args={'shot': 'bumper_right'}
2025-07-16 18:35:12,701 : INFO : EventManager : Event: ======'bumpers_lit_hit'====== Args={'shot': 'bumper_right'}
2025-07-16 18:35:12,702 : INFO : EventManager : Event: ======'player_score'====== Args={'value': 113000, 'prev_value': 112000, 'change': 1000, 'player_num': 1, 'source': 'bumpers'}
2025-07-16 18:35:12,729 : INFO : SwitchController : <<<<<<< 's_bumper_left' active >>>>>>>
2025-07-16 18:35:12,730 : INFO : EventManager : Event: ======'playfield_active'====== Args={'source': 'bumper_left'}
2025-07-16 18:35:12,730 : INFO : EventManager : Event: ======'unexpected_ball_on_playfield'====== Args={}
2025-07-16 18:35:12,730 : INFO : EventManager : Event: ======'s_bumper_left_active'====== Args={}
2025-07-16 18:35:12,730 : INFO : EventManager : Event: ======'machine_var_audits_switches_s_bumper_left'====== Args={'value': 47, 'prev_value': 46, 'change': 1}
2025-07-16 18:35:12,731 : INFO : EventManager : Event: ======'machine_var_audits_shots_bumper_left'====== Args={'value': 47, 'prev_value': 46, 'change': 1}
2025-07-16 18:35:12,731 : INFO : EventManager : Event: ======'bumper_left_hit'====== Args={'profile': 'default', 'state': 'lit', 'advancing': False}
2025-07-16 18:35:12,731 : INFO : EventManager : Event: ======'bumper_left_default_hit'====== Args={'profile': 'default', 'state': 'lit', 'advancing': False}
2025-07-16 18:35:12,731 : INFO : EventManager : Event: ======'bumper_left_default_lit_hit'====== Args={'profile': 'default', 'state': 'lit', 'advancing': False}
2025-07-16 18:35:12,731 : INFO : EventManager : Event: ======'bumper_left_lit_hit'====== Args={'profile': 'default', 'state': 'lit', 'advancing': False}
2025-07-16 18:35:12,732 : INFO : EventManager : Event: ======'bumpers_hit'====== Args={'shot': 'bumper_left'}
2025-07-16 18:35:12,732 : INFO : EventManager : Event: ======'bumpers_lit_hit'====== Args={'shot': 'bumper_left'}
2025-07-16 18:35:12,732 : INFO : EventManager : Event: ======'player_score'====== Args={'value': 114000, 'prev_value': 113000, 'change': 1000, 'player_num': 1, 'source': 'bumpers'}
2025-07-16 18:35:12,790 : INFO : SwitchController : <<<<<<< 's_bumper_right' inactive >>>>>>>
2025-07-16 18:35:12,813 : INFO : SwitchController : <<<<<<< 's_bumper_left' inactive >>>>>>>
2025-07-16 18:35:12,875 : INFO : SwitchController : <<<<<<< 's_bumper_right' active >>>>>>>
2025-07-16 18:35:12,875 : INFO : EventManager : Event: ======'playfield_active'====== Args={'source': 'bumper_right'}
2025-07-16 18:35:12,875 : INFO : EventManager : Event: ======'unexpected_ball_on_playfield'====== Args={}
2025-07-16 18:35:12,875 : INFO : EventManager : Event: ======'s_bumper_right_active'====== Args={}
2025-07-16 18:35:12,876 : INFO : EventManager : Event: ======'machine_var_audits_switches_s_bumper_right'====== Args={'value': 59, 'prev_value': 58, 'change': 1}
2025-07-16 18:35:12,877 : INFO : EventManager : Event: ======'machine_var_audits_shots_bumper_right'====== Args={'value': 59, 'prev_value': 58, 'change': 1}
2025-07-16 18:35:12,877 : INFO : EventManager : Event: ======'bumper_right_hit'====== Args={'profile': 'default', 'state': 'lit', 'advancing': False}
2025-07-16 18:35:12,877 : INFO : EventManager : Event: ======'bumper_right_default_hit'====== Args={'profile': 'default', 'state': 'lit', 'advancing': False}
2025-07-16 18:35:12,877 : INFO : EventManager : Event: ======'bumper_right_default_lit_hit'====== Args={'profile': 'default', 'state': 'lit', 'advancing': False}
2025-07-16 18:35:12,877 : INFO : EventManager : Event: ======'bumper_right_lit_hit'====== Args={'profile': 'default', 'state': 'lit', 'advancing': False}
2025-07-16 18:35:12,877 : INFO : EventManager : Event: ======'bumpers_hit'====== Args={'shot': 'bumper_right'}
2025-07-16 18:35:12,877 : INFO : EventManager : Event: ======'bumpers_lit_hit'====== Args={'shot': 'bumper_right'}
2025-07-16 18:35:12,877 : INFO : EventManager : Event: ======'player_score'====== Args={'value': 115000, 'prev_value': 114000, 'change': 1000, 'player_num': 1, 'source': 'bumpers'}
2025-07-16 18:35:12,918 : INFO : SwitchController : <<<<<<< 's_bumper_left' active >>>>>>>
2025-07-16 18:35:12,918 : INFO : EventManager : Event: ======'playfield_active'====== Args={'source': 'bumper_left'}
2025-07-16 18:35:12,918 : INFO : EventManager : Event: ======'unexpected_ball_on_playfield'====== Args={}
2025-07-16 18:35:12,918 : INFO : EventManager : Event: ======'s_bumper_left_active'====== Args={}
2025-07-16 18:35:12,918 : INFO : EventManager : Event: ======'machine_var_audits_switches_s_bumper_left'====== Args={'value': 48, 'prev_value': 47, 'change': 1}
2025-07-16 18:35:12,919 : INFO : EventManager : Event: ======'machine_var_audits_shots_bumper_left'====== Args={'value': 48, 'prev_value': 47, 'change': 1}
2025-07-16 18:35:12,919 : INFO : EventManager : Event: ======'bumper_left_hit'====== Args={'profile': 'default', 'state': 'lit', 'advancing': False}
2025-07-16 18:35:12,919 : INFO : EventManager : Event: ======'bumper_left_default_hit'====== Args={'profile': 'default', 'state': 'lit', 'advancing': False}
2025-07-16 18:35:12,919 : INFO : EventManager : Event: ======'bumper_left_default_lit_hit'====== Args={'profile': 'default', 'state': 'lit', 'advancing': False}
2025-07-16 18:35:12,919 : INFO : EventManager : Event: ======'bumper_left_lit_hit'====== Args={'profile': 'default', 'state': 'lit', 'advancing': False}
2025-07-16 18:35:12,919 : INFO : EventManager : Event: ======'bumpers_hit'====== Args={'shot': 'bumper_left'}
2025-07-16 18:35:12,919 : INFO : EventManager : Event: ======'bumpers_lit_hit'====== Args={'shot': 'bumper_left'}
2025-07-16 18:35:12,919 : INFO : EventManager : Event: ======'player_score'====== Args={'value': 116000, 'prev_value': 115000, 'change': 1000, 'player_num': 1, 'source': 'bumpers'}
2025-07-16 18:35:12,971 : INFO : SwitchController : <<<<<<< 's_bumper_right' inactive >>>>>>>
2025-07-16 18:35:12,998 : INFO : SwitchController : <<<<<<< 's_bumper_left' inactive >>>>>>>
2025-07-16 18:35:13,164 : INFO : SwitchController : <<<<<<< 's_left_lane' active >>>>>>>
2025-07-16 18:35:13,165 : INFO : EventManager : Event: ======'playfield_active'====== Args={'source': 'hurryup'}
2025-07-16 18:35:13,165 : INFO : EventManager : Event: ======'unexpected_ball_on_playfield'====== Args={}
2025-07-16 18:35:13,165 : INFO : EventManager : Event: ======'playfield_active'====== Args={'source': 'left_lane'}
2025-07-16 18:35:13,165 : INFO : EventManager : Event: ======'unexpected_ball_on_playfield'====== Args={}
2025-07-16 18:35:13,165 : INFO : EventManager : Event: ======'s_left_lane_active'====== Args={}
2025-07-16 18:35:13,165 : INFO : EventManager : Event: ======'machine_var_audits_switches_s_left_lane'====== Args={'value': 52, 'prev_value': 51, 'change': 1}
2025-07-16 18:35:13,166 : INFO : EventManager : Event: ======'machine_var_audits_shots_left_lane'====== Args={'value': 52, 'prev_value': 51, 'change': 1}
2025-07-16 18:35:13,167 : INFO : EventManager : Event: ======'left_lane_hit'====== Args={'profile': 'default', 'state': 'lit', 'advancing': False}
2025-07-16 18:35:13,167 : INFO : EventManager : Event: ======'left_lane_default_hit'====== Args={'profile': 'default', 'state': 'lit', 'advancing': False}
2025-07-16 18:35:13,167 : INFO : EventManager : Event: ======'left_lane_default_lit_hit'====== Args={'profile': 'default', 'state': 'lit', 'advancing': False}
2025-07-16 18:35:13,167 : INFO : EventManager : Event: ======'left_lane_lit_hit'====== Args={'profile': 'default', 'state': 'lit', 'advancing': False}
2025-07-16 18:35:13,167 : INFO : EventManager : Event: ======'start_mode_hurryup'====== Args={'priority': 0}
2025-07-16 18:35:13,167 : INFO : EventManager : Event: ======'mode_hurryup_will_start'====== Args={'priority': 0}
2025-07-16 18:35:13,168 : INFO : EventManager : Event: ======'player_hurryup_hurryup_timer_tick'====== Args={'value': 0, 'prev_value': 3, 'change': -3, 'player_num': 1}
2025-07-16 18:35:13,168 : INFO : Timer.hurryup_timer : Starting Timer.
2025-07-16 18:35:13,168 : INFO : EventManager : Event: ======'timer_hurryup_timer_started'====== Args={'ticks': 0, 'ticks_remaining': 25}
2025-07-16 18:35:13,168 : INFO : EventManager : Event: ======'timer_hurryup_timer_tick'====== Args={'ticks': 0, 'ticks_remaining': 25}
2025-07-16 18:35:13,170 : INFO : EventManager : Event: ======'mode_hurryup_starting'====== Args={'priority': 0}
2025-07-16 18:35:13,170 : INFO : Mode.hurryup : Started. Priority: 1000
2025-07-16 18:35:13,170 : INFO : EventManager : Event: ======'modes_active_modes_changed'====== Args={}
2025-07-16 18:35:13,170 : INFO : EventManager : Event: ======'mode_hurryup_started'====== Args={'priority': 0}
2025-07-16 18:35:13,183 : INFO : EventManager : Event: ======'slide_hurryup_created'====== Args={'_from_bcp': True}
2025-07-16 18:35:13,184 : INFO : EventManager : Event: ======'slide_base_slide_inactive'====== Args={'is_removing': False, '_from_bcp': True}
2025-07-16 18:35:13,184 : INFO : EventManager : Event: ======'slide_hurryup_active'====== Args={'original_context': 'hurryup', 'original_calling_context': 'mode_hurryup_started', 'priority': 1000.0, 'cmd': 'slides_play', '_from_bcp': True}
2025-07-16 18:35:13,249 : INFO : SwitchController : <<<<<<< 's_left_lane' inactive >>>>>>>
2025-07-16 18:35:13,374 : INFO : EventManager : Event: ======'player_hurryup_hurryup_timer_tick'====== Args={'value': 1, 'prev_value': 0, 'change': 1, 'player_num': 1}
2025-07-16 18:35:13,375 : INFO : EventManager : Event: ======'timer_hurryup_timer_tick'====== Args={'ticks': 1, 'ticks_remaining': 24}
2025-07-16 18:35:13,376 : INFO : EventManager : Event: ======'hurryup_value'====== Args={'priority': 0, 'current_hurryup': 98000}
2025-07-16 18:35:13,570 : INFO : EventManager : Event: ======'player_hurryup_hurryup_timer_tick'====== Args={'value': 2, 'prev_value': 1, 'change': 1, 'player_num': 1}
2025-07-16 18:35:13,573 : INFO : EventManager : Event: ======'timer_hurryup_timer_tick'====== Args={'ticks': 2, 'ticks_remaining': 23}
2025-07-16 18:35:13,574 : INFO : EventManager : Event: ======'hurryup_value'====== Args={'priority': 0, 'current_hurryup': 96000}
2025-07-16 18:35:13,756 : INFO : SwitchController : <<<<<<< 's_left_lane' active >>>>>>>
2025-07-16 18:35:13,756 : INFO : EventManager : Event: ======'playfield_active'====== Args={'source': 'hurryup'}
2025-07-16 18:35:13,756 : INFO : EventManager : Event: ======'unexpected_ball_on_playfield'====== Args={}
2025-07-16 18:35:13,756 : INFO : EventManager : Event: ======'playfield_active'====== Args={'source': 'left_lane'}
2025-07-16 18:35:13,756 : INFO : EventManager : Event: ======'unexpected_ball_on_playfield'====== Args={}
2025-07-16 18:35:13,757 : INFO : EventManager : Event: ======'s_left_lane_active'====== Args={}
2025-07-16 18:35:13,757 : INFO : EventManager : Event: ======'machine_var_audits_switches_s_left_lane'====== Args={'value': 53, 'prev_value': 52, 'change': 1}
2025-07-16 18:35:13,758 : INFO : EventManager : Event: ======'machine_var_audits_shots_hurryup'====== Args={'value': 25, 'prev_value': 24, 'change': 1}
2025-07-16 18:35:13,758 : INFO : EventManager : Event: ======'hurryup_hit'====== Args={'profile': 'default', 'state': 'lit', 'advancing': False}
2025-07-16 18:35:13,758 : INFO : EventManager : Event: ======'hurryup_default_hit'====== Args={'profile': 'default', 'state': 'lit', 'advancing': False}
2025-07-16 18:35:13,758 : INFO : EventManager : Event: ======'hurryup_default_lit_hit'====== Args={'profile': 'default', 'state': 'lit', 'advancing': False}
2025-07-16 18:35:13,758 : INFO : EventManager : Event: ======'hurryup_lit_hit'====== Args={'profile': 'default', 'state': 'lit', 'advancing': False}
2025-07-16 18:35:13,759 : INFO : EventManager : Event: ======'machine_var_audits_shots_left_lane'====== Args={'value': 53, 'prev_value': 52, 'change': 1}
2025-07-16 18:35:13,759 : INFO : EventManager : Event: ======'left_lane_hit'====== Args={'profile': 'default', 'state': 'lit', 'advancing': False}
2025-07-16 18:35:13,759 : INFO : EventManager : Event: ======'left_lane_default_hit'====== Args={'profile': 'default', 'state': 'lit', 'advancing': False}
2025-07-16 18:35:13,759 : INFO : EventManager : Event: ======'left_lane_default_lit_hit'====== Args={'profile': 'default', 'state': 'lit', 'advancing': False}
2025-07-16 18:35:13,759 : INFO : EventManager : Event: ======'left_lane_lit_hit'====== Args={'profile': 'default', 'state': 'lit', 'advancing': False}
2025-07-16 18:35:13,759 : INFO : EventManager : Event: ======'stop_mode_hurryup'====== Args={'priority': 0}
2025-07-16 18:35:13,760 : INFO : EventManager : Event: ======'player_score'====== Args={'value': 212000, 'prev_value': 116000, 'change': 96000, 'player_num': 1, 'source': 'hurryup'}
2025-07-16 18:35:13,761 : INFO : EventManager : Event: ======'mode_hurryup_will_stop'====== Args={}
2025-07-16 18:35:13,761 : INFO : EventManager : Event: ======'mode_hurryup_stopping'====== Args={}
2025-07-16 18:35:13,761 : INFO : EventManager : Event: ======'start_mode_hurryup'====== Args={'priority': 0}
2025-07-16 18:35:13,762 : INFO : Mode.hurryup : Stopped.
2025-07-16 18:35:13,763 : INFO : EventManager : Event: ======'modes_active_modes_changed'====== Args={}
2025-07-16 18:35:13,765 : INFO : EventManager : Event: ======'mode_hurryup_stopped'====== Args={}
2025-07-16 18:35:13,765 : INFO : EventManager : Event: ======'clear'====== Args={'key': 'hurryup'}
2025-07-16 18:35:13,765 : INFO : Timer.hurryup_timer : Stopping Timer
2025-07-16 18:35:13,765 : INFO : EventManager : Event: ======'timer_hurryup_timer_stopped'====== Args={'ticks': 2, 'ticks_remaining': 23}
2025-07-16 18:35:13,772 : INFO : EventManager : Event: ======'slide_hurryup_inactive'====== Args={'is_removing': True, '_from_bcp': True}
2025-07-16 18:35:13,773 : INFO : EventManager : Event: ======'slide_base_slide_active'====== Args={'_from_bcp': True}
2025-07-16 18:35:13,773 : INFO : EventManager : Event: ======'slide_hurryup_removed'====== Args={'_from_bcp': True}
2025-07-16 18:35:13,866 : INFO : SwitchController : <<<<<<< 's_left_lane' inactive >>>>>>>
2025-07-16 18:35:16,056 : INFO : EventManager : Event: ======'balldevice_bd_trough_ball_eject_failed'====== Args={'target': <ball_device.bd_plunger>, 'balls': 1, 'retry': True, 'num_attempts': 1}
2025-07-16 18:35:16,057 : INFO : ball_device.bd_trough : State: waiting_for_target_ready
2025-07-16 18:35:16,057 : INFO : EventManager : Event: ======'balldevice_bd_trough_ball_eject_attempt'====== Args={'balls': 1, 'target': <ball_device.bd_plunger>, 'source': <ball_device.bd_trough>, 'mechanical_eject': False, 'num_attempts': 1}
2025-07-16 18:35:16,058 : INFO : ball_device.bd_trough : State: ejecting
2025-07-16 18:35:16,058 : INFO : ball_device.bd_trough : Ejecting ball to <ball_device.bd_plunger>
2025-07-16 18:35:16,058 : INFO : EventManager : Event: ======'balldevice_bd_trough_ejecting_ball'====== Args={'balls': 1, 'target': <ball_device.bd_plunger>, 'source': <ball_device.bd_trough>, 'mechanical_eject': False, 'num_attempts': 1}
2025-07-16 18:35:16,058 : INFO : ball_device.bd_trough : Wait for ball to leave device
2025-07-16 18:35:16,059 : INFO : coil.c_trough_eject : Pulsing Driver for 10ms (1.0 pulse_power)
2025-07-16 18:35:21,007 : INFO : Machine : Shutting down...
2025-07-16 18:35:21,007 : INFO : EventManager : Event: ======'shutdown'====== Args={}
2025-07-16 18:35:21,008 : INFO : EventManager : Event: ======'mode_game_will_stop'====== Args={}
2025-07-16 18:35:21,008 : INFO : EventManager : Event: ======'mode_game_stopping'====== Args={}
2025-07-16 18:35:21,009 : INFO : EventManager : Event: ======'mode_bumpers_will_stop'====== Args={}
2025-07-16 18:35:21,009 : INFO : EventManager : Event: ======'mode_bumpers_stopping'====== Args={}
2025-07-16 18:35:21,009 : INFO : EventManager : Event: ======'mode_base_will_stop'====== Args={}
2025-07-16 18:35:21,010 : INFO : EventManager : Event: ======'mode_base_stopping'====== Args={}
2025-07-16 18:35:21,010 : INFO : EventManager : Event: ======'stop_mode_bumpers'====== Args={'priority': 0}
2025-07-16 18:35:21,010 : INFO : Mode.base : Stopped.
2025-07-16 18:35:21,010 : INFO : EventManager : Event: ======'modes_active_modes_changed'====== Args={}
2025-07-16 18:35:21,010 : INFO : EventManager : Event: ======'mode_base_stopped'====== Args={}
2025-07-16 18:35:21,010 : INFO : EventManager : Event: ======'clear'====== Args={'key': 'base'}
2025-07-16 18:35:21,011 : INFO : Mode.bumpers : Stopped.
2025-07-16 18:35:21,012 : INFO : EventManager : Event: ======'modes_active_modes_changed'====== Args={}
2025-07-16 18:35:21,012 : INFO : EventManager : Event: ======'mode_bumpers_stopped'====== Args={}
2025-07-16 18:35:21,012 : INFO : EventManager : Event: ======'clear'====== Args={'key': 'bumpers'}
2025-07-16 18:35:21,017 : INFO : Mode.game : Stopped.
2025-07-16 18:35:21,017 : INFO : EventManager : Event: ======'modes_active_modes_changed'====== Args={}
2025-07-16 18:35:21,017 : INFO : EventManager : Event: ======'mode_game_stopped'====== Args={}
2025-07-16 18:35:21,017 : INFO : EventManager : Event: ======'clear'====== Args={'key': 'game'}
2025-07-16 18:35:21,022 : INFO : root : MPF run loop ended.
