2025-07-16 18:42:59,962 : INFO : root : Loading config.
2025-07-16 18:42:59,963 : INFO : YamlMultifileConfigLoader : Machine config file #1: config.yaml
2025-07-16 18:42:59,963 : INFO : ConfigProcessor : Loading config from cache: /var/folders/pz/vf5_w96n7hl70j30jzrp_64r0000gp/T/4b0446b065373c01774765373fc5a010.mpf_cache
2025-07-16 18:42:59,982 : INFO : ConfigProcessor : Loading config from cache: /var/folders/pz/vf5_w96n7hl70j30jzrp_64r0000gp/T/8c6758dff4d969b46729a501e1f9b5a2.mpf_cache
2025-07-16 18:42:59,982 : INFO : ConfigProcessor : Loading config from cache: /var/folders/pz/vf5_w96n7hl70j30jzrp_64r0000gp/T/86b9553ee9e8fe91c4c341498a1256c7.mpf_cache
2025-07-16 18:42:59,982 : INFO : ConfigProcessor : Loading config from cache: /var/folders/pz/vf5_w96n7hl70j30jzrp_64r0000gp/T/8c6758dff4d969b46729a501e1f9b5a2.mpf_cache
2025-07-16 18:42:59,983 : WARNING : ConfigProcessor : Config file in cache changed: /Users/craig/Documents/Pinball/Gremlins/modes/base/config/base.yaml
2025-07-16 18:42:59,983 : INFO : ConfigProcessor : Loading config from file /Users/craig/Documents/Pinball/Gremlins/modes/base/config/base.yaml.
2025-07-16 18:42:59,983 : INFO : ConfigProcessor : Loading config: /Users/craig/Documents/Pinball/Gremlins/modes/base/config/base.yaml
2025-07-16 18:42:59,983 : INFO : ConfigProcessor : Config file cache created: /var/folders/pz/vf5_w96n7hl70j30jzrp_64r0000gp/T/fe908dde2db5cc7f24a22ccd0c690388.mpf_cache
2025-07-16 18:42:59,984 : INFO : ConfigProcessor : Loading config from cache: /var/folders/pz/vf5_w96n7hl70j30jzrp_64r0000gp/T/c87d87d711c9e63e2e052ce58df60d5a.mpf_cache
2025-07-16 18:42:59,984 : INFO : ConfigProcessor : Loading config from cache: /var/folders/pz/vf5_w96n7hl70j30jzrp_64r0000gp/T/2285102ea814fec0736640417091917b.mpf_cache
2025-07-16 18:42:59,984 : INFO : ConfigProcessor : Loading config from cache: /var/folders/pz/vf5_w96n7hl70j30jzrp_64r0000gp/T/ada559df2791dadfb934315a18966373.mpf_cache
2025-07-16 18:42:59,984 : INFO : ConfigProcessor : Loading config from cache: /var/folders/pz/vf5_w96n7hl70j30jzrp_64r0000gp/T/0ed6dfbeb5f8860750838b17dddfe095.mpf_cache
2025-07-16 18:42:59,984 : INFO : Machine : Mission Pinball Framework Core Engine v0.80.0.dev8
2025-07-16 18:42:59,984 : INFO : Machine : Command line arguments: {'no_load_cache': False, 'create_config_cache': True, 'bcp': True, 'configfile': ['config.yaml'], 'force_assets_load': False, 'platform_integration_test': False, 'jsonlogging': False, 'logfile': 'logs/2025-07-16-18-42-59-mpf-Craigs-MacBook-Pro.local.log', 'pause': False, 'production': False, 'text_ui': False, 'loglevel': 15, 'consoleloglevel': 20, 'force_platform': 'virtual', 'syslog_address': None, 'full_logfile_path': '/Users/craig/Documents/Pinball/Gremlins/logs/2025-07-16-18-42-59-mpf-Craigs-MacBook-Pro.local.log'}
2025-07-16 18:42:59,984 : INFO : Machine : MPF path: /Users/craig/mpf-080/lib/python3.12/site-packages/mpf
2025-07-16 18:42:59,984 : INFO : Machine : Machine path: /Users/craig/Documents/Pinball/Gremlins
2025-07-16 18:42:59,984 : INFO : Machine : Platform: darwin
2025-07-16 18:42:59,984 : INFO : Machine : Python executable location: /Users/craig/mpf-080/bin/python3.12
2025-07-16 18:42:59,984 : INFO : Machine : Python version: 3.12.7 (64-bit)
2025-07-16 18:42:59,985 : INFO : Machine : Initializing MPF...
2025-07-16 18:43:00,000 : INFO : EventManager : Event: ======'machine_var_credits_string'====== Args={'value': 'FREE PLAY', 'prev_value': None, 'change': True}
2025-07-16 18:43:00,004 : INFO : EventManager : Event: ======'machine_var_master_volume'====== Args={'value': 0.5, 'prev_value': None, 'change': True}
2025-07-16 18:43:00,004 : INFO : EventManager : Event: ======'machine_var_mpf_version'====== Args={'value': 'Mission Pinball Framework v0.80.0.dev8', 'prev_value': None, 'change': True}
2025-07-16 18:43:00,004 : INFO : EventManager : Event: ======'machine_var_mpf_extended_version'====== Args={'value': 'Mission Pinball Framework v0.80.0.dev8, Config version:6, Show version: 6, BCP version:1.1', 'prev_value': None, 'change': True}
2025-07-16 18:43:00,004 : INFO : EventManager : Event: ======'machine_var_python_version'====== Args={'value': '3.12.7', 'prev_value': None, 'change': True}
2025-07-16 18:43:00,012 : INFO : EventManager : Event: ======'machine_var_platform'====== Args={'value': 'macOS-14.7.6-arm64-arm-64bit', 'prev_value': None, 'change': True}
2025-07-16 18:43:00,012 : INFO : EventManager : Event: ======'machine_var_platform_system'====== Args={'value': 'Darwin', 'prev_value': None, 'change': True}
2025-07-16 18:43:00,012 : INFO : EventManager : Event: ======'machine_var_platform_release'====== Args={'value': '23.6.0', 'prev_value': None, 'change': True}
2025-07-16 18:43:00,012 : INFO : EventManager : Event: ======'machine_var_platform_version'====== Args={'value': 'Darwin Kernel Version 23.6.0: Thu Apr 24 20:29:18 PDT 2025; root:xnu-10063.141.1.705.2~1/RELEASE_ARM64_T6000', 'prev_value': None, 'change': True}
2025-07-16 18:43:00,012 : INFO : EventManager : Event: ======'machine_var_platform_machine'====== Args={'value': 'arm64', 'prev_value': None, 'change': True}
2025-07-16 18:43:00,012 : INFO : EventManager : Event: ======'machine_var_log_file_path'====== Args={'value': '/Users/craig/Documents/Pinball/Gremlins/logs/2025-07-16-18-42-59-mpf-Craigs-MacBook-Pro.local.log', 'prev_value': None, 'change': True}
2025-07-16 18:43:00,012 : INFO : EventManager : Event: ======'init_phase_1'====== Args={}
2025-07-16 18:43:00,018 : INFO : EventManager : Event: ======'init_phase_2'====== Args={}
2025-07-16 18:43:00,019 : INFO : SwitchController : Found active switch: (1008, <Platform.Virtual>) <switch.s_trough_1>
2025-07-16 18:43:00,019 : INFO : SwitchController : Found active switch: (1009, <Platform.Virtual>) <switch.s_trough_2>
2025-07-16 18:43:00,019 : INFO : SwitchController : Found active switch: (1010, <Platform.Virtual>) <switch.s_trough_3>
2025-07-16 18:43:00,019 : INFO : SwitchController : Found active switch: (1011, <Platform.Virtual>) <switch.s_trough_4>
2025-07-16 18:43:00,019 : INFO : EventManager : Event: ======'bcp_connection_attempt'====== Args={'name': 'local_display', 'host': 'localhost', 'port': 5050}
2025-07-16 18:43:00,020 : INFO : BCPClientSocket : Connecting BCP to 'local_display' at localhost:5050...
2025-07-16 18:43:06,292 : INFO : BCPClientSocket : Connected BCP to 'local_display' localhost:5050
2025-07-16 18:43:06,292 : INFO : EventManager : Event: ======'bcp_clients_connected'====== Args={}
2025-07-16 18:43:06,292 : INFO : ball_device.bd_plunger : BCH: Initial count: 0
2025-07-16 18:43:06,293 : INFO : ball_device.bd_plunger : State: idle
2025-07-16 18:43:06,293 : INFO : ball_device.bd_trough : BCH: Initial count: 4
2025-07-16 18:43:06,293 : INFO : ball_device.bd_trough : State: idle
2025-07-16 18:43:06,296 : INFO : EventManager : Event: ======'init_phase_3'====== Args={}
2025-07-16 18:43:06,297 : INFO : EventManager : Event: ======'init_phase_4'====== Args={}
2025-07-16 18:43:06,297 : INFO : BallController : Initial balls found: 4
2025-07-16 18:43:06,298 : INFO : EventManager : Event: ======'machine_var_audits_events_game_ended'====== Args={'value': 0, 'prev_value': None, 'change': True}
2025-07-16 18:43:06,298 : INFO : EventManager : Event: ======'machine_var_audits_events_game_started'====== Args={'value': 15, 'prev_value': None, 'change': True}
2025-07-16 18:43:06,298 : INFO : EventManager : Event: ======'machine_var_audits_missing_switches_s_flipper_left'====== Args={'value': 4, 'prev_value': None, 'change': True}
2025-07-16 18:43:06,298 : INFO : EventManager : Event: ======'machine_var_audits_missing_switches_s_flipper_right'====== Args={'value': 4, 'prev_value': None, 'change': True}
2025-07-16 18:43:06,298 : INFO : EventManager : Event: ======'machine_var_audits_missing_switches_s_plunger_lane'====== Args={'value': 15, 'prev_value': None, 'change': True}
2025-07-16 18:43:06,298 : INFO : EventManager : Event: ======'machine_var_audits_missing_switches_s_ramp_1'====== Args={'value': 1, 'prev_value': None, 'change': True}
2025-07-16 18:43:06,298 : INFO : EventManager : Event: ======'machine_var_audits_missing_switches_s_ramp_2'====== Args={'value': 1, 'prev_value': None, 'change': True}
2025-07-16 18:43:06,298 : INFO : EventManager : Event: ======'machine_var_audits_missing_switches_s_start'====== Args={'value': 1, 'prev_value': None, 'change': True}
2025-07-16 18:43:06,298 : INFO : EventManager : Event: ======'machine_var_audits_missing_switches_s_trough_1'====== Args={'value': 15, 'prev_value': None, 'change': True}
2025-07-16 18:43:06,298 : INFO : EventManager : Event: ======'machine_var_audits_missing_switches_s_trough_2'====== Args={'value': 15, 'prev_value': None, 'change': True}
2025-07-16 18:43:06,298 : INFO : EventManager : Event: ======'machine_var_audits_missing_switches_s_trough_3'====== Args={'value': 15, 'prev_value': None, 'change': True}
2025-07-16 18:43:06,298 : INFO : EventManager : Event: ======'machine_var_audits_missing_switches_s_trough_4'====== Args={'value': 15, 'prev_value': None, 'change': True}
2025-07-16 18:43:06,298 : INFO : EventManager : Event: ======'machine_var_audits_player_score'====== Args={'value': {'average': 0, 'top': [], 'total': 0}, 'prev_value': None, 'change': True}
2025-07-16 18:43:06,298 : INFO : EventManager : Event: ======'machine_var_audits_shots_bumper_left'====== Args={'value': 48, 'prev_value': None, 'change': True}
2025-07-16 18:43:06,298 : INFO : EventManager : Event: ======'machine_var_audits_shots_bumper_right'====== Args={'value': 59, 'prev_value': None, 'change': True}
2025-07-16 18:43:06,298 : INFO : EventManager : Event: ======'machine_var_audits_shots_hurryup'====== Args={'value': 25, 'prev_value': None, 'change': True}
2025-07-16 18:43:06,298 : INFO : EventManager : Event: ======'machine_var_audits_shots_left_lane'====== Args={'value': 53, 'prev_value': None, 'change': True}
2025-07-16 18:43:06,298 : INFO : EventManager : Event: ======'machine_var_audits_switches_s_bumper_left'====== Args={'value': 48, 'prev_value': None, 'change': True}
2025-07-16 18:43:06,298 : INFO : EventManager : Event: ======'machine_var_audits_switches_s_bumper_right'====== Args={'value': 59, 'prev_value': None, 'change': True}
2025-07-16 18:43:06,298 : INFO : EventManager : Event: ======'machine_var_audits_switches_s_flipper_left'====== Args={'value': 63, 'prev_value': None, 'change': True}
2025-07-16 18:43:06,298 : INFO : EventManager : Event: ======'machine_var_audits_switches_s_flipper_right'====== Args={'value': 88, 'prev_value': None, 'change': True}
2025-07-16 18:43:06,298 : INFO : EventManager : Event: ======'machine_var_audits_switches_s_left_lane'====== Args={'value': 53, 'prev_value': None, 'change': True}
2025-07-16 18:43:06,298 : INFO : EventManager : Event: ======'machine_var_audits_switches_s_plunger_lane'====== Args={'value': 0, 'prev_value': None, 'change': True}
2025-07-16 18:43:06,298 : INFO : EventManager : Event: ======'machine_var_audits_switches_s_ramp_1'====== Args={'value': 0, 'prev_value': None, 'change': True}
2025-07-16 18:43:06,298 : INFO : EventManager : Event: ======'machine_var_audits_switches_s_ramp_2'====== Args={'value': 0, 'prev_value': None, 'change': True}
2025-07-16 18:43:06,298 : INFO : EventManager : Event: ======'machine_var_audits_switches_s_start'====== Args={'value': 3, 'prev_value': None, 'change': True}
2025-07-16 18:43:06,298 : INFO : EventManager : Event: ======'machine_var_audits_switches_s_trough_1'====== Args={'value': 0, 'prev_value': None, 'change': True}
2025-07-16 18:43:06,298 : INFO : EventManager : Event: ======'machine_var_audits_switches_s_trough_2'====== Args={'value': 0, 'prev_value': None, 'change': True}
2025-07-16 18:43:06,298 : INFO : EventManager : Event: ======'machine_var_audits_switches_s_trough_3'====== Args={'value': 0, 'prev_value': None, 'change': True}
2025-07-16 18:43:06,298 : INFO : EventManager : Event: ======'machine_var_audits_switches_s_trough_4'====== Args={'value': 0, 'prev_value': None, 'change': True}
2025-07-16 18:43:06,298 : INFO : EventManager : Event: ======'init_phase_5'====== Args={}
2025-07-16 18:43:06,299 : INFO : EventManager : Event: ======'init_done'====== Args={}
2025-07-16 18:43:06,299 : INFO : EventManager : Event: ======'machine_reset_phase_1'====== Args={}
2025-07-16 18:43:06,307 : INFO : EventManager : Event: ======'machine_reset_phase_2'====== Args={}
2025-07-16 18:43:06,307 : INFO : EventManager : Event: ======'machine_reset_phase_3'====== Args={}
2025-07-16 18:43:06,308 : INFO : EventManager : Event: ======'reset_complete'====== Args={}
2025-07-16 18:43:06,308 : INFO : EventManager : Event: ======'mode_attract_will_start'====== Args={}
2025-07-16 18:43:06,308 : INFO : Timer.attract_carousel_timer : Starting Timer.
2025-07-16 18:43:06,309 : INFO : EventManager : Event: ======'timer_attract_carousel_timer_started'====== Args={'ticks': 0, 'ticks_remaining': 1}
2025-07-16 18:43:06,309 : INFO : EventManager : Event: ======'timer_attract_carousel_timer_tick'====== Args={'ticks': 0, 'ticks_remaining': 1}
2025-07-16 18:43:06,310 : INFO : EventManager : Event: ======'mode_attract_starting'====== Args={}
2025-07-16 18:43:06,310 : INFO : Mode.attract : Started. Priority: 10
2025-07-16 18:43:06,310 : INFO : EventManager : Event: ======'modes_active_modes_changed'====== Args={}
2025-07-16 18:43:06,310 : INFO : EventManager : Event: ======'mode_attract_started'====== Args={}
2025-07-16 18:43:06,314 : INFO : EventManager : Event: ======'collecting_balls_complete'====== Args={}
2025-07-16 18:43:06,315 : INFO : EventManager : Event: ======'item_highlighted'====== Args={'carousel': 'attract', 'direction': None, 'item': 'press_start'}
2025-07-16 18:43:06,315 : INFO : EventManager : Event: ======'timer_attract_carousel_timer_tick'====== Args={'ticks': 0, 'ticks_remaining': 1}
2025-07-16 18:43:06,316 : INFO : Machine : Starting the main run loop with active modes: [<Mode.attract>]
2025-07-16 18:43:06,417 : INFO : EventManager : Event: ======'slide_attract_created'====== Args={'_from_bcp': True}
2025-07-16 18:43:06,417 : INFO : EventManager : Event: ======'slide__removed'====== Args={'_from_bcp': True}
2025-07-16 18:43:06,417 : INFO : EventManager : Event: ======'slide_attract_active'====== Args={'original_context': 'attract', 'original_calling_context': 'mode_attract_started', 'priority': 10.0, 'cmd': 'slides_play', '_from_bcp': True}
2025-07-16 18:43:09,073 : INFO : SwitchController : <<<<<<< 's_start' active >>>>>>>
2025-07-16 18:43:09,214 : INFO : SwitchController : <<<<<<< 's_start' inactive >>>>>>>
2025-07-16 18:43:09,215 : INFO : EventManager : Event: ======'request_to_start_game'====== Args={}
2025-07-16 18:43:09,215 : INFO : EventManager : Event: ======'game_start'====== Args={'buttons': [], 'hold_time': 0.14114649999828544}
2025-07-16 18:43:09,215 : INFO : EventManager : Event: ======'mode_game_will_start'====== Args={'buttons': [], 'hold_time': 0.14114649999828544}
2025-07-16 18:43:09,216 : INFO : EventManager : Event: ======'mode_game_starting'====== Args={'buttons': [], 'hold_time': 0.14114649999828544}
2025-07-16 18:43:09,216 : INFO : EventManager : Event: ======'mode_attract_will_stop'====== Args={}
2025-07-16 18:43:09,216 : INFO : EventManager : Event: ======'mode_attract_stopping'====== Args={}
2025-07-16 18:43:09,216 : INFO : Mode.attract : Stopped.
2025-07-16 18:43:09,217 : INFO : EventManager : Event: ======'modes_active_modes_changed'====== Args={}
2025-07-16 18:43:09,218 : INFO : EventManager : Event: ======'mode_attract_stopped'====== Args={}
2025-07-16 18:43:09,218 : INFO : EventManager : Event: ======'clear'====== Args={'key': 'attract'}
2025-07-16 18:43:09,219 : INFO : Timer.attract_carousel_timer : Stopping Timer
2025-07-16 18:43:09,219 : INFO : EventManager : Event: ======'timer_attract_carousel_timer_stopped'====== Args={'ticks': 0, 'ticks_remaining': 1}
2025-07-16 18:43:09,219 : INFO : Mode.game : Started. Priority: 20
2025-07-16 18:43:09,220 : INFO : EventManager : Event: ======'modes_active_modes_changed'====== Args={}
2025-07-16 18:43:09,220 : INFO : EventManager : Event: ======'mode_game_started'====== Args={'buttons': [], 'hold_time': 0.14114649999828544}
2025-07-16 18:43:09,222 : INFO : EventManager : Event: ======'game_will_start'====== Args={}
2025-07-16 18:43:09,223 : INFO : EventManager : Event: ======'game_starting'====== Args={'game': <Mode.game>}
2025-07-16 18:43:09,224 : INFO : EventManager : Unordered handler for class <Auditor> on event game_ended with priority 1. Handlers: [RegisteredHandler(callback=<bound method Auditor.disable of <Auditor>>, priority=1, kwargs={}, key=UUID('ca00d6ff-714b-41c2-8ee0-e5ef8d0e99c7'), condition=None, blocking_facility=None), RegisteredHandler(callback=<bound method Auditor._save_audits of <Auditor>>, priority=1, kwargs={}, key=UUID('c33b58f2-7d33-4519-bd50-f0bc1fff1fb0'), condition=None, blocking_facility=None)]. The order of those handlers is not defined and they will be executed in random order. This might lead to race conditions and potential bugs.
2025-07-16 18:43:09,224 : INFO : EventManager : Event: ======'player_add_request'====== Args={}
2025-07-16 18:43:09,225 : INFO : EventManager : Event: ======'player_will_add'====== Args={'number': 1}
2025-07-16 18:43:09,225 : INFO : EventManager : Event: ======'player_adding'====== Args={'player': <Player 1>, 'number': 1}
2025-07-16 18:43:09,225 : INFO : EventManager : Event: ======'player_added'====== Args={'player': <Player 1>, 'num': 1}
2025-07-16 18:43:09,225 : INFO : Mode.game : Player added successfully. Total players: 1
2025-07-16 18:43:09,226 : INFO : EventManager : Event: ======'player_index'====== Args={'value': 0, 'prev_value': 0, 'change': 0, 'player_num': 1}
2025-07-16 18:43:09,226 : INFO : EventManager : Event: ======'player_number'====== Args={'value': 1, 'prev_value': 1, 'change': 0, 'player_num': 1}
2025-07-16 18:43:09,226 : INFO : EventManager : Event: ======'player_score'====== Args={'value': 0, 'prev_value': 0, 'change': 0, 'player_num': 1}
2025-07-16 18:43:09,227 : INFO : EventManager : Event: ======'game_started'====== Args={}
2025-07-16 18:43:09,228 : INFO : EventManager : Event: ======'player_turn_will_start'====== Args={'player': <Player 1>, 'number': 1}
2025-07-16 18:43:09,233 : INFO : EventManager : Event: ======'player_turn_starting'====== Args={'player': <Player 1>, 'number': 1}
2025-07-16 18:43:09,234 : INFO : EventManager : Event: ======'player_ball'====== Args={'value': 1, 'prev_value': 0, 'change': 1, 'player_num': 1}
2025-07-16 18:43:09,235 : INFO : EventManager : Event: ======'player_turn_started'====== Args={'player': <Player 1>, 'number': 1}
2025-07-16 18:43:09,235 : INFO : EventManager : Event: ======'ball_will_start'====== Args={'player': 1, 'ball': 1, 'balls_remaining': 2, 'is_extra_ball': False}
2025-07-16 18:43:09,236 : INFO : EventManager : Event: ======'ball_starting'====== Args={'player': 1, 'ball': 1, 'balls_remaining': 2, 'is_extra_ball': False}
2025-07-16 18:43:09,236 : INFO : EventManager : Event: ======'mode_base_will_start'====== Args={'queue': <QueuedEvent>, 'player': 1, 'ball': 1, 'balls_remaining': 2, 'is_extra_ball': False}
2025-07-16 18:43:09,236 : INFO : EventManager : Event: ======'player_shot_left_lane_enabled'====== Args={'value': True, 'prev_value': 0, 'change': 1, 'player_num': 1}
2025-07-16 18:43:09,237 : INFO : EventManager : Event: ======'mode_base_starting'====== Args={'queue': <QueuedEvent>, 'player': 1, 'ball': 1, 'balls_remaining': 2, 'is_extra_ball': False}
2025-07-16 18:43:09,238 : INFO : Mode.base : Started. Priority: 100
2025-07-16 18:43:09,238 : INFO : EventManager : Event: ======'modes_active_modes_changed'====== Args={}
2025-07-16 18:43:09,238 : INFO : EventManager : Event: ======'mode_base_started'====== Args={'queue': <QueuedEvent>, 'player': 1, 'ball': 1, 'balls_remaining': 2, 'is_extra_ball': False}
2025-07-16 18:43:09,238 : INFO : EventManager : Event: ======'start_mode_bumpers'====== Args={'priority': 0}
2025-07-16 18:43:09,238 : INFO : EventManager : Event: ======'start_mode_ramps'====== Args={'priority': 0}
2025-07-16 18:43:09,238 : INFO : EventManager : Event: ======'mode_bumpers_will_start'====== Args={'priority': 0}
2025-07-16 18:43:09,239 : INFO : EventManager : Event: ======'player_shot_bumper_left_enabled'====== Args={'value': True, 'prev_value': 0, 'change': 1, 'player_num': 1}
2025-07-16 18:43:09,239 : INFO : EventManager : Event: ======'player_shot_bumper_right_enabled'====== Args={'value': True, 'prev_value': 0, 'change': 1, 'player_num': 1}
2025-07-16 18:43:09,239 : INFO : EventManager : Event: ======'bumpers_complete'====== Args={'state': 'unlit'}
2025-07-16 18:43:09,239 : INFO : EventManager : Event: ======'bumpers_unlit_complete'====== Args={}
2025-07-16 18:43:09,240 : INFO : EventManager : Event: ======'mode_bumpers_starting'====== Args={'priority': 0}
2025-07-16 18:43:09,240 : INFO : EventManager : Event: ======'mode_ramps_will_start'====== Args={'priority': 0}
2025-07-16 18:43:09,240 : INFO : EventManager : Event: ======'player_shot_ramp_1_enabled'====== Args={'value': True, 'prev_value': 0, 'change': 1, 'player_num': 1}
2025-07-16 18:43:09,240 : INFO : EventManager : Event: ======'player_shot_ramp_2_enabled'====== Args={'value': True, 'prev_value': 0, 'change': 1, 'player_num': 1}
2025-07-16 18:43:09,240 : INFO : EventManager : Event: ======'ramp_complete'====== Args={'state': 'unlit'}
2025-07-16 18:43:09,240 : INFO : EventManager : Event: ======'ramp_unlit_complete'====== Args={}
2025-07-16 18:43:09,241 : INFO : EventManager : Event: ======'mode_ramps_starting'====== Args={'priority': 0}
2025-07-16 18:43:09,241 : INFO : Mode.ramps : Started. Priority: 300
2025-07-16 18:43:09,241 : INFO : EventManager : Event: ======'modes_active_modes_changed'====== Args={}
2025-07-16 18:43:09,241 : INFO : EventManager : Event: ======'mode_ramps_started'====== Args={'priority': 0}
2025-07-16 18:43:09,241 : INFO : Mode.bumpers : Started. Priority: 200
2025-07-16 18:43:09,241 : INFO : EventManager : Event: ======'modes_active_modes_changed'====== Args={}
2025-07-16 18:43:09,241 : INFO : EventManager : Event: ======'mode_bumpers_started'====== Args={'priority': 0}
2025-07-16 18:43:09,242 : INFO : EventManager : Event: ======'balls_in_play'====== Args={'balls': 1}
2025-07-16 18:43:09,242 : INFO : EventManager : Event: ======'ball_started'====== Args={'player': 1, 'ball': 1, 'balls_remaining': 2, 'is_extra_ball': False}
2025-07-16 18:43:09,242 : INFO : EventManager : Event: ======'single_player_ball_started'====== Args={}
2025-07-16 18:43:09,243 : INFO : EventManager : Event: ======'ball_start_target'====== Args={'target': 'playfield'}
2025-07-16 18:43:09,243 : INFO : ball_device.bd_trough : Setting up player-controlled eject. Balls: 1, Target: <playfield.playfield>, player_controlled_eject_event: None
2025-07-16 18:43:09,243 : INFO : ball_device.bd_trough : Adding 1 ball(s) to the eject_queue with target <playfield.playfield>.
2025-07-16 18:43:09,243 : INFO : EventManager : Event: ======'balldevice_balls_available'====== Args={}
2025-07-16 18:43:09,244 : INFO : ball_device.bd_trough : State: waiting_for_target_ready
2025-07-16 18:43:09,244 : INFO : EventManager : Event: ======'balldevice_bd_trough_ball_eject_attempt'====== Args={'balls': 1, 'target': <ball_device.bd_plunger>, 'source': <ball_device.bd_trough>, 'mechanical_eject': False, 'num_attempts': 0}
2025-07-16 18:43:09,244 : INFO : ball_device.bd_plunger : State: waiting_for_ball
2025-07-16 18:43:09,245 : INFO : ball_device.bd_trough : State: ejecting
2025-07-16 18:43:09,245 : INFO : ball_device.bd_trough : Ejecting ball to <ball_device.bd_plunger>
2025-07-16 18:43:09,245 : INFO : EventManager : Event: ======'balldevice_bd_trough_ejecting_ball'====== Args={'balls': 1, 'target': <ball_device.bd_plunger>, 'source': <ball_device.bd_trough>, 'mechanical_eject': False, 'num_attempts': 0}
2025-07-16 18:43:09,245 : INFO : ball_device.bd_trough : Wait for ball to leave device
2025-07-16 18:43:09,246 : INFO : coil.c_trough_eject : Pulsing Driver for 10ms (1.0 pulse_power)
2025-07-16 18:43:09,345 : INFO : EventManager : Event: ======'slide_base_slide_created'====== Args={'_from_bcp': True}
2025-07-16 18:43:09,345 : INFO : EventManager : Event: ======'slide_attract_inactive'====== Args={'is_removing': True, '_from_bcp': True}
2025-07-16 18:43:09,346 : INFO : EventManager : Event: ======'slide_base_slide_active'====== Args={'original_context': 'base', 'original_calling_context': 'mode_base_started', 'priority': 100.0, 'queue': '<QueuedEvent>', 'player': 1.0, 'ball': 1.0, 'balls_remaining': 2.0, 'is_extra_ball': False, 'cmd': 'slides_play', '_from_bcp': True}
2025-07-16 18:43:09,346 : INFO : EventManager : Event: ======'slide_attract_removed'====== Args={'_from_bcp': True}
2025-07-16 18:43:12,843 : INFO : SwitchController : <<<<<<< 's_start' active >>>>>>>
2025-07-16 18:43:12,843 : INFO : EventManager : Event: ======'sw_start'====== Args={}
2025-07-16 18:43:12,843 : INFO : EventManager : Event: ======'machine_var_audits_switches_s_start'====== Args={'value': 4, 'prev_value': 3, 'change': 1}
2025-07-16 18:43:12,844 : INFO : EventManager : Event: ======'player_add_request'====== Args={}
2025-07-16 18:43:12,845 : INFO : EventManager : Event: ======'player_will_add'====== Args={'number': 2}
2025-07-16 18:43:12,845 : INFO : EventManager : Event: ======'player_adding'====== Args={'player': <Player 2>, 'number': 2}
2025-07-16 18:43:12,845 : INFO : EventManager : Event: ======'player_added'====== Args={'player': <Player 2>, 'num': 2}
2025-07-16 18:43:12,845 : INFO : Mode.game : Player added successfully. Total players: 2
2025-07-16 18:43:12,845 : INFO : EventManager : Event: ======'multiplayer_game'====== Args={}
2025-07-16 18:43:12,850 : INFO : EventManager : Event: ======'player_index'====== Args={'value': 1, 'prev_value': 1, 'change': 0, 'player_num': 2}
2025-07-16 18:43:12,851 : INFO : EventManager : Event: ======'player_number'====== Args={'value': 2, 'prev_value': 2, 'change': 0, 'player_num': 2}
2025-07-16 18:43:12,852 : INFO : EventManager : Event: ======'player_score'====== Args={'value': 0, 'prev_value': 0, 'change': 0, 'player_num': 2}
2025-07-16 18:43:12,925 : INFO : SwitchController : <<<<<<< 's_start' inactive >>>>>>>
2025-07-16 18:43:19,249 : INFO : EventManager : Event: ======'balldevice_bd_trough_ball_eject_failed'====== Args={'target': <ball_device.bd_plunger>, 'balls': 1, 'retry': True, 'num_attempts': 1}
2025-07-16 18:43:19,251 : INFO : ball_device.bd_trough : State: waiting_for_target_ready
2025-07-16 18:43:19,251 : INFO : EventManager : Event: ======'balldevice_bd_trough_ball_eject_attempt'====== Args={'balls': 1, 'target': <ball_device.bd_plunger>, 'source': <ball_device.bd_trough>, 'mechanical_eject': False, 'num_attempts': 1}
2025-07-16 18:43:19,252 : INFO : ball_device.bd_trough : State: ejecting
2025-07-16 18:43:19,252 : INFO : ball_device.bd_trough : Ejecting ball to <ball_device.bd_plunger>
2025-07-16 18:43:19,252 : INFO : EventManager : Event: ======'balldevice_bd_trough_ejecting_ball'====== Args={'balls': 1, 'target': <ball_device.bd_plunger>, 'source': <ball_device.bd_trough>, 'mechanical_eject': False, 'num_attempts': 1}
2025-07-16 18:43:19,254 : INFO : ball_device.bd_trough : Wait for ball to leave device
2025-07-16 18:43:19,256 : INFO : coil.c_trough_eject : Pulsing Driver for 10ms (1.0 pulse_power)
2025-07-16 18:43:20,139 : INFO : SwitchController : <<<<<<< 's_flipper_right' active >>>>>>>
2025-07-16 18:43:20,139 : INFO : EventManager : Event: ======'machine_var_audits_switches_s_flipper_right'====== Args={'value': 89, 'prev_value': 88, 'change': 1}
2025-07-16 18:43:20,373 : INFO : SwitchController : <<<<<<< 's_flipper_right' inactive >>>>>>>
2025-07-16 18:43:20,390 : INFO : SwitchController : <<<<<<< 's_flipper_left' active >>>>>>>
2025-07-16 18:43:20,391 : INFO : EventManager : Event: ======'machine_var_audits_switches_s_flipper_left'====== Args={'value': 64, 'prev_value': 63, 'change': 1}
2025-07-16 18:43:20,432 : INFO : SwitchController : <<<<<<< 's_flipper_left' inactive >>>>>>>
2025-07-16 18:43:20,616 : INFO : SwitchController : <<<<<<< 's_flipper_left' active >>>>>>>
2025-07-16 18:43:20,617 : INFO : EventManager : Event: ======'machine_var_audits_switches_s_flipper_left'====== Args={'value': 65, 'prev_value': 64, 'change': 1}
2025-07-16 18:43:20,748 : INFO : SwitchController : <<<<<<< 's_flipper_left' inactive >>>>>>>
2025-07-16 18:43:21,583 : INFO : SwitchController : <<<<<<< 's_bumper_right' active >>>>>>>
2025-07-16 18:43:21,584 : INFO : EventManager : Event: ======'playfield_active'====== Args={'source': 'bumper_right'}
2025-07-16 18:43:21,584 : INFO : EventManager : Event: ======'unexpected_ball_on_playfield'====== Args={}
2025-07-16 18:43:21,584 : INFO : EventManager : Event: ======'s_bumper_right_active'====== Args={}
2025-07-16 18:43:21,584 : INFO : EventManager : Event: ======'machine_var_audits_switches_s_bumper_right'====== Args={'value': 60, 'prev_value': 59, 'change': 1}
2025-07-16 18:43:21,585 : INFO : EventManager : Event: ======'player_shot_bumper_right'====== Args={'value': 1, 'prev_value': 0, 'change': 1, 'player_num': 1}
2025-07-16 18:43:21,585 : INFO : EventManager : Event: ======'machine_var_audits_shots_bumper_right'====== Args={'value': 60, 'prev_value': 59, 'change': 1}
2025-07-16 18:43:21,586 : INFO : EventManager : Event: ======'bumper_right_hit'====== Args={'profile': 'default', 'state': 'unlit', 'advancing': True}
2025-07-16 18:43:21,586 : INFO : EventManager : Event: ======'bumper_right_default_hit'====== Args={'profile': 'default', 'state': 'unlit', 'advancing': True}
2025-07-16 18:43:21,586 : INFO : EventManager : Event: ======'bumper_right_default_unlit_hit'====== Args={'profile': 'default', 'state': 'unlit', 'advancing': True}
2025-07-16 18:43:21,586 : INFO : EventManager : Event: ======'bumper_right_unlit_hit'====== Args={'profile': 'default', 'state': 'unlit', 'advancing': True}
2025-07-16 18:43:21,586 : INFO : EventManager : Event: ======'bumpers_hit'====== Args={'shot': 'bumper_right'}
2025-07-16 18:43:21,586 : INFO : EventManager : Event: ======'bumpers_unlit_hit'====== Args={'shot': 'bumper_right'}
2025-07-16 18:43:21,586 : INFO : EventManager : Event: ======'player_score'====== Args={'value': 1000, 'prev_value': 0, 'change': 1000, 'player_num': 1, 'source': 'bumpers'}
2025-07-16 18:43:21,716 : INFO : SwitchController : <<<<<<< 's_bumper_right' inactive >>>>>>>
2025-07-16 18:43:22,031 : INFO : SwitchController : <<<<<<< 's_bumper_left' active >>>>>>>
2025-07-16 18:43:22,031 : INFO : EventManager : Event: ======'playfield_active'====== Args={'source': 'bumper_left'}
2025-07-16 18:43:22,031 : INFO : EventManager : Event: ======'unexpected_ball_on_playfield'====== Args={}
2025-07-16 18:43:22,031 : INFO : EventManager : Event: ======'s_bumper_left_active'====== Args={}
2025-07-16 18:43:22,031 : INFO : EventManager : Event: ======'machine_var_audits_switches_s_bumper_left'====== Args={'value': 49, 'prev_value': 48, 'change': 1}
2025-07-16 18:43:22,032 : INFO : EventManager : Event: ======'player_shot_bumper_left'====== Args={'value': 1, 'prev_value': 0, 'change': 1, 'player_num': 1}
2025-07-16 18:43:22,033 : INFO : EventManager : Event: ======'machine_var_audits_shots_bumper_left'====== Args={'value': 49, 'prev_value': 48, 'change': 1}
2025-07-16 18:43:22,033 : INFO : EventManager : Event: ======'bumper_left_hit'====== Args={'profile': 'default', 'state': 'unlit', 'advancing': True}
2025-07-16 18:43:22,033 : INFO : EventManager : Event: ======'bumper_left_default_hit'====== Args={'profile': 'default', 'state': 'unlit', 'advancing': True}
2025-07-16 18:43:22,033 : INFO : EventManager : Event: ======'bumper_left_default_unlit_hit'====== Args={'profile': 'default', 'state': 'unlit', 'advancing': True}
2025-07-16 18:43:22,033 : INFO : EventManager : Event: ======'bumper_left_unlit_hit'====== Args={'profile': 'default', 'state': 'unlit', 'advancing': True}
2025-07-16 18:43:22,033 : INFO : EventManager : Event: ======'bumpers_complete'====== Args={'state': 'lit'}
2025-07-16 18:43:22,033 : INFO : EventManager : Event: ======'bumpers_lit_complete'====== Args={}
2025-07-16 18:43:22,034 : INFO : EventManager : Event: ======'bumpers_hit'====== Args={'shot': 'bumper_left'}
2025-07-16 18:43:22,034 : INFO : EventManager : Event: ======'bumpers_unlit_hit'====== Args={'shot': 'bumper_left'}
2025-07-16 18:43:22,034 : INFO : EventManager : Event: ======'player_score'====== Args={'value': 2000, 'prev_value': 1000, 'change': 1000, 'player_num': 1, 'source': 'bumpers'}
2025-07-16 18:43:22,200 : INFO : SwitchController : <<<<<<< 's_bumper_left' inactive >>>>>>>
2025-07-16 18:43:22,417 : INFO : SwitchController : <<<<<<< 's_ramp_1' active >>>>>>>
2025-07-16 18:43:22,417 : INFO : EventManager : Event: ======'playfield_active'====== Args={'source': 'gizmo_multi'}
2025-07-16 18:43:22,417 : INFO : EventManager : Event: ======'unexpected_ball_on_playfield'====== Args={}
2025-07-16 18:43:22,417 : INFO : EventManager : Event: ======'playfield_active'====== Args={'source': 'ramp_1'}
2025-07-16 18:43:22,418 : INFO : EventManager : Event: ======'unexpected_ball_on_playfield'====== Args={}
2025-07-16 18:43:22,418 : INFO : EventManager : Event: ======'s_ramp_1_active'====== Args={}
2025-07-16 18:43:22,418 : INFO : EventManager : Event: ======'machine_var_audits_switches_s_ramp_1'====== Args={'value': 1, 'prev_value': 0, 'change': 1}
2025-07-16 18:43:22,419 : INFO : EventManager : Event: ======'player_shot_ramp_1'====== Args={'value': 1, 'prev_value': 0, 'change': 1, 'player_num': 1}
2025-07-16 18:43:22,421 : INFO : EventManager : Event: ======'machine_var_audits_shots_ramp_1'====== Args={'value': 1, 'prev_value': None, 'change': True}
2025-07-16 18:43:22,421 : INFO : EventManager : Event: ======'ramp_1_hit'====== Args={'profile': 'default', 'state': 'unlit', 'advancing': True}
2025-07-16 18:43:22,421 : INFO : EventManager : Event: ======'ramp_1_default_hit'====== Args={'profile': 'default', 'state': 'unlit', 'advancing': True}
2025-07-16 18:43:22,422 : INFO : EventManager : Event: ======'ramp_1_default_unlit_hit'====== Args={'profile': 'default', 'state': 'unlit', 'advancing': True}
2025-07-16 18:43:22,422 : INFO : EventManager : Event: ======'ramp_1_unlit_hit'====== Args={'profile': 'default', 'state': 'unlit', 'advancing': True}
2025-07-16 18:43:22,422 : INFO : EventManager : Event: ======'start_mode_gizmo_multi'====== Args={'priority': 0}
2025-07-16 18:43:22,422 : INFO : EventManager : Event: ======'ramp_hit'====== Args={'shot': 'ramp_1'}
2025-07-16 18:43:22,422 : INFO : EventManager : Event: ======'ramp_unlit_hit'====== Args={'shot': 'ramp_1'}
2025-07-16 18:43:22,422 : INFO : EventManager : Event: ======'mode_gizmo_multi_will_start'====== Args={'priority': 0}
2025-07-16 18:43:22,424 : INFO : EventManager : Event: ======'player_shot_gizmo_multi_enabled'====== Args={'value': True, 'prev_value': 0, 'change': 1, 'player_num': 1}
2025-07-16 18:43:22,424 : INFO : EventManager : Event: ======'player_gizmo_multi_gizmo_multi_timer_tick'====== Args={'value': 0, 'prev_value': 0, 'change': 0, 'player_num': 1}
2025-07-16 18:43:22,425 : INFO : Timer.gizmo_multi_timer : Starting Timer.
2025-07-16 18:43:22,425 : INFO : EventManager : Event: ======'timer_gizmo_multi_timer_started'====== Args={'ticks': 0, 'ticks_remaining': 25}
2025-07-16 18:43:22,425 : INFO : EventManager : Event: ======'timer_gizmo_multi_timer_tick'====== Args={'ticks': 0, 'ticks_remaining': 25}
2025-07-16 18:43:22,426 : INFO : EventManager : Event: ======'mode_gizmo_multi_starting'====== Args={'priority': 0}
2025-07-16 18:43:22,426 : INFO : Mode.gizmo_multi : Started. Priority: 1000
2025-07-16 18:43:22,426 : INFO : EventManager : Event: ======'modes_active_modes_changed'====== Args={}
2025-07-16 18:43:22,426 : INFO : EventManager : Event: ======'mode_gizmo_multi_started'====== Args={'priority': 0}
2025-07-16 18:43:22,626 : INFO : EventManager : Event: ======'player_gizmo_multi_gizmo_multi_timer_tick'====== Args={'value': 1, 'prev_value': 0, 'change': 1, 'player_num': 1}
2025-07-16 18:43:22,626 : INFO : EventManager : Event: ======'timer_gizmo_multi_timer_tick'====== Args={'ticks': 1, 'ticks_remaining': 24}
2025-07-16 18:43:22,826 : INFO : EventManager : Event: ======'player_gizmo_multi_gizmo_multi_timer_tick'====== Args={'value': 2, 'prev_value': 1, 'change': 1, 'player_num': 1}
2025-07-16 18:43:22,827 : INFO : EventManager : Event: ======'timer_gizmo_multi_timer_tick'====== Args={'ticks': 2, 'ticks_remaining': 23}
2025-07-16 18:43:23,026 : INFO : EventManager : Event: ======'player_gizmo_multi_gizmo_multi_timer_tick'====== Args={'value': 3, 'prev_value': 2, 'change': 1, 'player_num': 1}
2025-07-16 18:43:23,027 : INFO : EventManager : Event: ======'timer_gizmo_multi_timer_tick'====== Args={'ticks': 3, 'ticks_remaining': 22}
2025-07-16 18:43:23,226 : INFO : EventManager : Event: ======'player_gizmo_multi_gizmo_multi_timer_tick'====== Args={'value': 4, 'prev_value': 3, 'change': 1, 'player_num': 1}
2025-07-16 18:43:23,227 : INFO : EventManager : Event: ======'timer_gizmo_multi_timer_tick'====== Args={'ticks': 4, 'ticks_remaining': 21}
2025-07-16 18:43:23,426 : INFO : EventManager : Event: ======'player_gizmo_multi_gizmo_multi_timer_tick'====== Args={'value': 5, 'prev_value': 4, 'change': 1, 'player_num': 1}
2025-07-16 18:43:23,428 : INFO : EventManager : Event: ======'timer_gizmo_multi_timer_tick'====== Args={'ticks': 5, 'ticks_remaining': 20}
2025-07-16 18:43:23,626 : INFO : EventManager : Event: ======'player_gizmo_multi_gizmo_multi_timer_tick'====== Args={'value': 6, 'prev_value': 5, 'change': 1, 'player_num': 1}
2025-07-16 18:43:23,627 : INFO : EventManager : Event: ======'timer_gizmo_multi_timer_tick'====== Args={'ticks': 6, 'ticks_remaining': 19}
2025-07-16 18:43:23,826 : INFO : EventManager : Event: ======'player_gizmo_multi_gizmo_multi_timer_tick'====== Args={'value': 7, 'prev_value': 6, 'change': 1, 'player_num': 1}
2025-07-16 18:43:23,828 : INFO : EventManager : Event: ======'timer_gizmo_multi_timer_tick'====== Args={'ticks': 7, 'ticks_remaining': 18}
2025-07-16 18:43:24,026 : INFO : EventManager : Event: ======'player_gizmo_multi_gizmo_multi_timer_tick'====== Args={'value': 8, 'prev_value': 7, 'change': 1, 'player_num': 1}
2025-07-16 18:43:24,029 : INFO : EventManager : Event: ======'timer_gizmo_multi_timer_tick'====== Args={'ticks': 8, 'ticks_remaining': 17}
2025-07-16 18:43:24,225 : INFO : EventManager : Event: ======'player_gizmo_multi_gizmo_multi_timer_tick'====== Args={'value': 9, 'prev_value': 8, 'change': 1, 'player_num': 1}
2025-07-16 18:43:24,227 : INFO : EventManager : Event: ======'timer_gizmo_multi_timer_tick'====== Args={'ticks': 9, 'ticks_remaining': 16}
2025-07-16 18:43:24,427 : INFO : EventManager : Event: ======'player_gizmo_multi_gizmo_multi_timer_tick'====== Args={'value': 10, 'prev_value': 9, 'change': 1, 'player_num': 1}
2025-07-16 18:43:24,428 : INFO : EventManager : Event: ======'timer_gizmo_multi_timer_tick'====== Args={'ticks': 10, 'ticks_remaining': 15}
2025-07-16 18:43:24,626 : INFO : EventManager : Event: ======'player_gizmo_multi_gizmo_multi_timer_tick'====== Args={'value': 11, 'prev_value': 10, 'change': 1, 'player_num': 1}
2025-07-16 18:43:24,629 : INFO : EventManager : Event: ======'timer_gizmo_multi_timer_tick'====== Args={'ticks': 11, 'ticks_remaining': 14}
2025-07-16 18:43:24,826 : INFO : EventManager : Event: ======'player_gizmo_multi_gizmo_multi_timer_tick'====== Args={'value': 12, 'prev_value': 11, 'change': 1, 'player_num': 1}
2025-07-16 18:43:24,828 : INFO : EventManager : Event: ======'timer_gizmo_multi_timer_tick'====== Args={'ticks': 12, 'ticks_remaining': 13}
2025-07-16 18:43:25,026 : INFO : EventManager : Event: ======'player_gizmo_multi_gizmo_multi_timer_tick'====== Args={'value': 13, 'prev_value': 12, 'change': 1, 'player_num': 1}
2025-07-16 18:43:25,027 : INFO : EventManager : Event: ======'timer_gizmo_multi_timer_tick'====== Args={'ticks': 13, 'ticks_remaining': 12}
2025-07-16 18:43:25,226 : INFO : EventManager : Event: ======'player_gizmo_multi_gizmo_multi_timer_tick'====== Args={'value': 14, 'prev_value': 13, 'change': 1, 'player_num': 1}
2025-07-16 18:43:25,228 : INFO : EventManager : Event: ======'timer_gizmo_multi_timer_tick'====== Args={'ticks': 14, 'ticks_remaining': 11}
2025-07-16 18:43:25,427 : INFO : EventManager : Event: ======'player_gizmo_multi_gizmo_multi_timer_tick'====== Args={'value': 15, 'prev_value': 14, 'change': 1, 'player_num': 1}
2025-07-16 18:43:25,428 : INFO : EventManager : Event: ======'timer_gizmo_multi_timer_tick'====== Args={'ticks': 15, 'ticks_remaining': 10}
2025-07-16 18:43:25,626 : INFO : EventManager : Event: ======'player_gizmo_multi_gizmo_multi_timer_tick'====== Args={'value': 16, 'prev_value': 15, 'change': 1, 'player_num': 1}
2025-07-16 18:43:25,627 : INFO : EventManager : Event: ======'timer_gizmo_multi_timer_tick'====== Args={'ticks': 16, 'ticks_remaining': 9}
2025-07-16 18:43:25,826 : INFO : EventManager : Event: ======'player_gizmo_multi_gizmo_multi_timer_tick'====== Args={'value': 17, 'prev_value': 16, 'change': 1, 'player_num': 1}
2025-07-16 18:43:25,827 : INFO : EventManager : Event: ======'timer_gizmo_multi_timer_tick'====== Args={'ticks': 17, 'ticks_remaining': 8}
2025-07-16 18:43:26,026 : INFO : EventManager : Event: ======'player_gizmo_multi_gizmo_multi_timer_tick'====== Args={'value': 18, 'prev_value': 17, 'change': 1, 'player_num': 1}
2025-07-16 18:43:26,027 : INFO : EventManager : Event: ======'timer_gizmo_multi_timer_tick'====== Args={'ticks': 18, 'ticks_remaining': 7}
2025-07-16 18:43:26,226 : INFO : EventManager : Event: ======'player_gizmo_multi_gizmo_multi_timer_tick'====== Args={'value': 19, 'prev_value': 18, 'change': 1, 'player_num': 1}
2025-07-16 18:43:26,228 : INFO : EventManager : Event: ======'timer_gizmo_multi_timer_tick'====== Args={'ticks': 19, 'ticks_remaining': 6}
2025-07-16 18:43:26,426 : INFO : EventManager : Event: ======'player_gizmo_multi_gizmo_multi_timer_tick'====== Args={'value': 20, 'prev_value': 19, 'change': 1, 'player_num': 1}
2025-07-16 18:43:26,427 : INFO : EventManager : Event: ======'timer_gizmo_multi_timer_tick'====== Args={'ticks': 20, 'ticks_remaining': 5}
2025-07-16 18:43:26,626 : INFO : EventManager : Event: ======'player_gizmo_multi_gizmo_multi_timer_tick'====== Args={'value': 21, 'prev_value': 20, 'change': 1, 'player_num': 1}
2025-07-16 18:43:26,627 : INFO : EventManager : Event: ======'timer_gizmo_multi_timer_tick'====== Args={'ticks': 21, 'ticks_remaining': 4}
2025-07-16 18:43:26,826 : INFO : EventManager : Event: ======'player_gizmo_multi_gizmo_multi_timer_tick'====== Args={'value': 22, 'prev_value': 21, 'change': 1, 'player_num': 1}
2025-07-16 18:43:26,828 : INFO : EventManager : Event: ======'timer_gizmo_multi_timer_tick'====== Args={'ticks': 22, 'ticks_remaining': 3}
2025-07-16 18:43:27,026 : INFO : EventManager : Event: ======'player_gizmo_multi_gizmo_multi_timer_tick'====== Args={'value': 23, 'prev_value': 22, 'change': 1, 'player_num': 1}
2025-07-16 18:43:27,028 : INFO : EventManager : Event: ======'timer_gizmo_multi_timer_tick'====== Args={'ticks': 23, 'ticks_remaining': 2}
2025-07-16 18:43:27,226 : INFO : EventManager : Event: ======'player_gizmo_multi_gizmo_multi_timer_tick'====== Args={'value': 24, 'prev_value': 23, 'change': 1, 'player_num': 1}
2025-07-16 18:43:27,228 : INFO : EventManager : Event: ======'timer_gizmo_multi_timer_tick'====== Args={'ticks': 24, 'ticks_remaining': 1}
2025-07-16 18:43:27,426 : INFO : EventManager : Event: ======'player_gizmo_multi_gizmo_multi_timer_tick'====== Args={'value': 25, 'prev_value': 24, 'change': 1, 'player_num': 1}
2025-07-16 18:43:27,427 : INFO : Timer.gizmo_multi_timer : Timer Complete
2025-07-16 18:43:27,427 : INFO : Timer.gizmo_multi_timer : Stopping Timer
2025-07-16 18:43:27,427 : INFO : EventManager : Event: ======'timer_gizmo_multi_timer_stopped'====== Args={'ticks': 25, 'ticks_remaining': 1}
2025-07-16 18:43:27,428 : INFO : EventManager : Event: ======'timer_gizmo_multi_timer_complete'====== Args={'ticks': 25, 'ticks_remaining': 1}
2025-07-16 18:43:29,258 : INFO : EventManager : Event: ======'balldevice_bd_trough_ball_eject_failed'====== Args={'target': <ball_device.bd_plunger>, 'balls': 1, 'retry': True, 'num_attempts': 2}
2025-07-16 18:43:29,260 : INFO : ball_device.bd_trough : State: waiting_for_target_ready
2025-07-16 18:43:29,261 : INFO : EventManager : Event: ======'balldevice_bd_trough_ball_eject_attempt'====== Args={'balls': 1, 'target': <ball_device.bd_plunger>, 'source': <ball_device.bd_trough>, 'mechanical_eject': False, 'num_attempts': 2}
2025-07-16 18:43:29,262 : INFO : ball_device.bd_trough : State: ejecting
2025-07-16 18:43:29,262 : INFO : ball_device.bd_trough : Ejecting ball to <ball_device.bd_plunger>
2025-07-16 18:43:29,262 : INFO : EventManager : Event: ======'balldevice_bd_trough_ejecting_ball'====== Args={'balls': 1, 'target': <ball_device.bd_plunger>, 'source': <ball_device.bd_trough>, 'mechanical_eject': False, 'num_attempts': 2}
2025-07-16 18:43:29,263 : INFO : ball_device.bd_trough : Wait for ball to leave device
2025-07-16 18:43:29,263 : INFO : coil.c_trough_eject : Pulsing Driver for 10ms (1.0 pulse_power)
2025-07-16 18:43:39,265 : INFO : EventManager : Event: ======'balldevice_bd_trough_ball_eject_failed'====== Args={'target': <ball_device.bd_plunger>, 'balls': 1, 'retry': True, 'num_attempts': 3}
2025-07-16 18:43:39,267 : INFO : ball_device.bd_trough : State: waiting_for_target_ready
2025-07-16 18:43:39,267 : INFO : EventManager : Event: ======'balldevice_bd_trough_ball_eject_attempt'====== Args={'balls': 1, 'target': <ball_device.bd_plunger>, 'source': <ball_device.bd_trough>, 'mechanical_eject': False, 'num_attempts': 3}
2025-07-16 18:43:39,268 : INFO : ball_device.bd_trough : State: ejecting
2025-07-16 18:43:39,268 : INFO : ball_device.bd_trough : Ejecting ball to <ball_device.bd_plunger>
2025-07-16 18:43:39,268 : INFO : EventManager : Event: ======'balldevice_bd_trough_ejecting_ball'====== Args={'balls': 1, 'target': <ball_device.bd_plunger>, 'source': <ball_device.bd_trough>, 'mechanical_eject': False, 'num_attempts': 3}
2025-07-16 18:43:39,268 : INFO : ball_device.bd_trough : Wait for ball to leave device
2025-07-16 18:43:39,269 : INFO : coil.c_trough_eject : Pulsing Driver for 10ms (1.0 pulse_power)
2025-07-16 18:43:45,911 : INFO : Machine : Shutting down...
2025-07-16 18:43:45,911 : INFO : EventManager : Event: ======'shutdown'====== Args={}
2025-07-16 18:43:45,912 : INFO : EventManager : Event: ======'mode_game_will_stop'====== Args={}
2025-07-16 18:43:45,912 : INFO : EventManager : Event: ======'mode_game_stopping'====== Args={}
2025-07-16 18:43:45,912 : INFO : EventManager : Event: ======'mode_bumpers_will_stop'====== Args={}
2025-07-16 18:43:45,912 : INFO : EventManager : Event: ======'mode_bumpers_stopping'====== Args={}
2025-07-16 18:43:45,912 : INFO : EventManager : Event: ======'mode_gizmo_multi_will_stop'====== Args={}
2025-07-16 18:43:45,912 : INFO : EventManager : Event: ======'mode_gizmo_multi_stopping'====== Args={}
2025-07-16 18:43:45,912 : INFO : EventManager : Event: ======'mode_base_will_stop'====== Args={}
2025-07-16 18:43:45,913 : INFO : EventManager : Event: ======'mode_base_stopping'====== Args={}
2025-07-16 18:43:45,913 : INFO : EventManager : Event: ======'mode_ramps_will_stop'====== Args={}
2025-07-16 18:43:45,913 : INFO : EventManager : Event: ======'mode_ramps_stopping'====== Args={}
2025-07-16 18:43:45,913 : INFO : EventManager : Event: ======'stop_mode_bumpers'====== Args={'priority': 0}
2025-07-16 18:43:45,913 : INFO : EventManager : Event: ======'stop_mode_gizmo_multi'====== Args={'priority': 0}
2025-07-16 18:43:45,913 : INFO : Mode.ramps : Stopped.
2025-07-16 18:43:45,914 : INFO : EventManager : Event: ======'modes_active_modes_changed'====== Args={}
2025-07-16 18:43:45,914 : INFO : EventManager : Event: ======'mode_ramps_stopped'====== Args={}
2025-07-16 18:43:45,914 : INFO : EventManager : Event: ======'clear'====== Args={'key': 'ramps'}
2025-07-16 18:43:45,916 : INFO : Mode.base : Stopped.
2025-07-16 18:43:45,916 : INFO : EventManager : Event: ======'modes_active_modes_changed'====== Args={}
2025-07-16 18:43:45,916 : INFO : EventManager : Event: ======'mode_base_stopped'====== Args={}
2025-07-16 18:43:45,917 : INFO : EventManager : Event: ======'clear'====== Args={'key': 'base'}
2025-07-16 18:43:45,917 : INFO : Mode.gizmo_multi : Stopped.
2025-07-16 18:43:45,917 : INFO : EventManager : Event: ======'modes_active_modes_changed'====== Args={}
2025-07-16 18:43:45,917 : INFO : EventManager : Event: ======'mode_gizmo_multi_stopped'====== Args={}
2025-07-16 18:43:45,917 : INFO : EventManager : Event: ======'clear'====== Args={'key': 'gizmo_multi'}
2025-07-16 18:43:45,917 : INFO : Timer.gizmo_multi_timer : Stopping Timer
2025-07-16 18:43:45,917 : INFO : EventManager : Event: ======'timer_gizmo_multi_timer_stopped'====== Args={'ticks': 25, 'ticks_remaining': 1}
2025-07-16 18:43:45,917 : INFO : Mode.bumpers : Stopped.
2025-07-16 18:43:45,917 : INFO : EventManager : Event: ======'modes_active_modes_changed'====== Args={}
2025-07-16 18:43:45,917 : INFO : EventManager : Event: ======'mode_bumpers_stopped'====== Args={}
2025-07-16 18:43:45,917 : INFO : EventManager : Event: ======'clear'====== Args={'key': 'bumpers'}
2025-07-16 18:43:45,918 : INFO : Mode.game : Stopped.
2025-07-16 18:43:45,918 : INFO : EventManager : Event: ======'modes_active_modes_changed'====== Args={}
2025-07-16 18:43:45,918 : INFO : EventManager : Event: ======'mode_game_stopped'====== Args={}
2025-07-16 18:43:45,918 : INFO : EventManager : Event: ======'clear'====== Args={'key': 'game'}
2025-07-16 18:43:45,921 : INFO : root : MPF run loop ended.
