2025-07-16 22:15:06,506 : INFO : root : Loading config.
2025-07-16 22:15:06,510 : INFO : YamlMultifileConfigLoader : Machine config file #1: config.yaml
2025-07-16 22:15:06,511 : INFO : ConfigProcessor : Loading config from cache: /var/folders/pz/vf5_w96n7hl70j30jzrp_64r0000gp/T/4b0446b065373c01774765373fc5a010.mpf_cache
2025-07-16 22:15:06,561 : INFO : ConfigProcessor : Loading config from cache: /var/folders/pz/vf5_w96n7hl70j30jzrp_64r0000gp/T/8c6758dff4d969b46729a501e1f9b5a2.mpf_cache
2025-07-16 22:15:06,562 : INFO : ConfigProcessor : Loading config from cache: /var/folders/pz/vf5_w96n7hl70j30jzrp_64r0000gp/T/86b9553ee9e8fe91c4c341498a1256c7.mpf_cache
2025-07-16 22:15:06,562 : INFO : ConfigProcessor : Loading config from cache: /var/folders/pz/vf5_w96n7hl70j30jzrp_64r0000gp/T/8c6758dff4d969b46729a501e1f9b5a2.mpf_cache
2025-07-16 22:15:06,562 : INFO : ConfigProcessor : Loading config from cache: /var/folders/pz/vf5_w96n7hl70j30jzrp_64r0000gp/T/fe908dde2db5cc7f24a22ccd0c690388.mpf_cache
2025-07-16 22:15:06,563 : INFO : ConfigProcessor : Loading config from cache: /var/folders/pz/vf5_w96n7hl70j30jzrp_64r0000gp/T/c87d87d711c9e63e2e052ce58df60d5a.mpf_cache
2025-07-16 22:15:06,563 : INFO : ConfigProcessor : Loading config from cache: /var/folders/pz/vf5_w96n7hl70j30jzrp_64r0000gp/T/2285102ea814fec0736640417091917b.mpf_cache
2025-07-16 22:15:06,563 : INFO : Machine : Mission Pinball Framework Core Engine v0.80.0.dev8
2025-07-16 22:15:06,563 : INFO : Machine : Command line arguments: {'no_load_cache': False, 'create_config_cache': True, 'bcp': True, 'configfile': ['config.yaml'], 'force_assets_load': False, 'platform_integration_test': False, 'jsonlogging': False, 'logfile': 'logs/2025-07-16-22-15-06-mpf-Craigs-MacBook-Pro.local.log', 'pause': False, 'production': False, 'text_ui': False, 'loglevel': 15, 'consoleloglevel': 20, 'force_platform': 'virtual', 'syslog_address': None, 'full_logfile_path': '/Users/craig/Documents/Pinball/Gremlins/logs/2025-07-16-22-15-06-mpf-Craigs-MacBook-Pro.local.log'}
2025-07-16 22:15:06,564 : INFO : Machine : MPF path: /Users/craig/mpf-080/lib/python3.12/site-packages/mpf
2025-07-16 22:15:06,564 : INFO : Machine : Machine path: /Users/craig/Documents/Pinball/Gremlins
2025-07-16 22:15:06,564 : INFO : Machine : Platform: darwin
2025-07-16 22:15:06,564 : INFO : Machine : Python executable location: /Users/craig/mpf-080/bin/python3.12
2025-07-16 22:15:06,564 : INFO : Machine : Python version: 3.12.7 (64-bit)
2025-07-16 22:15:06,564 : INFO : Machine : Initializing MPF...
2025-07-16 22:15:07,343 : INFO : EventManager : Event: ======'machine_var_credits_string'====== Args={'value': 'FREE PLAY', 'prev_value': None, 'change': True}
2025-07-16 22:15:07,353 : INFO : EventManager : Event: ======'machine_var_master_volume'====== Args={'value': 0.5, 'prev_value': None, 'change': True}
2025-07-16 22:15:07,354 : INFO : EventManager : Event: ======'machine_var_mpf_version'====== Args={'value': 'Mission Pinball Framework v0.80.0.dev8', 'prev_value': None, 'change': True}
2025-07-16 22:15:07,354 : INFO : EventManager : Event: ======'machine_var_mpf_extended_version'====== Args={'value': 'Mission Pinball Framework v0.80.0.dev8, Config version:6, Show version: 6, BCP version:1.1', 'prev_value': None, 'change': True}
2025-07-16 22:15:07,354 : INFO : EventManager : Event: ======'machine_var_python_version'====== Args={'value': '3.12.7', 'prev_value': None, 'change': True}
2025-07-16 22:15:07,377 : INFO : EventManager : Event: ======'machine_var_platform'====== Args={'value': 'macOS-14.7.6-arm64-arm-64bit', 'prev_value': None, 'change': True}
2025-07-16 22:15:07,377 : INFO : EventManager : Event: ======'machine_var_platform_system'====== Args={'value': 'Darwin', 'prev_value': None, 'change': True}
2025-07-16 22:15:07,377 : INFO : EventManager : Event: ======'machine_var_platform_release'====== Args={'value': '23.6.0', 'prev_value': None, 'change': True}
2025-07-16 22:15:07,377 : INFO : EventManager : Event: ======'machine_var_platform_version'====== Args={'value': 'Darwin Kernel Version 23.6.0: Thu Apr 24 20:29:18 PDT 2025; root:xnu-10063.141.1.705.2~1/RELEASE_ARM64_T6000', 'prev_value': None, 'change': True}
2025-07-16 22:15:07,377 : INFO : EventManager : Event: ======'machine_var_platform_machine'====== Args={'value': 'arm64', 'prev_value': None, 'change': True}
2025-07-16 22:15:07,377 : INFO : EventManager : Event: ======'machine_var_log_file_path'====== Args={'value': '/Users/craig/Documents/Pinball/Gremlins/logs/2025-07-16-22-15-06-mpf-Craigs-MacBook-Pro.local.log', 'prev_value': None, 'change': True}
2025-07-16 22:15:07,377 : INFO : EventManager : Event: ======'init_phase_1'====== Args={}
2025-07-16 22:15:07,387 : INFO : EventManager : Event: ======'init_phase_2'====== Args={}
2025-07-16 22:15:07,387 : INFO : SwitchController : Found active switch: (1008, <Platform.Virtual>) <switch.s_trough_1>
2025-07-16 22:15:07,387 : INFO : SwitchController : Found active switch: (1009, <Platform.Virtual>) <switch.s_trough_2>
2025-07-16 22:15:07,387 : INFO : SwitchController : Found active switch: (1010, <Platform.Virtual>) <switch.s_trough_3>
2025-07-16 22:15:07,387 : INFO : SwitchController : Found active switch: (1011, <Platform.Virtual>) <switch.s_trough_4>
2025-07-16 22:15:07,388 : INFO : EventManager : Event: ======'bcp_connection_attempt'====== Args={'name': 'local_display', 'host': 'localhost', 'port': 5050}
2025-07-16 22:15:07,388 : INFO : BCPClientSocket : Connecting BCP to 'local_display' at localhost:5050...
2025-07-16 22:15:07,393 : INFO : BCPClientSocket : Connected BCP to 'local_display' localhost:5050
2025-07-16 22:15:07,393 : INFO : EventManager : Event: ======'bcp_clients_connected'====== Args={}
2025-07-16 22:15:07,394 : INFO : ball_device.bd_plunger : BCH: Initial count: 0
2025-07-16 22:15:07,394 : INFO : ball_device.bd_plunger : State: idle
2025-07-16 22:15:07,394 : INFO : ball_device.bd_trough : BCH: Initial count: 4
2025-07-16 22:15:07,394 : INFO : ball_device.bd_trough : State: idle
2025-07-16 22:15:07,399 : INFO : EventManager : Event: ======'init_phase_3'====== Args={}
2025-07-16 22:15:07,400 : INFO : EventManager : Event: ======'init_phase_4'====== Args={}
2025-07-16 22:15:07,400 : INFO : BallController : Initial balls found: 4
2025-07-16 22:15:07,400 : INFO : EventManager : Event: ======'machine_var_audits_events_game_ended'====== Args={'value': 0, 'prev_value': None, 'change': True}
2025-07-16 22:15:07,400 : INFO : EventManager : Event: ======'machine_var_audits_events_game_started'====== Args={'value': 19, 'prev_value': None, 'change': True}
2025-07-16 22:15:07,400 : INFO : EventManager : Event: ======'machine_var_audits_missing_switches_s_bumper_left'====== Args={'value': 2, 'prev_value': None, 'change': True}
2025-07-16 22:15:07,400 : INFO : EventManager : Event: ======'machine_var_audits_missing_switches_s_bumper_right'====== Args={'value': 2, 'prev_value': None, 'change': True}
2025-07-16 22:15:07,400 : INFO : EventManager : Event: ======'machine_var_audits_missing_switches_s_flipper_left'====== Args={'value': 3, 'prev_value': None, 'change': True}
2025-07-16 22:15:07,400 : INFO : EventManager : Event: ======'machine_var_audits_missing_switches_s_flipper_right'====== Args={'value': 3, 'prev_value': None, 'change': True}
2025-07-16 22:15:07,400 : INFO : EventManager : Event: ======'machine_var_audits_missing_switches_s_plunger_lane'====== Args={'value': 19, 'prev_value': None, 'change': True}
2025-07-16 22:15:07,400 : INFO : EventManager : Event: ======'machine_var_audits_missing_switches_s_ramp_1'====== Args={'value': 3, 'prev_value': None, 'change': True}
2025-07-16 22:15:07,400 : INFO : EventManager : Event: ======'machine_var_audits_missing_switches_s_ramp_2'====== Args={'value': 5, 'prev_value': None, 'change': True}
2025-07-16 22:15:07,400 : INFO : EventManager : Event: ======'machine_var_audits_missing_switches_s_start'====== Args={'value': 3, 'prev_value': None, 'change': True}
2025-07-16 22:15:07,400 : INFO : EventManager : Event: ======'machine_var_audits_missing_switches_s_trough_1'====== Args={'value': 19, 'prev_value': None, 'change': True}
2025-07-16 22:15:07,400 : INFO : EventManager : Event: ======'machine_var_audits_missing_switches_s_trough_2'====== Args={'value': 19, 'prev_value': None, 'change': True}
2025-07-16 22:15:07,400 : INFO : EventManager : Event: ======'machine_var_audits_missing_switches_s_trough_3'====== Args={'value': 19, 'prev_value': None, 'change': True}
2025-07-16 22:15:07,400 : INFO : EventManager : Event: ======'machine_var_audits_missing_switches_s_trough_4'====== Args={'value': 19, 'prev_value': None, 'change': True}
2025-07-16 22:15:07,400 : INFO : EventManager : Event: ======'machine_var_audits_player_score'====== Args={'value': {'average': 0, 'top': [], 'total': 0}, 'prev_value': None, 'change': True}
2025-07-16 22:15:07,400 : INFO : EventManager : Event: ======'machine_var_audits_shots_bumper_left'====== Args={'value': 56, 'prev_value': None, 'change': True}
2025-07-16 22:15:07,400 : INFO : EventManager : Event: ======'machine_var_audits_shots_bumper_right'====== Args={'value': 66, 'prev_value': None, 'change': True}
2025-07-16 22:15:07,400 : INFO : EventManager : Event: ======'machine_var_audits_shots_hurryup'====== Args={'value': 29, 'prev_value': None, 'change': True}
2025-07-16 22:15:07,400 : INFO : EventManager : Event: ======'machine_var_audits_shots_left_lane'====== Args={'value': 62, 'prev_value': None, 'change': True}
2025-07-16 22:15:07,400 : INFO : EventManager : Event: ======'machine_var_audits_shots_ramp_1'====== Args={'value': 1, 'prev_value': None, 'change': True}
2025-07-16 22:15:07,400 : INFO : EventManager : Event: ======'machine_var_audits_switches_s_bumper_left'====== Args={'value': 56, 'prev_value': None, 'change': True}
2025-07-16 22:15:07,400 : INFO : EventManager : Event: ======'machine_var_audits_switches_s_bumper_right'====== Args={'value': 66, 'prev_value': None, 'change': True}
2025-07-16 22:15:07,400 : INFO : EventManager : Event: ======'machine_var_audits_switches_s_flipper_left'====== Args={'value': 65, 'prev_value': None, 'change': True}
2025-07-16 22:15:07,401 : INFO : EventManager : Event: ======'machine_var_audits_switches_s_flipper_right'====== Args={'value': 89, 'prev_value': None, 'change': True}
2025-07-16 22:15:07,401 : INFO : EventManager : Event: ======'machine_var_audits_switches_s_left_lane'====== Args={'value': 62, 'prev_value': None, 'change': True}
2025-07-16 22:15:07,401 : INFO : EventManager : Event: ======'machine_var_audits_switches_s_plunger_lane'====== Args={'value': 0, 'prev_value': None, 'change': True}
2025-07-16 22:15:07,401 : INFO : EventManager : Event: ======'machine_var_audits_switches_s_ramp_1'====== Args={'value': 1, 'prev_value': None, 'change': True}
2025-07-16 22:15:07,401 : INFO : EventManager : Event: ======'machine_var_audits_switches_s_ramp_2'====== Args={'value': 0, 'prev_value': None, 'change': True}
2025-07-16 22:15:07,401 : INFO : EventManager : Event: ======'machine_var_audits_switches_s_start'====== Args={'value': 4, 'prev_value': None, 'change': True}
2025-07-16 22:15:07,401 : INFO : EventManager : Event: ======'machine_var_audits_switches_s_trough_1'====== Args={'value': 0, 'prev_value': None, 'change': True}
2025-07-16 22:15:07,401 : INFO : EventManager : Event: ======'machine_var_audits_switches_s_trough_2'====== Args={'value': 0, 'prev_value': None, 'change': True}
2025-07-16 22:15:07,401 : INFO : EventManager : Event: ======'machine_var_audits_switches_s_trough_3'====== Args={'value': 0, 'prev_value': None, 'change': True}
2025-07-16 22:15:07,401 : INFO : EventManager : Event: ======'machine_var_audits_switches_s_trough_4'====== Args={'value': 0, 'prev_value': None, 'change': True}
2025-07-16 22:15:07,401 : INFO : EventManager : Event: ======'init_phase_5'====== Args={}
2025-07-16 22:15:07,401 : INFO : EventManager : Event: ======'init_done'====== Args={}
2025-07-16 22:15:07,401 : INFO : EventManager : Event: ======'machine_reset_phase_1'====== Args={}
2025-07-16 22:15:07,408 : INFO : EventManager : Event: ======'machine_reset_phase_2'====== Args={}
2025-07-16 22:15:07,409 : INFO : EventManager : Event: ======'machine_reset_phase_3'====== Args={}
2025-07-16 22:15:07,409 : INFO : EventManager : Event: ======'reset_complete'====== Args={}
2025-07-16 22:15:07,409 : INFO : EventManager : Event: ======'mode_attract_will_start'====== Args={}
2025-07-16 22:15:07,409 : INFO : Timer.attract_carousel_timer : Starting Timer.
2025-07-16 22:15:07,409 : INFO : EventManager : Event: ======'timer_attract_carousel_timer_started'====== Args={'ticks': 0, 'ticks_remaining': 1}
2025-07-16 22:15:07,409 : INFO : EventManager : Event: ======'timer_attract_carousel_timer_tick'====== Args={'ticks': 0, 'ticks_remaining': 1}
2025-07-16 22:15:07,410 : INFO : EventManager : Event: ======'mode_attract_starting'====== Args={}
2025-07-16 22:15:07,410 : INFO : Mode.attract : Started. Priority: 10
2025-07-16 22:15:07,410 : INFO : EventManager : Event: ======'modes_active_modes_changed'====== Args={}
2025-07-16 22:15:07,410 : INFO : EventManager : Event: ======'mode_attract_started'====== Args={}
2025-07-16 22:15:07,410 : INFO : EventManager : Event: ======'collecting_balls_complete'====== Args={}
2025-07-16 22:15:07,410 : INFO : EventManager : Event: ======'item_highlighted'====== Args={'carousel': 'attract', 'direction': None, 'item': 'press_start'}
2025-07-16 22:15:07,410 : INFO : EventManager : Event: ======'timer_attract_carousel_timer_tick'====== Args={'ticks': 0, 'ticks_remaining': 1}
2025-07-16 22:15:07,410 : INFO : Machine : Starting the main run loop with active modes: [<Mode.attract>]
2025-07-16 22:15:07,563 : INFO : EventManager : Event: ======'slide_attract_created'====== Args={'_from_bcp': True}
2025-07-16 22:15:07,563 : INFO : EventManager : Event: ======'slide__removed'====== Args={'_from_bcp': True}
2025-07-16 22:15:07,563 : INFO : EventManager : Event: ======'slide_attract_active'====== Args={'original_context': 'attract', 'original_calling_context': 'mode_attract_started', 'priority': 10.0, 'cmd': 'slides_play', '_from_bcp': True}
2025-07-16 22:15:11,947 : INFO : SwitchController : <<<<<<< 's_start' active >>>>>>>
2025-07-16 22:15:12,032 : INFO : SwitchController : <<<<<<< 's_start' inactive >>>>>>>
2025-07-16 22:15:12,033 : INFO : EventManager : Event: ======'request_to_start_game'====== Args={}
2025-07-16 22:15:12,034 : INFO : EventManager : Event: ======'game_start'====== Args={'buttons': [], 'hold_time': 0.08531637499982025}
2025-07-16 22:15:12,034 : INFO : EventManager : Event: ======'mode_game_will_start'====== Args={'buttons': [], 'hold_time': 0.08531637499982025}
2025-07-16 22:15:12,035 : INFO : EventManager : Event: ======'mode_game_starting'====== Args={'buttons': [], 'hold_time': 0.08531637499982025}
2025-07-16 22:15:12,035 : INFO : EventManager : Event: ======'mode_attract_will_stop'====== Args={}
2025-07-16 22:15:12,035 : INFO : EventManager : Event: ======'mode_attract_stopping'====== Args={}
2025-07-16 22:15:12,035 : INFO : Mode.attract : Stopped.
2025-07-16 22:15:12,035 : INFO : EventManager : Event: ======'modes_active_modes_changed'====== Args={}
2025-07-16 22:15:12,036 : INFO : EventManager : Event: ======'mode_attract_stopped'====== Args={}
2025-07-16 22:15:12,036 : INFO : EventManager : Event: ======'clear'====== Args={'key': 'attract'}
2025-07-16 22:15:12,037 : INFO : Timer.attract_carousel_timer : Stopping Timer
2025-07-16 22:15:12,037 : INFO : EventManager : Event: ======'timer_attract_carousel_timer_stopped'====== Args={'ticks': 0, 'ticks_remaining': 1}
2025-07-16 22:15:12,037 : INFO : Mode.game : Started. Priority: 20
2025-07-16 22:15:12,037 : INFO : EventManager : Event: ======'modes_active_modes_changed'====== Args={}
2025-07-16 22:15:12,037 : INFO : EventManager : Event: ======'mode_game_started'====== Args={'buttons': [], 'hold_time': 0.08531637499982025}
2025-07-16 22:15:12,038 : INFO : EventManager : Event: ======'game_will_start'====== Args={}
2025-07-16 22:15:12,038 : INFO : EventManager : Event: ======'game_starting'====== Args={'game': <Mode.game>}
2025-07-16 22:15:12,039 : INFO : EventManager : Unordered handler for class <Auditor> on event game_ended with priority 1. Handlers: [RegisteredHandler(callback=<bound method Auditor.disable of <Auditor>>, priority=1, kwargs={}, key=UUID('4ca08507-6081-4ca8-acdd-933e84de37ab'), condition=None, blocking_facility=None), RegisteredHandler(callback=<bound method Auditor._save_audits of <Auditor>>, priority=1, kwargs={}, key=UUID('833b71fe-4c09-4a08-9324-894354db4248'), condition=None, blocking_facility=None)]. The order of those handlers is not defined and they will be executed in random order. This might lead to race conditions and potential bugs.
2025-07-16 22:15:12,040 : INFO : EventManager : Event: ======'player_add_request'====== Args={}
2025-07-16 22:15:12,040 : INFO : EventManager : Event: ======'player_will_add'====== Args={'number': 1}
2025-07-16 22:15:12,040 : INFO : EventManager : Event: ======'player_adding'====== Args={'player': <Player 1>, 'number': 1}
2025-07-16 22:15:12,041 : INFO : EventManager : Event: ======'player_added'====== Args={'player': <Player 1>, 'num': 1}
2025-07-16 22:15:12,041 : INFO : Mode.game : Player added successfully. Total players: 1
2025-07-16 22:15:12,041 : INFO : EventManager : Event: ======'player_index'====== Args={'value': 0, 'prev_value': 0, 'change': 0, 'player_num': 1}
2025-07-16 22:15:12,041 : INFO : EventManager : Event: ======'player_number'====== Args={'value': 1, 'prev_value': 1, 'change': 0, 'player_num': 1}
2025-07-16 22:15:12,041 : INFO : EventManager : Event: ======'player_score'====== Args={'value': 0, 'prev_value': 0, 'change': 0, 'player_num': 1}
2025-07-16 22:15:12,042 : INFO : EventManager : Event: ======'game_started'====== Args={}
2025-07-16 22:15:12,043 : INFO : EventManager : Event: ======'player_turn_will_start'====== Args={'player': <Player 1>, 'number': 1}
2025-07-16 22:15:12,051 : INFO : EventManager : Event: ======'player_turn_starting'====== Args={'player': <Player 1>, 'number': 1}
2025-07-16 22:15:12,054 : INFO : EventManager : Event: ======'player_ball'====== Args={'value': 1, 'prev_value': 0, 'change': 1, 'player_num': 1}
2025-07-16 22:15:12,054 : INFO : EventManager : Event: ======'player_turn_started'====== Args={'player': <Player 1>, 'number': 1}
2025-07-16 22:15:12,056 : INFO : EventManager : Event: ======'ball_will_start'====== Args={'player': 1, 'ball': 1, 'balls_remaining': 2, 'is_extra_ball': False}
2025-07-16 22:15:12,058 : INFO : EventManager : Event: ======'ball_starting'====== Args={'player': 1, 'ball': 1, 'balls_remaining': 2, 'is_extra_ball': False}
2025-07-16 22:15:12,058 : INFO : EventManager : Event: ======'mode_base_will_start'====== Args={'queue': <QueuedEvent>, 'player': 1, 'ball': 1, 'balls_remaining': 2, 'is_extra_ball': False}
2025-07-16 22:15:12,058 : INFO : EventManager : Event: ======'player_shot_left_lane_enabled'====== Args={'value': True, 'prev_value': 0, 'change': 1, 'player_num': 1}
2025-07-16 22:15:12,059 : INFO : EventManager : Event: ======'mode_base_starting'====== Args={'queue': <QueuedEvent>, 'player': 1, 'ball': 1, 'balls_remaining': 2, 'is_extra_ball': False}
2025-07-16 22:15:12,060 : INFO : Mode.base : Started. Priority: 100
2025-07-16 22:15:12,060 : INFO : EventManager : Event: ======'modes_active_modes_changed'====== Args={}
2025-07-16 22:15:12,060 : INFO : EventManager : Event: ======'mode_base_started'====== Args={'queue': <QueuedEvent>, 'player': 1, 'ball': 1, 'balls_remaining': 2, 'is_extra_ball': False}
2025-07-16 22:15:12,060 : INFO : EventManager : Event: ======'start_mode_bumpers'====== Args={'priority': 0}
2025-07-16 22:15:12,060 : INFO : EventManager : Event: ======'start_mode_ramps'====== Args={'priority': 0}
2025-07-16 22:15:12,060 : INFO : EventManager : Event: ======'mode_bumpers_will_start'====== Args={'priority': 0}
2025-07-16 22:15:12,060 : INFO : EventManager : Event: ======'player_shot_bumper_left_enabled'====== Args={'value': True, 'prev_value': 0, 'change': 1, 'player_num': 1}
2025-07-16 22:15:12,061 : INFO : EventManager : Event: ======'player_shot_bumper_right_enabled'====== Args={'value': True, 'prev_value': 0, 'change': 1, 'player_num': 1}
2025-07-16 22:15:12,061 : INFO : EventManager : Event: ======'bumpers_complete'====== Args={'state': 'unlit'}
2025-07-16 22:15:12,061 : INFO : EventManager : Event: ======'bumpers_unlit_complete'====== Args={}
2025-07-16 22:15:12,062 : INFO : EventManager : Event: ======'mode_bumpers_starting'====== Args={'priority': 0}
2025-07-16 22:15:12,062 : INFO : Mode.bumpers : Started. Priority: 200
2025-07-16 22:15:12,062 : INFO : EventManager : Event: ======'modes_active_modes_changed'====== Args={}
2025-07-16 22:15:12,062 : INFO : EventManager : Event: ======'mode_bumpers_started'====== Args={'priority': 0}
2025-07-16 22:15:12,063 : INFO : EventManager : Event: ======'balls_in_play'====== Args={'balls': 1}
2025-07-16 22:15:12,063 : INFO : EventManager : Event: ======'ball_started'====== Args={'player': 1, 'ball': 1, 'balls_remaining': 2, 'is_extra_ball': False}
2025-07-16 22:15:12,063 : INFO : EventManager : Event: ======'single_player_ball_started'====== Args={}
2025-07-16 22:15:12,063 : INFO : EventManager : Event: ======'ball_start_target'====== Args={'target': 'playfield'}
2025-07-16 22:15:12,063 : INFO : ball_device.bd_trough : Setting up player-controlled eject. Balls: 1, Target: <playfield.playfield>, player_controlled_eject_event: None
2025-07-16 22:15:12,064 : INFO : ball_device.bd_trough : Adding 1 ball(s) to the eject_queue with target <playfield.playfield>.
2025-07-16 22:15:12,064 : INFO : EventManager : Event: ======'balldevice_balls_available'====== Args={}
2025-07-16 22:15:12,064 : INFO : ball_device.bd_trough : State: waiting_for_target_ready
2025-07-16 22:15:12,064 : INFO : EventManager : Event: ======'balldevice_bd_trough_ball_eject_attempt'====== Args={'balls': 1, 'target': <ball_device.bd_plunger>, 'source': <ball_device.bd_trough>, 'mechanical_eject': False, 'num_attempts': 0}
2025-07-16 22:15:12,064 : INFO : ball_device.bd_plunger : State: waiting_for_ball
2025-07-16 22:15:12,065 : INFO : ball_device.bd_trough : State: ejecting
2025-07-16 22:15:12,065 : INFO : ball_device.bd_trough : Ejecting ball to <ball_device.bd_plunger>
2025-07-16 22:15:12,065 : INFO : EventManager : Event: ======'balldevice_bd_trough_ejecting_ball'====== Args={'balls': 1, 'target': <ball_device.bd_plunger>, 'source': <ball_device.bd_trough>, 'mechanical_eject': False, 'num_attempts': 0}
2025-07-16 22:15:12,065 : INFO : ball_device.bd_trough : Wait for ball to leave device
2025-07-16 22:15:12,065 : INFO : coil.c_trough_eject : Pulsing Driver for 10ms (1.0 pulse_power)
2025-07-16 22:15:12,164 : INFO : EventManager : Event: ======'slide_base_slide_created'====== Args={'_from_bcp': True}
2025-07-16 22:15:12,164 : INFO : EventManager : Event: ======'slide_attract_inactive'====== Args={'is_removing': True, '_from_bcp': True}
2025-07-16 22:15:12,165 : INFO : EventManager : Event: ======'slide_base_slide_active'====== Args={'original_context': 'base', 'original_calling_context': 'mode_base_started', 'priority': 100.0, 'queue': '<QueuedEvent>', 'player': 1.0, 'ball': 1.0, 'balls_remaining': 2.0, 'is_extra_ball': False, 'cmd': 'slides_play', '_from_bcp': True}
2025-07-16 22:15:12,165 : INFO : EventManager : Event: ======'slide_attract_removed'====== Args={'_from_bcp': True}
2025-07-16 22:15:15,676 : INFO : SwitchController : <<<<<<< 's_left_lane' active >>>>>>>
2025-07-16 22:15:15,676 : INFO : EventManager : Event: ======'playfield_active'====== Args={'source': 'hurryup'}
2025-07-16 22:15:15,676 : INFO : EventManager : Event: ======'unexpected_ball_on_playfield'====== Args={}
2025-07-16 22:15:15,676 : INFO : EventManager : Event: ======'playfield_active'====== Args={'source': 'left_lane'}
2025-07-16 22:15:15,676 : INFO : EventManager : Event: ======'unexpected_ball_on_playfield'====== Args={}
2025-07-16 22:15:15,676 : INFO : EventManager : Event: ======'s_left_lane_active'====== Args={}
2025-07-16 22:15:15,676 : INFO : EventManager : Event: ======'machine_var_audits_switches_s_left_lane'====== Args={'value': 63, 'prev_value': 62, 'change': 1}
2025-07-16 22:15:15,678 : INFO : EventManager : Event: ======'player_shot_left_lane'====== Args={'value': 1, 'prev_value': 0, 'change': 1, 'player_num': 1}
2025-07-16 22:15:15,679 : INFO : EventManager : Event: ======'machine_var_audits_shots_left_lane'====== Args={'value': 63, 'prev_value': 62, 'change': 1}
2025-07-16 22:15:15,679 : INFO : EventManager : Event: ======'left_lane_hit'====== Args={'profile': 'default', 'state': 'unlit', 'advancing': True}
2025-07-16 22:15:15,679 : INFO : EventManager : Event: ======'left_lane_default_hit'====== Args={'profile': 'default', 'state': 'unlit', 'advancing': True}
2025-07-16 22:15:15,679 : INFO : EventManager : Event: ======'left_lane_default_unlit_hit'====== Args={'profile': 'default', 'state': 'unlit', 'advancing': True}
2025-07-16 22:15:15,679 : INFO : EventManager : Event: ======'left_lane_unlit_hit'====== Args={'profile': 'default', 'state': 'unlit', 'advancing': True}
2025-07-16 22:15:15,680 : INFO : EventManager : Event: ======'start_mode_hurryup'====== Args={'priority': 0}
2025-07-16 22:15:15,680 : INFO : EventManager : Event: ======'mode_hurryup_will_start'====== Args={'priority': 0}
2025-07-16 22:15:15,680 : INFO : EventManager : Event: ======'player_shot_hurryup_enabled'====== Args={'value': True, 'prev_value': 0, 'change': 1, 'player_num': 1}
2025-07-16 22:15:15,681 : INFO : EventManager : Event: ======'player_hurryup_hurryup_timer_tick'====== Args={'value': 0, 'prev_value': 0, 'change': 0, 'player_num': 1}
2025-07-16 22:15:15,681 : INFO : Timer.hurryup_timer : Starting Timer.
2025-07-16 22:15:15,682 : INFO : EventManager : Event: ======'timer_hurryup_timer_started'====== Args={'ticks': 0, 'ticks_remaining': 25}
2025-07-16 22:15:15,682 : INFO : EventManager : Event: ======'timer_hurryup_timer_tick'====== Args={'ticks': 0, 'ticks_remaining': 25}
2025-07-16 22:15:15,683 : INFO : EventManager : Event: ======'mode_hurryup_starting'====== Args={'priority': 0}
2025-07-16 22:15:15,683 : INFO : Mode.hurryup : Started. Priority: 1000
2025-07-16 22:15:15,683 : INFO : EventManager : Event: ======'modes_active_modes_changed'====== Args={}
2025-07-16 22:15:15,683 : INFO : EventManager : Event: ======'mode_hurryup_started'====== Args={'priority': 0}
2025-07-16 22:15:15,711 : INFO : EventManager : Event: ======'slide_hurryup_created'====== Args={'_from_bcp': True}
2025-07-16 22:15:15,712 : INFO : EventManager : Event: ======'slide_base_slide_inactive'====== Args={'is_removing': False, '_from_bcp': True}
2025-07-16 22:15:15,712 : INFO : EventManager : Event: ======'slide_hurryup_active'====== Args={'original_context': 'hurryup', 'original_calling_context': 'mode_hurryup_started', 'priority': 1000.0, 'cmd': 'slides_play', '_from_bcp': True}
2025-07-16 22:15:15,791 : INFO : SwitchController : <<<<<<< 's_left_lane' inactive >>>>>>>
2025-07-16 22:15:15,885 : INFO : EventManager : Event: ======'player_hurryup_hurryup_timer_tick'====== Args={'value': 1, 'prev_value': 0, 'change': 1, 'player_num': 1}
2025-07-16 22:15:15,886 : INFO : EventManager : Event: ======'timer_hurryup_timer_tick'====== Args={'ticks': 1, 'ticks_remaining': 24}
2025-07-16 22:15:15,887 : INFO : EventManager : Event: ======'hurryup_value'====== Args={'priority': 0, 'current_hurryup': 98000}
2025-07-16 22:15:16,084 : INFO : EventManager : Event: ======'player_hurryup_hurryup_timer_tick'====== Args={'value': 2, 'prev_value': 1, 'change': 1, 'player_num': 1}
2025-07-16 22:15:16,085 : INFO : EventManager : Event: ======'timer_hurryup_timer_tick'====== Args={'ticks': 2, 'ticks_remaining': 23}
2025-07-16 22:15:16,086 : INFO : EventManager : Event: ======'hurryup_value'====== Args={'priority': 0, 'current_hurryup': 96000}
2025-07-16 22:15:16,284 : INFO : EventManager : Event: ======'player_hurryup_hurryup_timer_tick'====== Args={'value': 3, 'prev_value': 2, 'change': 1, 'player_num': 1}
2025-07-16 22:15:16,288 : INFO : EventManager : Event: ======'timer_hurryup_timer_tick'====== Args={'ticks': 3, 'ticks_remaining': 22}
2025-07-16 22:15:16,298 : INFO : EventManager : Event: ======'hurryup_value'====== Args={'priority': 0, 'current_hurryup': 94000}
2025-07-16 22:15:16,483 : INFO : EventManager : Event: ======'player_hurryup_hurryup_timer_tick'====== Args={'value': 4, 'prev_value': 3, 'change': 1, 'player_num': 1}
2025-07-16 22:15:16,484 : INFO : EventManager : Event: ======'timer_hurryup_timer_tick'====== Args={'ticks': 4, 'ticks_remaining': 21}
2025-07-16 22:15:16,485 : INFO : EventManager : Event: ======'hurryup_value'====== Args={'priority': 0, 'current_hurryup': 92000}
2025-07-16 22:15:16,684 : INFO : EventManager : Event: ======'player_hurryup_hurryup_timer_tick'====== Args={'value': 5, 'prev_value': 4, 'change': 1, 'player_num': 1}
2025-07-16 22:15:16,685 : INFO : EventManager : Event: ======'timer_hurryup_timer_tick'====== Args={'ticks': 5, 'ticks_remaining': 20}
2025-07-16 22:15:16,687 : INFO : EventManager : Event: ======'hurryup_value'====== Args={'priority': 0, 'current_hurryup': 90000}
2025-07-16 22:15:16,883 : INFO : EventManager : Event: ======'player_hurryup_hurryup_timer_tick'====== Args={'value': 6, 'prev_value': 5, 'change': 1, 'player_num': 1}
2025-07-16 22:15:16,885 : INFO : EventManager : Event: ======'timer_hurryup_timer_tick'====== Args={'ticks': 6, 'ticks_remaining': 19}
2025-07-16 22:15:16,886 : INFO : EventManager : Event: ======'hurryup_value'====== Args={'priority': 0, 'current_hurryup': 88000}
2025-07-16 22:15:17,084 : INFO : EventManager : Event: ======'player_hurryup_hurryup_timer_tick'====== Args={'value': 7, 'prev_value': 6, 'change': 1, 'player_num': 1}
2025-07-16 22:15:17,085 : INFO : EventManager : Event: ======'timer_hurryup_timer_tick'====== Args={'ticks': 7, 'ticks_remaining': 18}
2025-07-16 22:15:17,086 : INFO : EventManager : Event: ======'hurryup_value'====== Args={'priority': 0, 'current_hurryup': 86000}
2025-07-16 22:15:17,283 : INFO : EventManager : Event: ======'player_hurryup_hurryup_timer_tick'====== Args={'value': 8, 'prev_value': 7, 'change': 1, 'player_num': 1}
2025-07-16 22:15:17,284 : INFO : EventManager : Event: ======'timer_hurryup_timer_tick'====== Args={'ticks': 8, 'ticks_remaining': 17}
2025-07-16 22:15:17,285 : INFO : EventManager : Event: ======'hurryup_value'====== Args={'priority': 0, 'current_hurryup': 84000}
2025-07-16 22:15:17,483 : INFO : EventManager : Event: ======'player_hurryup_hurryup_timer_tick'====== Args={'value': 9, 'prev_value': 8, 'change': 1, 'player_num': 1}
2025-07-16 22:15:17,484 : INFO : EventManager : Event: ======'timer_hurryup_timer_tick'====== Args={'ticks': 9, 'ticks_remaining': 16}
2025-07-16 22:15:17,494 : INFO : EventManager : Event: ======'hurryup_value'====== Args={'priority': 0, 'current_hurryup': 82000}
2025-07-16 22:15:17,685 : INFO : EventManager : Event: ======'player_hurryup_hurryup_timer_tick'====== Args={'value': 10, 'prev_value': 9, 'change': 1, 'player_num': 1}
2025-07-16 22:15:17,686 : INFO : EventManager : Event: ======'timer_hurryup_timer_tick'====== Args={'ticks': 10, 'ticks_remaining': 15}
2025-07-16 22:15:17,686 : INFO : EventManager : Event: ======'hurryup_value'====== Args={'priority': 0, 'current_hurryup': 80000}
2025-07-16 22:15:17,883 : INFO : EventManager : Event: ======'player_hurryup_hurryup_timer_tick'====== Args={'value': 11, 'prev_value': 10, 'change': 1, 'player_num': 1}
2025-07-16 22:15:17,883 : INFO : EventManager : Event: ======'timer_hurryup_timer_tick'====== Args={'ticks': 11, 'ticks_remaining': 14}
2025-07-16 22:15:17,886 : INFO : EventManager : Event: ======'hurryup_value'====== Args={'priority': 0, 'current_hurryup': 78000}
2025-07-16 22:15:18,083 : INFO : EventManager : Event: ======'player_hurryup_hurryup_timer_tick'====== Args={'value': 12, 'prev_value': 11, 'change': 1, 'player_num': 1}
2025-07-16 22:15:18,084 : INFO : EventManager : Event: ======'timer_hurryup_timer_tick'====== Args={'ticks': 12, 'ticks_remaining': 13}
2025-07-16 22:15:18,085 : INFO : EventManager : Event: ======'hurryup_value'====== Args={'priority': 0, 'current_hurryup': 76000}
2025-07-16 22:15:18,283 : INFO : EventManager : Event: ======'player_hurryup_hurryup_timer_tick'====== Args={'value': 13, 'prev_value': 12, 'change': 1, 'player_num': 1}
2025-07-16 22:15:18,284 : INFO : EventManager : Event: ======'timer_hurryup_timer_tick'====== Args={'ticks': 13, 'ticks_remaining': 12}
2025-07-16 22:15:18,285 : INFO : EventManager : Event: ======'hurryup_value'====== Args={'priority': 0, 'current_hurryup': 74000}
2025-07-16 22:15:18,483 : INFO : EventManager : Event: ======'player_hurryup_hurryup_timer_tick'====== Args={'value': 14, 'prev_value': 13, 'change': 1, 'player_num': 1}
2025-07-16 22:15:18,484 : INFO : EventManager : Event: ======'timer_hurryup_timer_tick'====== Args={'ticks': 14, 'ticks_remaining': 11}
2025-07-16 22:15:18,485 : INFO : EventManager : Event: ======'hurryup_value'====== Args={'priority': 0, 'current_hurryup': 72000}
2025-07-16 22:15:18,683 : INFO : EventManager : Event: ======'player_hurryup_hurryup_timer_tick'====== Args={'value': 15, 'prev_value': 14, 'change': 1, 'player_num': 1}
2025-07-16 22:15:18,684 : INFO : EventManager : Event: ======'timer_hurryup_timer_tick'====== Args={'ticks': 15, 'ticks_remaining': 10}
2025-07-16 22:15:18,685 : INFO : EventManager : Event: ======'hurryup_value'====== Args={'priority': 0, 'current_hurryup': 70000}
2025-07-16 22:15:18,883 : INFO : EventManager : Event: ======'player_hurryup_hurryup_timer_tick'====== Args={'value': 16, 'prev_value': 15, 'change': 1, 'player_num': 1}
2025-07-16 22:15:18,885 : INFO : EventManager : Event: ======'timer_hurryup_timer_tick'====== Args={'ticks': 16, 'ticks_remaining': 9}
2025-07-16 22:15:18,885 : INFO : EventManager : Event: ======'hurryup_value'====== Args={'priority': 0, 'current_hurryup': 68000}
2025-07-16 22:15:19,084 : INFO : EventManager : Event: ======'player_hurryup_hurryup_timer_tick'====== Args={'value': 17, 'prev_value': 16, 'change': 1, 'player_num': 1}
2025-07-16 22:15:19,085 : INFO : EventManager : Event: ======'timer_hurryup_timer_tick'====== Args={'ticks': 17, 'ticks_remaining': 8}
2025-07-16 22:15:19,086 : INFO : EventManager : Event: ======'hurryup_value'====== Args={'priority': 0, 'current_hurryup': 66000}
2025-07-16 22:15:19,283 : INFO : EventManager : Event: ======'player_hurryup_hurryup_timer_tick'====== Args={'value': 18, 'prev_value': 17, 'change': 1, 'player_num': 1}
2025-07-16 22:15:19,284 : INFO : EventManager : Event: ======'timer_hurryup_timer_tick'====== Args={'ticks': 18, 'ticks_remaining': 7}
2025-07-16 22:15:19,285 : INFO : EventManager : Event: ======'hurryup_value'====== Args={'priority': 0, 'current_hurryup': 64000}
2025-07-16 22:15:19,486 : INFO : EventManager : Event: ======'player_hurryup_hurryup_timer_tick'====== Args={'value': 19, 'prev_value': 18, 'change': 1, 'player_num': 1}
2025-07-16 22:15:19,487 : INFO : EventManager : Event: ======'timer_hurryup_timer_tick'====== Args={'ticks': 19, 'ticks_remaining': 6}
2025-07-16 22:15:19,487 : INFO : EventManager : Event: ======'hurryup_value'====== Args={'priority': 0, 'current_hurryup': 62000}
2025-07-16 22:15:19,684 : INFO : EventManager : Event: ======'player_hurryup_hurryup_timer_tick'====== Args={'value': 20, 'prev_value': 19, 'change': 1, 'player_num': 1}
2025-07-16 22:15:19,685 : INFO : EventManager : Event: ======'timer_hurryup_timer_tick'====== Args={'ticks': 20, 'ticks_remaining': 5}
2025-07-16 22:15:19,686 : INFO : EventManager : Event: ======'hurryup_value'====== Args={'priority': 0, 'current_hurryup': 60000}
2025-07-16 22:15:19,883 : INFO : EventManager : Event: ======'player_hurryup_hurryup_timer_tick'====== Args={'value': 21, 'prev_value': 20, 'change': 1, 'player_num': 1}
2025-07-16 22:15:19,885 : INFO : EventManager : Event: ======'timer_hurryup_timer_tick'====== Args={'ticks': 21, 'ticks_remaining': 4}
2025-07-16 22:15:19,886 : INFO : EventManager : Event: ======'hurryup_value'====== Args={'priority': 0, 'current_hurryup': 58000}
2025-07-16 22:15:20,083 : INFO : EventManager : Event: ======'player_hurryup_hurryup_timer_tick'====== Args={'value': 22, 'prev_value': 21, 'change': 1, 'player_num': 1}
2025-07-16 22:15:20,084 : INFO : EventManager : Event: ======'timer_hurryup_timer_tick'====== Args={'ticks': 22, 'ticks_remaining': 3}
2025-07-16 22:15:20,086 : INFO : EventManager : Event: ======'hurryup_value'====== Args={'priority': 0, 'current_hurryup': 56000}
2025-07-16 22:15:20,285 : INFO : EventManager : Event: ======'player_hurryup_hurryup_timer_tick'====== Args={'value': 23, 'prev_value': 22, 'change': 1, 'player_num': 1}
2025-07-16 22:15:20,286 : INFO : EventManager : Event: ======'timer_hurryup_timer_tick'====== Args={'ticks': 23, 'ticks_remaining': 2}
2025-07-16 22:15:20,288 : INFO : EventManager : Event: ======'hurryup_value'====== Args={'priority': 0, 'current_hurryup': 54000}
2025-07-16 22:15:20,487 : INFO : EventManager : Event: ======'player_hurryup_hurryup_timer_tick'====== Args={'value': 24, 'prev_value': 23, 'change': 1, 'player_num': 1}
2025-07-16 22:15:20,490 : INFO : EventManager : Event: ======'timer_hurryup_timer_tick'====== Args={'ticks': 24, 'ticks_remaining': 1}
2025-07-16 22:15:20,491 : INFO : EventManager : Event: ======'hurryup_value'====== Args={'priority': 0, 'current_hurryup': 52000}
2025-07-16 22:15:20,684 : INFO : EventManager : Event: ======'player_hurryup_hurryup_timer_tick'====== Args={'value': 25, 'prev_value': 24, 'change': 1, 'player_num': 1}
2025-07-16 22:15:20,685 : INFO : Timer.hurryup_timer : Timer Complete
2025-07-16 22:15:20,686 : INFO : Timer.hurryup_timer : Stopping Timer
2025-07-16 22:15:20,686 : INFO : EventManager : Event: ======'timer_hurryup_timer_stopped'====== Args={'ticks': 25, 'ticks_remaining': 1}
2025-07-16 22:15:20,686 : INFO : EventManager : Event: ======'timer_hurryup_timer_complete'====== Args={'ticks': 25, 'ticks_remaining': 1}
2025-07-16 22:15:20,686 : INFO : EventManager : Event: ======'stop_mode_hurryup'====== Args={'priority': 0}
2025-07-16 22:15:20,686 : INFO : EventManager : Event: ======'mode_hurryup_will_stop'====== Args={}
2025-07-16 22:15:20,686 : INFO : EventManager : Event: ======'mode_hurryup_stopping'====== Args={}
2025-07-16 22:15:20,686 : INFO : Mode.hurryup : Stopped.
2025-07-16 22:15:20,686 : INFO : EventManager : Event: ======'modes_active_modes_changed'====== Args={}
2025-07-16 22:15:20,687 : INFO : EventManager : Event: ======'mode_hurryup_stopped'====== Args={}
2025-07-16 22:15:20,687 : INFO : EventManager : Event: ======'clear'====== Args={'key': 'hurryup'}
2025-07-16 22:15:20,687 : INFO : Timer.hurryup_timer : Stopping Timer
2025-07-16 22:15:20,688 : INFO : EventManager : Event: ======'timer_hurryup_timer_stopped'====== Args={'ticks': 25, 'ticks_remaining': 1}
2025-07-16 22:15:20,703 : INFO : EventManager : Event: ======'slide_hurryup_inactive'====== Args={'is_removing': True, '_from_bcp': True}
2025-07-16 22:15:20,703 : INFO : EventManager : Event: ======'slide_base_slide_active'====== Args={'_from_bcp': True}
2025-07-16 22:15:20,704 : INFO : EventManager : Event: ======'slide_hurryup_removed'====== Args={'_from_bcp': True}
2025-07-16 22:15:22,068 : INFO : EventManager : Event: ======'balldevice_bd_trough_ball_eject_failed'====== Args={'target': <ball_device.bd_plunger>, 'balls': 1, 'retry': True, 'num_attempts': 1}
2025-07-16 22:15:22,077 : INFO : ball_device.bd_trough : State: waiting_for_target_ready
2025-07-16 22:15:22,077 : INFO : EventManager : Event: ======'balldevice_bd_trough_ball_eject_attempt'====== Args={'balls': 1, 'target': <ball_device.bd_plunger>, 'source': <ball_device.bd_trough>, 'mechanical_eject': False, 'num_attempts': 1}
2025-07-16 22:15:22,078 : INFO : ball_device.bd_trough : State: ejecting
2025-07-16 22:15:22,078 : INFO : ball_device.bd_trough : Ejecting ball to <ball_device.bd_plunger>
2025-07-16 22:15:22,078 : INFO : EventManager : Event: ======'balldevice_bd_trough_ejecting_ball'====== Args={'balls': 1, 'target': <ball_device.bd_plunger>, 'source': <ball_device.bd_trough>, 'mechanical_eject': False, 'num_attempts': 1}
2025-07-16 22:15:22,079 : INFO : ball_device.bd_trough : Wait for ball to leave device
2025-07-16 22:15:22,079 : INFO : coil.c_trough_eject : Pulsing Driver for 10ms (1.0 pulse_power)
2025-07-16 22:15:23,536 : INFO : Machine : Shutting down...
2025-07-16 22:15:23,537 : INFO : EventManager : Event: ======'shutdown'====== Args={}
2025-07-16 22:15:23,540 : INFO : EventManager : Event: ======'mode_game_will_stop'====== Args={}
2025-07-16 22:15:23,540 : INFO : EventManager : Event: ======'mode_game_stopping'====== Args={}
2025-07-16 22:15:23,541 : INFO : EventManager : Event: ======'mode_bumpers_will_stop'====== Args={}
2025-07-16 22:15:23,541 : INFO : EventManager : Event: ======'mode_bumpers_stopping'====== Args={}
2025-07-16 22:15:23,541 : INFO : EventManager : Event: ======'mode_base_will_stop'====== Args={}
2025-07-16 22:15:23,541 : INFO : EventManager : Event: ======'mode_base_stopping'====== Args={}
2025-07-16 22:15:23,542 : INFO : EventManager : Event: ======'stop_mode_bumpers'====== Args={'priority': 0}
2025-07-16 22:15:23,542 : INFO : EventManager : Event: ======'stop_mode_gizmo_multi'====== Args={'priority': 0}
2025-07-16 22:15:23,542 : INFO : Mode.base : Stopped.
2025-07-16 22:15:23,542 : INFO : EventManager : Event: ======'modes_active_modes_changed'====== Args={}
2025-07-16 22:15:23,542 : INFO : EventManager : Event: ======'mode_base_stopped'====== Args={}
2025-07-16 22:15:23,542 : INFO : EventManager : Event: ======'clear'====== Args={'key': 'base'}
2025-07-16 22:15:23,543 : INFO : Mode.bumpers : Stopped.
2025-07-16 22:15:23,543 : INFO : EventManager : Event: ======'modes_active_modes_changed'====== Args={}
2025-07-16 22:15:23,543 : INFO : EventManager : Event: ======'mode_bumpers_stopped'====== Args={}
2025-07-16 22:15:23,543 : INFO : EventManager : Event: ======'clear'====== Args={'key': 'bumpers'}
2025-07-16 22:15:23,544 : INFO : Mode.game : Stopped.
2025-07-16 22:15:23,544 : INFO : EventManager : Event: ======'modes_active_modes_changed'====== Args={}
2025-07-16 22:15:23,544 : INFO : EventManager : Event: ======'mode_game_stopped'====== Args={}
2025-07-16 22:15:23,544 : INFO : EventManager : Event: ======'clear'====== Args={'key': 'game'}
2025-07-16 22:15:23,547 : INFO : root : MPF run loop ended.
