2025-07-16 17:39:18,580 : INFO : root : Loading config.
2025-07-16 17:39:18,582 : INFO : YamlMultifileConfigLoader : Machine config file #1: config.yaml
2025-07-16 17:39:18,582 : INFO : ConfigProcessor : Loading config from cache: /var/folders/pz/vf5_w96n7hl70j30jzrp_64r0000gp/T/4b0446b065373c01774765373fc5a010.mpf_cache
2025-07-16 17:39:18,599 : INFO : ConfigProcessor : Loading config from cache: /var/folders/pz/vf5_w96n7hl70j30jzrp_64r0000gp/T/8c6758dff4d969b46729a501e1f9b5a2.mpf_cache
2025-07-16 17:39:18,600 : INFO : ConfigProcessor : Loading config from cache: /var/folders/pz/vf5_w96n7hl70j30jzrp_64r0000gp/T/86b9553ee9e8fe91c4c341498a1256c7.mpf_cache
2025-07-16 17:39:18,600 : INFO : ConfigProcessor : Loading config from cache: /var/folders/pz/vf5_w96n7hl70j30jzrp_64r0000gp/T/8c6758dff4d969b46729a501e1f9b5a2.mpf_cache
2025-07-16 17:39:18,600 : INFO : ConfigProcessor : Loading config from cache: /var/folders/pz/vf5_w96n7hl70j30jzrp_64r0000gp/T/fe908dde2db5cc7f24a22ccd0c690388.mpf_cache
2025-07-16 17:39:18,600 : WARNING : ConfigProcessor : Config file in cache changed: /Users/craig/Documents/Pinball/Gremlins/modes/bumpers/config/bumpers.yaml
2025-07-16 17:39:18,600 : INFO : ConfigProcessor : Loading config from file /Users/craig/Documents/Pinball/Gremlins/modes/bumpers/config/bumpers.yaml.
2025-07-16 17:39:18,601 : INFO : ConfigProcessor : Loading config: /Users/craig/Documents/Pinball/Gremlins/modes/bumpers/config/bumpers.yaml
2025-07-16 17:39:18,601 : INFO : ConfigProcessor : Config file cache created: /var/folders/pz/vf5_w96n7hl70j30jzrp_64r0000gp/T/c87d87d711c9e63e2e052ce58df60d5a.mpf_cache
2025-07-16 17:39:18,601 : INFO : ConfigProcessor : Loading config from cache: /var/folders/pz/vf5_w96n7hl70j30jzrp_64r0000gp/T/2285102ea814fec0736640417091917b.mpf_cache
2025-07-16 17:39:18,601 : INFO : Machine : Mission Pinball Framework Core Engine v0.80.0.dev8
2025-07-16 17:39:18,601 : INFO : Machine : Command line arguments: {'no_load_cache': False, 'create_config_cache': True, 'bcp': True, 'configfile': ['config.yaml'], 'force_assets_load': False, 'platform_integration_test': False, 'jsonlogging': False, 'logfile': 'logs/2025-07-16-17-39-18-mpf-Craigs-MacBook-Pro.local.log', 'pause': False, 'production': False, 'text_ui': False, 'loglevel': 15, 'consoleloglevel': 20, 'force_platform': 'virtual', 'syslog_address': None, 'full_logfile_path': '/Users/craig/Documents/Pinball/Gremlins/logs/2025-07-16-17-39-18-mpf-Craigs-MacBook-Pro.local.log'}
2025-07-16 17:39:18,601 : INFO : Machine : MPF path: /Users/craig/mpf-080/lib/python3.12/site-packages/mpf
2025-07-16 17:39:18,601 : INFO : Machine : Machine path: /Users/craig/Documents/Pinball/Gremlins
2025-07-16 17:39:18,601 : INFO : Machine : Platform: darwin
2025-07-16 17:39:18,601 : INFO : Machine : Python executable location: /Users/craig/mpf-080/bin/python3.12
2025-07-16 17:39:18,601 : INFO : Machine : Python version: 3.12.7 (64-bit)
2025-07-16 17:39:18,602 : INFO : Machine : Initializing MPF...
2025-07-16 17:39:18,616 : INFO : EventManager : Event: ======'machine_var_credits_string'====== Args={'value': 'FREE PLAY', 'prev_value': None, 'change': True}
2025-07-16 17:39:18,620 : INFO : EventManager : Event: ======'machine_var_master_volume'====== Args={'value': 0.5, 'prev_value': None, 'change': True}
2025-07-16 17:39:18,620 : INFO : EventManager : Event: ======'machine_var_mpf_version'====== Args={'value': 'Mission Pinball Framework v0.80.0.dev8', 'prev_value': None, 'change': True}
2025-07-16 17:39:18,620 : INFO : EventManager : Event: ======'machine_var_mpf_extended_version'====== Args={'value': 'Mission Pinball Framework v0.80.0.dev8, Config version:6, Show version: 6, BCP version:1.1', 'prev_value': None, 'change': True}
2025-07-16 17:39:18,620 : INFO : EventManager : Event: ======'machine_var_python_version'====== Args={'value': '3.12.7', 'prev_value': None, 'change': True}
2025-07-16 17:39:18,628 : INFO : EventManager : Event: ======'machine_var_platform'====== Args={'value': 'macOS-14.7.6-arm64-arm-64bit', 'prev_value': None, 'change': True}
2025-07-16 17:39:18,628 : INFO : EventManager : Event: ======'machine_var_platform_system'====== Args={'value': 'Darwin', 'prev_value': None, 'change': True}
2025-07-16 17:39:18,628 : INFO : EventManager : Event: ======'machine_var_platform_release'====== Args={'value': '23.6.0', 'prev_value': None, 'change': True}
2025-07-16 17:39:18,628 : INFO : EventManager : Event: ======'machine_var_platform_version'====== Args={'value': 'Darwin Kernel Version 23.6.0: Thu Apr 24 20:29:18 PDT 2025; root:xnu-10063.141.1.705.2~1/RELEASE_ARM64_T6000', 'prev_value': None, 'change': True}
2025-07-16 17:39:18,628 : INFO : EventManager : Event: ======'machine_var_platform_machine'====== Args={'value': 'arm64', 'prev_value': None, 'change': True}
2025-07-16 17:39:18,628 : INFO : EventManager : Event: ======'machine_var_log_file_path'====== Args={'value': '/Users/craig/Documents/Pinball/Gremlins/logs/2025-07-16-17-39-18-mpf-Craigs-MacBook-Pro.local.log', 'prev_value': None, 'change': True}
2025-07-16 17:39:18,628 : INFO : EventManager : Event: ======'init_phase_1'====== Args={}
2025-07-16 17:39:18,633 : INFO : EventManager : Event: ======'init_phase_2'====== Args={}
2025-07-16 17:39:18,633 : INFO : SwitchController : Found active switch: (1006, <Platform.Virtual>) <switch.s_trough_1>
2025-07-16 17:39:18,633 : INFO : SwitchController : Found active switch: (1007, <Platform.Virtual>) <switch.s_trough_2>
2025-07-16 17:39:18,633 : INFO : SwitchController : Found active switch: (1008, <Platform.Virtual>) <switch.s_trough_3>
2025-07-16 17:39:18,633 : INFO : SwitchController : Found active switch: (1009, <Platform.Virtual>) <switch.s_trough_4>
2025-07-16 17:39:18,634 : INFO : EventManager : Event: ======'bcp_connection_attempt'====== Args={'name': 'local_display', 'host': 'localhost', 'port': 5050}
2025-07-16 17:39:18,635 : INFO : BCPClientSocket : Connecting BCP to 'local_display' at localhost:5050...
2025-07-16 17:39:18,638 : INFO : BCPClientSocket : Connected BCP to 'local_display' localhost:5050
2025-07-16 17:39:18,638 : INFO : EventManager : Event: ======'bcp_clients_connected'====== Args={}
2025-07-16 17:39:18,638 : INFO : ball_device.bd_plunger : BCH: Initial count: 0
2025-07-16 17:39:18,638 : INFO : ball_device.bd_plunger : State: idle
2025-07-16 17:39:18,638 : INFO : ball_device.bd_trough : BCH: Initial count: 4
2025-07-16 17:39:18,639 : INFO : ball_device.bd_trough : State: idle
2025-07-16 17:39:18,641 : INFO : EventManager : Event: ======'init_phase_3'====== Args={}
2025-07-16 17:39:18,642 : INFO : EventManager : Event: ======'init_phase_4'====== Args={}
2025-07-16 17:39:18,642 : INFO : BallController : Initial balls found: 4
2025-07-16 17:39:18,642 : INFO : EventManager : Event: ======'machine_var_audits_events_game_ended'====== Args={'value': 0, 'prev_value': None, 'change': True}
2025-07-16 17:39:18,642 : INFO : EventManager : Event: ======'machine_var_audits_events_game_started'====== Args={'value': 8, 'prev_value': None, 'change': True}
2025-07-16 17:39:18,642 : INFO : EventManager : Event: ======'machine_var_audits_missing_switches_s_bumper_left'====== Args={'value': 3, 'prev_value': None, 'change': True}
2025-07-16 17:39:18,642 : INFO : EventManager : Event: ======'machine_var_audits_missing_switches_s_bumper_right'====== Args={'value': 3, 'prev_value': None, 'change': True}
2025-07-16 17:39:18,642 : INFO : EventManager : Event: ======'machine_var_audits_missing_switches_s_left_lane'====== Args={'value': 1, 'prev_value': None, 'change': True}
2025-07-16 17:39:18,642 : INFO : EventManager : Event: ======'machine_var_audits_missing_switches_s_plunger_lane'====== Args={'value': 8, 'prev_value': None, 'change': True}
2025-07-16 17:39:18,642 : INFO : EventManager : Event: ======'machine_var_audits_missing_switches_s_start'====== Args={'value': 1, 'prev_value': None, 'change': True}
2025-07-16 17:39:18,642 : INFO : EventManager : Event: ======'machine_var_audits_missing_switches_s_trough_1'====== Args={'value': 8, 'prev_value': None, 'change': True}
2025-07-16 17:39:18,642 : INFO : EventManager : Event: ======'machine_var_audits_missing_switches_s_trough_2'====== Args={'value': 8, 'prev_value': None, 'change': True}
2025-07-16 17:39:18,642 : INFO : EventManager : Event: ======'machine_var_audits_missing_switches_s_trough_3'====== Args={'value': 8, 'prev_value': None, 'change': True}
2025-07-16 17:39:18,642 : INFO : EventManager : Event: ======'machine_var_audits_missing_switches_s_trough_4'====== Args={'value': 8, 'prev_value': None, 'change': True}
2025-07-16 17:39:18,642 : INFO : EventManager : Event: ======'machine_var_audits_player_score'====== Args={'value': {'average': 0, 'top': [], 'total': 0}, 'prev_value': None, 'change': True}
2025-07-16 17:39:18,642 : INFO : EventManager : Event: ======'machine_var_audits_shots_bumper_left'====== Args={'value': 16, 'prev_value': None, 'change': True}
2025-07-16 17:39:18,642 : INFO : EventManager : Event: ======'machine_var_audits_shots_bumper_right'====== Args={'value': 26, 'prev_value': None, 'change': True}
2025-07-16 17:39:18,642 : INFO : EventManager : Event: ======'machine_var_audits_shots_hurryup'====== Args={'value': 6, 'prev_value': None, 'change': True}
2025-07-16 17:39:18,642 : INFO : EventManager : Event: ======'machine_var_audits_shots_left_lane'====== Args={'value': 15, 'prev_value': None, 'change': True}
2025-07-16 17:39:18,642 : INFO : EventManager : Event: ======'machine_var_audits_switches_s_bumper_left'====== Args={'value': 16, 'prev_value': None, 'change': True}
2025-07-16 17:39:18,642 : INFO : EventManager : Event: ======'machine_var_audits_switches_s_bumper_right'====== Args={'value': 26, 'prev_value': None, 'change': True}
2025-07-16 17:39:18,642 : INFO : EventManager : Event: ======'machine_var_audits_switches_s_flipper_left'====== Args={'value': 31, 'prev_value': None, 'change': True}
2025-07-16 17:39:18,642 : INFO : EventManager : Event: ======'machine_var_audits_switches_s_flipper_right'====== Args={'value': 54, 'prev_value': None, 'change': True}
2025-07-16 17:39:18,642 : INFO : EventManager : Event: ======'machine_var_audits_switches_s_left_lane'====== Args={'value': 15, 'prev_value': None, 'change': True}
2025-07-16 17:39:18,642 : INFO : EventManager : Event: ======'machine_var_audits_switches_s_plunger_lane'====== Args={'value': 0, 'prev_value': None, 'change': True}
2025-07-16 17:39:18,642 : INFO : EventManager : Event: ======'machine_var_audits_switches_s_start'====== Args={'value': 2, 'prev_value': None, 'change': True}
2025-07-16 17:39:18,642 : INFO : EventManager : Event: ======'machine_var_audits_switches_s_trough_1'====== Args={'value': 0, 'prev_value': None, 'change': True}
2025-07-16 17:39:18,643 : INFO : EventManager : Event: ======'machine_var_audits_switches_s_trough_2'====== Args={'value': 0, 'prev_value': None, 'change': True}
2025-07-16 17:39:18,643 : INFO : EventManager : Event: ======'machine_var_audits_switches_s_trough_3'====== Args={'value': 0, 'prev_value': None, 'change': True}
2025-07-16 17:39:18,643 : INFO : EventManager : Event: ======'machine_var_audits_switches_s_trough_4'====== Args={'value': 0, 'prev_value': None, 'change': True}
2025-07-16 17:39:18,643 : INFO : EventManager : Event: ======'init_phase_5'====== Args={}
2025-07-16 17:39:18,643 : INFO : EventManager : Event: ======'init_done'====== Args={}
2025-07-16 17:39:18,643 : INFO : EventManager : Event: ======'machine_reset_phase_1'====== Args={}
2025-07-16 17:39:18,650 : INFO : EventManager : Event: ======'machine_reset_phase_2'====== Args={}
2025-07-16 17:39:18,650 : INFO : EventManager : Event: ======'machine_reset_phase_3'====== Args={}
2025-07-16 17:39:18,650 : INFO : EventManager : Event: ======'reset_complete'====== Args={}
2025-07-16 17:39:18,650 : INFO : EventManager : Event: ======'mode_attract_will_start'====== Args={}
2025-07-16 17:39:18,651 : INFO : Timer.attract_carousel_timer : Starting Timer.
2025-07-16 17:39:18,651 : INFO : EventManager : Event: ======'timer_attract_carousel_timer_started'====== Args={'ticks': 0, 'ticks_remaining': 1}
2025-07-16 17:39:18,651 : INFO : EventManager : Event: ======'timer_attract_carousel_timer_tick'====== Args={'ticks': 0, 'ticks_remaining': 1}
2025-07-16 17:39:18,651 : INFO : EventManager : Event: ======'mode_attract_starting'====== Args={}
2025-07-16 17:39:18,651 : INFO : Mode.attract : Started. Priority: 10
2025-07-16 17:39:18,651 : INFO : EventManager : Event: ======'modes_active_modes_changed'====== Args={}
2025-07-16 17:39:18,651 : INFO : EventManager : Event: ======'mode_attract_started'====== Args={}
2025-07-16 17:39:18,651 : INFO : EventManager : Event: ======'collecting_balls_complete'====== Args={}
2025-07-16 17:39:18,651 : INFO : EventManager : Event: ======'item_highlighted'====== Args={'carousel': 'attract', 'direction': None, 'item': 'press_start'}
2025-07-16 17:39:18,652 : INFO : EventManager : Event: ======'timer_attract_carousel_timer_tick'====== Args={'ticks': 0, 'ticks_remaining': 1}
2025-07-16 17:39:18,652 : INFO : Machine : Starting the main run loop with active modes: [<Mode.attract>]
2025-07-16 17:39:18,794 : INFO : EventManager : Event: ======'slide_attract_created'====== Args={'_from_bcp': True}
2025-07-16 17:39:18,794 : INFO : EventManager : Event: ======'slide__removed'====== Args={'_from_bcp': True}
2025-07-16 17:39:18,794 : INFO : EventManager : Event: ======'slide_attract_active'====== Args={'original_context': 'attract', 'original_calling_context': 'mode_attract_started', 'priority': 10.0, 'cmd': 'slides_play', '_from_bcp': True}
2025-07-16 17:39:20,941 : INFO : SwitchController : <<<<<<< 's_start' active >>>>>>>
2025-07-16 17:39:21,028 : INFO : SwitchController : <<<<<<< 's_start' inactive >>>>>>>
2025-07-16 17:39:21,028 : INFO : EventManager : Event: ======'request_to_start_game'====== Args={}
2025-07-16 17:39:21,029 : INFO : EventManager : Event: ======'game_start'====== Args={'buttons': [], 'hold_time': 0.0862976249991334}
2025-07-16 17:39:21,029 : INFO : EventManager : Event: ======'mode_game_will_start'====== Args={'buttons': [], 'hold_time': 0.0862976249991334}
2025-07-16 17:39:21,031 : INFO : EventManager : Event: ======'mode_game_starting'====== Args={'buttons': [], 'hold_time': 0.0862976249991334}
2025-07-16 17:39:21,031 : INFO : EventManager : Event: ======'mode_attract_will_stop'====== Args={}
2025-07-16 17:39:21,031 : INFO : EventManager : Event: ======'mode_attract_stopping'====== Args={}
2025-07-16 17:39:21,031 : INFO : Mode.attract : Stopped.
2025-07-16 17:39:21,031 : INFO : EventManager : Event: ======'modes_active_modes_changed'====== Args={}
2025-07-16 17:39:21,032 : INFO : EventManager : Event: ======'mode_attract_stopped'====== Args={}
2025-07-16 17:39:21,032 : INFO : EventManager : Event: ======'clear'====== Args={'key': 'attract'}
2025-07-16 17:39:21,033 : INFO : Timer.attract_carousel_timer : Stopping Timer
2025-07-16 17:39:21,033 : INFO : EventManager : Event: ======'timer_attract_carousel_timer_stopped'====== Args={'ticks': 0, 'ticks_remaining': 1}
2025-07-16 17:39:21,033 : INFO : Mode.game : Started. Priority: 20
2025-07-16 17:39:21,033 : INFO : EventManager : Event: ======'modes_active_modes_changed'====== Args={}
2025-07-16 17:39:21,033 : INFO : EventManager : Event: ======'mode_game_started'====== Args={'buttons': [], 'hold_time': 0.0862976249991334}
2025-07-16 17:39:21,037 : INFO : EventManager : Event: ======'game_will_start'====== Args={}
2025-07-16 17:39:21,038 : INFO : EventManager : Event: ======'game_starting'====== Args={'game': <Mode.game>}
2025-07-16 17:39:21,039 : INFO : EventManager : Unordered handler for class <Auditor> on event game_ended with priority 1. Handlers: [RegisteredHandler(callback=<bound method Auditor.disable of <Auditor>>, priority=1, kwargs={}, key=UUID('a4bce934-1206-4676-a70e-7f6262783f3e'), condition=None, blocking_facility=None), RegisteredHandler(callback=<bound method Auditor._save_audits of <Auditor>>, priority=1, kwargs={}, key=UUID('13e32f00-0d9e-4768-93ea-00a1c7048066'), condition=None, blocking_facility=None)]. The order of those handlers is not defined and they will be executed in random order. This might lead to race conditions and potential bugs.
2025-07-16 17:39:21,039 : INFO : EventManager : Event: ======'player_add_request'====== Args={}
2025-07-16 17:39:21,039 : INFO : EventManager : Event: ======'player_will_add'====== Args={'number': 1}
2025-07-16 17:39:21,039 : INFO : EventManager : Event: ======'player_adding'====== Args={'player': <Player 1>, 'number': 1}
2025-07-16 17:39:21,040 : INFO : EventManager : Event: ======'player_added'====== Args={'player': <Player 1>, 'num': 1}
2025-07-16 17:39:21,040 : INFO : Mode.game : Player added successfully. Total players: 1
2025-07-16 17:39:21,040 : INFO : EventManager : Event: ======'player_index'====== Args={'value': 0, 'prev_value': 0, 'change': 0, 'player_num': 1}
2025-07-16 17:39:21,040 : INFO : EventManager : Event: ======'player_number'====== Args={'value': 1, 'prev_value': 1, 'change': 0, 'player_num': 1}
2025-07-16 17:39:21,041 : INFO : EventManager : Event: ======'player_score'====== Args={'value': 0, 'prev_value': 0, 'change': 0, 'player_num': 1}
2025-07-16 17:39:21,044 : INFO : EventManager : Event: ======'game_started'====== Args={}
2025-07-16 17:39:21,046 : INFO : EventManager : Event: ======'player_turn_will_start'====== Args={'player': <Player 1>, 'number': 1}
2025-07-16 17:39:21,054 : INFO : EventManager : Event: ======'player_turn_starting'====== Args={'player': <Player 1>, 'number': 1}
2025-07-16 17:39:21,055 : INFO : EventManager : Event: ======'player_ball'====== Args={'value': 1, 'prev_value': 0, 'change': 1, 'player_num': 1}
2025-07-16 17:39:21,056 : INFO : EventManager : Event: ======'player_turn_started'====== Args={'player': <Player 1>, 'number': 1}
2025-07-16 17:39:21,059 : INFO : EventManager : Event: ======'ball_will_start'====== Args={'player': 1, 'ball': 1, 'balls_remaining': 2, 'is_extra_ball': False}
2025-07-16 17:39:21,060 : INFO : EventManager : Event: ======'ball_starting'====== Args={'player': 1, 'ball': 1, 'balls_remaining': 2, 'is_extra_ball': False}
2025-07-16 17:39:21,061 : INFO : EventManager : Event: ======'mode_base_will_start'====== Args={'queue': <QueuedEvent>, 'player': 1, 'ball': 1, 'balls_remaining': 2, 'is_extra_ball': False}
2025-07-16 17:39:21,061 : INFO : EventManager : Event: ======'player_shot_left_lane_enabled'====== Args={'value': True, 'prev_value': 0, 'change': 1, 'player_num': 1}
2025-07-16 17:39:21,062 : INFO : EventManager : Event: ======'mode_base_starting'====== Args={'queue': <QueuedEvent>, 'player': 1, 'ball': 1, 'balls_remaining': 2, 'is_extra_ball': False}
2025-07-16 17:39:21,063 : INFO : Mode.base : Started. Priority: 100
2025-07-16 17:39:21,063 : INFO : EventManager : Event: ======'modes_active_modes_changed'====== Args={}
2025-07-16 17:39:21,063 : INFO : EventManager : Event: ======'mode_base_started'====== Args={'queue': <QueuedEvent>, 'player': 1, 'ball': 1, 'balls_remaining': 2, 'is_extra_ball': False}
2025-07-16 17:39:21,063 : INFO : EventManager : Event: ======'start_mode_bumpers'====== Args={'priority': 0}
2025-07-16 17:39:21,063 : INFO : EventManager : Event: ======'mode_bumpers_will_start'====== Args={'priority': 0}
2025-07-16 17:39:21,064 : INFO : EventManager : Event: ======'player_shot_bumper_left_enabled'====== Args={'value': True, 'prev_value': 0, 'change': 1, 'player_num': 1}
2025-07-16 17:39:21,064 : INFO : EventManager : Event: ======'player_shot_bumper_right_enabled'====== Args={'value': True, 'prev_value': 0, 'change': 1, 'player_num': 1}
2025-07-16 17:39:21,064 : INFO : EventManager : Event: ======'bumpers_complete'====== Args={'state': 'unlit'}
2025-07-16 17:39:21,064 : INFO : EventManager : Event: ======'bumpers_unlit_complete'====== Args={}
2025-07-16 17:39:21,065 : INFO : EventManager : Event: ======'mode_bumpers_starting'====== Args={'priority': 0}
2025-07-16 17:39:21,065 : INFO : Mode.bumpers : Started. Priority: 200
2025-07-16 17:39:21,065 : INFO : EventManager : Event: ======'modes_active_modes_changed'====== Args={}
2025-07-16 17:39:21,065 : INFO : EventManager : Event: ======'mode_bumpers_started'====== Args={'priority': 0}
2025-07-16 17:39:21,066 : INFO : EventManager : Event: ======'balls_in_play'====== Args={'balls': 1}
2025-07-16 17:39:21,066 : INFO : EventManager : Event: ======'ball_started'====== Args={'player': 1, 'ball': 1, 'balls_remaining': 2, 'is_extra_ball': False}
2025-07-16 17:39:21,067 : INFO : EventManager : Event: ======'single_player_ball_started'====== Args={}
2025-07-16 17:39:21,067 : INFO : EventManager : Event: ======'ball_start_target'====== Args={'target': 'playfield'}
2025-07-16 17:39:21,067 : INFO : ball_device.bd_trough : Setting up player-controlled eject. Balls: 1, Target: <playfield.playfield>, player_controlled_eject_event: None
2025-07-16 17:39:21,068 : INFO : ball_device.bd_trough : Adding 1 ball(s) to the eject_queue with target <playfield.playfield>.
2025-07-16 17:39:21,068 : INFO : EventManager : Event: ======'balldevice_balls_available'====== Args={}
2025-07-16 17:39:21,069 : INFO : ball_device.bd_trough : State: waiting_for_target_ready
2025-07-16 17:39:21,069 : INFO : EventManager : Event: ======'balldevice_bd_trough_ball_eject_attempt'====== Args={'balls': 1, 'target': <ball_device.bd_plunger>, 'source': <ball_device.bd_trough>, 'mechanical_eject': False, 'num_attempts': 0}
2025-07-16 17:39:21,069 : INFO : ball_device.bd_plunger : State: waiting_for_ball
2025-07-16 17:39:21,070 : INFO : ball_device.bd_trough : State: ejecting
2025-07-16 17:39:21,070 : INFO : ball_device.bd_trough : Ejecting ball to <ball_device.bd_plunger>
2025-07-16 17:39:21,070 : INFO : EventManager : Event: ======'balldevice_bd_trough_ejecting_ball'====== Args={'balls': 1, 'target': <ball_device.bd_plunger>, 'source': <ball_device.bd_trough>, 'mechanical_eject': False, 'num_attempts': 0}
2025-07-16 17:39:21,070 : INFO : ball_device.bd_trough : Wait for ball to leave device
2025-07-16 17:39:21,070 : INFO : coil.c_trough_eject : Pulsing Driver for 10ms (1.0 pulse_power)
2025-07-16 17:39:21,138 : INFO : EventManager : Event: ======'slide_base_slide_created'====== Args={'_from_bcp': True}
2025-07-16 17:39:21,138 : INFO : EventManager : Event: ======'slide_attract_inactive'====== Args={'is_removing': True, '_from_bcp': True}
2025-07-16 17:39:21,139 : INFO : EventManager : Event: ======'slide_base_slide_active'====== Args={'original_context': 'base', 'original_calling_context': 'mode_base_started', 'priority': 100.0, 'queue': '<QueuedEvent>', 'player': 1.0, 'ball': 1.0, 'balls_remaining': 2.0, 'is_extra_ball': False, 'cmd': 'slides_play', '_from_bcp': True}
2025-07-16 17:39:21,139 : INFO : EventManager : Event: ======'slide_attract_removed'====== Args={'_from_bcp': True}
2025-07-16 17:39:22,025 : INFO : SwitchController : <<<<<<< 's_flipper_left' active >>>>>>>
2025-07-16 17:39:22,026 : INFO : EventManager : Event: ======'machine_var_audits_switches_s_flipper_left'====== Args={'value': 32, 'prev_value': 31, 'change': 1}
2025-07-16 17:39:22,033 : INFO : SwitchController : <<<<<<< 's_flipper_right' active >>>>>>>
2025-07-16 17:39:22,034 : INFO : EventManager : Event: ======'flipper_cancel'====== Args={'triggering_group': 2, 'triggering_switch': 's_flipper_right'}
2025-07-16 17:39:22,034 : INFO : EventManager : Event: ======'machine_var_audits_switches_s_flipper_right'====== Args={'value': 55, 'prev_value': 54, 'change': 1}
2025-07-16 17:39:22,101 : INFO : SwitchController : <<<<<<< 's_flipper_left' inactive >>>>>>>
2025-07-16 17:39:22,102 : INFO : EventManager : Event: ======'both_flippers_one'====== Args={'triggering_group': 1, 'triggering_switch': 's_flipper_left'}
2025-07-16 17:39:22,106 : INFO : SwitchController : <<<<<<< 's_flipper_right' inactive >>>>>>>
2025-07-16 17:39:22,106 : INFO : EventManager : Event: ======'both_flippers_inactive'====== Args={'triggering_group': 2, 'triggering_switch': 's_flipper_right'}
2025-07-16 17:39:22,382 : INFO : SwitchController : <<<<<<< 's_flipper_right' active >>>>>>>
2025-07-16 17:39:22,382 : INFO : EventManager : Event: ======'machine_var_audits_switches_s_flipper_right'====== Args={'value': 56, 'prev_value': 55, 'change': 1}
2025-07-16 17:39:22,439 : INFO : SwitchController : <<<<<<< 's_flipper_right' inactive >>>>>>>
2025-07-16 17:39:22,526 : INFO : SwitchController : <<<<<<< 's_flipper_left' active >>>>>>>
2025-07-16 17:39:22,527 : INFO : EventManager : Event: ======'machine_var_audits_switches_s_flipper_left'====== Args={'value': 33, 'prev_value': 32, 'change': 1}
2025-07-16 17:39:22,599 : INFO : SwitchController : <<<<<<< 's_flipper_left' inactive >>>>>>>
2025-07-16 17:39:22,672 : INFO : SwitchController : <<<<<<< 's_flipper_right' active >>>>>>>
2025-07-16 17:39:22,672 : INFO : EventManager : Event: ======'machine_var_audits_switches_s_flipper_right'====== Args={'value': 57, 'prev_value': 56, 'change': 1}
2025-07-16 17:39:22,749 : INFO : SwitchController : <<<<<<< 's_flipper_left' active >>>>>>>
2025-07-16 17:39:22,749 : INFO : EventManager : Event: ======'flipper_cancel'====== Args={'triggering_group': 1, 'triggering_switch': 's_flipper_left'}
2025-07-16 17:39:22,749 : INFO : EventManager : Event: ======'machine_var_audits_switches_s_flipper_left'====== Args={'value': 34, 'prev_value': 33, 'change': 1}
2025-07-16 17:39:22,774 : INFO : SwitchController : <<<<<<< 's_flipper_right' inactive >>>>>>>
2025-07-16 17:39:22,775 : INFO : EventManager : Event: ======'both_flippers_one'====== Args={'triggering_group': 2, 'triggering_switch': 's_flipper_right'}
2025-07-16 17:39:22,823 : INFO : SwitchController : <<<<<<< 's_flipper_left' inactive >>>>>>>
2025-07-16 17:39:22,824 : INFO : EventManager : Event: ======'both_flippers_inactive'====== Args={'triggering_group': 1, 'triggering_switch': 's_flipper_left'}
2025-07-16 17:39:22,872 : INFO : SwitchController : <<<<<<< 's_flipper_right' active >>>>>>>
2025-07-16 17:39:22,872 : INFO : EventManager : Event: ======'machine_var_audits_switches_s_flipper_right'====== Args={'value': 58, 'prev_value': 57, 'change': 1}
2025-07-16 17:39:22,940 : INFO : SwitchController : <<<<<<< 's_flipper_left' active >>>>>>>
2025-07-16 17:39:22,940 : INFO : EventManager : Event: ======'flipper_cancel'====== Args={'triggering_group': 1, 'triggering_switch': 's_flipper_left'}
2025-07-16 17:39:22,940 : INFO : EventManager : Event: ======'machine_var_audits_switches_s_flipper_left'====== Args={'value': 35, 'prev_value': 34, 'change': 1}
2025-07-16 17:39:22,965 : INFO : SwitchController : <<<<<<< 's_flipper_right' inactive >>>>>>>
2025-07-16 17:39:22,966 : INFO : EventManager : Event: ======'both_flippers_one'====== Args={'triggering_group': 2, 'triggering_switch': 's_flipper_right'}
2025-07-16 17:39:22,998 : INFO : SwitchController : <<<<<<< 's_flipper_left' inactive >>>>>>>
2025-07-16 17:39:22,999 : INFO : EventManager : Event: ======'both_flippers_inactive'====== Args={'triggering_group': 1, 'triggering_switch': 's_flipper_left'}
2025-07-16 17:39:23,047 : INFO : SwitchController : <<<<<<< 's_flipper_right' active >>>>>>>
2025-07-16 17:39:23,048 : INFO : EventManager : Event: ======'machine_var_audits_switches_s_flipper_right'====== Args={'value': 59, 'prev_value': 58, 'change': 1}
2025-07-16 17:39:23,080 : INFO : SwitchController : <<<<<<< 's_flipper_left' active >>>>>>>
2025-07-16 17:39:23,081 : INFO : EventManager : Event: ======'flipper_cancel'====== Args={'triggering_group': 1, 'triggering_switch': 's_flipper_left'}
2025-07-16 17:39:23,081 : INFO : EventManager : Event: ======'machine_var_audits_switches_s_flipper_left'====== Args={'value': 36, 'prev_value': 35, 'change': 1}
2025-07-16 17:39:23,115 : INFO : SwitchController : <<<<<<< 's_flipper_right' inactive >>>>>>>
2025-07-16 17:39:23,116 : INFO : EventManager : Event: ======'both_flippers_one'====== Args={'triggering_group': 2, 'triggering_switch': 's_flipper_right'}
2025-07-16 17:39:23,169 : INFO : SwitchController : <<<<<<< 's_flipper_left' inactive >>>>>>>
2025-07-16 17:39:23,169 : INFO : EventManager : Event: ======'both_flippers_inactive'====== Args={'triggering_group': 1, 'triggering_switch': 's_flipper_left'}
2025-07-16 17:39:23,214 : INFO : SwitchController : <<<<<<< 's_flipper_right' active >>>>>>>
2025-07-16 17:39:23,215 : INFO : EventManager : Event: ======'machine_var_audits_switches_s_flipper_right'====== Args={'value': 60, 'prev_value': 59, 'change': 1}
2025-07-16 17:39:23,260 : INFO : SwitchController : <<<<<<< 's_flipper_left' active >>>>>>>
2025-07-16 17:39:23,260 : INFO : EventManager : Event: ======'flipper_cancel'====== Args={'triggering_group': 1, 'triggering_switch': 's_flipper_left'}
2025-07-16 17:39:23,261 : INFO : EventManager : Event: ======'machine_var_audits_switches_s_flipper_left'====== Args={'value': 37, 'prev_value': 36, 'change': 1}
2025-07-16 17:39:23,308 : INFO : SwitchController : <<<<<<< 's_flipper_right' inactive >>>>>>>
2025-07-16 17:39:23,309 : INFO : EventManager : Event: ======'both_flippers_one'====== Args={'triggering_group': 2, 'triggering_switch': 's_flipper_right'}
2025-07-16 17:39:23,339 : INFO : SwitchController : <<<<<<< 's_flipper_left' inactive >>>>>>>
2025-07-16 17:39:23,340 : INFO : EventManager : Event: ======'both_flippers_inactive'====== Args={'triggering_group': 1, 'triggering_switch': 's_flipper_left'}
2025-07-16 17:39:23,417 : INFO : SwitchController : <<<<<<< 's_flipper_right' active >>>>>>>
2025-07-16 17:39:23,417 : INFO : EventManager : Event: ======'machine_var_audits_switches_s_flipper_right'====== Args={'value': 61, 'prev_value': 60, 'change': 1}
2025-07-16 17:39:23,439 : INFO : SwitchController : <<<<<<< 's_flipper_left' active >>>>>>>
2025-07-16 17:39:23,439 : INFO : EventManager : Event: ======'flipper_cancel'====== Args={'triggering_group': 1, 'triggering_switch': 's_flipper_left'}
2025-07-16 17:39:23,440 : INFO : EventManager : Event: ======'machine_var_audits_switches_s_flipper_left'====== Args={'value': 38, 'prev_value': 37, 'change': 1}
2025-07-16 17:39:23,473 : INFO : SwitchController : <<<<<<< 's_flipper_right' inactive >>>>>>>
2025-07-16 17:39:23,473 : INFO : EventManager : Event: ======'both_flippers_one'====== Args={'triggering_group': 2, 'triggering_switch': 's_flipper_right'}
2025-07-16 17:39:23,522 : INFO : SwitchController : <<<<<<< 's_flipper_left' inactive >>>>>>>
2025-07-16 17:39:23,522 : INFO : EventManager : Event: ======'both_flippers_inactive'====== Args={'triggering_group': 1, 'triggering_switch': 's_flipper_left'}
2025-07-16 17:39:23,583 : INFO : SwitchController : <<<<<<< 's_flipper_right' active >>>>>>>
2025-07-16 17:39:23,584 : INFO : EventManager : Event: ======'machine_var_audits_switches_s_flipper_right'====== Args={'value': 62, 'prev_value': 61, 'change': 1}
2025-07-16 17:39:23,648 : INFO : SwitchController : <<<<<<< 's_flipper_left' active >>>>>>>
2025-07-16 17:39:23,650 : INFO : EventManager : Event: ======'flipper_cancel'====== Args={'triggering_group': 1, 'triggering_switch': 's_flipper_left'}
2025-07-16 17:39:23,650 : INFO : EventManager : Event: ======'machine_var_audits_switches_s_flipper_left'====== Args={'value': 39, 'prev_value': 38, 'change': 1}
2025-07-16 17:39:23,658 : INFO : SwitchController : <<<<<<< 's_flipper_right' inactive >>>>>>>
2025-07-16 17:39:23,658 : INFO : EventManager : Event: ======'both_flippers_one'====== Args={'triggering_group': 2, 'triggering_switch': 's_flipper_right'}
2025-07-16 17:39:23,757 : INFO : SwitchController : <<<<<<< 's_flipper_right' active >>>>>>>
2025-07-16 17:39:23,758 : INFO : EventManager : Event: ======'flipper_cancel'====== Args={'triggering_group': 2, 'triggering_switch': 's_flipper_right'}
2025-07-16 17:39:23,758 : INFO : EventManager : Event: ======'machine_var_audits_switches_s_flipper_right'====== Args={'value': 63, 'prev_value': 62, 'change': 1}
2025-07-16 17:39:23,803 : INFO : SwitchController : <<<<<<< 's_flipper_left' inactive >>>>>>>
2025-07-16 17:39:23,804 : INFO : EventManager : Event: ======'both_flippers_one'====== Args={'triggering_group': 1, 'triggering_switch': 's_flipper_left'}
2025-07-16 17:39:23,831 : INFO : SwitchController : <<<<<<< 's_flipper_left' active >>>>>>>
2025-07-16 17:39:23,831 : INFO : EventManager : Event: ======'flipper_cancel'====== Args={'triggering_group': 1, 'triggering_switch': 's_flipper_left'}
2025-07-16 17:39:23,831 : INFO : EventManager : Event: ======'machine_var_audits_switches_s_flipper_left'====== Args={'value': 40, 'prev_value': 39, 'change': 1}
2025-07-16 17:39:23,889 : INFO : SwitchController : <<<<<<< 's_flipper_right' inactive >>>>>>>
2025-07-16 17:39:23,889 : INFO : EventManager : Event: ======'both_flippers_one'====== Args={'triggering_group': 2, 'triggering_switch': 's_flipper_right'}
2025-07-16 17:39:23,935 : INFO : SwitchController : <<<<<<< 's_flipper_left' inactive >>>>>>>
2025-07-16 17:39:23,936 : INFO : EventManager : Event: ======'both_flippers_inactive'====== Args={'triggering_group': 1, 'triggering_switch': 's_flipper_left'}
2025-07-16 17:39:24,040 : INFO : SwitchController : <<<<<<< 's_flipper_right' active >>>>>>>
2025-07-16 17:39:24,041 : INFO : EventManager : Event: ======'machine_var_audits_switches_s_flipper_right'====== Args={'value': 64, 'prev_value': 63, 'change': 1}
2025-07-16 17:39:24,074 : INFO : SwitchController : <<<<<<< 's_flipper_left' active >>>>>>>
2025-07-16 17:39:24,074 : INFO : EventManager : Event: ======'flipper_cancel'====== Args={'triggering_group': 1, 'triggering_switch': 's_flipper_left'}
2025-07-16 17:39:24,074 : INFO : EventManager : Event: ======'machine_var_audits_switches_s_flipper_left'====== Args={'value': 41, 'prev_value': 40, 'change': 1}
2025-07-16 17:39:24,119 : INFO : SwitchController : <<<<<<< 's_flipper_right' inactive >>>>>>>
2025-07-16 17:39:24,119 : INFO : EventManager : Event: ======'both_flippers_one'====== Args={'triggering_group': 2, 'triggering_switch': 's_flipper_right'}
2025-07-16 17:39:24,155 : INFO : SwitchController : <<<<<<< 's_flipper_left' inactive >>>>>>>
2025-07-16 17:39:24,156 : INFO : EventManager : Event: ======'both_flippers_inactive'====== Args={'triggering_group': 1, 'triggering_switch': 's_flipper_left'}
2025-07-16 17:39:24,272 : INFO : SwitchController : <<<<<<< 's_flipper_right' active >>>>>>>
2025-07-16 17:39:24,273 : INFO : EventManager : Event: ======'machine_var_audits_switches_s_flipper_right'====== Args={'value': 65, 'prev_value': 64, 'change': 1}
2025-07-16 17:39:24,298 : INFO : SwitchController : <<<<<<< 's_flipper_left' active >>>>>>>
2025-07-16 17:39:24,299 : INFO : EventManager : Event: ======'flipper_cancel'====== Args={'triggering_group': 1, 'triggering_switch': 's_flipper_left'}
2025-07-16 17:39:24,300 : INFO : EventManager : Event: ======'machine_var_audits_switches_s_flipper_left'====== Args={'value': 42, 'prev_value': 41, 'change': 1}
2025-07-16 17:39:24,330 : INFO : SwitchController : <<<<<<< 's_flipper_right' inactive >>>>>>>
2025-07-16 17:39:24,330 : INFO : EventManager : Event: ======'both_flippers_one'====== Args={'triggering_group': 2, 'triggering_switch': 's_flipper_right'}
2025-07-16 17:39:24,389 : INFO : SwitchController : <<<<<<< 's_flipper_left' inactive >>>>>>>
2025-07-16 17:39:24,389 : INFO : EventManager : Event: ======'both_flippers_inactive'====== Args={'triggering_group': 1, 'triggering_switch': 's_flipper_left'}
2025-07-16 17:39:28,182 : INFO : SwitchController : <<<<<<< 's_left_lane' active >>>>>>>
2025-07-16 17:39:28,182 : INFO : EventManager : Event: ======'playfield_active'====== Args={'source': 'hurryup'}
2025-07-16 17:39:28,182 : INFO : EventManager : Event: ======'unexpected_ball_on_playfield'====== Args={}
2025-07-16 17:39:28,182 : INFO : EventManager : Event: ======'playfield_active'====== Args={'source': 'left_lane'}
2025-07-16 17:39:28,182 : INFO : EventManager : Event: ======'unexpected_ball_on_playfield'====== Args={}
2025-07-16 17:39:28,182 : INFO : EventManager : Event: ======'s_left_lane_active'====== Args={}
2025-07-16 17:39:28,183 : INFO : EventManager : Event: ======'machine_var_audits_switches_s_left_lane'====== Args={'value': 16, 'prev_value': 15, 'change': 1}
2025-07-16 17:39:28,184 : INFO : EventManager : Event: ======'player_shot_left_lane'====== Args={'value': 1, 'prev_value': 0, 'change': 1, 'player_num': 1}
2025-07-16 17:39:28,191 : INFO : EventManager : Event: ======'machine_var_audits_shots_left_lane'====== Args={'value': 16, 'prev_value': 15, 'change': 1}
2025-07-16 17:39:28,191 : INFO : EventManager : Event: ======'left_lane_hit'====== Args={'profile': 'default', 'state': 'unlit', 'advancing': True}
2025-07-16 17:39:28,191 : INFO : EventManager : Event: ======'left_lane_default_hit'====== Args={'profile': 'default', 'state': 'unlit', 'advancing': True}
2025-07-16 17:39:28,191 : INFO : EventManager : Event: ======'left_lane_default_unlit_hit'====== Args={'profile': 'default', 'state': 'unlit', 'advancing': True}
2025-07-16 17:39:28,191 : INFO : EventManager : Event: ======'left_lane_unlit_hit'====== Args={'profile': 'default', 'state': 'unlit', 'advancing': True}
2025-07-16 17:39:28,192 : INFO : EventManager : Event: ======'start_mode_hurryup'====== Args={'priority': 0}
2025-07-16 17:39:28,192 : INFO : EventManager : Event: ======'mode_hurryup_will_start'====== Args={'priority': 0}
2025-07-16 17:39:28,193 : INFO : EventManager : Event: ======'player_shot_hurryup_enabled'====== Args={'value': True, 'prev_value': 0, 'change': 1, 'player_num': 1}
2025-07-16 17:39:28,193 : INFO : EventManager : Event: ======'player_hurryup_hurryup_timer_tick'====== Args={'value': 0, 'prev_value': 0, 'change': 0, 'player_num': 1}
2025-07-16 17:39:28,193 : INFO : Timer.hurryup_timer : Starting Timer.
2025-07-16 17:39:28,194 : INFO : EventManager : Event: ======'timer_hurryup_timer_started'====== Args={'ticks': 0, 'ticks_remaining': 25}
2025-07-16 17:39:28,194 : INFO : EventManager : Event: ======'timer_hurryup_timer_tick'====== Args={'ticks': 0, 'ticks_remaining': 25}
2025-07-16 17:39:28,195 : INFO : EventManager : Event: ======'mode_hurryup_starting'====== Args={'priority': 0}
2025-07-16 17:39:28,199 : INFO : Mode.hurryup : Started. Priority: 1000
2025-07-16 17:39:28,199 : INFO : EventManager : Event: ======'modes_active_modes_changed'====== Args={}
2025-07-16 17:39:28,199 : INFO : EventManager : Event: ======'mode_hurryup_started'====== Args={'priority': 0}
2025-07-16 17:39:28,231 : INFO : EventManager : Event: ======'slide_hurryup_created'====== Args={'_from_bcp': True}
2025-07-16 17:39:28,232 : INFO : EventManager : Event: ======'slide_base_slide_inactive'====== Args={'is_removing': False, '_from_bcp': True}
2025-07-16 17:39:28,232 : INFO : EventManager : Event: ======'slide_hurryup_active'====== Args={'original_context': 'hurryup', 'original_calling_context': 'mode_hurryup_started', 'priority': 1000.0, 'cmd': 'slides_play', '_from_bcp': True}
2025-07-16 17:39:28,315 : INFO : SwitchController : <<<<<<< 's_left_lane' inactive >>>>>>>
2025-07-16 17:39:28,398 : INFO : EventManager : Event: ======'player_hurryup_hurryup_timer_tick'====== Args={'value': 1, 'prev_value': 0, 'change': 1, 'player_num': 1}
2025-07-16 17:39:28,399 : INFO : EventManager : Event: ======'timer_hurryup_timer_tick'====== Args={'ticks': 1, 'ticks_remaining': 24}
2025-07-16 17:39:28,401 : INFO : EventManager : Event: ======'hurryup_value'====== Args={'priority': 0, 'current_hurryup': 98000}
2025-07-16 17:39:28,556 : INFO : SwitchController : <<<<<<< 's_left_lane' active >>>>>>>
2025-07-16 17:39:28,557 : INFO : EventManager : Event: ======'playfield_active'====== Args={'source': 'hurryup'}
2025-07-16 17:39:28,557 : INFO : EventManager : Event: ======'unexpected_ball_on_playfield'====== Args={}
2025-07-16 17:39:28,557 : INFO : EventManager : Event: ======'playfield_active'====== Args={'source': 'left_lane'}
2025-07-16 17:39:28,557 : INFO : EventManager : Event: ======'unexpected_ball_on_playfield'====== Args={}
2025-07-16 17:39:28,557 : INFO : EventManager : Event: ======'s_left_lane_active'====== Args={}
2025-07-16 17:39:28,557 : INFO : EventManager : Event: ======'machine_var_audits_switches_s_left_lane'====== Args={'value': 17, 'prev_value': 16, 'change': 1}
2025-07-16 17:39:28,559 : INFO : EventManager : Event: ======'player_shot_hurryup'====== Args={'value': 1, 'prev_value': 0, 'change': 1, 'player_num': 1}
2025-07-16 17:39:28,560 : INFO : EventManager : Event: ======'machine_var_audits_shots_hurryup'====== Args={'value': 7, 'prev_value': 6, 'change': 1}
2025-07-16 17:39:28,560 : INFO : EventManager : Event: ======'hurryup_hit'====== Args={'profile': 'default', 'state': 'unlit', 'advancing': True}
2025-07-16 17:39:28,560 : INFO : EventManager : Event: ======'hurryup_default_hit'====== Args={'profile': 'default', 'state': 'unlit', 'advancing': True}
2025-07-16 17:39:28,560 : INFO : EventManager : Event: ======'hurryup_default_unlit_hit'====== Args={'profile': 'default', 'state': 'unlit', 'advancing': True}
2025-07-16 17:39:28,560 : INFO : EventManager : Event: ======'hurryup_unlit_hit'====== Args={'profile': 'default', 'state': 'unlit', 'advancing': True}
2025-07-16 17:39:28,561 : INFO : EventManager : Event: ======'machine_var_audits_shots_left_lane'====== Args={'value': 17, 'prev_value': 16, 'change': 1}
2025-07-16 17:39:28,561 : INFO : EventManager : Event: ======'left_lane_hit'====== Args={'profile': 'default', 'state': 'lit', 'advancing': False}
2025-07-16 17:39:28,561 : INFO : EventManager : Event: ======'left_lane_default_hit'====== Args={'profile': 'default', 'state': 'lit', 'advancing': False}
2025-07-16 17:39:28,561 : INFO : EventManager : Event: ======'left_lane_default_lit_hit'====== Args={'profile': 'default', 'state': 'lit', 'advancing': False}
2025-07-16 17:39:28,561 : INFO : EventManager : Event: ======'left_lane_lit_hit'====== Args={'profile': 'default', 'state': 'lit', 'advancing': False}
2025-07-16 17:39:28,561 : INFO : EventManager : Event: ======'stop_mode_hurryup'====== Args={'priority': 0}
2025-07-16 17:39:28,562 : INFO : EventManager : Event: ======'player_score'====== Args={'value': 98000, 'prev_value': 0, 'change': 98000, 'player_num': 1, 'source': 'hurryup'}
2025-07-16 17:39:28,563 : INFO : EventManager : Event: ======'mode_hurryup_will_stop'====== Args={}
2025-07-16 17:39:28,563 : INFO : EventManager : Event: ======'mode_hurryup_stopping'====== Args={}
2025-07-16 17:39:28,563 : INFO : EventManager : Event: ======'start_mode_hurryup'====== Args={'priority': 0}
2025-07-16 17:39:28,564 : INFO : Mode.hurryup : Stopped.
2025-07-16 17:39:28,564 : INFO : EventManager : Event: ======'modes_active_modes_changed'====== Args={}
2025-07-16 17:39:28,565 : INFO : EventManager : Event: ======'mode_hurryup_stopped'====== Args={}
2025-07-16 17:39:28,565 : INFO : EventManager : Event: ======'clear'====== Args={'key': 'hurryup'}
2025-07-16 17:39:28,566 : INFO : Timer.hurryup_timer : Stopping Timer
2025-07-16 17:39:28,566 : INFO : EventManager : Event: ======'timer_hurryup_timer_stopped'====== Args={'ticks': 1, 'ticks_remaining': 24}
2025-07-16 17:39:28,573 : INFO : EventManager : Event: ======'slide_hurryup_inactive'====== Args={'is_removing': True, '_from_bcp': True}
2025-07-16 17:39:28,574 : INFO : EventManager : Event: ======'slide_base_slide_active'====== Args={'_from_bcp': True}
2025-07-16 17:39:28,575 : INFO : EventManager : Event: ======'slide_hurryup_removed'====== Args={'_from_bcp': True}
2025-07-16 17:39:28,667 : INFO : SwitchController : <<<<<<< 's_left_lane' inactive >>>>>>>
2025-07-16 17:39:31,073 : INFO : EventManager : Event: ======'balldevice_bd_trough_ball_eject_failed'====== Args={'target': <ball_device.bd_plunger>, 'balls': 1, 'retry': True, 'num_attempts': 1}
2025-07-16 17:39:31,075 : INFO : ball_device.bd_trough : State: waiting_for_target_ready
2025-07-16 17:39:31,075 : INFO : EventManager : Event: ======'balldevice_bd_trough_ball_eject_attempt'====== Args={'balls': 1, 'target': <ball_device.bd_plunger>, 'source': <ball_device.bd_trough>, 'mechanical_eject': False, 'num_attempts': 1}
2025-07-16 17:39:31,075 : INFO : ball_device.bd_trough : State: ejecting
2025-07-16 17:39:31,076 : INFO : ball_device.bd_trough : Ejecting ball to <ball_device.bd_plunger>
2025-07-16 17:39:31,076 : INFO : EventManager : Event: ======'balldevice_bd_trough_ejecting_ball'====== Args={'balls': 1, 'target': <ball_device.bd_plunger>, 'source': <ball_device.bd_trough>, 'mechanical_eject': False, 'num_attempts': 1}
2025-07-16 17:39:31,077 : INFO : ball_device.bd_trough : Wait for ball to leave device
2025-07-16 17:39:31,077 : INFO : coil.c_trough_eject : Pulsing Driver for 10ms (1.0 pulse_power)
2025-07-16 17:39:32,402 : INFO : Machine : Shutting down...
2025-07-16 17:39:32,403 : INFO : EventManager : Event: ======'shutdown'====== Args={}
2025-07-16 17:39:32,403 : INFO : EventManager : Event: ======'mode_game_will_stop'====== Args={}
2025-07-16 17:39:32,404 : INFO : EventManager : Event: ======'mode_game_stopping'====== Args={}
2025-07-16 17:39:32,404 : INFO : EventManager : Event: ======'mode_bumpers_will_stop'====== Args={}
2025-07-16 17:39:32,404 : INFO : EventManager : Event: ======'mode_bumpers_stopping'====== Args={}
2025-07-16 17:39:32,404 : INFO : EventManager : Event: ======'mode_base_will_stop'====== Args={}
2025-07-16 17:39:32,404 : INFO : EventManager : Event: ======'mode_base_stopping'====== Args={}
2025-07-16 17:39:32,404 : INFO : EventManager : Event: ======'stop_mode_bumpers'====== Args={'priority': 0}
2025-07-16 17:39:32,404 : INFO : Mode.base : Stopped.
2025-07-16 17:39:32,405 : INFO : EventManager : Event: ======'modes_active_modes_changed'====== Args={}
2025-07-16 17:39:32,405 : INFO : EventManager : Event: ======'mode_base_stopped'====== Args={}
2025-07-16 17:39:32,405 : INFO : EventManager : Event: ======'clear'====== Args={'key': 'base'}
2025-07-16 17:39:32,405 : INFO : Mode.bumpers : Stopped.
2025-07-16 17:39:32,405 : INFO : EventManager : Event: ======'modes_active_modes_changed'====== Args={}
2025-07-16 17:39:32,405 : INFO : EventManager : Event: ======'mode_bumpers_stopped'====== Args={}
2025-07-16 17:39:32,405 : INFO : EventManager : Event: ======'clear'====== Args={'key': 'bumpers'}
2025-07-16 17:39:32,405 : INFO : Mode.game : Stopped.
2025-07-16 17:39:32,405 : INFO : EventManager : Event: ======'modes_active_modes_changed'====== Args={}
2025-07-16 17:39:32,405 : INFO : EventManager : Event: ======'mode_game_stopped'====== Args={}
2025-07-16 17:39:32,405 : INFO : EventManager : Event: ======'clear'====== Args={'key': 'game'}
2025-07-16 17:39:32,406 : INFO : root : MPF run loop ended.
