2025-07-16 16:12:26,041 : INFO : root : Loading config.
2025-07-16 16:12:26,042 : INFO : YamlMultifileConfigLoader : Machine config file #1: config.yaml
2025-07-16 16:12:26,042 : INFO : ConfigProcessor : Loading config from cache: /var/folders/pz/vf5_w96n7hl70j30jzrp_64r0000gp/T/4b0446b065373c01774765373fc5a010.mpf_cache
2025-07-16 16:12:26,061 : INFO : ConfigProcessor : Loading config from cache: /var/folders/pz/vf5_w96n7hl70j30jzrp_64r0000gp/T/8c6758dff4d969b46729a501e1f9b5a2.mpf_cache
2025-07-16 16:12:26,061 : INFO : ConfigProcessor : Loading config from cache: /var/folders/pz/vf5_w96n7hl70j30jzrp_64r0000gp/T/86b9553ee9e8fe91c4c341498a1256c7.mpf_cache
2025-07-16 16:12:26,061 : INFO : ConfigProcessor : Loading config from cache: /var/folders/pz/vf5_w96n7hl70j30jzrp_64r0000gp/T/8c6758dff4d969b46729a501e1f9b5a2.mpf_cache
2025-07-16 16:12:26,062 : INFO : ConfigProcessor : Loading config from cache: /var/folders/pz/vf5_w96n7hl70j30jzrp_64r0000gp/T/fe908dde2db5cc7f24a22ccd0c690388.mpf_cache
2025-07-16 16:12:26,062 : INFO : ConfigProcessor : Loading config from cache: /var/folders/pz/vf5_w96n7hl70j30jzrp_64r0000gp/T/c87d87d711c9e63e2e052ce58df60d5a.mpf_cache
2025-07-16 16:12:26,062 : INFO : Machine : Mission Pinball Framework Core Engine v0.80.0.dev8
2025-07-16 16:12:26,062 : INFO : Machine : Command line arguments: {'no_load_cache': False, 'create_config_cache': True, 'bcp': True, 'configfile': ['config.yaml'], 'force_assets_load': False, 'platform_integration_test': False, 'jsonlogging': False, 'logfile': 'logs/2025-07-16-16-12-26-mpf-Craigs-MacBook-Pro.local.log', 'pause': False, 'production': False, 'text_ui': False, 'loglevel': 15, 'consoleloglevel': 20, 'force_platform': 'virtual', 'syslog_address': None, 'full_logfile_path': '/Users/craig/Documents/Pinball/Gremlins/logs/2025-07-16-16-12-26-mpf-Craigs-MacBook-Pro.local.log'}
2025-07-16 16:12:26,062 : INFO : Machine : MPF path: /Users/craig/mpf-080/lib/python3.12/site-packages/mpf
2025-07-16 16:12:26,062 : INFO : Machine : Machine path: /Users/craig/Documents/Pinball/Gremlins
2025-07-16 16:12:26,062 : INFO : Machine : Platform: darwin
2025-07-16 16:12:26,062 : INFO : Machine : Python executable location: /Users/craig/mpf-080/bin/python3.12
2025-07-16 16:12:26,062 : INFO : Machine : Python version: 3.12.7 (64-bit)
2025-07-16 16:12:26,062 : INFO : Machine : Initializing MPF...
2025-07-16 16:12:26,078 : INFO : EventManager : Event: ======'machine_var_credits_string'====== Args={'value': 'FREE PLAY', 'prev_value': None, 'change': True}
2025-07-16 16:12:26,082 : INFO : EventManager : Event: ======'machine_var_master_volume'====== Args={'value': 0.5, 'prev_value': None, 'change': True}
2025-07-16 16:12:26,082 : INFO : EventManager : Event: ======'machine_var_mpf_version'====== Args={'value': 'Mission Pinball Framework v0.80.0.dev8', 'prev_value': None, 'change': True}
2025-07-16 16:12:26,082 : INFO : EventManager : Event: ======'machine_var_mpf_extended_version'====== Args={'value': 'Mission Pinball Framework v0.80.0.dev8, Config version:6, Show version: 6, BCP version:1.1', 'prev_value': None, 'change': True}
2025-07-16 16:12:26,082 : INFO : EventManager : Event: ======'machine_var_python_version'====== Args={'value': '3.12.7', 'prev_value': None, 'change': True}
2025-07-16 16:12:26,090 : INFO : EventManager : Event: ======'machine_var_platform'====== Args={'value': 'macOS-14.7.6-arm64-arm-64bit', 'prev_value': None, 'change': True}
2025-07-16 16:12:26,091 : INFO : EventManager : Event: ======'machine_var_platform_system'====== Args={'value': 'Darwin', 'prev_value': None, 'change': True}
2025-07-16 16:12:26,091 : INFO : EventManager : Event: ======'machine_var_platform_release'====== Args={'value': '23.6.0', 'prev_value': None, 'change': True}
2025-07-16 16:12:26,091 : INFO : EventManager : Event: ======'machine_var_platform_version'====== Args={'value': 'Darwin Kernel Version 23.6.0: Thu Apr 24 20:29:18 PDT 2025; root:xnu-10063.141.1.705.2~1/RELEASE_ARM64_T6000', 'prev_value': None, 'change': True}
2025-07-16 16:12:26,091 : INFO : EventManager : Event: ======'machine_var_platform_machine'====== Args={'value': 'arm64', 'prev_value': None, 'change': True}
2025-07-16 16:12:26,091 : INFO : EventManager : Event: ======'machine_var_log_file_path'====== Args={'value': '/Users/craig/Documents/Pinball/Gremlins/logs/2025-07-16-16-12-26-mpf-Craigs-MacBook-Pro.local.log', 'prev_value': None, 'change': True}
2025-07-16 16:12:26,091 : INFO : EventManager : Event: ======'init_phase_1'====== Args={}
2025-07-16 16:12:26,097 : INFO : EventManager : Event: ======'init_phase_2'====== Args={}
2025-07-16 16:12:26,097 : INFO : SwitchController : Found active switch: (1006, <Platform.Virtual>) <switch.s_trough_1>
2025-07-16 16:12:26,097 : INFO : SwitchController : Found active switch: (1007, <Platform.Virtual>) <switch.s_trough_2>
2025-07-16 16:12:26,097 : INFO : SwitchController : Found active switch: (1008, <Platform.Virtual>) <switch.s_trough_3>
2025-07-16 16:12:26,097 : INFO : SwitchController : Found active switch: (1009, <Platform.Virtual>) <switch.s_trough_4>
2025-07-16 16:12:26,097 : INFO : EventManager : Event: ======'bcp_connection_attempt'====== Args={'name': 'local_display', 'host': 'localhost', 'port': 5050}
2025-07-16 16:12:26,098 : INFO : BCPClientSocket : Connecting BCP to 'local_display' at localhost:5050...
2025-07-16 16:12:26,101 : INFO : BCPClientSocket : Connected BCP to 'local_display' localhost:5050
2025-07-16 16:12:26,101 : INFO : EventManager : Event: ======'bcp_clients_connected'====== Args={}
2025-07-16 16:12:26,102 : INFO : ball_device.bd_plunger : BCH: Initial count: 0
2025-07-16 16:12:26,102 : INFO : ball_device.bd_plunger : State: idle
2025-07-16 16:12:26,102 : INFO : ball_device.bd_trough : BCH: Initial count: 4
2025-07-16 16:12:26,102 : INFO : ball_device.bd_trough : State: idle
2025-07-16 16:12:26,105 : INFO : EventManager : Event: ======'init_phase_3'====== Args={}
2025-07-16 16:12:26,106 : INFO : EventManager : Event: ======'init_phase_4'====== Args={}
2025-07-16 16:12:26,106 : INFO : BallController : Initial balls found: 4
2025-07-16 16:12:26,106 : INFO : EventManager : Event: ======'machine_var_audits_events_game_ended'====== Args={'value': 0, 'prev_value': None, 'change': True}
2025-07-16 16:12:26,106 : INFO : EventManager : Event: ======'machine_var_audits_events_game_started'====== Args={'value': 1, 'prev_value': None, 'change': True}
2025-07-16 16:12:26,106 : INFO : EventManager : Event: ======'machine_var_audits_missing_switches_s_left_lane'====== Args={'value': 1, 'prev_value': None, 'change': True}
2025-07-16 16:12:26,106 : INFO : EventManager : Event: ======'machine_var_audits_missing_switches_s_plunger_lane'====== Args={'value': 1, 'prev_value': None, 'change': True}
2025-07-16 16:12:26,106 : INFO : EventManager : Event: ======'machine_var_audits_missing_switches_s_start'====== Args={'value': 1, 'prev_value': None, 'change': True}
2025-07-16 16:12:26,106 : INFO : EventManager : Event: ======'machine_var_audits_missing_switches_s_trough_1'====== Args={'value': 1, 'prev_value': None, 'change': True}
2025-07-16 16:12:26,106 : INFO : EventManager : Event: ======'machine_var_audits_missing_switches_s_trough_2'====== Args={'value': 1, 'prev_value': None, 'change': True}
2025-07-16 16:12:26,106 : INFO : EventManager : Event: ======'machine_var_audits_missing_switches_s_trough_3'====== Args={'value': 1, 'prev_value': None, 'change': True}
2025-07-16 16:12:26,106 : INFO : EventManager : Event: ======'machine_var_audits_missing_switches_s_trough_4'====== Args={'value': 1, 'prev_value': None, 'change': True}
2025-07-16 16:12:26,106 : INFO : EventManager : Event: ======'machine_var_audits_player_score'====== Args={'value': {'average': 0, 'top': [], 'total': 0}, 'prev_value': None, 'change': True}
2025-07-16 16:12:26,106 : INFO : EventManager : Event: ======'machine_var_audits_shots_bumper_left'====== Args={'value': 7, 'prev_value': None, 'change': True}
2025-07-16 16:12:26,106 : INFO : EventManager : Event: ======'machine_var_audits_shots_bumper_right'====== Args={'value': 7, 'prev_value': None, 'change': True}
2025-07-16 16:12:26,106 : INFO : EventManager : Event: ======'machine_var_audits_switches_s_bumper_left'====== Args={'value': 7, 'prev_value': None, 'change': True}
2025-07-16 16:12:26,106 : INFO : EventManager : Event: ======'machine_var_audits_switches_s_bumper_right'====== Args={'value': 7, 'prev_value': None, 'change': True}
2025-07-16 16:12:26,106 : INFO : EventManager : Event: ======'machine_var_audits_switches_s_flipper_left'====== Args={'value': 5, 'prev_value': None, 'change': True}
2025-07-16 16:12:26,106 : INFO : EventManager : Event: ======'machine_var_audits_switches_s_flipper_right'====== Args={'value': 5, 'prev_value': None, 'change': True}
2025-07-16 16:12:26,106 : INFO : EventManager : Event: ======'machine_var_audits_switches_s_left_lane'====== Args={'value': 0, 'prev_value': None, 'change': True}
2025-07-16 16:12:26,106 : INFO : EventManager : Event: ======'machine_var_audits_switches_s_plunger_lane'====== Args={'value': 0, 'prev_value': None, 'change': True}
2025-07-16 16:12:26,106 : INFO : EventManager : Event: ======'machine_var_audits_switches_s_start'====== Args={'value': 0, 'prev_value': None, 'change': True}
2025-07-16 16:12:26,106 : INFO : EventManager : Event: ======'machine_var_audits_switches_s_trough_1'====== Args={'value': 0, 'prev_value': None, 'change': True}
2025-07-16 16:12:26,106 : INFO : EventManager : Event: ======'machine_var_audits_switches_s_trough_2'====== Args={'value': 0, 'prev_value': None, 'change': True}
2025-07-16 16:12:26,106 : INFO : EventManager : Event: ======'machine_var_audits_switches_s_trough_3'====== Args={'value': 0, 'prev_value': None, 'change': True}
2025-07-16 16:12:26,107 : INFO : EventManager : Event: ======'machine_var_audits_switches_s_trough_4'====== Args={'value': 0, 'prev_value': None, 'change': True}
2025-07-16 16:12:26,107 : INFO : EventManager : Event: ======'init_phase_5'====== Args={}
2025-07-16 16:12:26,107 : INFO : EventManager : Event: ======'init_done'====== Args={}
2025-07-16 16:12:26,107 : INFO : EventManager : Event: ======'machine_reset_phase_1'====== Args={}
2025-07-16 16:12:26,118 : INFO : EventManager : Event: ======'machine_reset_phase_2'====== Args={}
2025-07-16 16:12:26,118 : INFO : EventManager : Event: ======'machine_reset_phase_3'====== Args={}
2025-07-16 16:12:26,119 : INFO : EventManager : Event: ======'reset_complete'====== Args={}
2025-07-16 16:12:26,119 : INFO : EventManager : Event: ======'mode_attract_will_start'====== Args={}
2025-07-16 16:12:26,119 : INFO : Timer.attract_carousel_timer : Starting Timer.
2025-07-16 16:12:26,119 : INFO : EventManager : Event: ======'timer_attract_carousel_timer_started'====== Args={'ticks': 0, 'ticks_remaining': 1}
2025-07-16 16:12:26,119 : INFO : EventManager : Event: ======'timer_attract_carousel_timer_tick'====== Args={'ticks': 0, 'ticks_remaining': 1}
2025-07-16 16:12:26,119 : INFO : EventManager : Event: ======'mode_attract_starting'====== Args={}
2025-07-16 16:12:26,119 : INFO : Mode.attract : Started. Priority: 10
2025-07-16 16:12:26,119 : INFO : EventManager : Event: ======'modes_active_modes_changed'====== Args={}
2025-07-16 16:12:26,119 : INFO : EventManager : Event: ======'mode_attract_started'====== Args={}
2025-07-16 16:12:26,119 : INFO : EventManager : Event: ======'collecting_balls_complete'====== Args={}
2025-07-16 16:12:26,119 : INFO : EventManager : Event: ======'item_highlighted'====== Args={'carousel': 'attract', 'direction': None, 'item': 'title'}
2025-07-16 16:12:26,119 : INFO : EventManager : Event: ======'timer_attract_carousel_timer_tick'====== Args={'ticks': 0, 'ticks_remaining': 1}
2025-07-16 16:12:26,120 : INFO : Machine : Starting the main run loop with active modes: [<Mode.attract>]
2025-07-16 16:12:26,156 : INFO : EventManager : Event: ======'slide_attract_created'====== Args={'_from_bcp': True}
2025-07-16 16:12:26,156 : INFO : EventManager : Event: ======'slide__removed'====== Args={'_from_bcp': True}
2025-07-16 16:12:26,156 : INFO : EventManager : Event: ======'slide_attract_active'====== Args={'original_context': 'attract', 'original_calling_context': 'mode_attract_started', 'priority': 10.0, 'cmd': 'slides_play', '_from_bcp': True}
2025-07-16 16:12:30,036 : INFO : SwitchController : <<<<<<< 's_start' active >>>>>>>
2025-07-16 16:12:30,117 : INFO : SwitchController : <<<<<<< 's_start' inactive >>>>>>>
2025-07-16 16:12:30,117 : INFO : EventManager : Event: ======'request_to_start_game'====== Args={}
2025-07-16 16:12:30,117 : INFO : EventManager : Event: ======'game_start'====== Args={'buttons': [], 'hold_time': 0.08074649999616668}
2025-07-16 16:12:30,117 : INFO : EventManager : Event: ======'mode_game_will_start'====== Args={'buttons': [], 'hold_time': 0.08074649999616668}
2025-07-16 16:12:30,118 : INFO : EventManager : Event: ======'mode_game_starting'====== Args={'buttons': [], 'hold_time': 0.08074649999616668}
2025-07-16 16:12:30,118 : INFO : EventManager : Event: ======'mode_attract_will_stop'====== Args={}
2025-07-16 16:12:30,118 : INFO : EventManager : Event: ======'mode_attract_stopping'====== Args={}
2025-07-16 16:12:30,118 : INFO : Mode.attract : Stopped.
2025-07-16 16:12:30,119 : INFO : EventManager : Event: ======'modes_active_modes_changed'====== Args={}
2025-07-16 16:12:30,119 : INFO : EventManager : Event: ======'mode_attract_stopped'====== Args={}
2025-07-16 16:12:30,119 : INFO : EventManager : Event: ======'clear'====== Args={'key': 'attract'}
2025-07-16 16:12:30,120 : INFO : Timer.attract_carousel_timer : Stopping Timer
2025-07-16 16:12:30,120 : INFO : EventManager : Event: ======'timer_attract_carousel_timer_stopped'====== Args={'ticks': 0, 'ticks_remaining': 1}
2025-07-16 16:12:30,120 : INFO : Mode.game : Started. Priority: 20
2025-07-16 16:12:30,120 : INFO : EventManager : Event: ======'modes_active_modes_changed'====== Args={}
2025-07-16 16:12:30,120 : INFO : EventManager : Event: ======'mode_game_started'====== Args={'buttons': [], 'hold_time': 0.08074649999616668}
2025-07-16 16:12:30,121 : INFO : EventManager : Event: ======'game_will_start'====== Args={}
2025-07-16 16:12:30,121 : INFO : EventManager : Event: ======'game_starting'====== Args={'game': <Mode.game>}
2025-07-16 16:12:30,122 : INFO : EventManager : Unordered handler for class <Auditor> on event game_ended with priority 1. Handlers: [RegisteredHandler(callback=<bound method Auditor.disable of <Auditor>>, priority=1, kwargs={}, key=UUID('b22a7966-33d1-4da8-923f-601f22c1549e'), condition=None, blocking_facility=None), RegisteredHandler(callback=<bound method Auditor._save_audits of <Auditor>>, priority=1, kwargs={}, key=UUID('49d13a4c-34a7-49db-9531-3b4500e42868'), condition=None, blocking_facility=None)]. The order of those handlers is not defined and they will be executed in random order. This might lead to race conditions and potential bugs.
2025-07-16 16:12:30,122 : INFO : EventManager : Event: ======'player_add_request'====== Args={}
2025-07-16 16:12:30,122 : INFO : EventManager : Event: ======'player_will_add'====== Args={'number': 1}
2025-07-16 16:12:30,122 : INFO : EventManager : Event: ======'player_adding'====== Args={'player': <Player 1>, 'number': 1}
2025-07-16 16:12:30,122 : INFO : EventManager : Event: ======'player_added'====== Args={'player': <Player 1>, 'num': 1}
2025-07-16 16:12:30,122 : INFO : Mode.game : Player added successfully. Total players: 1
2025-07-16 16:12:30,123 : INFO : EventManager : Event: ======'player_index'====== Args={'value': 0, 'prev_value': 0, 'change': 0, 'player_num': 1}
2025-07-16 16:12:30,123 : INFO : EventManager : Event: ======'player_number'====== Args={'value': 1, 'prev_value': 1, 'change': 0, 'player_num': 1}
2025-07-16 16:12:30,123 : INFO : EventManager : Event: ======'player_score'====== Args={'value': 0, 'prev_value': 0, 'change': 0, 'player_num': 1}
2025-07-16 16:12:30,124 : INFO : EventManager : Event: ======'game_started'====== Args={}
2025-07-16 16:12:30,124 : INFO : EventManager : Event: ======'player_turn_will_start'====== Args={'player': <Player 1>, 'number': 1}
2025-07-16 16:12:30,124 : INFO : EventManager : Event: ======'player_turn_starting'====== Args={'player': <Player 1>, 'number': 1}
2025-07-16 16:12:30,125 : INFO : EventManager : Event: ======'player_ball'====== Args={'value': 1, 'prev_value': 0, 'change': 1, 'player_num': 1}
2025-07-16 16:12:30,125 : INFO : EventManager : Event: ======'player_turn_started'====== Args={'player': <Player 1>, 'number': 1}
2025-07-16 16:12:30,128 : INFO : EventManager : Event: ======'ball_will_start'====== Args={'player': 1, 'ball': 1, 'balls_remaining': 2, 'is_extra_ball': False}
2025-07-16 16:12:30,128 : INFO : EventManager : Event: ======'ball_starting'====== Args={'player': 1, 'ball': 1, 'balls_remaining': 2, 'is_extra_ball': False}
2025-07-16 16:12:30,128 : INFO : EventManager : Event: ======'mode_base_will_start'====== Args={'queue': <QueuedEvent>, 'player': 1, 'ball': 1, 'balls_remaining': 2, 'is_extra_ball': False}
2025-07-16 16:12:30,129 : INFO : EventManager : Event: ======'mode_base_starting'====== Args={'queue': <QueuedEvent>, 'player': 1, 'ball': 1, 'balls_remaining': 2, 'is_extra_ball': False}
2025-07-16 16:12:30,129 : INFO : Mode.base : Started. Priority: 100
2025-07-16 16:12:30,129 : INFO : EventManager : Event: ======'modes_active_modes_changed'====== Args={}
2025-07-16 16:12:30,129 : INFO : EventManager : Event: ======'mode_base_started'====== Args={'queue': <QueuedEvent>, 'player': 1, 'ball': 1, 'balls_remaining': 2, 'is_extra_ball': False}
2025-07-16 16:12:30,130 : INFO : EventManager : Event: ======'start_mode_bumpers'====== Args={'priority': 0}
2025-07-16 16:12:30,130 : INFO : EventManager : Event: ======'mode_bumpers_will_start'====== Args={'priority': 0}
2025-07-16 16:12:30,130 : INFO : EventManager : Event: ======'player_shot_bumper_left_enabled'====== Args={'value': True, 'prev_value': 0, 'change': 1, 'player_num': 1}
2025-07-16 16:12:30,131 : INFO : EventManager : Event: ======'player_shot_bumper_right_enabled'====== Args={'value': True, 'prev_value': 0, 'change': 1, 'player_num': 1}
2025-07-16 16:12:30,134 : INFO : EventManager : Event: ======'bumpers_complete'====== Args={'state': 'unlit'}
2025-07-16 16:12:30,135 : INFO : EventManager : Event: ======'bumpers_unlit_complete'====== Args={}
2025-07-16 16:12:30,136 : INFO : EventManager : Event: ======'mode_bumpers_starting'====== Args={'priority': 0}
2025-07-16 16:12:30,136 : INFO : Mode.bumpers : Started. Priority: 200
2025-07-16 16:12:30,136 : INFO : EventManager : Event: ======'modes_active_modes_changed'====== Args={}
2025-07-16 16:12:30,136 : INFO : EventManager : Event: ======'mode_bumpers_started'====== Args={'priority': 0}
2025-07-16 16:12:30,136 : INFO : EventManager : Event: ======'balls_in_play'====== Args={'balls': 1}
2025-07-16 16:12:30,136 : INFO : EventManager : Event: ======'ball_started'====== Args={'player': 1, 'ball': 1, 'balls_remaining': 2, 'is_extra_ball': False}
2025-07-16 16:12:30,138 : INFO : EventManager : Event: ======'single_player_ball_started'====== Args={}
2025-07-16 16:12:30,146 : INFO : EventManager : Event: ======'ball_start_target'====== Args={'target': 'playfield'}
2025-07-16 16:12:30,148 : INFO : ball_device.bd_trough : Setting up player-controlled eject. Balls: 1, Target: <playfield.playfield>, player_controlled_eject_event: None
2025-07-16 16:12:30,148 : INFO : ball_device.bd_trough : Adding 1 ball(s) to the eject_queue with target <playfield.playfield>.
2025-07-16 16:12:30,148 : INFO : EventManager : Event: ======'balldevice_balls_available'====== Args={}
2025-07-16 16:12:30,150 : INFO : ball_device.bd_trough : State: waiting_for_target_ready
2025-07-16 16:12:30,150 : INFO : EventManager : Event: ======'balldevice_bd_trough_ball_eject_attempt'====== Args={'balls': 1, 'target': <ball_device.bd_plunger>, 'source': <ball_device.bd_trough>, 'mechanical_eject': False, 'num_attempts': 0}
2025-07-16 16:12:30,150 : INFO : ball_device.bd_plunger : State: waiting_for_ball
2025-07-16 16:12:30,150 : INFO : ball_device.bd_trough : State: ejecting
2025-07-16 16:12:30,150 : INFO : ball_device.bd_trough : Ejecting ball to <ball_device.bd_plunger>
2025-07-16 16:12:30,150 : INFO : EventManager : Event: ======'balldevice_bd_trough_ejecting_ball'====== Args={'balls': 1, 'target': <ball_device.bd_plunger>, 'source': <ball_device.bd_trough>, 'mechanical_eject': False, 'num_attempts': 0}
2025-07-16 16:12:30,151 : INFO : ball_device.bd_trough : Wait for ball to leave device
2025-07-16 16:12:30,151 : INFO : coil.c_trough_eject : Pulsing Driver for 10ms (1.0 pulse_power)
2025-07-16 16:12:30,151 : INFO : EventManager : Event: ======'slide_base_slide_created'====== Args={'_from_bcp': True}
2025-07-16 16:12:30,152 : INFO : EventManager : Event: ======'slide_attract_inactive'====== Args={'is_removing': True, '_from_bcp': True}
2025-07-16 16:12:30,152 : INFO : EventManager : Event: ======'slide_base_slide_active'====== Args={'original_context': 'base', 'original_calling_context': 'mode_base_started', 'priority': 100.0, 'queue': '<QueuedEvent>', 'player': 1.0, 'ball': 1.0, 'balls_remaining': 2.0, 'is_extra_ball': False, 'cmd': 'slides_play', '_from_bcp': True}
2025-07-16 16:12:30,152 : INFO : EventManager : Event: ======'slide_attract_removed'====== Args={'_from_bcp': True}
2025-07-16 16:12:33,843 : INFO : SwitchController : <<<<<<< 's_bumper_right' active >>>>>>>
2025-07-16 16:12:33,843 : INFO : EventManager : Event: ======'playfield_active'====== Args={'source': 'bumper_right'}
2025-07-16 16:12:33,843 : INFO : EventManager : Event: ======'unexpected_ball_on_playfield'====== Args={}
2025-07-16 16:12:33,843 : INFO : EventManager : Event: ======'s_bumper_right_active'====== Args={}
2025-07-16 16:12:33,843 : INFO : EventManager : Event: ======'machine_var_audits_switches_s_bumper_right'====== Args={'value': 8, 'prev_value': 7, 'change': 1}
2025-07-16 16:12:33,844 : INFO : EventManager : Event: ======'player_shot_bumper_right'====== Args={'value': 1, 'prev_value': 0, 'change': 1, 'player_num': 1}
2025-07-16 16:12:33,844 : INFO : EventManager : Event: ======'machine_var_audits_shots_bumper_right'====== Args={'value': 8, 'prev_value': 7, 'change': 1}
2025-07-16 16:12:33,844 : INFO : EventManager : Event: ======'bumper_right_hit'====== Args={'profile': 'default', 'state': 'unlit', 'advancing': True}
2025-07-16 16:12:33,844 : INFO : EventManager : Event: ======'bumper_right_default_hit'====== Args={'profile': 'default', 'state': 'unlit', 'advancing': True}
2025-07-16 16:12:33,844 : INFO : EventManager : Event: ======'bumper_right_default_unlit_hit'====== Args={'profile': 'default', 'state': 'unlit', 'advancing': True}
2025-07-16 16:12:33,844 : INFO : EventManager : Event: ======'bumper_right_unlit_hit'====== Args={'profile': 'default', 'state': 'unlit', 'advancing': True}
2025-07-16 16:12:33,844 : INFO : EventManager : Event: ======'bumpers_hit'====== Args={'shot': 'bumper_right'}
2025-07-16 16:12:33,844 : INFO : EventManager : Event: ======'bumpers_unlit_hit'====== Args={'shot': 'bumper_right'}
2025-07-16 16:12:33,845 : INFO : EventManager : Event: ======'player_score'====== Args={'value': 1000, 'prev_value': 0, 'change': 1000, 'player_num': 1, 'source': 'bumpers'}
2025-07-16 16:12:33,936 : INFO : SwitchController : <<<<<<< 's_bumper_right' inactive >>>>>>>
2025-07-16 16:12:34,013 : INFO : SwitchController : <<<<<<< 's_bumper_right' active >>>>>>>
2025-07-16 16:12:34,013 : INFO : EventManager : Event: ======'playfield_active'====== Args={'source': 'bumper_right'}
2025-07-16 16:12:34,013 : INFO : EventManager : Event: ======'unexpected_ball_on_playfield'====== Args={}
2025-07-16 16:12:34,013 : INFO : EventManager : Event: ======'s_bumper_right_active'====== Args={}
2025-07-16 16:12:34,014 : INFO : EventManager : Event: ======'machine_var_audits_switches_s_bumper_right'====== Args={'value': 9, 'prev_value': 8, 'change': 1}
2025-07-16 16:12:34,016 : INFO : EventManager : Event: ======'machine_var_audits_shots_bumper_right'====== Args={'value': 9, 'prev_value': 8, 'change': 1}
2025-07-16 16:12:34,017 : INFO : EventManager : Event: ======'bumper_right_hit'====== Args={'profile': 'default', 'state': 'lit', 'advancing': False}
2025-07-16 16:12:34,017 : INFO : EventManager : Event: ======'bumper_right_default_hit'====== Args={'profile': 'default', 'state': 'lit', 'advancing': False}
2025-07-16 16:12:34,017 : INFO : EventManager : Event: ======'bumper_right_default_lit_hit'====== Args={'profile': 'default', 'state': 'lit', 'advancing': False}
2025-07-16 16:12:34,017 : INFO : EventManager : Event: ======'bumper_right_lit_hit'====== Args={'profile': 'default', 'state': 'lit', 'advancing': False}
2025-07-16 16:12:34,018 : INFO : EventManager : Event: ======'bumpers_hit'====== Args={'shot': 'bumper_right'}
2025-07-16 16:12:34,018 : INFO : EventManager : Event: ======'bumpers_lit_hit'====== Args={'shot': 'bumper_right'}
2025-07-16 16:12:34,018 : INFO : EventManager : Event: ======'player_score'====== Args={'value': 2000, 'prev_value': 1000, 'change': 1000, 'player_num': 1, 'source': 'bumpers'}
2025-07-16 16:12:34,091 : INFO : SwitchController : <<<<<<< 's_bumper_right' inactive >>>>>>>
2025-07-16 16:12:34,185 : INFO : SwitchController : <<<<<<< 's_bumper_left' active >>>>>>>
2025-07-16 16:12:34,185 : INFO : EventManager : Event: ======'playfield_active'====== Args={'source': 'bumper_left'}
2025-07-16 16:12:34,185 : INFO : EventManager : Event: ======'unexpected_ball_on_playfield'====== Args={}
2025-07-16 16:12:34,185 : INFO : EventManager : Event: ======'s_bumper_left_active'====== Args={}
2025-07-16 16:12:34,185 : INFO : EventManager : Event: ======'machine_var_audits_switches_s_bumper_left'====== Args={'value': 8, 'prev_value': 7, 'change': 1}
2025-07-16 16:12:34,186 : INFO : EventManager : Event: ======'player_shot_bumper_left'====== Args={'value': 1, 'prev_value': 0, 'change': 1, 'player_num': 1}
2025-07-16 16:12:34,186 : INFO : EventManager : Event: ======'machine_var_audits_shots_bumper_left'====== Args={'value': 8, 'prev_value': 7, 'change': 1}
2025-07-16 16:12:34,187 : INFO : EventManager : Event: ======'bumper_left_hit'====== Args={'profile': 'default', 'state': 'unlit', 'advancing': True}
2025-07-16 16:12:34,187 : INFO : EventManager : Event: ======'bumper_left_default_hit'====== Args={'profile': 'default', 'state': 'unlit', 'advancing': True}
2025-07-16 16:12:34,187 : INFO : EventManager : Event: ======'bumper_left_default_unlit_hit'====== Args={'profile': 'default', 'state': 'unlit', 'advancing': True}
2025-07-16 16:12:34,187 : INFO : EventManager : Event: ======'bumper_left_unlit_hit'====== Args={'profile': 'default', 'state': 'unlit', 'advancing': True}
2025-07-16 16:12:34,187 : INFO : EventManager : Event: ======'bumpers_complete'====== Args={'state': 'lit'}
2025-07-16 16:12:34,187 : INFO : EventManager : Event: ======'bumpers_lit_complete'====== Args={}
2025-07-16 16:12:34,187 : INFO : EventManager : Event: ======'bumpers_hit'====== Args={'shot': 'bumper_left'}
2025-07-16 16:12:34,187 : INFO : EventManager : Event: ======'bumpers_unlit_hit'====== Args={'shot': 'bumper_left'}
2025-07-16 16:12:34,187 : INFO : EventManager : Event: ======'player_score'====== Args={'value': 3000, 'prev_value': 2000, 'change': 1000, 'player_num': 1, 'source': 'bumpers'}
2025-07-16 16:12:34,251 : INFO : SwitchController : <<<<<<< 's_bumper_left' inactive >>>>>>>
2025-07-16 16:12:34,334 : INFO : SwitchController : <<<<<<< 's_bumper_left' active >>>>>>>
2025-07-16 16:12:34,334 : INFO : EventManager : Event: ======'playfield_active'====== Args={'source': 'bumper_left'}
2025-07-16 16:12:34,334 : INFO : EventManager : Event: ======'unexpected_ball_on_playfield'====== Args={}
2025-07-16 16:12:34,334 : INFO : EventManager : Event: ======'s_bumper_left_active'====== Args={}
2025-07-16 16:12:34,334 : INFO : EventManager : Event: ======'machine_var_audits_switches_s_bumper_left'====== Args={'value': 9, 'prev_value': 8, 'change': 1}
2025-07-16 16:12:34,335 : INFO : EventManager : Event: ======'machine_var_audits_shots_bumper_left'====== Args={'value': 9, 'prev_value': 8, 'change': 1}
2025-07-16 16:12:34,336 : INFO : EventManager : Event: ======'bumper_left_hit'====== Args={'profile': 'default', 'state': 'lit', 'advancing': False}
2025-07-16 16:12:34,336 : INFO : EventManager : Event: ======'bumper_left_default_hit'====== Args={'profile': 'default', 'state': 'lit', 'advancing': False}
2025-07-16 16:12:34,336 : INFO : EventManager : Event: ======'bumper_left_default_lit_hit'====== Args={'profile': 'default', 'state': 'lit', 'advancing': False}
2025-07-16 16:12:34,336 : INFO : EventManager : Event: ======'bumper_left_lit_hit'====== Args={'profile': 'default', 'state': 'lit', 'advancing': False}
2025-07-16 16:12:34,336 : INFO : EventManager : Event: ======'bumpers_hit'====== Args={'shot': 'bumper_left'}
2025-07-16 16:12:34,336 : INFO : EventManager : Event: ======'bumpers_lit_hit'====== Args={'shot': 'bumper_left'}
2025-07-16 16:12:34,336 : INFO : EventManager : Event: ======'player_score'====== Args={'value': 4000, 'prev_value': 3000, 'change': 1000, 'player_num': 1, 'source': 'bumpers'}
2025-07-16 16:12:34,385 : INFO : SwitchController : <<<<<<< 's_bumper_left' inactive >>>>>>>
2025-07-16 16:12:34,490 : INFO : SwitchController : <<<<<<< 's_bumper_right' active >>>>>>>
2025-07-16 16:12:34,490 : INFO : EventManager : Event: ======'playfield_active'====== Args={'source': 'bumper_right'}
2025-07-16 16:12:34,490 : INFO : EventManager : Event: ======'unexpected_ball_on_playfield'====== Args={}
2025-07-16 16:12:34,491 : INFO : EventManager : Event: ======'s_bumper_right_active'====== Args={}
2025-07-16 16:12:34,491 : INFO : EventManager : Event: ======'machine_var_audits_switches_s_bumper_right'====== Args={'value': 10, 'prev_value': 9, 'change': 1}
2025-07-16 16:12:34,492 : INFO : EventManager : Event: ======'machine_var_audits_shots_bumper_right'====== Args={'value': 10, 'prev_value': 9, 'change': 1}
2025-07-16 16:12:34,492 : INFO : EventManager : Event: ======'bumper_right_hit'====== Args={'profile': 'default', 'state': 'lit', 'advancing': False}
2025-07-16 16:12:34,492 : INFO : EventManager : Event: ======'bumper_right_default_hit'====== Args={'profile': 'default', 'state': 'lit', 'advancing': False}
2025-07-16 16:12:34,492 : INFO : EventManager : Event: ======'bumper_right_default_lit_hit'====== Args={'profile': 'default', 'state': 'lit', 'advancing': False}
2025-07-16 16:12:34,492 : INFO : EventManager : Event: ======'bumper_right_lit_hit'====== Args={'profile': 'default', 'state': 'lit', 'advancing': False}
2025-07-16 16:12:34,492 : INFO : EventManager : Event: ======'bumpers_hit'====== Args={'shot': 'bumper_right'}
2025-07-16 16:12:34,492 : INFO : EventManager : Event: ======'bumpers_lit_hit'====== Args={'shot': 'bumper_right'}
2025-07-16 16:12:34,492 : INFO : EventManager : Event: ======'player_score'====== Args={'value': 5000, 'prev_value': 4000, 'change': 1000, 'player_num': 1, 'source': 'bumpers'}
2025-07-16 16:12:34,575 : INFO : SwitchController : <<<<<<< 's_bumper_right' inactive >>>>>>>
2025-07-16 16:12:34,636 : INFO : SwitchController : <<<<<<< 's_bumper_right' active >>>>>>>
2025-07-16 16:12:34,636 : INFO : EventManager : Event: ======'playfield_active'====== Args={'source': 'bumper_right'}
2025-07-16 16:12:34,636 : INFO : EventManager : Event: ======'unexpected_ball_on_playfield'====== Args={}
2025-07-16 16:12:34,636 : INFO : EventManager : Event: ======'s_bumper_right_active'====== Args={}
2025-07-16 16:12:34,636 : INFO : EventManager : Event: ======'machine_var_audits_switches_s_bumper_right'====== Args={'value': 11, 'prev_value': 10, 'change': 1}
2025-07-16 16:12:34,637 : INFO : EventManager : Event: ======'machine_var_audits_shots_bumper_right'====== Args={'value': 11, 'prev_value': 10, 'change': 1}
2025-07-16 16:12:34,638 : INFO : EventManager : Event: ======'bumper_right_hit'====== Args={'profile': 'default', 'state': 'lit', 'advancing': False}
2025-07-16 16:12:34,638 : INFO : EventManager : Event: ======'bumper_right_default_hit'====== Args={'profile': 'default', 'state': 'lit', 'advancing': False}
2025-07-16 16:12:34,638 : INFO : EventManager : Event: ======'bumper_right_default_lit_hit'====== Args={'profile': 'default', 'state': 'lit', 'advancing': False}
2025-07-16 16:12:34,638 : INFO : EventManager : Event: ======'bumper_right_lit_hit'====== Args={'profile': 'default', 'state': 'lit', 'advancing': False}
2025-07-16 16:12:34,638 : INFO : EventManager : Event: ======'bumpers_hit'====== Args={'shot': 'bumper_right'}
2025-07-16 16:12:34,638 : INFO : EventManager : Event: ======'bumpers_lit_hit'====== Args={'shot': 'bumper_right'}
2025-07-16 16:12:34,638 : INFO : EventManager : Event: ======'player_score'====== Args={'value': 6000, 'prev_value': 5000, 'change': 1000, 'player_num': 1, 'source': 'bumpers'}
2025-07-16 16:12:34,716 : INFO : SwitchController : <<<<<<< 's_bumper_right' inactive >>>>>>>
2025-07-16 16:12:35,329 : INFO : SwitchController : <<<<<<< 's_start' active >>>>>>>
2025-07-16 16:12:35,330 : INFO : EventManager : Event: ======'sw_start'====== Args={}
2025-07-16 16:12:35,330 : INFO : EventManager : Event: ======'machine_var_audits_switches_s_start'====== Args={'value': 1, 'prev_value': 0, 'change': 1}
2025-07-16 16:12:35,334 : INFO : EventManager : Event: ======'player_add_request'====== Args={}
2025-07-16 16:12:35,334 : INFO : EventManager : Event: ======'player_will_add'====== Args={'number': 2}
2025-07-16 16:12:35,335 : INFO : EventManager : Event: ======'player_adding'====== Args={'player': <Player 2>, 'number': 2}
2025-07-16 16:12:35,335 : INFO : EventManager : Event: ======'player_added'====== Args={'player': <Player 2>, 'num': 2}
2025-07-16 16:12:35,335 : INFO : Mode.game : Player added successfully. Total players: 2
2025-07-16 16:12:35,335 : INFO : EventManager : Event: ======'multiplayer_game'====== Args={}
2025-07-16 16:12:35,335 : INFO : EventManager : Event: ======'player_index'====== Args={'value': 1, 'prev_value': 1, 'change': 0, 'player_num': 2}
2025-07-16 16:12:35,336 : INFO : EventManager : Event: ======'player_number'====== Args={'value': 2, 'prev_value': 2, 'change': 0, 'player_num': 2}
2025-07-16 16:12:35,336 : INFO : EventManager : Event: ======'player_score'====== Args={'value': 0, 'prev_value': 0, 'change': 0, 'player_num': 2}
2025-07-16 16:12:35,383 : INFO : SwitchController : <<<<<<< 's_start' inactive >>>>>>>
2025-07-16 16:12:40,153 : INFO : EventManager : Event: ======'balldevice_bd_trough_ball_eject_failed'====== Args={'target': <ball_device.bd_plunger>, 'balls': 1, 'retry': True, 'num_attempts': 1}
2025-07-16 16:12:40,156 : INFO : ball_device.bd_trough : State: waiting_for_target_ready
2025-07-16 16:12:40,156 : INFO : EventManager : Event: ======'balldevice_bd_trough_ball_eject_attempt'====== Args={'balls': 1, 'target': <ball_device.bd_plunger>, 'source': <ball_device.bd_trough>, 'mechanical_eject': False, 'num_attempts': 1}
2025-07-16 16:12:40,157 : INFO : ball_device.bd_trough : State: ejecting
2025-07-16 16:12:40,157 : INFO : ball_device.bd_trough : Ejecting ball to <ball_device.bd_plunger>
2025-07-16 16:12:40,157 : INFO : EventManager : Event: ======'balldevice_bd_trough_ejecting_ball'====== Args={'balls': 1, 'target': <ball_device.bd_plunger>, 'source': <ball_device.bd_trough>, 'mechanical_eject': False, 'num_attempts': 1}
2025-07-16 16:12:40,157 : INFO : ball_device.bd_trough : Wait for ball to leave device
2025-07-16 16:12:40,158 : INFO : coil.c_trough_eject : Pulsing Driver for 10ms (1.0 pulse_power)
2025-07-16 16:12:40,290 : INFO : Machine : Shutting down...
2025-07-16 16:12:40,290 : INFO : EventManager : Event: ======'shutdown'====== Args={}
2025-07-16 16:12:40,291 : INFO : EventManager : Event: ======'mode_game_will_stop'====== Args={}
2025-07-16 16:12:40,291 : INFO : EventManager : Event: ======'mode_game_stopping'====== Args={}
2025-07-16 16:12:40,291 : INFO : EventManager : Event: ======'mode_bumpers_will_stop'====== Args={}
2025-07-16 16:12:40,291 : INFO : EventManager : Event: ======'mode_bumpers_stopping'====== Args={}
2025-07-16 16:12:40,292 : INFO : EventManager : Event: ======'mode_base_will_stop'====== Args={}
2025-07-16 16:12:40,292 : INFO : EventManager : Event: ======'mode_base_stopping'====== Args={}
2025-07-16 16:12:40,292 : INFO : EventManager : Event: ======'stop_mode_bumpers'====== Args={'priority': 0}
2025-07-16 16:12:40,292 : INFO : Mode.base : Stopped.
2025-07-16 16:12:40,292 : INFO : EventManager : Event: ======'modes_active_modes_changed'====== Args={}
2025-07-16 16:12:40,292 : INFO : EventManager : Event: ======'mode_base_stopped'====== Args={}
2025-07-16 16:12:40,292 : INFO : EventManager : Event: ======'clear'====== Args={'key': 'base'}
2025-07-16 16:12:40,292 : INFO : Mode.bumpers : Stopped.
2025-07-16 16:12:40,292 : INFO : EventManager : Event: ======'modes_active_modes_changed'====== Args={}
2025-07-16 16:12:40,292 : INFO : EventManager : Event: ======'mode_bumpers_stopped'====== Args={}
2025-07-16 16:12:40,292 : INFO : EventManager : Event: ======'clear'====== Args={'key': 'bumpers'}
2025-07-16 16:12:40,293 : INFO : Mode.game : Stopped.
2025-07-16 16:12:40,293 : INFO : EventManager : Event: ======'modes_active_modes_changed'====== Args={}
2025-07-16 16:12:40,293 : INFO : EventManager : Event: ======'mode_game_stopped'====== Args={}
2025-07-16 16:12:40,293 : INFO : EventManager : Event: ======'clear'====== Args={'key': 'game'}
2025-07-16 16:12:40,295 : INFO : root : MPF run loop ended.
