2025-07-16 12:11:34,975 : INFO : root : Loading config.
2025-07-16 12:11:34,977 : INFO : YamlMultifileConfigLoader : Machine config file #1: config.yaml
2025-07-16 12:11:34,977 : WARNING : ConfigProcessor : Config file in cache changed: /Users/craig/Documents/Pinball/Gremlins/config/config.yaml
2025-07-16 12:11:34,977 : INFO : ConfigProcessor : Loading config from file /Users/craig/mpf-080/lib/python3.12/site-packages/mpf/mpfconfig.yaml.
2025-07-16 12:11:34,985 : INFO : ConfigProcessor : Loading config: /Users/craig/mpf-080/lib/python3.12/site-packages/mpf/mpfconfig.yaml
2025-07-16 12:11:34,985 : INFO : ConfigProcessor : Loading config from file /Users/craig/Documents/Pinball/Gremlins/config/config.yaml.
2025-07-16 12:11:34,985 : INFO : ConfigProcessor : Loading config: /Users/craig/Documents/Pinball/Gremlins/config/config.yaml
2025-07-16 12:11:34,986 : INFO : ConfigProcessor : Loading config: /Users/craig/Documents/Pinball/Gremlins/config/config_ball_devices.yaml
2025-07-16 12:11:34,986 : INFO : ConfigProcessor : Loading config: /Users/craig/Documents/Pinball/Gremlins/config/config_coils.yaml
2025-07-16 12:11:34,987 : INFO : ConfigProcessor : Loading config: /Users/craig/Documents/Pinball/Gremlins/config/config_switches.yaml
2025-07-16 12:11:34,988 : INFO : ConfigProcessor : Config file cache created: /var/folders/pz/vf5_w96n7hl70j30jzrp_64r0000gp/T/4b0446b065373c01774765373fc5a010.mpf_cache
2025-07-16 12:11:35,030 : INFO : ConfigProcessor : Loading config from cache: /var/folders/pz/vf5_w96n7hl70j30jzrp_64r0000gp/T/8c6758dff4d969b46729a501e1f9b5a2.mpf_cache
2025-07-16 12:11:35,031 : INFO : ConfigProcessor : Loading config from cache: /var/folders/pz/vf5_w96n7hl70j30jzrp_64r0000gp/T/86b9553ee9e8fe91c4c341498a1256c7.mpf_cache
2025-07-16 12:11:35,031 : INFO : ConfigProcessor : Loading config from cache: /var/folders/pz/vf5_w96n7hl70j30jzrp_64r0000gp/T/8c6758dff4d969b46729a501e1f9b5a2.mpf_cache
2025-07-16 12:11:35,031 : INFO : ConfigProcessor : Loading config from cache: /var/folders/pz/vf5_w96n7hl70j30jzrp_64r0000gp/T/fe908dde2db5cc7f24a22ccd0c690388.mpf_cache
2025-07-16 12:11:35,031 : INFO : Machine : Mission Pinball Framework Core Engine v0.80.0.dev8
2025-07-16 12:11:35,031 : INFO : Machine : Command line arguments: {'no_load_cache': False, 'create_config_cache': True, 'bcp': False, 'configfile': ['config.yaml'], 'force_assets_load': False, 'platform_integration_test': False, 'jsonlogging': False, 'logfile': 'logs/2025-07-16-12-11-34-mpf-Craigs-MacBook-Pro.local.log', 'pause': False, 'production': False, 'text_ui': False, 'loglevel': 15, 'consoleloglevel': 20, 'force_platform': 'virtual', 'syslog_address': None, 'full_logfile_path': '/Users/craig/Documents/Pinball/Gremlins/logs/2025-07-16-12-11-34-mpf-Craigs-MacBook-Pro.local.log'}
2025-07-16 12:11:35,031 : INFO : Machine : MPF path: /Users/craig/mpf-080/lib/python3.12/site-packages/mpf
2025-07-16 12:11:35,031 : INFO : Machine : Machine path: /Users/craig/Documents/Pinball/Gremlins
2025-07-16 12:11:35,031 : INFO : Machine : Platform: darwin
2025-07-16 12:11:35,031 : INFO : Machine : Python executable location: /Users/craig/mpf-080/bin/python3.12
2025-07-16 12:11:35,031 : INFO : Machine : Python version: 3.12.7 (64-bit)
2025-07-16 12:11:35,032 : INFO : Machine : Initializing MPF...
2025-07-16 12:11:35,632 : INFO : EventManager : Event: ======'machine_var_credits_string'====== Args={'value': 'FREE PLAY', 'prev_value': None, 'change': True}
2025-07-16 12:11:35,642 : INFO : EventManager : Event: ======'machine_var_master_volume'====== Args={'value': 0.5, 'prev_value': None, 'change': True}
2025-07-16 12:11:35,642 : INFO : EventManager : Event: ======'machine_var_mpf_version'====== Args={'value': 'Mission Pinball Framework v0.80.0.dev8', 'prev_value': None, 'change': True}
2025-07-16 12:11:35,642 : INFO : EventManager : Event: ======'machine_var_mpf_extended_version'====== Args={'value': 'Mission Pinball Framework v0.80.0.dev8, Config version:6, Show version: 6, BCP version:1.1', 'prev_value': None, 'change': True}
2025-07-16 12:11:35,642 : INFO : EventManager : Event: ======'machine_var_python_version'====== Args={'value': '3.12.7', 'prev_value': None, 'change': True}
2025-07-16 12:11:35,655 : INFO : EventManager : Event: ======'machine_var_platform'====== Args={'value': 'macOS-14.7.6-arm64-arm-64bit', 'prev_value': None, 'change': True}
2025-07-16 12:11:35,656 : INFO : EventManager : Event: ======'machine_var_platform_system'====== Args={'value': 'Darwin', 'prev_value': None, 'change': True}
2025-07-16 12:11:35,656 : INFO : EventManager : Event: ======'machine_var_platform_release'====== Args={'value': '23.6.0', 'prev_value': None, 'change': True}
2025-07-16 12:11:35,656 : INFO : EventManager : Event: ======'machine_var_platform_version'====== Args={'value': 'Darwin Kernel Version 23.6.0: Thu Apr 24 20:29:18 PDT 2025; root:xnu-10063.141.1.705.2~1/RELEASE_ARM64_T6000', 'prev_value': None, 'change': True}
2025-07-16 12:11:35,656 : INFO : EventManager : Event: ======'machine_var_platform_machine'====== Args={'value': 'arm64', 'prev_value': None, 'change': True}
2025-07-16 12:11:35,656 : INFO : EventManager : Event: ======'machine_var_log_file_path'====== Args={'value': '/Users/craig/Documents/Pinball/Gremlins/logs/2025-07-16-12-11-34-mpf-Craigs-MacBook-Pro.local.log', 'prev_value': None, 'change': True}
2025-07-16 12:11:35,656 : INFO : EventManager : Event: ======'init_phase_1'====== Args={}
2025-07-16 12:11:35,664 : INFO : EventManager : Event: ======'init_phase_2'====== Args={}
2025-07-16 12:11:35,665 : INFO : ball_device.bd_plunger : BCH: Initial count: 0
2025-07-16 12:11:35,665 : INFO : ball_device.bd_plunger : State: idle
2025-07-16 12:11:35,666 : INFO : ball_device.bd_trough : BCH: Initial count: 0
2025-07-16 12:11:35,666 : INFO : ball_device.bd_trough : State: idle
2025-07-16 12:11:35,668 : INFO : EventManager : Event: ======'init_phase_3'====== Args={}
2025-07-16 12:11:35,669 : INFO : EventManager : Event: ======'init_phase_4'====== Args={}
2025-07-16 12:11:35,669 : INFO : BallController : Initial balls found: 0
2025-07-16 12:11:35,670 : INFO : EventManager : Event: ======'machine_var_audits_switches_s_flipper_left'====== Args={'value': 0, 'prev_value': None, 'change': True}
2025-07-16 12:11:35,670 : INFO : EventManager : Event: ======'machine_var_audits_switches_s_trough_4'====== Args={'value': 0, 'prev_value': None, 'change': True}
2025-07-16 12:11:35,670 : INFO : EventManager : Event: ======'machine_var_audits_switches_s_flipper_right'====== Args={'value': 0, 'prev_value': None, 'change': True}
2025-07-16 12:11:35,670 : INFO : EventManager : Event: ======'machine_var_audits_switches_s_trough_1'====== Args={'value': 0, 'prev_value': None, 'change': True}
2025-07-16 12:11:35,670 : INFO : EventManager : Event: ======'machine_var_audits_switches_s_trough_2'====== Args={'value': 0, 'prev_value': None, 'change': True}
2025-07-16 12:11:35,670 : INFO : EventManager : Event: ======'machine_var_audits_switches_s_plunger_lane'====== Args={'value': 0, 'prev_value': None, 'change': True}
2025-07-16 12:11:35,670 : INFO : EventManager : Event: ======'machine_var_audits_switches_s_trough_3'====== Args={'value': 0, 'prev_value': None, 'change': True}
2025-07-16 12:11:35,670 : INFO : EventManager : Event: ======'machine_var_audits_events_game_started'====== Args={'value': 0, 'prev_value': None, 'change': True}
2025-07-16 12:11:35,670 : INFO : EventManager : Event: ======'machine_var_audits_events_game_ended'====== Args={'value': 0, 'prev_value': None, 'change': True}
2025-07-16 12:11:35,670 : INFO : EventManager : Event: ======'machine_var_audits_player_score'====== Args={'value': {'top': [], 'average': 0, 'total': 0}, 'prev_value': None, 'change': True}
2025-07-16 12:11:35,670 : INFO : EventManager : Event: ======'init_phase_5'====== Args={}
2025-07-16 12:11:35,670 : INFO : EventManager : Event: ======'init_done'====== Args={}
2025-07-16 12:11:35,670 : INFO : EventManager : Event: ======'machine_reset_phase_1'====== Args={}
2025-07-16 12:11:35,671 : INFO : EventManager : Event: ======'machine_reset_phase_2'====== Args={}
2025-07-16 12:11:35,671 : INFO : EventManager : Event: ======'machine_reset_phase_3'====== Args={}
2025-07-16 12:11:35,671 : INFO : EventManager : Event: ======'reset_complete'====== Args={}
2025-07-16 12:11:35,671 : INFO : EventManager : Event: ======'mode_attract_will_start'====== Args={}
2025-07-16 12:11:35,671 : INFO : EventManager : Event: ======'mode_attract_starting'====== Args={}
2025-07-16 12:11:35,671 : INFO : Mode.attract : Started. Priority: 10
2025-07-16 12:11:35,671 : INFO : EventManager : Event: ======'modes_active_modes_changed'====== Args={}
2025-07-16 12:11:35,671 : INFO : EventManager : Event: ======'mode_attract_started'====== Args={}
2025-07-16 12:11:35,671 : INFO : EventManager : Event: ======'collecting_balls_complete'====== Args={}
2025-07-16 12:11:35,672 : INFO : Machine : Starting the main run loop with active modes: [<Mode.attract>]
2025-07-16 12:28:07,770 : INFO : Machine : Shutting down...
2025-07-16 12:28:07,770 : INFO : EventManager : Event: ======'shutdown'====== Args={}
2025-07-16 12:28:07,771 : INFO : root : MPF run loop ended.
