2025-07-16 17:41:16,065 : INFO : root : Loading config.
2025-07-16 17:41:16,066 : INFO : YamlMultifileConfigLoader : Machine config file #1: config.yaml
2025-07-16 17:41:16,066 : INFO : ConfigProcessor : Loading config from cache: /var/folders/pz/vf5_w96n7hl70j30jzrp_64r0000gp/T/4b0446b065373c01774765373fc5a010.mpf_cache
2025-07-16 17:41:16,084 : INFO : ConfigProcessor : Loading config from cache: /var/folders/pz/vf5_w96n7hl70j30jzrp_64r0000gp/T/8c6758dff4d969b46729a501e1f9b5a2.mpf_cache
2025-07-16 17:41:16,084 : INFO : ConfigProcessor : Loading config from cache: /var/folders/pz/vf5_w96n7hl70j30jzrp_64r0000gp/T/86b9553ee9e8fe91c4c341498a1256c7.mpf_cache
2025-07-16 17:41:16,084 : INFO : ConfigProcessor : Loading config from cache: /var/folders/pz/vf5_w96n7hl70j30jzrp_64r0000gp/T/8c6758dff4d969b46729a501e1f9b5a2.mpf_cache
2025-07-16 17:41:16,085 : WARNING : ConfigProcessor : Config file in cache changed: /Users/craig/Documents/Pinball/Gremlins/modes/base/config/base.yaml
2025-07-16 17:41:16,085 : INFO : ConfigProcessor : Loading config from file /Users/craig/Documents/Pinball/Gremlins/modes/base/config/base.yaml.
2025-07-16 17:41:16,085 : INFO : ConfigProcessor : Loading config: /Users/craig/Documents/Pinball/Gremlins/modes/base/config/base.yaml
2025-07-16 17:41:16,085 : INFO : ConfigProcessor : Config file cache created: /var/folders/pz/vf5_w96n7hl70j30jzrp_64r0000gp/T/fe908dde2db5cc7f24a22ccd0c690388.mpf_cache
2025-07-16 17:41:16,086 : WARNING : ConfigProcessor : Config file in cache changed: /Users/craig/Documents/Pinball/Gremlins/modes/bumpers/config/bumpers.yaml
2025-07-16 17:41:16,086 : INFO : ConfigProcessor : Loading config from file /Users/craig/Documents/Pinball/Gremlins/modes/bumpers/config/bumpers.yaml.
2025-07-16 17:41:16,086 : INFO : ConfigProcessor : Loading config: /Users/craig/Documents/Pinball/Gremlins/modes/bumpers/config/bumpers.yaml
2025-07-16 17:41:16,086 : INFO : ConfigProcessor : Config file cache created: /var/folders/pz/vf5_w96n7hl70j30jzrp_64r0000gp/T/c87d87d711c9e63e2e052ce58df60d5a.mpf_cache
2025-07-16 17:41:16,086 : INFO : ConfigProcessor : Loading config from cache: /var/folders/pz/vf5_w96n7hl70j30jzrp_64r0000gp/T/2285102ea814fec0736640417091917b.mpf_cache
2025-07-16 17:41:16,086 : INFO : Machine : Mission Pinball Framework Core Engine v0.80.0.dev8
2025-07-16 17:41:16,086 : INFO : Machine : Command line arguments: {'no_load_cache': False, 'create_config_cache': True, 'bcp': True, 'configfile': ['config.yaml'], 'force_assets_load': False, 'platform_integration_test': False, 'jsonlogging': False, 'logfile': 'logs/2025-07-16-17-41-16-mpf-Craigs-MacBook-Pro.local.log', 'pause': False, 'production': False, 'text_ui': False, 'loglevel': 15, 'consoleloglevel': 20, 'force_platform': 'virtual', 'syslog_address': None, 'full_logfile_path': '/Users/craig/Documents/Pinball/Gremlins/logs/2025-07-16-17-41-16-mpf-Craigs-MacBook-Pro.local.log'}
2025-07-16 17:41:16,086 : INFO : Machine : MPF path: /Users/craig/mpf-080/lib/python3.12/site-packages/mpf
2025-07-16 17:41:16,086 : INFO : Machine : Machine path: /Users/craig/Documents/Pinball/Gremlins
2025-07-16 17:41:16,086 : INFO : Machine : Platform: darwin
2025-07-16 17:41:16,086 : INFO : Machine : Python executable location: /Users/craig/mpf-080/bin/python3.12
2025-07-16 17:41:16,086 : INFO : Machine : Python version: 3.12.7 (64-bit)
2025-07-16 17:41:16,087 : INFO : Machine : Initializing MPF...
2025-07-16 17:41:16,102 : INFO : EventManager : Event: ======'machine_var_credits_string'====== Args={'value': 'FREE PLAY', 'prev_value': None, 'change': True}
2025-07-16 17:41:16,106 : INFO : EventManager : Event: ======'machine_var_master_volume'====== Args={'value': 0.5, 'prev_value': None, 'change': True}
2025-07-16 17:41:16,106 : INFO : EventManager : Event: ======'machine_var_mpf_version'====== Args={'value': 'Mission Pinball Framework v0.80.0.dev8', 'prev_value': None, 'change': True}
2025-07-16 17:41:16,106 : INFO : EventManager : Event: ======'machine_var_mpf_extended_version'====== Args={'value': 'Mission Pinball Framework v0.80.0.dev8, Config version:6, Show version: 6, BCP version:1.1', 'prev_value': None, 'change': True}
2025-07-16 17:41:16,106 : INFO : EventManager : Event: ======'machine_var_python_version'====== Args={'value': '3.12.7', 'prev_value': None, 'change': True}
2025-07-16 17:41:16,113 : INFO : EventManager : Event: ======'machine_var_platform'====== Args={'value': 'macOS-14.7.6-arm64-arm-64bit', 'prev_value': None, 'change': True}
2025-07-16 17:41:16,113 : INFO : EventManager : Event: ======'machine_var_platform_system'====== Args={'value': 'Darwin', 'prev_value': None, 'change': True}
2025-07-16 17:41:16,113 : INFO : EventManager : Event: ======'machine_var_platform_release'====== Args={'value': '23.6.0', 'prev_value': None, 'change': True}
2025-07-16 17:41:16,113 : INFO : EventManager : Event: ======'machine_var_platform_version'====== Args={'value': 'Darwin Kernel Version 23.6.0: Thu Apr 24 20:29:18 PDT 2025; root:xnu-10063.141.1.705.2~1/RELEASE_ARM64_T6000', 'prev_value': None, 'change': True}
2025-07-16 17:41:16,113 : INFO : EventManager : Event: ======'machine_var_platform_machine'====== Args={'value': 'arm64', 'prev_value': None, 'change': True}
2025-07-16 17:41:16,114 : INFO : EventManager : Event: ======'machine_var_log_file_path'====== Args={'value': '/Users/craig/Documents/Pinball/Gremlins/logs/2025-07-16-17-41-16-mpf-Craigs-MacBook-Pro.local.log', 'prev_value': None, 'change': True}
2025-07-16 17:41:16,114 : INFO : EventManager : Event: ======'init_phase_1'====== Args={}
2025-07-16 17:41:16,119 : INFO : EventManager : Event: ======'init_phase_2'====== Args={}
2025-07-16 17:41:16,119 : INFO : SwitchController : Found active switch: (1006, <Platform.Virtual>) <switch.s_trough_1>
2025-07-16 17:41:16,119 : INFO : SwitchController : Found active switch: (1007, <Platform.Virtual>) <switch.s_trough_2>
2025-07-16 17:41:16,119 : INFO : SwitchController : Found active switch: (1008, <Platform.Virtual>) <switch.s_trough_3>
2025-07-16 17:41:16,119 : INFO : SwitchController : Found active switch: (1009, <Platform.Virtual>) <switch.s_trough_4>
2025-07-16 17:41:16,120 : INFO : EventManager : Event: ======'bcp_connection_attempt'====== Args={'name': 'local_display', 'host': 'localhost', 'port': 5050}
2025-07-16 17:41:16,120 : INFO : BCPClientSocket : Connecting BCP to 'local_display' at localhost:5050...
2025-07-16 17:41:16,124 : INFO : BCPClientSocket : Connected BCP to 'local_display' localhost:5050
2025-07-16 17:41:16,124 : INFO : EventManager : Event: ======'bcp_clients_connected'====== Args={}
2025-07-16 17:41:16,124 : INFO : ball_device.bd_plunger : BCH: Initial count: 0
2025-07-16 17:41:16,124 : INFO : ball_device.bd_plunger : State: idle
2025-07-16 17:41:16,125 : INFO : ball_device.bd_trough : BCH: Initial count: 4
2025-07-16 17:41:16,125 : INFO : ball_device.bd_trough : State: idle
2025-07-16 17:41:16,127 : INFO : EventManager : Event: ======'init_phase_3'====== Args={}
2025-07-16 17:41:16,128 : INFO : EventManager : Event: ======'init_phase_4'====== Args={}
2025-07-16 17:41:16,128 : INFO : BallController : Initial balls found: 4
2025-07-16 17:41:16,128 : INFO : EventManager : Event: ======'machine_var_audits_events_game_ended'====== Args={'value': 0, 'prev_value': None, 'change': True}
2025-07-16 17:41:16,128 : INFO : EventManager : Event: ======'machine_var_audits_events_game_started'====== Args={'value': 9, 'prev_value': None, 'change': True}
2025-07-16 17:41:16,128 : INFO : EventManager : Event: ======'machine_var_audits_missing_switches_s_bumper_left'====== Args={'value': 4, 'prev_value': None, 'change': True}
2025-07-16 17:41:16,128 : INFO : EventManager : Event: ======'machine_var_audits_missing_switches_s_bumper_right'====== Args={'value': 4, 'prev_value': None, 'change': True}
2025-07-16 17:41:16,128 : INFO : EventManager : Event: ======'machine_var_audits_missing_switches_s_plunger_lane'====== Args={'value': 9, 'prev_value': None, 'change': True}
2025-07-16 17:41:16,128 : INFO : EventManager : Event: ======'machine_var_audits_missing_switches_s_start'====== Args={'value': 2, 'prev_value': None, 'change': True}
2025-07-16 17:41:16,128 : INFO : EventManager : Event: ======'machine_var_audits_missing_switches_s_trough_1'====== Args={'value': 9, 'prev_value': None, 'change': True}
2025-07-16 17:41:16,128 : INFO : EventManager : Event: ======'machine_var_audits_missing_switches_s_trough_2'====== Args={'value': 9, 'prev_value': None, 'change': True}
2025-07-16 17:41:16,128 : INFO : EventManager : Event: ======'machine_var_audits_missing_switches_s_trough_3'====== Args={'value': 9, 'prev_value': None, 'change': True}
2025-07-16 17:41:16,128 : INFO : EventManager : Event: ======'machine_var_audits_missing_switches_s_trough_4'====== Args={'value': 9, 'prev_value': None, 'change': True}
2025-07-16 17:41:16,128 : INFO : EventManager : Event: ======'machine_var_audits_player_score'====== Args={'value': {'average': 0, 'top': [], 'total': 0}, 'prev_value': None, 'change': True}
2025-07-16 17:41:16,128 : INFO : EventManager : Event: ======'machine_var_audits_shots_bumper_left'====== Args={'value': 16, 'prev_value': None, 'change': True}
2025-07-16 17:41:16,128 : INFO : EventManager : Event: ======'machine_var_audits_shots_bumper_right'====== Args={'value': 26, 'prev_value': None, 'change': True}
2025-07-16 17:41:16,128 : INFO : EventManager : Event: ======'machine_var_audits_shots_hurryup'====== Args={'value': 7, 'prev_value': None, 'change': True}
2025-07-16 17:41:16,128 : INFO : EventManager : Event: ======'machine_var_audits_shots_left_lane'====== Args={'value': 17, 'prev_value': None, 'change': True}
2025-07-16 17:41:16,128 : INFO : EventManager : Event: ======'machine_var_audits_switches_s_bumper_left'====== Args={'value': 16, 'prev_value': None, 'change': True}
2025-07-16 17:41:16,128 : INFO : EventManager : Event: ======'machine_var_audits_switches_s_bumper_right'====== Args={'value': 26, 'prev_value': None, 'change': True}
2025-07-16 17:41:16,128 : INFO : EventManager : Event: ======'machine_var_audits_switches_s_flipper_left'====== Args={'value': 42, 'prev_value': None, 'change': True}
2025-07-16 17:41:16,129 : INFO : EventManager : Event: ======'machine_var_audits_switches_s_flipper_right'====== Args={'value': 65, 'prev_value': None, 'change': True}
2025-07-16 17:41:16,129 : INFO : EventManager : Event: ======'machine_var_audits_switches_s_left_lane'====== Args={'value': 17, 'prev_value': None, 'change': True}
2025-07-16 17:41:16,129 : INFO : EventManager : Event: ======'machine_var_audits_switches_s_plunger_lane'====== Args={'value': 0, 'prev_value': None, 'change': True}
2025-07-16 17:41:16,129 : INFO : EventManager : Event: ======'machine_var_audits_switches_s_start'====== Args={'value': 2, 'prev_value': None, 'change': True}
2025-07-16 17:41:16,129 : INFO : EventManager : Event: ======'machine_var_audits_switches_s_trough_1'====== Args={'value': 0, 'prev_value': None, 'change': True}
2025-07-16 17:41:16,129 : INFO : EventManager : Event: ======'machine_var_audits_switches_s_trough_2'====== Args={'value': 0, 'prev_value': None, 'change': True}
2025-07-16 17:41:16,129 : INFO : EventManager : Event: ======'machine_var_audits_switches_s_trough_3'====== Args={'value': 0, 'prev_value': None, 'change': True}
2025-07-16 17:41:16,129 : INFO : EventManager : Event: ======'machine_var_audits_switches_s_trough_4'====== Args={'value': 0, 'prev_value': None, 'change': True}
2025-07-16 17:41:16,129 : INFO : EventManager : Event: ======'init_phase_5'====== Args={}
2025-07-16 17:41:16,129 : INFO : EventManager : Event: ======'init_done'====== Args={}
2025-07-16 17:41:16,129 : INFO : EventManager : Event: ======'machine_reset_phase_1'====== Args={}
2025-07-16 17:41:16,131 : INFO : EventManager : Event: ======'machine_reset_phase_2'====== Args={}
2025-07-16 17:41:16,131 : INFO : EventManager : Event: ======'machine_reset_phase_3'====== Args={}
2025-07-16 17:41:16,131 : INFO : EventManager : Event: ======'reset_complete'====== Args={}
2025-07-16 17:41:16,132 : INFO : EventManager : Event: ======'mode_attract_will_start'====== Args={}
2025-07-16 17:41:16,132 : INFO : Timer.attract_carousel_timer : Starting Timer.
2025-07-16 17:41:16,132 : INFO : EventManager : Event: ======'timer_attract_carousel_timer_started'====== Args={'ticks': 0, 'ticks_remaining': 1}
2025-07-16 17:41:16,132 : INFO : EventManager : Event: ======'timer_attract_carousel_timer_tick'====== Args={'ticks': 0, 'ticks_remaining': 1}
2025-07-16 17:41:16,132 : INFO : EventManager : Event: ======'mode_attract_starting'====== Args={}
2025-07-16 17:41:16,132 : INFO : Mode.attract : Started. Priority: 10
2025-07-16 17:41:16,133 : INFO : EventManager : Event: ======'modes_active_modes_changed'====== Args={}
2025-07-16 17:41:16,133 : INFO : EventManager : Event: ======'mode_attract_started'====== Args={}
2025-07-16 17:41:16,133 : INFO : EventManager : Event: ======'collecting_balls_complete'====== Args={}
2025-07-16 17:41:16,133 : INFO : EventManager : Event: ======'item_highlighted'====== Args={'carousel': 'attract', 'direction': None, 'item': 'press_start'}
2025-07-16 17:41:16,133 : INFO : EventManager : Event: ======'timer_attract_carousel_timer_tick'====== Args={'ticks': 0, 'ticks_remaining': 1}
2025-07-16 17:41:16,133 : INFO : Machine : Starting the main run loop with active modes: [<Mode.attract>]
2025-07-16 17:41:16,278 : INFO : EventManager : Event: ======'slide_attract_created'====== Args={'_from_bcp': True}
2025-07-16 17:41:16,278 : INFO : EventManager : Event: ======'slide__removed'====== Args={'_from_bcp': True}
2025-07-16 17:41:16,279 : INFO : EventManager : Event: ======'slide_attract_active'====== Args={'original_context': 'attract', 'original_calling_context': 'mode_attract_started', 'priority': 10.0, 'cmd': 'slides_play', '_from_bcp': True}
2025-07-16 17:41:19,240 : INFO : SwitchController : <<<<<<< 's_start' active >>>>>>>
2025-07-16 17:41:19,352 : INFO : SwitchController : <<<<<<< 's_start' inactive >>>>>>>
2025-07-16 17:41:19,352 : INFO : EventManager : Event: ======'request_to_start_game'====== Args={}
2025-07-16 17:41:19,353 : INFO : EventManager : Event: ======'game_start'====== Args={'buttons': [], 'hold_time': 0.11256583399517694}
2025-07-16 17:41:19,354 : INFO : EventManager : Event: ======'mode_game_will_start'====== Args={'buttons': [], 'hold_time': 0.11256583399517694}
2025-07-16 17:41:19,355 : INFO : EventManager : Event: ======'mode_game_starting'====== Args={'buttons': [], 'hold_time': 0.11256583399517694}
2025-07-16 17:41:19,355 : INFO : EventManager : Event: ======'mode_attract_will_stop'====== Args={}
2025-07-16 17:41:19,355 : INFO : EventManager : Event: ======'mode_attract_stopping'====== Args={}
2025-07-16 17:41:19,355 : INFO : Mode.attract : Stopped.
2025-07-16 17:41:19,355 : INFO : EventManager : Event: ======'modes_active_modes_changed'====== Args={}
2025-07-16 17:41:19,356 : INFO : EventManager : Event: ======'mode_attract_stopped'====== Args={}
2025-07-16 17:41:19,356 : INFO : EventManager : Event: ======'clear'====== Args={'key': 'attract'}
2025-07-16 17:41:19,356 : INFO : Timer.attract_carousel_timer : Stopping Timer
2025-07-16 17:41:19,356 : INFO : EventManager : Event: ======'timer_attract_carousel_timer_stopped'====== Args={'ticks': 0, 'ticks_remaining': 1}
2025-07-16 17:41:19,356 : INFO : Mode.game : Started. Priority: 20
2025-07-16 17:41:19,356 : INFO : EventManager : Event: ======'modes_active_modes_changed'====== Args={}
2025-07-16 17:41:19,356 : INFO : EventManager : Event: ======'mode_game_started'====== Args={'buttons': [], 'hold_time': 0.11256583399517694}
2025-07-16 17:41:19,358 : INFO : EventManager : Event: ======'game_will_start'====== Args={}
2025-07-16 17:41:19,362 : INFO : EventManager : Event: ======'game_starting'====== Args={'game': <Mode.game>}
2025-07-16 17:41:19,363 : INFO : EventManager : Unordered handler for class <Auditor> on event game_ended with priority 1. Handlers: [RegisteredHandler(callback=<bound method Auditor.disable of <Auditor>>, priority=1, kwargs={}, key=UUID('57221d91-eff3-494d-ab52-31ddb48ec6b9'), condition=None, blocking_facility=None), RegisteredHandler(callback=<bound method Auditor._save_audits of <Auditor>>, priority=1, kwargs={}, key=UUID('14207902-a71e-4ef9-955d-91768404694a'), condition=None, blocking_facility=None)]. The order of those handlers is not defined and they will be executed in random order. This might lead to race conditions and potential bugs.
2025-07-16 17:41:19,363 : INFO : EventManager : Event: ======'player_add_request'====== Args={}
2025-07-16 17:41:19,363 : INFO : EventManager : Event: ======'player_will_add'====== Args={'number': 1}
2025-07-16 17:41:19,363 : INFO : EventManager : Event: ======'player_adding'====== Args={'player': <Player 1>, 'number': 1}
2025-07-16 17:41:19,363 : INFO : EventManager : Event: ======'player_added'====== Args={'player': <Player 1>, 'num': 1}
2025-07-16 17:41:19,363 : INFO : Mode.game : Player added successfully. Total players: 1
2025-07-16 17:41:19,364 : INFO : EventManager : Event: ======'player_index'====== Args={'value': 0, 'prev_value': 0, 'change': 0, 'player_num': 1}
2025-07-16 17:41:19,364 : INFO : EventManager : Event: ======'player_number'====== Args={'value': 1, 'prev_value': 1, 'change': 0, 'player_num': 1}
2025-07-16 17:41:19,364 : INFO : EventManager : Event: ======'player_score'====== Args={'value': 0, 'prev_value': 0, 'change': 0, 'player_num': 1}
2025-07-16 17:41:19,365 : INFO : EventManager : Event: ======'game_started'====== Args={}
2025-07-16 17:41:19,365 : INFO : EventManager : Event: ======'player_turn_will_start'====== Args={'player': <Player 1>, 'number': 1}
2025-07-16 17:41:19,371 : INFO : EventManager : Event: ======'player_turn_starting'====== Args={'player': <Player 1>, 'number': 1}
2025-07-16 17:41:19,373 : INFO : EventManager : Event: ======'player_ball'====== Args={'value': 1, 'prev_value': 0, 'change': 1, 'player_num': 1}
2025-07-16 17:41:19,373 : INFO : EventManager : Event: ======'player_turn_started'====== Args={'player': <Player 1>, 'number': 1}
2025-07-16 17:41:19,373 : INFO : EventManager : Event: ======'ball_will_start'====== Args={'player': 1, 'ball': 1, 'balls_remaining': 2, 'is_extra_ball': False}
2025-07-16 17:41:19,379 : INFO : EventManager : Event: ======'ball_starting'====== Args={'player': 1, 'ball': 1, 'balls_remaining': 2, 'is_extra_ball': False}
2025-07-16 17:41:19,379 : INFO : EventManager : Event: ======'mode_base_will_start'====== Args={'queue': <QueuedEvent>, 'player': 1, 'ball': 1, 'balls_remaining': 2, 'is_extra_ball': False}
2025-07-16 17:41:19,381 : INFO : EventManager : Event: ======'player_shot_left_lane_enabled'====== Args={'value': True, 'prev_value': 0, 'change': 1, 'player_num': 1}
2025-07-16 17:41:19,383 : INFO : EventManager : Event: ======'mode_base_starting'====== Args={'queue': <QueuedEvent>, 'player': 1, 'ball': 1, 'balls_remaining': 2, 'is_extra_ball': False}
2025-07-16 17:41:19,384 : INFO : Mode.base : Started. Priority: 100
2025-07-16 17:41:19,384 : INFO : EventManager : Event: ======'modes_active_modes_changed'====== Args={}
2025-07-16 17:41:19,384 : INFO : EventManager : Event: ======'mode_base_started'====== Args={'queue': <QueuedEvent>, 'player': 1, 'ball': 1, 'balls_remaining': 2, 'is_extra_ball': False}
2025-07-16 17:41:19,385 : INFO : EventManager : Event: ======'start_mode_bumpers'====== Args={'priority': 0}
2025-07-16 17:41:19,385 : INFO : EventManager : Event: ======'mode_bumpers_will_start'====== Args={'priority': 0}
2025-07-16 17:41:19,385 : INFO : EventManager : Event: ======'player_shot_bumper_left_enabled'====== Args={'value': True, 'prev_value': 0, 'change': 1, 'player_num': 1}
2025-07-16 17:41:19,386 : INFO : EventManager : Event: ======'player_shot_bumper_right_enabled'====== Args={'value': True, 'prev_value': 0, 'change': 1, 'player_num': 1}
2025-07-16 17:41:19,386 : INFO : EventManager : Event: ======'bumpers_complete'====== Args={'state': 'unlit'}
2025-07-16 17:41:19,386 : INFO : EventManager : Event: ======'bumpers_unlit_complete'====== Args={}
2025-07-16 17:41:19,387 : INFO : EventManager : Event: ======'mode_bumpers_starting'====== Args={'priority': 0}
2025-07-16 17:41:19,387 : INFO : Mode.bumpers : Started. Priority: 200
2025-07-16 17:41:19,387 : INFO : EventManager : Event: ======'modes_active_modes_changed'====== Args={}
2025-07-16 17:41:19,387 : INFO : EventManager : Event: ======'mode_bumpers_started'====== Args={'priority': 0}
2025-07-16 17:41:19,388 : INFO : EventManager : Event: ======'balls_in_play'====== Args={'balls': 1}
2025-07-16 17:41:19,388 : INFO : EventManager : Event: ======'ball_started'====== Args={'player': 1, 'ball': 1, 'balls_remaining': 2, 'is_extra_ball': False}
2025-07-16 17:41:19,388 : INFO : EventManager : Event: ======'single_player_ball_started'====== Args={}
2025-07-16 17:41:19,388 : INFO : EventManager : Event: ======'ball_start_target'====== Args={'target': 'playfield'}
2025-07-16 17:41:19,389 : INFO : ball_device.bd_trough : Setting up player-controlled eject. Balls: 1, Target: <playfield.playfield>, player_controlled_eject_event: None
2025-07-16 17:41:19,389 : INFO : ball_device.bd_trough : Adding 1 ball(s) to the eject_queue with target <playfield.playfield>.
2025-07-16 17:41:19,389 : INFO : EventManager : Event: ======'balldevice_balls_available'====== Args={}
2025-07-16 17:41:19,390 : INFO : ball_device.bd_trough : State: waiting_for_target_ready
2025-07-16 17:41:19,390 : INFO : EventManager : Event: ======'balldevice_bd_trough_ball_eject_attempt'====== Args={'balls': 1, 'target': <ball_device.bd_plunger>, 'source': <ball_device.bd_trough>, 'mechanical_eject': False, 'num_attempts': 0}
2025-07-16 17:41:19,390 : INFO : ball_device.bd_plunger : State: waiting_for_ball
2025-07-16 17:41:19,390 : INFO : ball_device.bd_trough : State: ejecting
2025-07-16 17:41:19,390 : INFO : ball_device.bd_trough : Ejecting ball to <ball_device.bd_plunger>
2025-07-16 17:41:19,390 : INFO : EventManager : Event: ======'balldevice_bd_trough_ejecting_ball'====== Args={'balls': 1, 'target': <ball_device.bd_plunger>, 'source': <ball_device.bd_trough>, 'mechanical_eject': False, 'num_attempts': 0}
2025-07-16 17:41:19,391 : INFO : ball_device.bd_trough : Wait for ball to leave device
2025-07-16 17:41:19,391 : INFO : coil.c_trough_eject : Pulsing Driver for 10ms (1.0 pulse_power)
2025-07-16 17:41:19,461 : INFO : EventManager : Event: ======'slide_base_slide_created'====== Args={'_from_bcp': True}
2025-07-16 17:41:19,462 : INFO : EventManager : Event: ======'slide_attract_inactive'====== Args={'is_removing': True, '_from_bcp': True}
2025-07-16 17:41:19,462 : INFO : EventManager : Event: ======'slide_base_slide_active'====== Args={'original_context': 'base', 'original_calling_context': 'mode_base_started', 'priority': 100.0, 'queue': '<QueuedEvent>', 'player': 1.0, 'ball': 1.0, 'balls_remaining': 2.0, 'is_extra_ball': False, 'cmd': 'slides_play', '_from_bcp': True}
2025-07-16 17:41:19,463 : INFO : EventManager : Event: ======'slide_attract_removed'====== Args={'_from_bcp': True}
2025-07-16 17:41:20,223 : INFO : SwitchController : <<<<<<< 's_flipper_right' active >>>>>>>
2025-07-16 17:41:20,224 : INFO : EventManager : Event: ======'machine_var_audits_switches_s_flipper_right'====== Args={'value': 66, 'prev_value': 65, 'change': 1}
2025-07-16 17:41:20,350 : INFO : SwitchController : <<<<<<< 's_flipper_right' inactive >>>>>>>
2025-07-16 17:41:20,781 : INFO : SwitchController : <<<<<<< 's_flipper_left' active >>>>>>>
2025-07-16 17:41:20,782 : INFO : EventManager : Event: ======'machine_var_audits_switches_s_flipper_left'====== Args={'value': 43, 'prev_value': 42, 'change': 1}
2025-07-16 17:41:20,914 : INFO : SwitchController : <<<<<<< 's_flipper_left' inactive >>>>>>>
2025-07-16 17:41:20,931 : INFO : SwitchController : <<<<<<< 's_flipper_right' active >>>>>>>
2025-07-16 17:41:20,931 : INFO : EventManager : Event: ======'machine_var_audits_switches_s_flipper_right'====== Args={'value': 67, 'prev_value': 66, 'change': 1}
2025-07-16 17:41:21,050 : INFO : SwitchController : <<<<<<< 's_flipper_right' inactive >>>>>>>
2025-07-16 17:41:21,051 : INFO : SwitchController : <<<<<<< 's_flipper_left' active >>>>>>>
2025-07-16 17:41:21,051 : INFO : EventManager : Event: ======'machine_var_audits_switches_s_flipper_left'====== Args={'value': 44, 'prev_value': 43, 'change': 1}
2025-07-16 17:41:21,105 : INFO : SwitchController : <<<<<<< 's_flipper_left' inactive >>>>>>>
2025-07-16 17:41:21,183 : INFO : SwitchController : <<<<<<< 's_flipper_right' active >>>>>>>
2025-07-16 17:41:21,184 : INFO : EventManager : Event: ======'machine_var_audits_switches_s_flipper_right'====== Args={'value': 68, 'prev_value': 67, 'change': 1}
2025-07-16 17:41:21,228 : INFO : SwitchController : <<<<<<< 's_flipper_left' active >>>>>>>
2025-07-16 17:41:21,228 : INFO : EventManager : Event: ======'flipper_cancel'====== Args={'triggering_group': 1, 'triggering_switch': 's_flipper_left'}
2025-07-16 17:41:21,229 : INFO : EventManager : Event: ======'machine_var_audits_switches_s_flipper_left'====== Args={'value': 45, 'prev_value': 44, 'change': 1}
2025-07-16 17:41:21,247 : INFO : SwitchController : <<<<<<< 's_flipper_right' inactive >>>>>>>
2025-07-16 17:41:21,247 : INFO : EventManager : Event: ======'both_flippers_one'====== Args={'triggering_group': 2, 'triggering_switch': 's_flipper_right'}
2025-07-16 17:41:21,268 : INFO : SwitchController : <<<<<<< 's_flipper_left' inactive >>>>>>>
2025-07-16 17:41:21,269 : INFO : EventManager : Event: ======'both_flippers_inactive'====== Args={'triggering_group': 1, 'triggering_switch': 's_flipper_left'}
2025-07-16 17:41:21,344 : INFO : SwitchController : <<<<<<< 's_flipper_right' active >>>>>>>
2025-07-16 17:41:21,345 : INFO : EventManager : Event: ======'machine_var_audits_switches_s_flipper_right'====== Args={'value': 69, 'prev_value': 68, 'change': 1}
2025-07-16 17:41:21,385 : INFO : SwitchController : <<<<<<< 's_flipper_left' active >>>>>>>
2025-07-16 17:41:21,386 : INFO : EventManager : Event: ======'flipper_cancel'====== Args={'triggering_group': 1, 'triggering_switch': 's_flipper_left'}
2025-07-16 17:41:21,390 : INFO : EventManager : Event: ======'machine_var_audits_switches_s_flipper_left'====== Args={'value': 46, 'prev_value': 45, 'change': 1}
2025-07-16 17:41:21,408 : INFO : SwitchController : <<<<<<< 's_flipper_right' inactive >>>>>>>
2025-07-16 17:41:21,408 : INFO : EventManager : Event: ======'both_flippers_one'====== Args={'triggering_group': 2, 'triggering_switch': 's_flipper_right'}
2025-07-16 17:41:21,459 : INFO : SwitchController : <<<<<<< 's_flipper_left' inactive >>>>>>>
2025-07-16 17:41:21,459 : INFO : EventManager : Event: ======'both_flippers_inactive'====== Args={'triggering_group': 1, 'triggering_switch': 's_flipper_left'}
2025-07-16 17:41:21,500 : INFO : SwitchController : <<<<<<< 's_flipper_right' active >>>>>>>
2025-07-16 17:41:21,501 : INFO : EventManager : Event: ======'machine_var_audits_switches_s_flipper_right'====== Args={'value': 70, 'prev_value': 69, 'change': 1}
2025-07-16 17:41:21,565 : INFO : SwitchController : <<<<<<< 's_flipper_left' active >>>>>>>
2025-07-16 17:41:21,566 : INFO : EventManager : Event: ======'flipper_cancel'====== Args={'triggering_group': 1, 'triggering_switch': 's_flipper_left'}
2025-07-16 17:41:21,566 : INFO : EventManager : Event: ======'machine_var_audits_switches_s_flipper_left'====== Args={'value': 47, 'prev_value': 46, 'change': 1}
2025-07-16 17:41:21,600 : INFO : SwitchController : <<<<<<< 's_flipper_right' inactive >>>>>>>
2025-07-16 17:41:21,603 : INFO : EventManager : Event: ======'both_flippers_one'====== Args={'triggering_group': 2, 'triggering_switch': 's_flipper_right'}
2025-07-16 17:41:21,643 : INFO : SwitchController : <<<<<<< 's_flipper_left' inactive >>>>>>>
2025-07-16 17:41:21,648 : INFO : EventManager : Event: ======'both_flippers_inactive'====== Args={'triggering_group': 1, 'triggering_switch': 's_flipper_left'}
2025-07-16 17:41:21,692 : INFO : SwitchController : <<<<<<< 's_flipper_right' active >>>>>>>
2025-07-16 17:41:21,692 : INFO : EventManager : Event: ======'machine_var_audits_switches_s_flipper_right'====== Args={'value': 71, 'prev_value': 70, 'change': 1}
2025-07-16 17:41:21,751 : INFO : SwitchController : <<<<<<< 's_flipper_left' active >>>>>>>
2025-07-16 17:41:21,752 : INFO : EventManager : Event: ======'flipper_cancel'====== Args={'triggering_group': 1, 'triggering_switch': 's_flipper_left'}
2025-07-16 17:41:21,752 : INFO : EventManager : Event: ======'machine_var_audits_switches_s_flipper_left'====== Args={'value': 48, 'prev_value': 47, 'change': 1}
2025-07-16 17:41:21,763 : INFO : SwitchController : <<<<<<< 's_flipper_right' inactive >>>>>>>
2025-07-16 17:41:21,764 : INFO : EventManager : Event: ======'both_flippers_one'====== Args={'triggering_group': 2, 'triggering_switch': 's_flipper_right'}
2025-07-16 17:41:21,811 : INFO : SwitchController : <<<<<<< 's_flipper_left' inactive >>>>>>>
2025-07-16 17:41:21,811 : INFO : EventManager : Event: ======'both_flippers_inactive'====== Args={'triggering_group': 1, 'triggering_switch': 's_flipper_left'}
2025-07-16 17:41:21,874 : INFO : SwitchController : <<<<<<< 's_flipper_right' active >>>>>>>
2025-07-16 17:41:21,875 : INFO : EventManager : Event: ======'machine_var_audits_switches_s_flipper_right'====== Args={'value': 72, 'prev_value': 71, 'change': 1}
2025-07-16 17:41:21,917 : INFO : SwitchController : <<<<<<< 's_flipper_left' active >>>>>>>
2025-07-16 17:41:21,918 : INFO : EventManager : Event: ======'flipper_cancel'====== Args={'triggering_group': 1, 'triggering_switch': 's_flipper_left'}
2025-07-16 17:41:21,918 : INFO : EventManager : Event: ======'machine_var_audits_switches_s_flipper_left'====== Args={'value': 49, 'prev_value': 48, 'change': 1}
2025-07-16 17:41:21,922 : INFO : SwitchController : <<<<<<< 's_flipper_right' inactive >>>>>>>
2025-07-16 17:41:21,922 : INFO : EventManager : Event: ======'both_flippers_one'====== Args={'triggering_group': 2, 'triggering_switch': 's_flipper_right'}
2025-07-16 17:41:21,963 : INFO : SwitchController : <<<<<<< 's_flipper_left' inactive >>>>>>>
2025-07-16 17:41:21,963 : INFO : EventManager : Event: ======'both_flippers_inactive'====== Args={'triggering_group': 1, 'triggering_switch': 's_flipper_left'}
2025-07-16 17:41:22,040 : INFO : SwitchController : <<<<<<< 's_flipper_right' active >>>>>>>
2025-07-16 17:41:22,041 : INFO : EventManager : Event: ======'machine_var_audits_switches_s_flipper_right'====== Args={'value': 73, 'prev_value': 72, 'change': 1}
2025-07-16 17:41:22,084 : INFO : SwitchController : <<<<<<< 's_flipper_left' active >>>>>>>
2025-07-16 17:41:22,085 : INFO : EventManager : Event: ======'flipper_cancel'====== Args={'triggering_group': 1, 'triggering_switch': 's_flipper_left'}
2025-07-16 17:41:22,085 : INFO : EventManager : Event: ======'machine_var_audits_switches_s_flipper_left'====== Args={'value': 50, 'prev_value': 49, 'change': 1}
2025-07-16 17:41:22,119 : INFO : SwitchController : <<<<<<< 's_flipper_right' inactive >>>>>>>
2025-07-16 17:41:22,119 : INFO : EventManager : Event: ======'both_flippers_one'====== Args={'triggering_group': 2, 'triggering_switch': 's_flipper_right'}
2025-07-16 17:41:22,156 : INFO : SwitchController : <<<<<<< 's_flipper_left' inactive >>>>>>>
2025-07-16 17:41:22,157 : INFO : EventManager : Event: ======'both_flippers_inactive'====== Args={'triggering_group': 1, 'triggering_switch': 's_flipper_left'}
2025-07-16 17:41:22,222 : INFO : SwitchController : <<<<<<< 's_flipper_right' active >>>>>>>
2025-07-16 17:41:22,223 : INFO : EventManager : Event: ======'machine_var_audits_switches_s_flipper_right'====== Args={'value': 74, 'prev_value': 73, 'change': 1}
2025-07-16 17:41:22,252 : INFO : SwitchController : <<<<<<< 's_flipper_left' active >>>>>>>
2025-07-16 17:41:22,252 : INFO : EventManager : Event: ======'flipper_cancel'====== Args={'triggering_group': 1, 'triggering_switch': 's_flipper_left'}
2025-07-16 17:41:22,253 : INFO : EventManager : Event: ======'machine_var_audits_switches_s_flipper_left'====== Args={'value': 51, 'prev_value': 50, 'change': 1}
2025-07-16 17:41:22,298 : INFO : SwitchController : <<<<<<< 's_flipper_right' inactive >>>>>>>
2025-07-16 17:41:22,300 : INFO : EventManager : Event: ======'both_flippers_one'====== Args={'triggering_group': 2, 'triggering_switch': 's_flipper_right'}
2025-07-16 17:41:22,343 : INFO : SwitchController : <<<<<<< 's_flipper_left' inactive >>>>>>>
2025-07-16 17:41:22,343 : INFO : EventManager : Event: ======'both_flippers_inactive'====== Args={'triggering_group': 1, 'triggering_switch': 's_flipper_left'}
2025-07-16 17:41:22,422 : INFO : SwitchController : <<<<<<< 's_flipper_right' active >>>>>>>
2025-07-16 17:41:22,423 : INFO : EventManager : Event: ======'machine_var_audits_switches_s_flipper_right'====== Args={'value': 75, 'prev_value': 74, 'change': 1}
2025-07-16 17:41:22,443 : INFO : SwitchController : <<<<<<< 's_flipper_left' active >>>>>>>
2025-07-16 17:41:22,443 : INFO : EventManager : Event: ======'flipper_cancel'====== Args={'triggering_group': 1, 'triggering_switch': 's_flipper_left'}
2025-07-16 17:41:22,443 : INFO : EventManager : Event: ======'machine_var_audits_switches_s_flipper_left'====== Args={'value': 52, 'prev_value': 51, 'change': 1}
2025-07-16 17:41:22,507 : INFO : SwitchController : <<<<<<< 's_flipper_left' inactive >>>>>>>
2025-07-16 17:41:22,508 : INFO : EventManager : Event: ======'both_flippers_one'====== Args={'triggering_group': 1, 'triggering_switch': 's_flipper_left'}
2025-07-16 17:41:22,516 : INFO : SwitchController : <<<<<<< 's_flipper_right' inactive >>>>>>>
2025-07-16 17:41:22,517 : INFO : EventManager : Event: ======'both_flippers_inactive'====== Args={'triggering_group': 2, 'triggering_switch': 's_flipper_right'}
2025-07-16 17:41:22,649 : INFO : SwitchController : <<<<<<< 's_flipper_right' active >>>>>>>
2025-07-16 17:41:22,649 : INFO : EventManager : Event: ======'machine_var_audits_switches_s_flipper_right'====== Args={'value': 76, 'prev_value': 75, 'change': 1}
2025-07-16 17:41:22,715 : INFO : SwitchController : <<<<<<< 's_flipper_left' active >>>>>>>
2025-07-16 17:41:22,716 : INFO : EventManager : Event: ======'flipper_cancel'====== Args={'triggering_group': 1, 'triggering_switch': 's_flipper_left'}
2025-07-16 17:41:22,716 : INFO : EventManager : Event: ======'machine_var_audits_switches_s_flipper_left'====== Args={'value': 53, 'prev_value': 52, 'change': 1}
2025-07-16 17:41:22,731 : INFO : SwitchController : <<<<<<< 's_flipper_right' inactive >>>>>>>
2025-07-16 17:41:22,731 : INFO : EventManager : Event: ======'both_flippers_one'====== Args={'triggering_group': 2, 'triggering_switch': 's_flipper_right'}
2025-07-16 17:41:22,782 : INFO : SwitchController : <<<<<<< 's_flipper_left' inactive >>>>>>>
2025-07-16 17:41:22,782 : INFO : EventManager : Event: ======'both_flippers_inactive'====== Args={'triggering_group': 1, 'triggering_switch': 's_flipper_left'}
2025-07-16 17:41:22,892 : INFO : SwitchController : <<<<<<< 's_flipper_right' active >>>>>>>
2025-07-16 17:41:22,893 : INFO : EventManager : Event: ======'machine_var_audits_switches_s_flipper_right'====== Args={'value': 77, 'prev_value': 76, 'change': 1}
2025-07-16 17:41:22,933 : INFO : SwitchController : <<<<<<< 's_flipper_left' active >>>>>>>
2025-07-16 17:41:22,934 : INFO : EventManager : Event: ======'flipper_cancel'====== Args={'triggering_group': 1, 'triggering_switch': 's_flipper_left'}
2025-07-16 17:41:22,935 : INFO : EventManager : Event: ======'machine_var_audits_switches_s_flipper_left'====== Args={'value': 54, 'prev_value': 53, 'change': 1}
2025-07-16 17:41:22,947 : INFO : SwitchController : <<<<<<< 's_flipper_right' inactive >>>>>>>
2025-07-16 17:41:22,948 : INFO : EventManager : Event: ======'both_flippers_one'====== Args={'triggering_group': 2, 'triggering_switch': 's_flipper_right'}
2025-07-16 17:41:22,988 : INFO : SwitchController : <<<<<<< 's_flipper_left' inactive >>>>>>>
2025-07-16 17:41:22,988 : INFO : EventManager : Event: ======'both_flippers_inactive'====== Args={'triggering_group': 1, 'triggering_switch': 's_flipper_left'}
2025-07-16 17:41:23,149 : INFO : SwitchController : <<<<<<< 's_flipper_right' active >>>>>>>
2025-07-16 17:41:23,149 : INFO : EventManager : Event: ======'machine_var_audits_switches_s_flipper_right'====== Args={'value': 78, 'prev_value': 77, 'change': 1}
2025-07-16 17:41:23,174 : INFO : SwitchController : <<<<<<< 's_flipper_left' active >>>>>>>
2025-07-16 17:41:23,175 : INFO : EventManager : Event: ======'flipper_cancel'====== Args={'triggering_group': 1, 'triggering_switch': 's_flipper_left'}
2025-07-16 17:41:23,175 : INFO : EventManager : Event: ======'machine_var_audits_switches_s_flipper_left'====== Args={'value': 55, 'prev_value': 54, 'change': 1}
2025-07-16 17:41:23,222 : INFO : SwitchController : <<<<<<< 's_flipper_right' inactive >>>>>>>
2025-07-16 17:41:23,222 : INFO : EventManager : Event: ======'both_flippers_one'====== Args={'triggering_group': 2, 'triggering_switch': 's_flipper_right'}
2025-07-16 17:41:23,272 : INFO : SwitchController : <<<<<<< 's_flipper_left' inactive >>>>>>>
2025-07-16 17:41:23,273 : INFO : EventManager : Event: ======'both_flippers_inactive'====== Args={'triggering_group': 1, 'triggering_switch': 's_flipper_left'}
2025-07-16 17:41:29,393 : INFO : EventManager : Event: ======'balldevice_bd_trough_ball_eject_failed'====== Args={'target': <ball_device.bd_plunger>, 'balls': 1, 'retry': True, 'num_attempts': 1}
2025-07-16 17:41:29,395 : INFO : ball_device.bd_trough : State: waiting_for_target_ready
2025-07-16 17:41:29,396 : INFO : EventManager : Event: ======'balldevice_bd_trough_ball_eject_attempt'====== Args={'balls': 1, 'target': <ball_device.bd_plunger>, 'source': <ball_device.bd_trough>, 'mechanical_eject': False, 'num_attempts': 1}
2025-07-16 17:41:29,396 : INFO : ball_device.bd_trough : State: ejecting
2025-07-16 17:41:29,397 : INFO : ball_device.bd_trough : Ejecting ball to <ball_device.bd_plunger>
2025-07-16 17:41:29,397 : INFO : EventManager : Event: ======'balldevice_bd_trough_ejecting_ball'====== Args={'balls': 1, 'target': <ball_device.bd_plunger>, 'source': <ball_device.bd_trough>, 'mechanical_eject': False, 'num_attempts': 1}
2025-07-16 17:41:29,398 : INFO : ball_device.bd_trough : Wait for ball to leave device
2025-07-16 17:41:29,399 : INFO : coil.c_trough_eject : Pulsing Driver for 10ms (1.0 pulse_power)
2025-07-16 17:41:39,401 : INFO : EventManager : Event: ======'balldevice_bd_trough_ball_eject_failed'====== Args={'target': <ball_device.bd_plunger>, 'balls': 1, 'retry': True, 'num_attempts': 2}
2025-07-16 17:41:39,403 : INFO : ball_device.bd_trough : State: waiting_for_target_ready
2025-07-16 17:41:39,403 : INFO : EventManager : Event: ======'balldevice_bd_trough_ball_eject_attempt'====== Args={'balls': 1, 'target': <ball_device.bd_plunger>, 'source': <ball_device.bd_trough>, 'mechanical_eject': False, 'num_attempts': 2}
2025-07-16 17:41:39,404 : INFO : ball_device.bd_trough : State: ejecting
2025-07-16 17:41:39,404 : INFO : ball_device.bd_trough : Ejecting ball to <ball_device.bd_plunger>
2025-07-16 17:41:39,404 : INFO : EventManager : Event: ======'balldevice_bd_trough_ejecting_ball'====== Args={'balls': 1, 'target': <ball_device.bd_plunger>, 'source': <ball_device.bd_trough>, 'mechanical_eject': False, 'num_attempts': 2}
2025-07-16 17:41:39,405 : INFO : ball_device.bd_trough : Wait for ball to leave device
2025-07-16 17:41:39,405 : INFO : coil.c_trough_eject : Pulsing Driver for 10ms (1.0 pulse_power)
2025-07-16 17:41:49,407 : INFO : EventManager : Event: ======'balldevice_bd_trough_ball_eject_failed'====== Args={'target': <ball_device.bd_plunger>, 'balls': 1, 'retry': True, 'num_attempts': 3}
2025-07-16 17:41:49,407 : INFO : ball_device.bd_trough : State: waiting_for_target_ready
2025-07-16 17:41:49,407 : INFO : EventManager : Event: ======'balldevice_bd_trough_ball_eject_attempt'====== Args={'balls': 1, 'target': <ball_device.bd_plunger>, 'source': <ball_device.bd_trough>, 'mechanical_eject': False, 'num_attempts': 3}
2025-07-16 17:41:49,407 : INFO : ball_device.bd_trough : State: ejecting
2025-07-16 17:41:49,407 : INFO : ball_device.bd_trough : Ejecting ball to <ball_device.bd_plunger>
2025-07-16 17:41:49,407 : INFO : EventManager : Event: ======'balldevice_bd_trough_ejecting_ball'====== Args={'balls': 1, 'target': <ball_device.bd_plunger>, 'source': <ball_device.bd_trough>, 'mechanical_eject': False, 'num_attempts': 3}
2025-07-16 17:41:49,408 : INFO : ball_device.bd_trough : Wait for ball to leave device
2025-07-16 17:41:49,408 : INFO : coil.c_trough_eject : Pulsing Driver for 10ms (1.0 pulse_power)
2025-07-16 17:41:59,409 : INFO : EventManager : Event: ======'balldevice_bd_trough_ball_eject_failed'====== Args={'target': <ball_device.bd_plunger>, 'balls': 1, 'retry': True, 'num_attempts': 4}
2025-07-16 17:41:59,412 : INFO : ball_device.bd_trough : State: waiting_for_target_ready
2025-07-16 17:41:59,412 : INFO : EventManager : Event: ======'balldevice_bd_trough_ball_eject_attempt'====== Args={'balls': 1, 'target': <ball_device.bd_plunger>, 'source': <ball_device.bd_trough>, 'mechanical_eject': False, 'num_attempts': 4}
2025-07-16 17:41:59,413 : INFO : ball_device.bd_trough : State: ejecting
2025-07-16 17:41:59,413 : INFO : ball_device.bd_trough : Ejecting ball to <ball_device.bd_plunger>
2025-07-16 17:41:59,413 : INFO : EventManager : Event: ======'balldevice_bd_trough_ejecting_ball'====== Args={'balls': 1, 'target': <ball_device.bd_plunger>, 'source': <ball_device.bd_trough>, 'mechanical_eject': False, 'num_attempts': 4}
2025-07-16 17:41:59,414 : INFO : ball_device.bd_trough : Wait for ball to leave device
2025-07-16 17:41:59,414 : INFO : coil.c_trough_eject : Pulsing Driver for 10ms (1.0 pulse_power)
2025-07-16 17:42:01,436 : INFO : Machine : Shutting down...
2025-07-16 17:42:01,436 : INFO : EventManager : Event: ======'shutdown'====== Args={}
2025-07-16 17:42:01,437 : INFO : EventManager : Event: ======'mode_game_will_stop'====== Args={}
2025-07-16 17:42:01,438 : INFO : EventManager : Event: ======'mode_game_stopping'====== Args={}
2025-07-16 17:42:01,438 : INFO : EventManager : Event: ======'mode_bumpers_will_stop'====== Args={}
2025-07-16 17:42:01,438 : INFO : EventManager : Event: ======'mode_bumpers_stopping'====== Args={}
2025-07-16 17:42:01,438 : INFO : EventManager : Event: ======'mode_base_will_stop'====== Args={}
2025-07-16 17:42:01,438 : INFO : EventManager : Event: ======'mode_base_stopping'====== Args={}
2025-07-16 17:42:01,438 : INFO : EventManager : Event: ======'stop_mode_bumpers'====== Args={'priority': 0}
2025-07-16 17:42:01,439 : INFO : Mode.base : Stopped.
2025-07-16 17:42:01,439 : INFO : EventManager : Event: ======'modes_active_modes_changed'====== Args={}
2025-07-16 17:42:01,439 : INFO : EventManager : Event: ======'mode_base_stopped'====== Args={}
2025-07-16 17:42:01,439 : INFO : EventManager : Event: ======'clear'====== Args={'key': 'base'}
2025-07-16 17:42:01,439 : INFO : Mode.bumpers : Stopped.
2025-07-16 17:42:01,439 : INFO : EventManager : Event: ======'modes_active_modes_changed'====== Args={}
2025-07-16 17:42:01,439 : INFO : EventManager : Event: ======'mode_bumpers_stopped'====== Args={}
2025-07-16 17:42:01,439 : INFO : EventManager : Event: ======'clear'====== Args={'key': 'bumpers'}
2025-07-16 17:42:01,440 : INFO : Mode.game : Stopped.
2025-07-16 17:42:01,440 : INFO : EventManager : Event: ======'modes_active_modes_changed'====== Args={}
2025-07-16 17:42:01,440 : INFO : EventManager : Event: ======'mode_game_stopped'====== Args={}
2025-07-16 17:42:01,440 : INFO : EventManager : Event: ======'clear'====== Args={'key': 'game'}
2025-07-16 17:42:01,441 : INFO : root : MPF run loop ended.
